E16, 1
E27, 2
E16, 3
E18, 4
E18, 5
E18, 6
E18, 7
E18, 8
E18, 9
E18, 10
E18, 11
E18, 12
E18, 13
E102, 14
E101, 15
E8, 16
E102, 17
E101, 18
E27, 19
E16, 20
E27, 21
E16, 22
E27, 23
E16, 24
E27, 25
E16, 26
E27, 27
E16, 28
E27, 29
E27, 30
E27, 31
E16, 32
E27, 33
E16, 34
E16, 35
E16, 36
E27, 37
E16, 38
E27, 39
E16, 40
E27, 41
E16, 42
E27, 43
E16, 44
E27, 45
E16, 46
E27, 47
E16, 48
E27, 49
E16, 50
E27, 51
E16, 52
E27, 53
E16, 54
E27, 55
E16, 56
E27, 57
E16, 58
E27, 59
E16, 60
E27, 61
E16, 62
E27, 63
E16, 64
E27, 65
E16, 66
E27, 67
E16, 68
E27, 69
E16, 70
E27, 71
E16, 72
E102, 73
E101, 74
E8, 75
E102, 76
E101, 77
E102, 78
E101, 79
E8, 80
E102, 81
E101, 82
E29, 83
E29, 84
E29, 85
E29, 86
E29, 87
E29, 88
E29, 89
E29, 90
E17, 91
E102, 92
E101, 93
E29, 94
E29, 95
E29, 96
E29, 97
E29, 98
E29, 99
E29, 100
E27, 101
E16, 102
E27, 103
E16, 104
E27, 105
E16, 106
E27, 107
E16, 108
E27, 109
E16, 110
E27, 111
E16, 112
E27, 113
E16, 114
E27, 115
E16, 116
E27, 117
E16, 118
E27, 119
E16, 120
E29, 121
E29, 122
E29, 123
E29, 124
E29, 125
E29, 126
E29, 127
E29, 128
E29, 129
E29, 130
E29, 131
E29, 132
E29, 133
E29, 134
E29, 135
E112, 136
E102, 137
E101, 138
E8, 139
E102, 140
E101, 141
E102, 142
E101, 143
E37, 144
E38, 145
E90, 146
E8, 147
E102, 148
E101, 149
E29, 150
E29, 151
E29, 152
E29, 153
E29, 154
E29, 155
E29, 156
E29, 157
E29, 158
E29, 159
E29, 160
E29, 161
E102, 162
E101, 163
E8, 164
E102, 165
E101, 166
E88, 167
E27, 168
E16, 169
E27, 170
E16, 171
E27, 172
E16, 173
E27, 174
E16, 175
E27, 176
E16, 177
E27, 178
E16, 179
E27, 180
E16, 181
E27, 182
E16, 183
E27, 184
E16, 185
E27, 186
E16, 187
E102, 188
E101, 189
E8, 190
E102, 191
E101, 192
E17, 193
E17, 194
E17, 195
E17, 196
E17, 197
E17, 198
E18, 199
E18, 200
E18, 201
E18, 202
E18, 203
E18, 204
E18, 205
E18, 206
E18, 207
E18, 208
E18, 209
E18, 210
E18, 211
E18, 212
E18, 213
E18, 214
E18, 215
E18, 216
E18, 217
E18, 218
E18, 219
E18, 220
E18, 221
E102, 222
E101, 223
E8, 224
E102, 225
E101, 226
E27, 227
E16, 228
E27, 229
E16, 230
E27, 231
E16, 232
E27, 233
E16, 234
E27, 235
E16, 236
E27, 237
E16, 238
E27, 239
E16, 240
E27, 241
E16, 242
E27, 243
E16, 244
E27, 245
E16, 246
E29, 247
E29, 248
E29, 249
E29, 250
E29, 251
E29, 252
E29, 253
E29, 254
E29, 255
E29, 256
E29, 257
E29, 258
E29, 259
E29, 260
E29, 261
E29, 262
E29, 263
E29, 264
E29, 265
E29, 266
E29, 267
E29, 268
E29, 269
E17, 270
E17, 271
E17, 272
E17, 273
E17, 274
E17, 275
E17, 276
E17, 277
E17, 278
E17, 279
E27, 280
E16, 281
E102, 282
E101, 283
E8, 284
E102, 285
E101, 286
E18, 287
E18, 288
E18, 289
E18, 290
E18, 291
E18, 292
E18, 293
E18, 294
E18, 295
E102, 296
E101, 297
E8, 298
E102, 299
E101, 300
E29, 301
E29, 302
E29, 303
E29, 304
E29, 305
E29, 306
E29, 307
E29, 308
E29, 309
E29, 310
E29, 311
E29, 312
E29, 313
E102, 314
E101, 315
E8, 316
E102, 317
E101, 318
E27, 319
E16, 320
E27, 321
E16, 322
E27, 323
E16, 324
E27, 325
E16, 326
E27, 327
E16, 328
E27, 329
E16, 330
E27, 331
E16, 332
E27, 333
E16, 334
E27, 335
E16, 336
E27, 337
E16, 338
E29, 339
E29, 340
E29, 341
E29, 342
E29, 343
E29, 344
E29, 345
E29, 346
E29, 347
E29, 348
E29, 349
E29, 350
E29, 351
E29, 352
E29, 353
E29, 354
E29, 355
E29, 356
E29, 357
E29, 358
E29, 359
E29, 360
E29, 361
E29, 362
E29, 363
E29, 364
E29, 365
E29, 366
E29, 367
E29, 368
E29, 369
E102, 370
E101, 371
E37, 372
E38, 373
E90, 374
E8, 375
E102, 376
E101, 377
E102, 378
E101, 379
E8, 380
E102, 381
E101, 382
E18, 383
E18, 384
E18, 385
E18, 386
E18, 387
E102, 388
E101, 389
E8, 390
E102, 391
E101, 392
E18, 393
E18, 394
E18, 395
E18, 396
E18, 397
E18, 398
E18, 399
E18, 400
E18, 401
E18, 402
E18, 403
E18, 404
E18, 405
E18, 406
E18, 407
E18, 408
E18, 409
E18, 410
E18, 411
E27, 412
E16, 413
E27, 414
E16, 415
E27, 416
E16, 417
E27, 418
E16, 419
E27, 420
E16, 421
E29, 422
E29, 423
E29, 424
E29, 425
E29, 426
E29, 427
E29, 428
E29, 429
E29, 430
E29, 431
E29, 432
E29, 433
E29, 434
E29, 435
E29, 436
E29, 437
E29, 438
E29, 439
E29, 440
E29, 441
E29, 442
E29, 443
E29, 444
E102, 445
E101, 446
E8, 447
E102, 448
E101, 449
E18, 450
E18, 451
E18, 452
E18, 453
E18, 454
E18, 455
E18, 456
E18, 457
E18, 458
E18, 459
E29, 460
E29, 461
E29, 462
E29, 463
E29, 464
E29, 465
E29, 466
E29, 467
E29, 468
E29, 469
E29, 470
E29, 471
E29, 472
E29, 473
E29, 474
E29, 475
E29, 476
E29, 477
E29, 478
E29, 479
E29, 480
E29, 481
E29, 482
E18, 483
E18, 484
E18, 485
E18, 486
E18, 487
E18, 488
E18, 489
E18, 490
E18, 491
E18, 492
E18, 493
E18, 494
E18, 495
E29, 496
E29, 497
E29, 498
E29, 499
E29, 500
E29, 501
E29, 502
E102, 503
E101, 504
E8, 505
E102, 506
E101, 507
E27, 508
E16, 509
E27, 510
E16, 511
E27, 512
E16, 513
E27, 514
E16, 515
E27, 516
E16, 517
E27, 518
E16, 519
E27, 520
E16, 521
E27, 522
E16, 523
E18, 524
E18, 525
E18, 526
E18, 527
E18, 528
E18, 529
E18, 530
E18, 531
E18, 532
E18, 533
E18, 534
E18, 535
E18, 536
E18, 537
E18, 538
E13, 539
E61, 540
E13, 541
E61, 542
E13, 543
E61, 544
E13, 545
E61, 546
E13, 547
E61, 548
E13, 549
E61, 550
E13, 551
E13, 552
E14, 553
E61, 554
E61, 555
E61, 556
E14, 557
E61, 558
E14, 559
E61, 560
E14, 561
E61, 562
E14, 563
E61, 564
E14, 565
E61, 566
E14, 567
E61, 568
E14, 569
E61, 570
E14, 571
E61, 572
E14, 573
E14, 574
E14, 575
E61, 576
E14, 577
E61, 578
E14, 579
E14, 580
E61, 581
E61, 582
E61, 583
E61, 584
E102, 585
E102, 586
E102, 587
E102, 588
E102, 589
E102, 590
E102, 591
E102, 592
E101, 593
E101, 594
E102, 595
E102, 596
E101, 597
E101, 598
E101, 599
E101, 600
E101, 601
E101, 602
E101, 603
E101, 604
E18, 605
E18, 606
E18, 607
E18, 608
E18, 609
E18, 610
E18, 611
E18, 612
E18, 613
E18, 614
E102, 615
E101, 616
E8, 617
E102, 618
E101, 619
E102, 620
E101, 621
E102, 622
E101, 623
E102, 624
E101, 625
E102, 626
E101, 627
E29, 628
E29, 629
E29, 630
E29, 631
E29, 632
E29, 633
E29, 634
E29, 635
E29, 636
E29, 637
E29, 638
E29, 639
E29, 640
E29, 641
E29, 642
E29, 643
E29, 644
E29, 645
E29, 646
E29, 647
E29, 648
E29, 649
E29, 650
E102, 651
E102, 652
E101, 653
E102, 654
E101, 655
E102, 656
E101, 657
E101, 658
E18, 659
E18, 660
E18, 661
E18, 662
E18, 663
E18, 664
E18, 665
E18, 666
E18, 667
E18, 668
E102, 669
E102, 670
E102, 671
E102, 672
E101, 673
E101, 674
E101, 675
E101, 676
E102, 677
E101, 678
E102, 679
E102, 680
E102, 681
E101, 682
E101, 683
E101, 684
E102, 685
E101, 686
E8, 687
E102, 688
E101, 689
E27, 690
E16, 691
E27, 692
E16, 693
E27, 694
E16, 695
E27, 696
E16, 697
E27, 698
E16, 699
E27, 700
E16, 701
E27, 702
E16, 703
E27, 704
E16, 705
E27, 706
E16, 707
E27, 708
E16, 709
E102, 710
E101, 711
E37, 712
E38, 713
E90, 714
E8, 715
E102, 716
E101, 717
E29, 718
E29, 719
E29, 720
E29, 721
E29, 722
E29, 723
E29, 724
E29, 725
E29, 726
E29, 727
E29, 728
E29, 729
E29, 730
E29, 731
E29, 732
E29, 733
E29, 734
E29, 735
E29, 736
E29, 737
E29, 738
E29, 739
E29, 740
E29, 741
E29, 742
E29, 743
E29, 744
E29, 745
E29, 746
E29, 747
E29, 748
E29, 749
E29, 750
E29, 751
E29, 752
E29, 753
E29, 754
E29, 755
E29, 756
E29, 757
E29, 758
E29, 759
E29, 760
E29, 761
E29, 762
E29, 763
E102, 764
E101, 765
E8, 766
E102, 767
E101, 768
E18, 769
E18, 770
E18, 771
E29, 772
E29, 773
E29, 774
E29, 775
E29, 776
E29, 777
E29, 778
E29, 779
E29, 780
E29, 781
E29, 782
E29, 783
E29, 784
E29, 785
E29, 786
E29, 787
E29, 788
E29, 789
E29, 790
E29, 791
E29, 792
E29, 793
E29, 794
E18, 795
E18, 796
E18, 797
E18, 798
E18, 799
E18, 800
E18, 801
E18, 802
E18, 803
E18, 804
E18, 805
E18, 806
E18, 807
E102, 808
E101, 809
E8, 810
E102, 811
E101, 812
E27, 813
E16, 814
E27, 815
E16, 816
E27, 817
E16, 818
E27, 819
E16, 820
E27, 821
E16, 822
E29, 823
E29, 824
E29, 825
E29, 826
E29, 827
E29, 828
E29, 829
E29, 830
E29, 831
E29, 832
E29, 833
E29, 834
E29, 835
E29, 836
E29, 837
E29, 838
E29, 839
E29, 840
E29, 841
E29, 842
E29, 843
E29, 844
E29, 845
E18, 846
E18, 847
E18, 848
E18, 849
E18, 850
E102, 851
E101, 852
E8, 853
E102, 854
E101, 855
E29, 856
E29, 857
E29, 858
E29, 859
E29, 860
E29, 861
E29, 862
E29, 863
E29, 864
E29, 865
E29, 866
E29, 867
E29, 868
E29, 869
E29, 870
E29, 871
E29, 872
E29, 873
E29, 874
E29, 875
E29, 876
E29, 877
E29, 878
E102, 879
E101, 880
E8, 881
E102, 882
E101, 883
E102, 884
E102, 885
E101, 886
E102, 887
E101, 888
E101, 889
E102, 890
E102, 891
E101, 892
E102, 893
E101, 894
E101, 895
E1, 896
E51, 897
E103, 898
E91, 899
E101, 900
E89, 901
E89, 902
E36, 903
E36, 904
E89, 905
E89, 906
E36, 907
E36, 908
E27, 909
E16, 910
E27, 911
E16, 912
E27, 913
E16, 914
E27, 915
E16, 916
E29, 917
E29, 918
E29, 919
E29, 920
E29, 921
E29, 922
E29, 923
E29, 924
E29, 925
E29, 926
E29, 927
E29, 928
E29, 929
E29, 930
E29, 931
E29, 932
E29, 933
E29, 934
E29, 935
E29, 936
E29, 937
E29, 938
E29, 939
E29, 940
E29, 941
E29, 942
E29, 943
E29, 944
E29, 945
E29, 946
E29, 947
E102, 948
E101, 949
E8, 950
E102, 951
E101, 952
E19, 953
E19, 954
E19, 955
E19, 956
E102, 957
E101, 958
E8, 959
E102, 960
E101, 961
E29, 962
E29, 963
E29, 964
E29, 965
E29, 966
E29, 967
E29, 968
E29, 969
E29, 970
E29, 971
E29, 972
E29, 973
E29, 974
E29, 975
E29, 976
E29, 977
E29, 978
E29, 979
E29, 980
E29, 981
E29, 982
E29, 983
E29, 984
E29, 985
E29, 986
E29, 987
E29, 988
E29, 989
E29, 990
E29, 991
E29, 992
E29, 993
E29, 994
E29, 995
E29, 996
E29, 997
E29, 998
E29, 999
E29, 1000
E29, 1001
E29, 1002
E29, 1003
E29, 1004
E29, 1005
E29, 1006
E29, 1007
E29, 1008
E29, 1009
E29, 1010
E29, 1011
E29, 1012
E29, 1013
E29, 1014
E29, 1015
E29, 1016
E29, 1017
E29, 1018
E29, 1019
E29, 1020
E29, 1021
E29, 1022
E29, 1023
E29, 1024
E29, 1025
E18, 1026
E18, 1027
E18, 1028
E18, 1029
E18, 1030
E18, 1031
E18, 1032
E18, 1033
E18, 1034
E18, 1035
E29, 1036
E29, 1037
E29, 1038
E29, 1039
E29, 1040
E29, 1041
E29, 1042
E29, 1043
E29, 1044
E29, 1045
E29, 1046
E29, 1047
E29, 1048
E29, 1049
E29, 1050
E29, 1051
E29, 1052
E29, 1053
E29, 1054
E29, 1055
E29, 1056
E29, 1057
E29, 1058
E29, 1059
E29, 1060
E29, 1061
E29, 1062
E29, 1063
E29, 1064
E29, 1065
E29, 1066
E29, 1067
E29, 1068
E29, 1069
E29, 1070
E29, 1071
E29, 1072
E29, 1073
E29, 1074
E29, 1075
E29, 1076
E29, 1077
E29, 1078
E29, 1079
E29, 1080
E29, 1081
E102, 1082
E101, 1083
E37, 1084
E38, 1085
E90, 1086
E8, 1087
E102, 1088
E101, 1089
E29, 1090
E29, 1091
E29, 1092
E29, 1093
E29, 1094
E29, 1095
E29, 1096
E29, 1097
E29, 1098
E29, 1099
E29, 1100
E29, 1101
E29, 1102
E29, 1103
E29, 1104
E29, 1105
E29, 1106
E29, 1107
E29, 1108
E29, 1109
E29, 1110
E29, 1111
E29, 1112
E29, 1113
E29, 1114
E29, 1115
E29, 1116
E29, 1117
E29, 1118
E29, 1119
E29, 1120
E29, 1121
E29, 1122
E29, 1123
E29, 1124
E29, 1125
E29, 1126
E29, 1127
E29, 1128
E29, 1129
E29, 1130
E29, 1131
E29, 1132
E29, 1133
E29, 1134
E29, 1135
E18, 1136
E18, 1137
E18, 1138
E18, 1139
E18, 1140
E18, 1141
E18, 1142
E18, 1143
E18, 1144
E18, 1145
E18, 1146
E18, 1147
E18, 1148
E18, 1149
E18, 1150
E18, 1151
E18, 1152
E18, 1153
E18, 1154
E18, 1155
E18, 1156
E18, 1157
E18, 1158
E18, 1159
E18, 1160
E18, 1161
E18, 1162
E18, 1163
E18, 1164
E18, 1165
E18, 1166
E18, 1167
E18, 1168
E18, 1169
E18, 1170
E18, 1171
E18, 1172
E18, 1173
E18, 1174
E18, 1175
E18, 1176
E18, 1177
E18, 1178
E18, 1179
E18, 1180
E18, 1181
E18, 1182
E18, 1183
E18, 1184
E18, 1185
E18, 1186
E18, 1187
E18, 1188
E18, 1189
E18, 1190
E18, 1191
E18, 1192
E18, 1193
E18, 1194
E18, 1195
E18, 1196
E18, 1197
E18, 1198
E18, 1199
E18, 1200
E18, 1201
E18, 1202
E18, 1203
E18, 1204
E18, 1205
E18, 1206
E18, 1207
E18, 1208
E18, 1209
E18, 1210
E18, 1211
E18, 1212
E18, 1213
E18, 1214
E18, 1215
E18, 1216
E18, 1217
E18, 1218
E18, 1219
E18, 1220
E18, 1221
E18, 1222
E18, 1223
E18, 1224
E18, 1225
E18, 1226
E18, 1227
E18, 1228
E18, 1229
E18, 1230
E18, 1231
E18, 1232
E18, 1233
E18, 1234
E18, 1235
E102, 1236
E101, 1237
E8, 1238
E102, 1239
E101, 1240
E27, 1241
E15, 1242
E31, 1243
E18, 1244
E18, 1245
E18, 1246
E18, 1247
E18, 1248
E18, 1249
E18, 1250
E18, 1251
E18, 1252
E18, 1253
E102, 1254
E101, 1255
E8, 1256
E102, 1257
E101, 1258
E18, 1259
E18, 1260
E18, 1261
E18, 1262
E18, 1263
E18, 1264
E18, 1265
E18, 1266
E18, 1267
E18, 1268
E102, 1269
E101, 1270
E8, 1271
E102, 1272
E101, 1273
E102, 1274
E102, 1275
E101, 1276
E101, 1277
E102, 1278
E101, 1279
E102, 1280
E101, 1281
E8, 1282
E102, 1283
E101, 1284
E18, 1285
E18, 1286
E18, 1287
E18, 1288
E18, 1289
E18, 1290
E18, 1291
E18, 1292
E18, 1293
E18, 1294
E18, 1295
E18, 1296
E18, 1297
E18, 1298
E18, 1299
E18, 1300
E18, 1301
E18, 1302
E102, 1303
E101, 1304
E8, 1305
E102, 1306
E101, 1307
E29, 1308
E29, 1309
E29, 1310
E29, 1311
E29, 1312
E29, 1313
E29, 1314
E29, 1315
E29, 1316
E29, 1317
E29, 1318
E29, 1319
E29, 1320
E29, 1321
E29, 1322
E29, 1323
E29, 1324
E29, 1325
E29, 1326
E29, 1327
E29, 1328
E29, 1329
E102, 1330
E101, 1331
E8, 1332
E102, 1333
E101, 1334
E29, 1335
E29, 1336
E29, 1337
E29, 1338
E29, 1339
E29, 1340
E29, 1341
E29, 1342
E29, 1343
E29, 1344
E29, 1345
E29, 1346
E29, 1347
E29, 1348
E29, 1349
E29, 1350
E29, 1351
E29, 1352
E29, 1353
E29, 1354
E29, 1355
E29, 1356
E29, 1357
E29, 1358
E29, 1359
E102, 1360
E101, 1361
E37, 1362
E38, 1363
E90, 1364
E8, 1365
E102, 1366
E101, 1367
E29, 1368
E29, 1369
E29, 1370
E29, 1371
E29, 1372
E29, 1373
E29, 1374
E29, 1375
E29, 1376
E29, 1377
E29, 1378
E29, 1379
E29, 1380
E29, 1381
E29, 1382
E29, 1383
E29, 1384
E29, 1385
E29, 1386
E29, 1387
E29, 1388
E29, 1389
E29, 1390
E29, 1391
E29, 1392
E29, 1393
E29, 1394
E29, 1395
E29, 1396
E29, 1397
E29, 1398
E29, 1399
E29, 1400
E29, 1401
E29, 1402
E29, 1403
E29, 1404
E29, 1405
E29, 1406
E29, 1407
E29, 1408
E29, 1409
E29, 1410
E29, 1411
E29, 1412
E29, 1413
E29, 1414
E29, 1415
E29, 1416
E29, 1417
E29, 1418
E29, 1419
E29, 1420
E29, 1421
E29, 1422
E29, 1423
E29, 1424
E29, 1425
E29, 1426
E29, 1427
E29, 1428
E29, 1429
E18, 1430
E18, 1431
E18, 1432
E29, 1433
E29, 1434
E29, 1435
E29, 1436
E29, 1437
E29, 1438
E29, 1439
E29, 1440
E29, 1441
E29, 1442
E29, 1443
E29, 1444
E29, 1445
E29, 1446
E29, 1447
E29, 1448
E29, 1449
E29, 1450
E29, 1451
E29, 1452
E29, 1453
E29, 1454
E29, 1455
E29, 1456
E29, 1457
E29, 1458
E29, 1459
E29, 1460
E29, 1461
E29, 1462
E29, 1463
E29, 1464
E29, 1465
E29, 1466
E29, 1467
E29, 1468
E29, 1469
E29, 1470
E29, 1471
E29, 1472
E29, 1473
E29, 1474
E29, 1475
E29, 1476
E29, 1477
E29, 1478
E29, 1479
E29, 1480
E29, 1481
E29, 1482
E29, 1483
E29, 1484
E29, 1485
E29, 1486
E29, 1487
E29, 1488
E29, 1489
E29, 1490
E29, 1491
E29, 1492
E29, 1493
E29, 1494
E29, 1495
E29, 1496
E29, 1497
E29, 1498
E29, 1499
E29, 1500
E29, 1501
E29, 1502
E29, 1503
E29, 1504
E29, 1505
E29, 1506
E29, 1507
E29, 1508
E29, 1509
E29, 1510
E29, 1511
E29, 1512
E29, 1513
E29, 1514
E29, 1515
E29, 1516
E29, 1517
E29, 1518
E29, 1519
E29, 1520
E29, 1521
E29, 1522
E29, 1523
E29, 1524
E29, 1525
E29, 1526
E29, 1527
E29, 1528
E29, 1529
E29, 1530
E29, 1531
E29, 1532
E29, 1533
E29, 1534
E29, 1535
E29, 1536
E29, 1537
E29, 1538
E29, 1539
E29, 1540
E29, 1541
E29, 1542
E29, 1543
E29, 1544
E29, 1545
E29, 1546
E29, 1547
E29, 1548
E29, 1549
E29, 1550
E29, 1551
E29, 1552
E29, 1553
E29, 1554
E29, 1555
E29, 1556
E29, 1557
E29, 1558
E29, 1559
E29, 1560
E29, 1561
E29, 1562
E29, 1563
E29, 1564
E29, 1565
E29, 1566
E29, 1567
E29, 1568
E102, 1569
E101, 1570
E8, 1571
E102, 1572
E101, 1573
E27, 1574
E16, 1575
E27, 1576
E16, 1577
E27, 1578
E16, 1579
E27, 1580
E16, 1581
E27, 1582
E16, 1583
E27, 1584
E16, 1585
E27, 1586
E16, 1587
E27, 1588
E16, 1589
E27, 1590
E16, 1591
E27, 1592
E16, 1593
E102, 1594
E101, 1595
E8, 1596
E102, 1597
E101, 1598
E18, 1599
E18, 1600
E18, 1601
E18, 1602
E18, 1603
E18, 1604
E18, 1605
E18, 1606
E18, 1607
E18, 1608
E102, 1609
E101, 1610
E8, 1611
E102, 1612
E101, 1613
E27, 1614
E16, 1615
E27, 1616
E16, 1617
E27, 1618
E16, 1619
E27, 1620
E16, 1621
E27, 1622
E16, 1623
E18, 1624
E18, 1625
E18, 1626
E18, 1627
E102, 1628
E101, 1629
E8, 1630
E102, 1631
E101, 1632
E29, 1633
E29, 1634
E29, 1635
E29, 1636
E29, 1637
E29, 1638
E29, 1639
E29, 1640
E29, 1641
E29, 1642
E29, 1643
E29, 1644
E29, 1645
E29, 1646
E29, 1647
E29, 1648
E29, 1649
E29, 1650
E29, 1651
E29, 1652
E29, 1653
E29, 1654
E29, 1655
E18, 1656
E18, 1657
E102, 1658
E101, 1659
E8, 1660
E102, 1661
E101, 1662
E29, 1663
E29, 1664
E29, 1665
E29, 1666
E29, 1667
E29, 1668
E29, 1669
E29, 1670
E29, 1671
E29, 1672
E29, 1673
E29, 1674
E29, 1675
E29, 1676
E29, 1677
E29, 1678
E29, 1679
E29, 1680
E29, 1681
E29, 1682
E29, 1683
E29, 1684
E29, 1685
E29, 1686
E29, 1687
E29, 1688
E29, 1689
E29, 1690
E29, 1691
E29, 1692
E29, 1693
E29, 1694
E29, 1695
E29, 1696
E29, 1697
E29, 1698
E29, 1699
E29, 1700
E29, 1701
E29, 1702
E29, 1703
E29, 1704
E29, 1705
E29, 1706
E29, 1707
E29, 1708
E102, 1709
E101, 1710
E8, 1711
E102, 1712
E101, 1713
E18, 1714
E18, 1715
E18, 1716
E18, 1717
E18, 1718
E18, 1719
E18, 1720
E18, 1721
E18, 1722
E18, 1723
E18, 1724
E29, 1725
E29, 1726
E29, 1727
E29, 1728
E29, 1729
E29, 1730
E29, 1731
E29, 1732
E29, 1733
E29, 1734
E29, 1735
E29, 1736
E29, 1737
E29, 1738
E29, 1739
E29, 1740
E29, 1741
E29, 1742
E29, 1743
E29, 1744
E29, 1745
E29, 1746
E29, 1747
E9, 1748
E9, 1749
E102, 1750
E101, 1751
E37, 1752
E38, 1753
E90, 1754
E8, 1755
E102, 1756
E101, 1757
E18, 1758
E18, 1759
E18, 1760
E18, 1761
E18, 1762
E29, 1763
E29, 1764
E29, 1765
E29, 1766
E29, 1767
E29, 1768
E29, 1769
E29, 1770
E29, 1771
E29, 1772
E29, 1773
E29, 1774
E29, 1775
E29, 1776
E29, 1777
E29, 1778
E29, 1779
E29, 1780
E29, 1781
E102, 1782
E101, 1783
E8, 1784
E102, 1785
E101, 1786
E29, 1787
E29, 1788
E29, 1789
E29, 1790
E29, 1791
E29, 1792
E29, 1793
E29, 1794
E29, 1795
E29, 1796
E29, 1797
E29, 1798
E29, 1799
E29, 1800
E29, 1801
E29, 1802
E29, 1803
E29, 1804
E29, 1805
E29, 1806
E29, 1807
E29, 1808
E29, 1809
E75, 1810
E75, 1811
E75, 1812
E75, 1813
E75, 1814
E75, 1815
E75, 1816
E75, 1817
E75, 1818
E75, 1819
E75, 1820
E75, 1821
E75, 1822
E75, 1823
E75, 1824
E75, 1825
E47, 1826
E47, 1827
E116, 1828
E47, 1829
E116, 1830
E47, 1831
E29, 1832
E29, 1833
E29, 1834
E29, 1835
E29, 1836
E29, 1837
E29, 1838
E29, 1839
E29, 1840
E29, 1841
E29, 1842
E29, 1843
E29, 1844
E29, 1845
E29, 1846
E29, 1847
E29, 1848
E29, 1849
E29, 1850
E102, 1851
E101, 1852
E8, 1853
E102, 1854
E101, 1855
E29, 1856
E29, 1857
E29, 1858
E29, 1859
E29, 1860
E29, 1861
E29, 1862
E29, 1863
E29, 1864
E29, 1865
E29, 1866
E29, 1867
E29, 1868
E29, 1869
E29, 1870
E29, 1871
E29, 1872
E29, 1873
E29, 1874
E29, 1875
E29, 1876
E29, 1877
E29, 1878
E18, 1879
E18, 1880
E18, 1881
E18, 1882
E18, 1883
E18, 1884
E18, 1885
E18, 1886
E18, 1887
E18, 1888
E18, 1889
E18, 1890
E18, 1891
E18, 1892
E18, 1893
E18, 1894
E18, 1895
E18, 1896
E18, 1897
E18, 1898
E18, 1899
E18, 1900
E18, 1901
E102, 1902
E101, 1903
E8, 1904
E102, 1905
E101, 1906
E29, 1907
E90, 1908
E106, 1909
E64, 1910
E68, 1911
E22, 1912
E21, 1913
E20, 1914
E21, 1915
E20, 1916
E20, 1917
E2, 1918
E3, 1919
E118, 1920
E65, 1921
E76, 1922
E41, 1923
E74, 1924
E58, 1925
E50, 1926
E42, 1927
E4, 1928
E117, 1929
E24, 1930
E62, 1931
E69, 1932
E52, 1933
E32, 1934
E85, 1935
E84, 1936
E40, 1937
E114, 1938
E113, 1939
E93, 1940
E30, 1941
E70, 1942
E25, 1943
E96, 1944
E97, 1945
E99, 1946
E107, 1947
E46, 1948
E100, 1949
E26, 1950
E92, 1951
E39, 1952
E55, 1953
E71, 1954
E34, 1955
E35, 1956
E56, 1957
E57, 1958
E33, 1959
E44, 1960
E45, 1961
E28, 1962
E54, 1963
E86, 1964
E73, 1965
E78, 1966
E81, 1967
E72, 1968
E7, 1969
E6, 1970
E67, 1971
E105, 1972
E111, 1973
E110, 1974
E5, 1975
E77, 1976
E79, 1977
E80, 1978
E109, 1979
E82, 1980
E10, 1981
E12, 1982
E63, 1983
E48, 1984
E49, 1985
E11, 1986
E104, 1987
E94, 1988
E95, 1989
E108, 1990
E23, 1991
E115, 1992
E43, 1993
E98, 1994
E53, 1995
E83, 1996
E60, 1997
E59, 1998
E87, 1999
E66, 2000
