symbol: s3
template: input_userauth_request: invalid user <*> [preauth]
3,webmaster,
10,test9,
17,webmaster,
23,chen,
50,pgadmin,
83,utsims,
142,inspur,
154,support,
165,test,
172,support,
179,inspur,
205,admin,
209,admin,
225,admin,
241,admin,
247,default,
259,guest,
268,support,
277,admin,
290,matlab,
307,admin,
318,admin,
334,admin,
343,admin,
349,support,
356,user,
377,anonymous,
383,admin,
392,ubnt,
404,admin,
410,cisco,
416,test,
422,guest,
428,user,
434,operator,
438,admin,
445,admin,
454,admin,
461,admin,
468,admin,
479,monitor,
485,ftpuser,
491,pi,
497,PlcmSpIp,
503,Management,
512,ftpuser,
526,api,
706,eoor,
717,butter,
724,redhat,
731,oracle,
738,oracle,
745,oracle,
752,postgres,
759,nagios,
766,www,
773,abc,
780,ted,
787,vnc,
798,ghost,
805,ubuntu,
816,test,
823,support,
826,deploy,
839,admin,
844,deploy,
853,oralce,
860,oracle,
867,nagios1,
874,postgres1,
881,test1,
888,test2,
895,bssh,
914,magnos,
921,magnos,
928,ingrid,
935,jay,
942,cyrus,
948,FILTER,
959,matlab,
987,admin,
1006,matlab,
1012,inspur,
1021,zhangyan,
1027,dff,
1088,cheng,
1138,oracle,
1144,test,
1150,oracle,
1156,ubuntu,
1165,boot,
1613,sandeep,
1841,admin,
1852,support,
1858,user,
1892,anonymous,
1907,admin,
1919,ubnt,
1949,admin,
1961,cisco,
1970,test,
1982,guest,
1994,user,
