symbol: s4
template: pam_unix(sshd:auth): check pass; user unknown
4,
11,
18,
24,
51,
84,
143,
155,
166,
173,
180,
187,
194,
200,
210,
213,
215,
217,
219,
226,
229,
231,
233,
235,
242,
248,
251,
260,
269,
278,
291,
302,
308,
311,
313,
319,
322,
324,
326,
328,
335,
338,
340,
344,
350,
352,
357,
367,
369,
378,
384,
393,
405,
411,
417,
423,
429,
435,
439,
446,
455,
459,
462,
469,
480,
486,
492,
498,
504,
513,
527,
707,
718,
725,
732,
739,
746,
753,
760,
767,
774,
781,
788,
799,
806,
817,
827,
829,
840,
845,
854,
861,
868,
875,
882,
889,
896,
915,
922,
929,
936,
943,
949,
960,
988,
991,
993,
995,
997,
999,
1007,
1013,
1022,
1028,
1089,
1139,
1145,
1151,
1157,
1166,
1172,
1178,
1614,
1842,
1853,
1859,
1875,
1893,
1908,
1920,
1950,
1962,
1971,
1983,
1995,
