E42, 1
E39, 2
E41, 3
E43, 4
E12, 5
E22, 6
E58, 7
E42, 8
E4, 9
E3, 10
E47, 11
E39, 12
E42, 13
E42, 14
E39, 15
E22, 16
E58, 17
E4, 18
E3, 19
E47, 20
E42, 21
E39, 22
E22, 23
E58, 24
E4, 25
E3, 26
E47, 27
E42, 28
E39, 29
E22, 30
E58, 31
E4, 32
E3, 33
E47, 34
E42, 35
E39, 36
E22, 37
E58, 38
E4, 39
E3, 40
E47, 41
E42, 42
E39, 43
E22, 44
E58, 45
E4, 46
E3, 47
E47, 48
E42, 49
E39, 50
E22, 51
E58, 52
E4, 53
E3, 54
E47, 55
E42, 56
E39, 57
E22, 58
E58, 59
E4, 60
E3, 61
E47, 62
E42, 63
E39, 64
E40, 65
E42, 66
E39, 67
E22, 68
E58, 69
E4, 70
E3, 71
E35, 72
E53, 73
E47, 74
E41, 75
E43, 76
E12, 77
E22, 78
E58, 79
E42, 80
E4, 81
E3, 82
E47, 83
E42, 84
E39, 85
E42, 86
E39, 87
E22, 88
E58, 89
E4, 90
E3, 91
E47, 92
E42, 93
E39, 94
E22, 95
E58, 96
E4, 97
E3, 98
E47, 99
E42, 100
E39, 101
E22, 102
E58, 103
E4, 104
E3, 105
E47, 106
E42, 107
E39, 108
E22, 109
E58, 110
E4, 111
E3, 112
E47, 113
E42, 114
E39, 115
E22, 116
E58, 117
E4, 118
E3, 119
E47, 120
E42, 121
E39, 122
E22, 123
E58, 124
E4, 125
E3, 126
E47, 127
E42, 128
E39, 129
E22, 130
E58, 131
E4, 132
E3, 133
E47, 134
E42, 135
E39, 136
E22, 137
E58, 138
E4, 139
E3, 140
E47, 141
E42, 142
E39, 143
E22, 144
E58, 145
E4, 146
E3, 147
E47, 148
E42, 149
E39, 150
E22, 151
E58, 152
E4, 153
E3, 154
E47, 155
E42, 156
E39, 157
E22, 158
E58, 159
E4, 160
E3, 161
E47, 162
E42, 163
E39, 164
E22, 165
E58, 166
E4, 167
E3, 168
E47, 169
E42, 170
E39, 171
E22, 172
E58, 173
E4, 174
E3, 175
E47, 176
E42, 177
E39, 178
E22, 179
E58, 180
E4, 181
E3, 182
E47, 183
E42, 184
E39, 185
E22, 186
E58, 187
E4, 188
E3, 189
E47, 190
E42, 191
E39, 192
E22, 193
E58, 194
E4, 195
E3, 196
E47, 197
E42, 198
E39, 199
E22, 200
E58, 201
E4, 202
E3, 203
E47, 204
E42, 205
E39, 206
E22, 207
E58, 208
E4, 209
E3, 210
E47, 211
E42, 212
E39, 213
E22, 214
E58, 215
E4, 216
E3, 217
E47, 218
E42, 219
E39, 220
E22, 221
E58, 222
E4, 223
E3, 224
E47, 225
E42, 226
E39, 227
E22, 228
E58, 229
E4, 230
E3, 231
E47, 232
E42, 233
E39, 234
E22, 235
E58, 236
E4, 237
E3, 238
E47, 239
E42, 240
E39, 241
E22, 242
E58, 243
E4, 244
E3, 245
E47, 246
E42, 247
E39, 248
E22, 249
E58, 250
E4, 251
E3, 252
E47, 253
E42, 254
E39, 255
E22, 256
E58, 257
E4, 258
E3, 259
E47, 260
E42, 261
E39, 262
E22, 263
E58, 264
E4, 265
E3, 266
E47, 267
E42, 268
E39, 269
E22, 270
E58, 271
E4, 272
E3, 273
E47, 274
E42, 275
E39, 276
E22, 277
E58, 278
E4, 279
E3, 280
E47, 281
E42, 282
E39, 283
E22, 284
E58, 285
E4, 286
E3, 287
E47, 288
E42, 289
E39, 290
E22, 291
E58, 292
E4, 293
E3, 294
E47, 295
E42, 296
E39, 297
E22, 298
E58, 299
E4, 300
E3, 301
E47, 302
E42, 303
E39, 304
E22, 305
E58, 306
E4, 307
E3, 308
E47, 309
E42, 310
E39, 311
E44, 312
E22, 313
E58, 314
E4, 315
E3, 316
E47, 317
E42, 318
E39, 319
E22, 320
E58, 321
E4, 322
E3, 323
E44, 324
E42, 325
E39, 326
E22, 327
E58, 328
E4, 329
E3, 330
E42, 331
E39, 332
E22, 333
E58, 334
E4, 335
E3, 336
E47, 337
E42, 338
E39, 339
E22, 340
E58, 341
E4, 342
E3, 343
E47, 344
E42, 345
E39, 346
E22, 347
E58, 348
E4, 349
E3, 350
E47, 351
E42, 352
E39, 353
E22, 354
E58, 355
E4, 356
E3, 357
E47, 358
E42, 359
E39, 360
E22, 361
E58, 362
E4, 363
E3, 364
E47, 365
E42, 366
E39, 367
E22, 368
E58, 369
E4, 370
E3, 371
E47, 372
E42, 373
E39, 374
E22, 375
E58, 376
E4, 377
E3, 378
E47, 379
E42, 380
E39, 381
E22, 382
E58, 383
E4, 384
E3, 385
E47, 386
E42, 387
E39, 388
E22, 389
E58, 390
E4, 391
E3, 392
E47, 393
E42, 394
E39, 395
E22, 396
E58, 397
E4, 398
E3, 399
E47, 400
E42, 401
E39, 402
E22, 403
E58, 404
E4, 405
E3, 406
E42, 407
E39, 408
E22, 409
E58, 410
E4, 411
E3, 412
E47, 413
E42, 414
E39, 415
E22, 416
E58, 417
E4, 418
E3, 419
E47, 420
E42, 421
E39, 422
E22, 423
E58, 424
E4, 425
E3, 426
E47, 427
E42, 428
E39, 429
E22, 430
E58, 431
E4, 432
E3, 433
E47, 434
E42, 435
E39, 436
E22, 437
E58, 438
E4, 439
E3, 440
E47, 441
E42, 442
E39, 443
E22, 444
E58, 445
E4, 446
E3, 447
E47, 448
E42, 449
E39, 450
E22, 451
E58, 452
E4, 453
E3, 454
E47, 455
E42, 456
E39, 457
E22, 458
E58, 459
E4, 460
E3, 461
E47, 462
E42, 463
E39, 464
E22, 465
E58, 466
E4, 467
E3, 468
E47, 469
E42, 470
E39, 471
E22, 472
E58, 473
E4, 474
E3, 475
E47, 476
E42, 477
E39, 478
E22, 479
E58, 480
E4, 481
E3, 482
E47, 483
E42, 484
E39, 485
E22, 486
E58, 487
E4, 488
E3, 489
E47, 490
E42, 491
E39, 492
E22, 493
E58, 494
E4, 495
E3, 496
E47, 497
E42, 498
E39, 499
E22, 500
E58, 501
E4, 502
E3, 503
E47, 504
E42, 505
E39, 506
E22, 507
E58, 508
E4, 509
E3, 510
E47, 511
E42, 512
E39, 513
E22, 514
E58, 515
E4, 516
E3, 517
E47, 518
E42, 519
E39, 520
E22, 521
E58, 522
E4, 523
E3, 524
E47, 525
E42, 526
E39, 527
E22, 528
E58, 529
E4, 530
E3, 531
E47, 532
E42, 533
E39, 534
E22, 535
E58, 536
E4, 537
E3, 538
E47, 539
E42, 540
E39, 541
E22, 542
E58, 543
E4, 544
E3, 545
E47, 546
E42, 547
E39, 548
E22, 549
E58, 550
E4, 551
E3, 552
E47, 553
E42, 554
E39, 555
E22, 556
E58, 557
E4, 558
E3, 559
E47, 560
E42, 561
E39, 562
E44, 563
E22, 564
E58, 565
E4, 566
E3, 567
E47, 568
E42, 569
E39, 570
E22, 571
E58, 572
E4, 573
E3, 574
E47, 575
E42, 576
E39, 577
E22, 578
E58, 579
E4, 580
E3, 581
E47, 582
E42, 583
E39, 584
E22, 585
E58, 586
E4, 587
E3, 588
E47, 589
E42, 590
E39, 591
E22, 592
E58, 593
E4, 594
E3, 595
E44, 596
E42, 597
E39, 598
E22, 599
E58, 600
E4, 601
E3, 602
E47, 603
E42, 604
E39, 605
E22, 606
E58, 607
E4, 608
E3, 609
E47, 610
E42, 611
E39, 612
E22, 613
E58, 614
E4, 615
E3, 616
E47, 617
E42, 618
E39, 619
E22, 620
E58, 621
E4, 622
E3, 623
E47, 624
E42, 625
E39, 626
E22, 627
E58, 628
E4, 629
E3, 630
E47, 631
E42, 632
E39, 633
E22, 634
E58, 635
E4, 636
E3, 637
E47, 638
E42, 639
E39, 640
E22, 641
E58, 642
E4, 643
E3, 644
E47, 645
E42, 646
E39, 647
E22, 648
E58, 649
E4, 650
E3, 651
E47, 652
E42, 653
E39, 654
E22, 655
E58, 656
E4, 657
E3, 658
E47, 659
E42, 660
E39, 661
E22, 662
E58, 663
E4, 664
E3, 665
E47, 666
E42, 667
E39, 668
E22, 669
E58, 670
E4, 671
E3, 672
E47, 673
E42, 674
E39, 675
E22, 676
E58, 677
E4, 678
E3, 679
E40, 680
E42, 681
E39, 682
E42, 683
E39, 684
E41, 685
E43, 686
E12, 687
E22, 688
E58, 689
E42, 690
E4, 691
E3, 692
E47, 693
E42, 694
E39, 695
E22, 696
E58, 697
E4, 698
E3, 699
E42, 700
E14, 701
E1, 702
E75, 703
E72, 704
E72, 705
E72, 706
E72, 707
E72, 708
E16, 709
E16, 710
E15, 711
E39, 712
E16, 713
E16, 714
E32, 715
E34, 716
E49, 717
E52, 718
E37, 719
E52, 720
E37, 721
E50, 722
E52, 723
E37, 724
E50, 725
E52, 726
E37, 727
E2, 728
E63, 729
E31, 730
E33, 731
E74, 732
E73, 733
E8, 734
E16, 735
E16, 736
E15, 737
E7, 738
E67, 739
E62, 740
E16, 741
E6, 742
E61, 743
E16, 744
E64, 745
E32, 746
E34, 747
E36, 748
E49, 749
E25, 750
E24, 751
E28, 752
E27, 753
E23, 754
E54, 755
E2, 756
E37, 757
E37, 758
E37, 759
E37, 760
E37, 761
E37, 762
E37, 763
E37, 764
E37, 765
E37, 766
E37, 767
E37, 768
E37, 769
E51, 770
E63, 771
E33, 772
E29, 773
E30, 774
E60, 775
E59, 776
E13, 777
E22, 778
E58, 779
E8, 780
E4, 781
E7, 782
E67, 783
E62, 784
E6, 785
E61, 786
E64, 787
E36, 788
E3, 789
E25, 790
E24, 791
E28, 792
E27, 793
E23, 794
E54, 795
E47, 796
E42, 797
E39, 798
E22, 799
E58, 800
E4, 801
E3, 802
E47, 803
E42, 804
E39, 805
E22, 806
E58, 807
E4, 808
E3, 809
E47, 810
E42, 811
E39, 812
E44, 813
E22, 814
E58, 815
E4, 816
E3, 817
E47, 818
E42, 819
E39, 820
E22, 821
E58, 822
E4, 823
E3, 824
E47, 825
E42, 826
E39, 827
E22, 828
E58, 829
E4, 830
E3, 831
E47, 832
E42, 833
E39, 834
E22, 835
E58, 836
E4, 837
E3, 838
E47, 839
E42, 840
E39, 841
E22, 842
E58, 843
E4, 844
E3, 845
E47, 846
E42, 847
E39, 848
E22, 849
E58, 850
E4, 851
E3, 852
E47, 853
E42, 854
E39, 855
E22, 856
E58, 857
E4, 858
E3, 859
E47, 860
E42, 861
E39, 862
E22, 863
E58, 864
E4, 865
E3, 866
E47, 867
E42, 868
E39, 869
E22, 870
E58, 871
E4, 872
E3, 873
E47, 874
E42, 875
E39, 876
E22, 877
E58, 878
E4, 879
E3, 880
E47, 881
E42, 882
E39, 883
E22, 884
E58, 885
E4, 886
E3, 887
E47, 888
E42, 889
E39, 890
E22, 891
E58, 892
E4, 893
E3, 894
E47, 895
E42, 896
E39, 897
E22, 898
E58, 899
E4, 900
E3, 901
E42, 902
E39, 903
E22, 904
E58, 905
E4, 906
E3, 907
E40, 908
E44, 909
E44, 910
E42, 911
E39, 912
E39, 913
E39, 914
E39, 915
E39, 916
E41, 917
E43, 918
E12, 919
E22, 920
E58, 921
E42, 922
E4, 923
E3, 924
E47, 925
E42, 926
E39, 927
E44, 928
E22, 929
E58, 930
E4, 931
E3, 932
E42, 933
E39, 934
E22, 935
E58, 936
E4, 937
E3, 938
E42, 939
E39, 940
E22, 941
E58, 942
E4, 943
E3, 944
E42, 945
E39, 946
E22, 947
E58, 948
E4, 949
E3, 950
E44, 951
E40, 952
E44, 953
E44, 954
E44, 955
E42, 956
E39, 957
E39, 958
E39, 959
E39, 960
E39, 961
E39, 962
E41, 963
E43, 964
E12, 965
E22, 966
E58, 967
E42, 968
E4, 969
E3, 970
E47, 971
E42, 972
E39, 973
E22, 974
E58, 975
E4, 976
E3, 977
E44, 978
E42, 979
E39, 980
E22, 981
E58, 982
E4, 983
E3, 984
E40, 985
E42, 986
E41, 987
E43, 988
E12, 989
E39, 990
E39, 991
E22, 992
E58, 993
E42, 994
E4, 995
E3, 996
E47, 997
E42, 998
E39, 999
E69, 1000
E22, 1001
E58, 1002
E4, 1003
E3, 1004
E44, 1005
E65, 1006
E64, 1007
E66, 1008
E36, 1009
E25, 1010
E24, 1011
E28, 1012
E27, 1013
E23, 1014
E54, 1015
E44, 1016
E42, 1017
E39, 1018
E22, 1019
E58, 1020
E4, 1021
E3, 1022
E40, 1023
E42, 1024
E39, 1025
E41, 1026
E43, 1027
E12, 1028
E22, 1029
E58, 1030
E42, 1031
E4, 1032
E3, 1033
E47, 1034
E42, 1035
E39, 1036
E22, 1037
E58, 1038
E4, 1039
E3, 1040
E44, 1041
E44, 1042
E44, 1043
E44, 1044
E42, 1045
E39, 1046
E22, 1047
E58, 1048
E4, 1049
E3, 1050
E40, 1051
E44, 1052
E42, 1053
E39, 1054
E39, 1055
E39, 1056
E41, 1057
E43, 1058
E12, 1059
E22, 1060
E58, 1061
E42, 1062
E4, 1063
E3, 1064
E47, 1065
E42, 1066
E39, 1067
E69, 1068
E44, 1069
E22, 1070
E58, 1071
E4, 1072
E3, 1073
E44, 1074
E44, 1075
E44, 1076
E44, 1077
E44, 1078
E44, 1079
E42, 1080
E39, 1081
E22, 1082
E58, 1083
E4, 1084
E3, 1085
E42, 1086
E39, 1087
E22, 1088
E58, 1089
E4, 1090
E3, 1091
E44, 1092
E44, 1093
E44, 1094
E44, 1095
E44, 1096
E44, 1097
E42, 1098
E39, 1099
E22, 1100
E58, 1101
E4, 1102
E3, 1103
E40, 1104
E42, 1105
E39, 1106
E41, 1107
E43, 1108
E12, 1109
E22, 1110
E58, 1111
E42, 1112
E4, 1113
E3, 1114
E47, 1115
E42, 1116
E39, 1117
E22, 1118
E58, 1119
E4, 1120
E3, 1121
E42, 1122
E39, 1123
E22, 1124
E58, 1125
E4, 1126
E3, 1127
E42, 1128
E39, 1129
E22, 1130
E58, 1131
E4, 1132
E3, 1133
E44, 1134
E40, 1135
E42, 1136
E39, 1137
E41, 1138
E43, 1139
E12, 1140
E22, 1141
E58, 1142
E42, 1143
E4, 1144
E3, 1145
E47, 1146
E42, 1147
E39, 1148
E22, 1149
E58, 1150
E4, 1151
E3, 1152
E42, 1153
E39, 1154
E22, 1155
E58, 1156
E4, 1157
E3, 1158
E42, 1159
E39, 1160
E22, 1161
E58, 1162
E4, 1163
E3, 1164
E40, 1165
E42, 1166
E39, 1167
E39, 1168
E41, 1169
E43, 1170
E12, 1171
E22, 1172
E58, 1173
E42, 1174
E4, 1175
E3, 1176
E47, 1177
E42, 1178
E39, 1179
E69, 1180
E44, 1181
E22, 1182
E58, 1183
E4, 1184
E3, 1185
E42, 1186
E39, 1187
E22, 1188
E58, 1189
E4, 1190
E3, 1191
E40, 1192
E42, 1193
E39, 1194
E41, 1195
E43, 1196
E12, 1197
E22, 1198
E58, 1199
E42, 1200
E4, 1201
E3, 1202
E47, 1203
E42, 1204
E39, 1205
E42, 1206
E39, 1207
E22, 1208
E58, 1209
E4, 1210
E3, 1211
E44, 1212
E42, 1213
E39, 1214
E22, 1215
E58, 1216
E4, 1217
E3, 1218
E44, 1219
E40, 1220
E42, 1221
E39, 1222
E41, 1223
E43, 1224
E12, 1225
E22, 1226
E58, 1227
E42, 1228
E4, 1229
E3, 1230
E47, 1231
E42, 1232
E39, 1233
E42, 1234
E39, 1235
E22, 1236
E58, 1237
E4, 1238
E3, 1239
E44, 1240
E40, 1241
E44, 1242
E44, 1243
E44, 1244
E44, 1245
E44, 1246
E44, 1247
E44, 1248
E42, 1249
E39, 1250
E39, 1251
E39, 1252
E39, 1253
E39, 1254
E39, 1255
E39, 1256
E39, 1257
E39, 1258
E39, 1259
E39, 1260
E39, 1261
E41, 1262
E43, 1263
E12, 1264
E42, 1265
E22, 1266
E58, 1267
E4, 1268
E3, 1269
E47, 1270
E42, 1271
E39, 1272
E44, 1273
E22, 1274
E58, 1275
E4, 1276
E3, 1277
E42, 1278
E39, 1279
E22, 1280
E58, 1281
E4, 1282
E3, 1283
E21, 1284
E47, 1285
E22, 1286
E58, 1287
E4, 1288
E3, 1289
E21, 1290
E21, 1291
E47, 1292
E22, 1293
E58, 1294
E4, 1295
E3, 1296
E21, 1297
E44, 1298
E21, 1299
E47, 1300
E22, 1301
E58, 1302
E4, 1303
E3, 1304
E21, 1305
E42, 1306
E39, 1307
E22, 1308
E58, 1309
E4, 1310
E3, 1311
E40, 1312
E44, 1313
E44, 1314
E44, 1315
E44, 1316
E44, 1317
E42, 1318
E39, 1319
E39, 1320
E39, 1321
E39, 1322
E39, 1323
E39, 1324
E39, 1325
E41, 1326
E43, 1327
E12, 1328
E22, 1329
E58, 1330
E42, 1331
E4, 1332
E3, 1333
E47, 1334
E42, 1335
E39, 1336
E69, 1337
E22, 1338
E58, 1339
E4, 1340
E3, 1341
E42, 1342
E39, 1343
E22, 1344
E58, 1345
E4, 1346
E3, 1347
E42, 1348
E39, 1349
E22, 1350
E58, 1351
E4, 1352
E3, 1353
E47, 1354
E42, 1355
E39, 1356
E22, 1357
E58, 1358
E4, 1359
E3, 1360
E47, 1361
E42, 1362
E39, 1363
E22, 1364
E58, 1365
E4, 1366
E3, 1367
E47, 1368
E42, 1369
E39, 1370
E22, 1371
E58, 1372
E4, 1373
E3, 1374
E47, 1375
E42, 1376
E39, 1377
E22, 1378
E58, 1379
E4, 1380
E3, 1381
E47, 1382
E42, 1383
E39, 1384
E22, 1385
E58, 1386
E4, 1387
E3, 1388
E47, 1389
E42, 1390
E39, 1391
E22, 1392
E58, 1393
E4, 1394
E3, 1395
E47, 1396
E42, 1397
E39, 1398
E22, 1399
E58, 1400
E4, 1401
E3, 1402
E47, 1403
E42, 1404
E39, 1405
E22, 1406
E58, 1407
E4, 1408
E3, 1409
E47, 1410
E42, 1411
E39, 1412
E22, 1413
E58, 1414
E4, 1415
E3, 1416
E47, 1417
E42, 1418
E39, 1419
E22, 1420
E58, 1421
E4, 1422
E3, 1423
E47, 1424
E42, 1425
E39, 1426
E22, 1427
E58, 1428
E4, 1429
E3, 1430
E47, 1431
E42, 1432
E39, 1433
E22, 1434
E58, 1435
E4, 1436
E3, 1437
E44, 1438
E44, 1439
E42, 1440
E39, 1441
E22, 1442
E58, 1443
E4, 1444
E3, 1445
E40, 1446
E42, 1447
E39, 1448
E39, 1449
E41, 1450
E43, 1451
E12, 1452
E22, 1453
E58, 1454
E42, 1455
E4, 1456
E3, 1457
E47, 1458
E42, 1459
E39, 1460
E69, 1461
E22, 1462
E58, 1463
E4, 1464
E3, 1465
E44, 1466
E42, 1467
E39, 1468
E40, 1469
E41, 1470
E43, 1471
E12, 1472
E42, 1473
E22, 1474
E58, 1475
E4, 1476
E3, 1477
E47, 1478
E42, 1479
E39, 1480
E22, 1481
E58, 1482
E4, 1483
E3, 1484
E44, 1485
E44, 1486
E42, 1487
E39, 1488
E22, 1489
E58, 1490
E4, 1491
E3, 1492
E42, 1493
E39, 1494
E22, 1495
E58, 1496
E4, 1497
E3, 1498
E44, 1499
E44, 1500
E44, 1501
E42, 1502
E39, 1503
E22, 1504
E58, 1505
E4, 1506
E3, 1507
E42, 1508
E39, 1509
E22, 1510
E58, 1511
E4, 1512
E3, 1513
E44, 1514
E44, 1515
E44, 1516
E44, 1517
E44, 1518
E44, 1519
E44, 1520
E42, 1521
E39, 1522
E22, 1523
E58, 1524
E4, 1525
E3, 1526
E42, 1527
E39, 1528
E22, 1529
E58, 1530
E4, 1531
E3, 1532
E44, 1533
E44, 1534
E44, 1535
E65, 1536
E64, 1537
E66, 1538
E36, 1539
E25, 1540
E24, 1541
E28, 1542
E27, 1543
E23, 1544
E54, 1545
E44, 1546
E44, 1547
E44, 1548
E44, 1549
E44, 1550
E42, 1551
E39, 1552
E22, 1553
E58, 1554
E4, 1555
E3, 1556
E42, 1557
E39, 1558
E22, 1559
E58, 1560
E4, 1561
E3, 1562
E44, 1563
E44, 1564
E44, 1565
E42, 1566
E39, 1567
E22, 1568
E58, 1569
E4, 1570
E3, 1571
E42, 1572
E39, 1573
E22, 1574
E58, 1575
E4, 1576
E3, 1577
E44, 1578
E44, 1579
E42, 1580
E39, 1581
E22, 1582
E58, 1583
E4, 1584
E3, 1585
E44, 1586
E44, 1587
E44, 1588
E44, 1589
E42, 1590
E39, 1591
E22, 1592
E58, 1593
E4, 1594
E3, 1595
E42, 1596
E39, 1597
E22, 1598
E58, 1599
E4, 1600
E3, 1601
E44, 1602
E44, 1603
E44, 1604
E44, 1605
E42, 1606
E39, 1607
E22, 1608
E58, 1609
E4, 1610
E3, 1611
E44, 1612
E44, 1613
E42, 1614
E39, 1615
E22, 1616
E58, 1617
E4, 1618
E3, 1619
E44, 1620
E42, 1621
E39, 1622
E22, 1623
E58, 1624
E4, 1625
E3, 1626
E42, 1627
E39, 1628
E22, 1629
E58, 1630
E4, 1631
E3, 1632
E42, 1633
E39, 1634
E22, 1635
E58, 1636
E4, 1637
E3, 1638
E42, 1639
E39, 1640
E22, 1641
E58, 1642
E4, 1643
E3, 1644
E42, 1645
E39, 1646
E22, 1647
E58, 1648
E4, 1649
E3, 1650
E42, 1651
E39, 1652
E22, 1653
E58, 1654
E4, 1655
E3, 1656
E42, 1657
E39, 1658
E22, 1659
E58, 1660
E4, 1661
E3, 1662
E42, 1663
E39, 1664
E22, 1665
E58, 1666
E4, 1667
E3, 1668
E42, 1669
E39, 1670
E22, 1671
E58, 1672
E4, 1673
E3, 1674
E44, 1675
E42, 1676
E39, 1677
E22, 1678
E58, 1679
E4, 1680
E3, 1681
E42, 1682
E39, 1683
E22, 1684
E58, 1685
E4, 1686
E3, 1687
E42, 1688
E39, 1689
E22, 1690
E58, 1691
E4, 1692
E3, 1693
E42, 1694
E39, 1695
E22, 1696
E58, 1697
E4, 1698
E3, 1699
E42, 1700
E39, 1701
E22, 1702
E58, 1703
E4, 1704
E3, 1705
E42, 1706
E39, 1707
E22, 1708
E58, 1709
E4, 1710
E3, 1711
E42, 1712
E39, 1713
E22, 1714
E58, 1715
E4, 1716
E3, 1717
E42, 1718
E39, 1719
E22, 1720
E58, 1721
E4, 1722
E3, 1723
E44, 1724
E42, 1725
E39, 1726
E22, 1727
E58, 1728
E4, 1729
E3, 1730
E42, 1731
E39, 1732
E22, 1733
E58, 1734
E4, 1735
E3, 1736
E44, 1737
E42, 1738
E39, 1739
E22, 1740
E58, 1741
E4, 1742
E3, 1743
E42, 1744
E39, 1745
E22, 1746
E58, 1747
E4, 1748
E3, 1749
E42, 1750
E39, 1751
E22, 1752
E58, 1753
E4, 1754
E3, 1755
E42, 1756
E39, 1757
E22, 1758
E58, 1759
E4, 1760
E3, 1761
E44, 1762
E42, 1763
E39, 1764
E22, 1765
E58, 1766
E4, 1767
E3, 1768
E42, 1769
E39, 1770
E22, 1771
E58, 1772
E4, 1773
E3, 1774
E44, 1775
E44, 1776
E44, 1777
E68, 1778
E26, 1779
E18, 1780
E19, 1781
E48, 1782
E42, 1783
E45, 1784
E9, 1785
E20, 1786
E70, 1787
E17, 1788
E55, 1789
E56, 1790
E22, 1791
E20, 1792
E17, 1793
E71, 1794
E46, 1795
E22, 1796
E58, 1797
E4, 1798
E3, 1799
E47, 1800
E38, 1801
E57, 1802
E10, 1803
E11, 1804
E42, 1805
E39, 1806
E22, 1807
E58, 1808
E4, 1809
E3, 1810
E42, 1811
E39, 1812
E22, 1813
E58, 1814
E4, 1815
E3, 1816
E42, 1817
E39, 1818
E22, 1819
E58, 1820
E4, 1821
E3, 1822
E44, 1823
E44, 1824
E44, 1825
E44, 1826
E44, 1827
E42, 1828
E39, 1829
E22, 1830
E58, 1831
E4, 1832
E3, 1833
E44, 1834
E42, 1835
E39, 1836
E22, 1837
E58, 1838
E4, 1839
E3, 1840
E44, 1841
E42, 1842
E39, 1843
E22, 1844
E58, 1845
E4, 1846
E3, 1847
E42, 1848
E39, 1849
E22, 1850
E58, 1851
E4, 1852
E3, 1853
E42, 1854
E39, 1855
E22, 1856
E58, 1857
E4, 1858
E3, 1859
E42, 1860
E39, 1861
E22, 1862
E58, 1863
E4, 1864
E3, 1865
E44, 1866
E44, 1867
E42, 1868
E39, 1869
E22, 1870
E58, 1871
E4, 1872
E3, 1873
E42, 1874
E39, 1875
E22, 1876
E58, 1877
E4, 1878
E3, 1879
E42, 1880
E39, 1881
E22, 1882
E58, 1883
E4, 1884
E3, 1885
E42, 1886
E39, 1887
E22, 1888
E58, 1889
E4, 1890
E3, 1891
E44, 1892
E42, 1893
E39, 1894
E22, 1895
E58, 1896
E4, 1897
E3, 1898
E42, 1899
E39, 1900
E22, 1901
E58, 1902
E4, 1903
E3, 1904
E42, 1905
E39, 1906
E22, 1907
E58, 1908
E4, 1909
E3, 1910
E42, 1911
E39, 1912
E22, 1913
E58, 1914
E4, 1915
E3, 1916
E44, 1917
E42, 1918
E39, 1919
E22, 1920
E58, 1921
E4, 1922
E3, 1923
E42, 1924
E39, 1925
E22, 1926
E58, 1927
E4, 1928
E3, 1929
E44, 1930
E44, 1931
E44, 1932
E44, 1933
E42, 1934
E39, 1935
E22, 1936
E58, 1937
E4, 1938
E3, 1939
E44, 1940
E44, 1941
E44, 1942
E44, 1943
E44, 1944
E44, 1945
E44, 1946
E44, 1947
E44, 1948
E44, 1949
E42, 1950
E39, 1951
E22, 1952
E58, 1953
E4, 1954
E3, 1955
E42, 1956
E39, 1957
E22, 1958
E58, 1959
E4, 1960
E3, 1961
E44, 1962
E44, 1963
E44, 1964
E42, 1965
E39, 1966
E22, 1967
E58, 1968
E4, 1969
E3, 1970
E40, 1971
E44, 1972
E65, 1973
E64, 1974
E5, 1975
E66, 1976
E36, 1977
E25, 1978
E24, 1979
E28, 1980
E27, 1981
E23, 1982
E54, 1983
E44, 1984
E44, 1985
E44, 1986
E44, 1987
E44, 1988
E44, 1989
E44, 1990
E44, 1991
E44, 1992
E44, 1993
E44, 1994
E44, 1995
E44, 1996
E44, 1997
E44, 1998
E44, 1999
E44, 2000
