symbol: s1
template: PacketResponder <*> for block <*> terminating
1,1,blk_38865049064139660,
2,0,blk_-6952295868487656571,
4,2,blk_8229193803249955061,
5,2,blk_-6670958622368987959,
9,2,blk_572492839287299681,
17,1,blk_5017373558217225674,
46,1,blk_-5073870177832699716,
49,0,blk_7791237942696729620,
53,1,blk_-1527267659500322006,
54,1,blk_4886940526690879848,
56,0,blk_-4229375751333894621,
68,0,blk_-5852844080027817147,
72,0,blk_9093049293972551787,
107,0,blk_-6837050820114491742,
113,0,blk_-54240672253074715,
122,1,blk_2028803850179311599,
124,1,blk_-8108913101671416218,
125,0,blk_-7640601843607665080,
127,1,blk_8320088109701056055,
131,2,blk_-6766351519628312408,
133,0,blk_-7436749154361133879,
137,0,blk_549647953114643908,
139,1,blk_-165500353496111884,
142,0,blk_3160319368100972992,
144,1,blk_4568377692254637284,
153,1,blk_-7656610147924319419,
155,0,blk_-6500549130351529113,
157,2,blk_-2896670847306153652,
163,0,blk_-730776401372551814,
164,2,blk_-7553009628768897700,
170,2,blk_-1148756466197125339,
171,1,blk_9074030793567748915,
173,0,blk_3259872359515191972,
174,1,blk_5963816136267066159,
186,1,blk_-4799092443170733505,
188,2,blk_-5215520749152394224,
189,0,blk_397848436489409658,
193,1,blk_-4937215748597091532,
199,1,blk_8060713381303305129,
205,1,blk_-4196449318426994195,
209,1,blk_3278280638950561822,
210,1,blk_-26568864070436835,
211,0,blk_-9161369067334198861,
215,1,blk_-5569558931000121451,
216,2,blk_-4566099704755845087,
217,0,blk_-8093500164295459838,
221,1,blk_4774656339381154282,
224,2,blk_2917692073041583988,
227,2,blk_-5442040196315589272,
229,0,blk_755689327380778318,
237,0,blk_4741107979793372752,
241,1,blk_-3802183646922512795,
244,1,blk_1997668456720275587,
246,1,blk_-4853183643928986291,
249,2,blk_-653434419514937486,
252,2,blk_4404895858852856851,
256,1,blk_703046261120042821,
258,1,blk_6465095458973828118,
259,2,blk_-9110604833387121363,
261,2,blk_3781645897486585075,
263,0,blk_3070718541088657475,
269,1,blk_2243777557693112935,
274,0,blk_3338047823148530794,
279,0,blk_-9198375937828232046,
280,0,blk_9107849594802857322,
283,0,blk_679168189072909208,
286,2,blk_-2466006073687914843,
436,2,blk_-6997219177553478996,
500,2,blk_-6991853982611346454,
503,0,blk_-3452734573703603740,
509,2,blk_-6035642070260562886,
512,2,blk_859668537217019080,
515,1,blk_-4624597753370705281,
521,0,blk_391813102554451063,
541,2,blk_2974262690755997396,
543,1,blk_3318864983801406136,
551,2,blk_8348114876238571434,
559,1,blk_-1751996688557225241,
561,0,blk_7837529475466774167,
568,0,blk_6610244864386894422,
572,0,blk_-1387034299358896632,
589,1,blk_4967492069970766092,
590,2,blk_-1485317050914225917,
604,1,blk_-5828360070550196756,
605,2,blk_-7683667795522321323,
615,1,blk_-8745453424063341007,
618,1,blk_6017354285686373326,
621,2,blk_-5321676321043683563,
622,1,blk_-357695136519539363,
624,1,blk_1279439901767890758,
640,2,blk_6514181997629420906,
642,1,blk_-3339018122410311668,
644,2,blk_-1680563440028826904,
663,1,blk_-1490623381339215624,
674,2,blk_7345322407792942877,
675,1,blk_-8939321760994370713,
676,0,blk_3958940914408609637,
679,1,blk_-5587827566367944828,
705,2,blk_3584162266158512993,
706,2,blk_-2591043665372016488,
714,0,blk_4068667188725811395,
720,2,blk_727000711161641724,
728,2,blk_3088175971503531298,
737,2,blk_-1197396592032418307,
738,0,blk_7533949673910842243,
739,2,blk_8842097432176169457,
744,1,blk_-3402248757106237109,
747,1,blk_2570966823909513791,
750,2,blk_8285441926344578159,
767,2,blk_-1733803097614960767,
771,1,blk_-7512746652453970810,
776,2,blk_-900229825899812461,
779,0,blk_-6865167803683277211,
899,1,blk_3940282600163903101,
905,1,blk_-5680441982827916621,
906,0,blk_2089955821703690032,
909,0,blk_2282833575688432184,
916,1,blk_3755116621101133849,
918,0,blk_165707910410871749,
919,0,blk_2957756905007569214,
920,1,blk_4884219613602801814,
931,1,blk_5729560286355779655,
936,0,blk_429279891070363457,
937,0,blk_-9132218772786220159,
940,2,blk_-7948158002985968470,
942,1,blk_-4917866339076366459,
946,2,blk_-6773301007994789531,
950,0,blk_-703436021914343546,
953,2,blk_-736188013503336717,
956,0,blk_4575129504644372394,
962,2,blk_-966013175018359901,
971,2,blk_1639683981444528748,
973,0,blk_6809155287484296510,
974,2,blk_-5908283405801966540,
979,0,blk_-1733154814375651491,
1022,2,blk_1349228381785843634,
1032,1,blk_-7170175035335391571,
1034,1,blk_8971893898579544235,
1040,0,blk_708101772844351082,
1041,0,blk_-5610308397633191834,
1042,2,blk_-7159695919045792245,
1062,2,blk_5262186175243998904,
1068,1,blk_-9120005470237070778,
1072,2,blk_6048652012880073760,
1074,1,blk_5912213716795619450,
1077,2,blk_2691304991047255190,
1095,0,blk_157913239647511296,
1096,1,blk_-6454539193224916125,
1098,2,blk_-4325209272072286951,
1100,2,blk_-9056865861421808370,
1101,1,blk_-6934248664959947757,
1103,1,blk_7627900514276120558,
1104,0,blk_-1250775350296476256,
1105,2,blk_2389216938154332862,
1194,1,blk_4628975089896927394,
1198,2,blk_1155029843511109085,
1201,0,blk_-7483426835701512490,
1204,2,blk_-6883339133893273874,
1205,0,blk_3695169334833427187,
1206,0,blk_6055109613223910610,
1213,2,blk_-4165562468976768862,
1214,1,blk_-3295982945091621137,
1222,1,blk_-6369730481066968769,
1232,2,blk_-3183355402229300197,
1238,1,blk_-4633546693082073737,
1240,0,blk_1002945451269828722,
1242,1,blk_2819581679409796253,
1247,0,blk_5018765878120211503,
1253,2,blk_-6695620358347030339,
1254,0,blk_-5102453487463005287,
1258,1,blk_8229768485681546149,
1260,2,blk_-1957299792594627113,
1262,1,blk_6745520736924802462,
1267,2,blk_-1649239999940418046,
1271,2,blk_2529569087635823495,
1275,0,blk_6137960563260046065,
1280,2,blk_5663417083925711869,
1281,2,blk_-2014243777892518956,
1286,1,blk_-2780312306380730204,
1287,2,blk_-633826175832239328,
1290,1,blk_4638603954320058978,
1292,2,blk_5115892145206906855,
1293,1,blk_-2421414377433740760,
1296,2,blk_-4068751061953213467,
1297,0,blk_-3025440686907267472,
1299,2,blk_8422946850755720617,
1301,0,blk_-7024895786822269814,
1302,0,blk_-4430291708660291878,
1306,2,blk_903961454948542202,
1312,0,blk_-190773840747023361,
1317,0,blk_4873550540813847659,
1320,0,blk_2851869865185325732,
1321,0,blk_-1842096107468319932,
1325,2,blk_-4779205255695723216,
1326,0,blk_2261089810991980611,
1329,1,blk_1927336911952959118,
1331,2,blk_2111886617384066018,
1334,2,blk_6918427074195439966,
1338,0,blk_-7778922135767840250,
1341,1,blk_4178945095089206682,
1342,2,blk_-3363550789841756902,
1346,1,blk_-2680500627064966252,
1354,1,blk_-8638442557570632582,
1424,2,blk_-4578850505370039622,
1431,0,blk_-4411589101766563890,
1433,2,blk_-8225435781013159573,
1444,2,blk_-2268450354164990110,
1450,0,blk_-805262942087665153,
1458,2,blk_-8435779070374485499,
1462,2,blk_-4424971182856566289,
1463,0,blk_2040222317555585426,
1467,2,blk_2953550760670423417,
1480,1,blk_-5580322334454533924,
1481,1,blk_7500282100357271699,
1488,0,blk_-1067234447809438340,
1489,0,blk_-1096621677333075077,
1491,1,blk_2151150262081352617,
1493,2,blk_-6811828069408410657,
1497,1,blk_-7200400342436668240,
1501,0,blk_2508619583759354778,
1503,2,blk_6123232805286187512,
1506,1,blk_6818232325322327288,
1510,2,blk_-615578808743808725,
1513,1,blk_-9098645110390099509,
1518,2,blk_-6220821375880228145,
1520,1,blk_8854625173826438305,
1522,2,blk_-8389657728641837382,
1525,1,blk_-8364400144313355814,
1530,0,blk_4877808040461609832,
1550,2,blk_1077394056781488,
1552,2,blk_-7256345477493725857,
1557,0,blk_-8329840785892216949,
1558,0,blk_8254500345987409515,
1583,1,blk_2016964533702776852,
1597,1,blk_-352190670750948803,
1603,1,blk_6975937964598933356,
1612,0,blk_-4289592006812254261,
1617,1,blk_5114572025256210948,
1622,0,blk_-4684475480143348818,
1624,0,blk_-7937864120968665564,
1628,1,blk_8459274965060101250,
1632,1,blk_6030936529326346827,
1634,1,blk_-7269672042149855641,
1645,0,blk_-41928108292416895,
1647,1,blk_2096030750186708493,
1650,2,blk_-5504500392858491441,
1652,2,blk_-3710747952520609225,
1653,0,blk_707166530951154301,
1655,0,blk_2241654010576170013,
1658,1,blk_-2068111211565768713,
1663,1,blk_-8568673600040025636,
1666,2,blk_1508705816376906895,
1668,1,blk_2128110944185709079,
1669,1,blk_871974742726663441,
1670,2,blk_8049943837789435742,
1671,2,blk_-8246207776580662770,
1677,0,blk_-85872290979354091,
1685,1,blk_7078766226078740026,
1690,2,blk_-5722491454804415982,
1697,0,blk_8550326614414622861,
1698,0,blk_-6525012344542022819,
1700,2,blk_-1049340855430710153,
1701,1,blk_703049809255765647,
1709,0,blk_283922378823540530,
1725,0,blk_7625391056418655045,
1731,0,blk_-4582442491366282435,
1762,0,blk_-7587189852169913514,
1779,2,blk_8487226415276391460,
1785,0,blk_2096199637324483321,
1786,2,blk_3433046099598424314,
1790,1,blk_3922791077126964673,
1792,0,blk_7412933088374169877,
1795,2,blk_-7319442762668598889,
1800,1,blk_-808401720390253471,
1804,0,blk_-917268749136585019,
1807,1,blk_-5263787695149681326,
1809,2,blk_4786794545180705888,
1812,0,blk_703387617548630438,
1813,1,blk_5689516499354445029,
1816,0,blk_-1910608563003942187,
1818,1,blk_7901008236334420364,
1820,0,blk_6204056282927975796,
1821,2,blk_215466486430758887,
1838,1,blk_-8969188698416564850,
1839,1,blk_-5144548163293169177,
1866,0,blk_-2268477281422551537,
1888,2,blk_6791628131402590260,
1903,0,blk_34905976850091068,
1906,1,blk_8882415653769775762,
1907,2,blk_4207359722112667226,
1915,2,blk_5454423648092670683,
1916,1,blk_4565822428702518889,
1918,1,blk_-3967261531426400230,
1920,2,blk_-5799866343936729403,
1927,0,blk_3378157549705391333,
1930,2,blk_1259893634804870815,
1931,2,blk_412956398445037066,
1935,2,blk_2833019093942278701,
1947,1,blk_-1484647023667047838,
1953,0,blk_406835586147450451,
1958,1,blk_1216611589160220108,
1968,1,blk_-191333338640084691,
1970,0,blk_1408672604432845193,
1978,0,blk_2026200052147887341,
1981,0,blk_712730845180531820,
1982,2,blk_8418106412701718933,
1984,1,blk_-800664075087524591,
1986,1,blk_-3228470001178394592,
1992,0,blk_-9001895211102825241,
1993,1,blk_-2025617675484194470,
1999,0,blk_5225719677049010638,
