symbol: s5
template: BLOCK* NameSystem.allocateBlock: <*> <*>
16,/user/root/rand/_temporary/_task_200811092030_0001_m_000590_0/part-00590.,blk_-1727475099218615100,
19,/user/root/rand/_temporary/_task_200811092030_0001_m_000742_0/part-00742.,blk_-7878121102358435702,
28,/user/root/rand/_temporary/_task_200811092030_0001_m_000487_0/part-00487.,blk_-5319073033164653435,
58,/user/root/rand/_temporary/_task_200811092030_0001_m_001648_0/part-01648.,blk_2513940824125131775,
59,/user/root/rand/_temporary/_task_200811092030_0001_m_001866_0/part-01866.,blk_-1282453782148343691,
121,/user/root/sortrand/_temporary/_task_200811092030_0002_r_000296_0/part-00296.,blk_-6620182933895093708,
138,/user/root/sortrand/_temporary/_task_200811092030_0002_r_000230_0/part-00230.,blk_559204981722276126,
140,/user/root/sortrand/_temporary/_task_200811092030_0002_r_000169_0/part-00169.,blk_-7105305952901940477,
151,/user/root/sortrand/_temporary/_task_200811092030_0002_r_000318_0/part-00318.,blk_-207775976836691685,
154,/user/root/sortrand/_temporary/_task_200811092030_0002_r_000318_0/part-00318.,blk_2096692261399680562,
175,/user/root/sortrand/_temporary/_task_200811092030_0002_r_000138_0/part-00138.,blk_-210021574616486609,
185,/user/root/randtxt/_temporary/_task_200811092030_0003_m_000382_0/part-00382.,blk_8935202950442998446,
187,/user/root/randtxt/_temporary/_task_200811092030_0003_m_000392_0/part-00392.,blk_-3010126661650043258,
201,/user/root/randtxt/_temporary/_task_200811092030_0003_m_000675_0/part-00675.,blk_-7866582011201618766,
204,/user/root/randtxt/_temporary/_task_200811092030_0003_m_000705_0/part-00705.,blk_-9162090767925303921,
220,/user/root/randtxt/_temporary/_task_200811092030_0003_m_001095_0/part-01095.,blk_-7413910507260978729,
243,/user/root/randtxt/_temporary/_task_200811092030_0003_m_001365_0/part-01365.,blk_4841101867353115844,
250,/user/root/randtxt/_temporary/_task_200811092030_0003_m_001506_0/part-01506.,blk_1104376461837247304,
253,/user/root/randtxt/_temporary/_task_200811092030_0003_m_001597_0/part-01597.,blk_-591552904934794824,
254,/user/root/randtxt/_temporary/_task_200811092030_0003_m_001377_0/part-01377.,blk_-8408087700903896282,
257,/user/root/randtxt/_temporary/_task_200811092030_0003_m_001728_0/part-01728.,blk_-488298625688742454,
264,/user/root/randtxt/_temporary/_task_200811092030_0003_m_001661_0/part-01661.,blk_-1674094254141559552,
266,/user/root/randtxt/_temporary/_task_200811092030_0003_m_001630_0/part-01630.,blk_-8645365827804358878,
267,/user/root/randtxt/_temporary/_task_200811092030_0003_m_001817_0/part-01817.,blk_3291173852929756766,
275,/user/root/randtxt/_temporary/_task_200811092030_0003_m_001840_0/part-01840.,blk_4210124392039605712,
277,/user/root/randtxt/_temporary/_task_200811092030_0003_m_001976_0/part-01976.,blk_-8380267327243110056,
437,/user/root/rand/_temporary/_task_200811101024_0001_m_000206_0/part-00206.,blk_-2230892279625104430,
480,/user/root/rand/_temporary/_task_200811101024_0001_m_000097_0/part-00097.,blk_496376132244907301,
501,/user/root/rand/_temporary/_task_200811101024_0001_m_000056_0/part-00056.,blk_6140788650991100539,
505,/user/root/rand/_temporary/_task_200811101024_0001_m_000346_0/part-00346.,blk_-2016403519138424998,
513,/user/root/rand/_temporary/_task_200811101024_0001_m_000121_0/part-00121.,blk_-2073265102548439691,
526,/user/root/rand/_temporary/_task_200811101024_0001_m_000749_0/part-00749.,blk_-6909607053783233975,
544,/user/root/rand/_temporary/_task_200811101024_0001_m_001197_0/part-01197.,blk_-5255262711039499896,
549,/user/root/rand/_temporary/_task_200811101024_0001_m_001353_0/part-01353.,blk_5782729236964719738,
553,/user/root/rand/_temporary/_task_200811101024_0001_m_001495_0/part-01495.,blk_-7592643790414500555,
557,/user/root/rand/_temporary/_task_200811101024_0001_m_001587_0/part-01587.,blk_6374836031306809839,
595,/user/root/randtxt2/_temporary/_task_200811101024_0002_m_000299_0/part-00299.,blk_4984150784048864430,
602,/user/root/randtxt2/_temporary/_task_200811101024_0002_m_000054_0/part-00054.,blk_-4139299269696044017,
627,/user/root/randtxt2/_temporary/_task_200811101024_0002_m_001080_0/part-01080.,blk_2847401988110989655,
631,/user/root/randtxt2/_temporary/_task_200811101024_0002_m_000809_0/part-00809.,blk_7550266985912909372,
647,/user/root/randtxt2/_temporary/_task_200811101024_0002_m_001335_0/part-01335.,blk_-2541428592126088938,
677,/user/root/randtxt2/_temporary/_task_200811101024_0002_m_001968_1/part-01968.,blk_5106303344783117537,
703,/user/root/sortrand2/_temporary/_task_200811101024_0003_r_000258_0/part-00258.,blk_387577766066135394,
707,/user/root/sortrand2/_temporary/_task_200811101024_0003_r_000257_0/part-00257.,blk_-1732662141253491971,
735,/user/root/sortrand2/_temporary/_task_200811101024_0003_r_000210_0/part-00210.,blk_-7667417209393167541,
752,/user/root/sortrand2/_temporary/_task_200811101024_0003_r_000116_0/part-00116.,blk_6749232449432458524,
759,/user/root/sortrand2/_temporary/_task_200811101024_0003_r_000315_0/part-00315.,blk_-463998587096565542,
768,/user/root/sortrand2/_temporary/_task_200811101024_0003_r_000152_0/part-00152.,blk_-7603795308074215276,
769,/user/root/sortrand2/_temporary/_task_200811101024_0003_r_000344_0/part-00344.,blk_-2004529166303428909,
930,/user/root/rand3/_temporary/_task_200811101024_0005_m_000720_0/part-00720.,blk_-7988596544606686086,
944,/user/root/rand3/_temporary/_task_200811101024_0005_m_001091_0/part-01091.,blk_-4468645577339843974,
963,/user/root/rand3/_temporary/_task_200811101024_0005_m_001655_0/part-01655.,blk_-6802153775367591521,
975,/user/root/rand3/_temporary/_task_200811101024_0005_m_001824_0/part-01824.,blk_-4654885003331291932,
1003,/user/root/randtxt3/_temporary/_task_200811101024_0007_m_000190_0/part-00190.,blk_641646158310569454,
1008,/user/root/randtxt3/_temporary/_task_200811101024_0007_m_000374_0/part-00374.,blk_-1941312615450572331,
1023,/user/root/randtxt3/_temporary/_task_200811101024_0007_m_000186_0/part-00186.,blk_-6754647973871368247,
1044,/user/root/randtxt3/_temporary/_task_200811101024_0007_m_000585_0/part-00585.,blk_8561332122820208519,
1076,/user/root/randtxt3/_temporary/_task_200811101024_0007_m_001560_0/part-01560.,blk_3376391218693716925,
1078,/user/root/randtxt3/_temporary/_task_200811101024_0007_m_001230_0/part-01230.,blk_8708862520108736953,
1089,/user/root/randtxt3/_temporary/_task_200811101024_0007_m_001662_0/part-01662.,blk_8196657927516481490,
1185,/user/root/rand4/_temporary/_task_200811101024_0009_m_000115_0/part-00115.,blk_-17685631368401548,
1186,/user/root/rand4/_temporary/_task_200811101024_0009_m_000176_0/part-00176.,blk_8924207394547472950,
1219,/user/root/rand4/_temporary/_task_200811101024_0009_m_001061_0/part-01061.,blk_-749176535135404637,
1224,/user/root/rand4/_temporary/_task_200811101024_0009_m_001281_0/part-01281.,blk_2084123600915946046,
1234,/user/root/rand4/_temporary/_task_200811101024_0009_m_001398_0/part-01398.,blk_-7527506469734664572,
1244,/user/root/rand4/_temporary/_task_200811101024_0009_m_001611_0/part-01611.,blk_285336326661214154,
1246,/user/root/rand4/_temporary/_task_200811101024_0009_m_001574_0/part-01574.,blk_-7458279618877678162,
1272,/user/root/randtxt4/_temporary/_task_200811101024_0010_m_000222_0/part-00222.,blk_3764836840384130740,
1295,/user/root/randtxt4/_temporary/_task_200811101024_0010_m_000881_0/part-00881.,blk_-3091906986951252347,
1345,/user/root/randtxt4/_temporary/_task_200811101024_0010_m_001716_0/part-01716.,blk_-2051219911597308805,
1427,/user/root/rand5/_temporary/_task_200811101024_0011_m_000040_0/part-00040.,blk_1253515519191706153,
1435,/user/root/rand5/_temporary/_task_200811101024_0011_m_000541_0/part-00541.,blk_-6841570414687342011,
1471,/user/root/rand5/_temporary/_task_200811101024_0011_m_001408_0/part-01408.,blk_6601059760261449131,
1476,/user/root/rand5/_temporary/_task_200811101024_0011_m_001730_0/part-01730.,blk_6400082566804273401,
1512,/user/root/randtxt5/_temporary/_task_200811101024_0012_m_001192_0/part-01192.,blk_7720864196601815614,
1515,/user/root/randtxt5/_temporary/_task_200811101024_0012_m_000900_0/part-00900.,blk_6690143611140381289,
1529,/user/root/randtxt5/_temporary/_task_200811101024_0012_m_001314_0/part-01314.,blk_5872617224009342667,
1534,/user/root/randtxt5/_temporary/_task_200811101024_0012_m_001529_0/part-01529.,blk_-826920518336899809,
1542,/user/root/randtxt5/_temporary/_task_200811101024_0012_m_001726_0/part-01726.,blk_1858805942071850133,
1543,/user/root/randtxt5/_temporary/_task_200811101024_0012_m_001554_0/part-01554.,blk_5183831565578080242,
1545,/user/root/randtxt5/_temporary/_task_200811101024_0012_m_001709_0/part-01709.,blk_3776895047834644694,
1551,/user/root/randtxt5/_temporary/_task_200811101024_0012_m_001709_0/part-01709.,blk_6054235487623373096,
1554,/user/root/randtxt5/_temporary/_task_200811101024_0012_m_001635_0/part-01635.,blk_9034993982993401678,
1607,/user/root/rand6/_temporary/_task_200811101024_0013_m_000153_0/part-00153.,blk_8596624696139957935,
1610,/user/root/rand6/_temporary/_task_200811101024_0013_m_000197_0/part-00197.,blk_1832308388558480,
1618,/user/root/rand6/_temporary/_task_200811101024_0013_m_000451_0/part-00451.,blk_-8744988583359134013,
1619,/user/root/rand6/_temporary/_task_200811101024_0013_m_000079_0/part-00079.,blk_4225726256421431188,
1623,/user/root/rand6/_temporary/_task_200811101024_0013_m_000077_0/part-00077.,blk_608957629753483727,
1636,/user/root/rand6/_temporary/_task_200811101024_0013_m_000523_0/part-00523.,blk_-4801855948459616884,
1640,/user/root/rand6/_temporary/_task_200811101024_0013_m_000997_0/part-00997.,blk_-500534246236005335,
1660,/user/root/rand6/_temporary/_task_200811101024_0013_m_001195_0/part-01195.,blk_5708405953850477535,
1695,/user/root/rand6/_temporary/_task_200811101024_0013_m_001850_0/part-01850.,blk_-4312777901444596370,
1696,/user/root/rand6/_temporary/_task_200811101024_0013_m_001835_0/part-01835.,blk_6178964531181542074,
1699,/user/root/rand6/_temporary/_task_200811101024_0013_m_001983_0/part-01983.,blk_8861349372992394289,
1704,/user/root/rand6/_temporary/_task_200811101024_0013_m_002009_1/part-02009.,blk_-7367386750462511488,
1784,/user/root/rand7/_temporary/_task_200811101024_0014_m_001049_0/part-01049.,blk_-1533191386601391937,
1796,/user/root/rand7/_temporary/_task_200811101024_0014_m_000973_0/part-00973.,blk_5844313985011885282,
1797,/user/root/rand7/_temporary/_task_200811101024_0014_m_001348_0/part-01348.,blk_4531288786306744275,
1817,/user/root/rand7/_temporary/_task_200811101024_0014_m_001394_0/part-01394.,blk_-1101091099241306483,
1822,/user/root/rand7/_temporary/_task_200811101024_0014_m_001736_0/part-01736.,blk_-3055230140330616860,
1824,/user/root/rand7/_temporary/_task_200811101024_0014_m_001649_0/part-01649.,blk_-5581540863377925517,
1829,/user/root/rand7/_temporary/_task_200811101024_0014_m_001940_0/part-01940.,blk_1910319264393500537,
1832,/user/root/rand7/_temporary/_task_200811101024_0014_m_001642_0/part-01642.,blk_8215843708467112607,
1842,/user/root/rand7/_temporary/_task_200811101024_0014_m_002007_0/part-02007.,blk_7908524857056299716,
1893,/user/root/rand8/_temporary/_task_200811101024_0015_m_000480_0/part-00480.,blk_-5613694521084380933,
1896,/user/root/rand8/_temporary/_task_200811101024_0015_m_000737_0/part-00737.,blk_5894088883762961800,
1908,/user/root/rand8/_temporary/_task_200811101024_0015_m_000882_0/part-00882.,blk_-3152434225121092058,
1912,/user/root/rand8/_temporary/_task_200811101024_0015_m_001033_0/part-01033.,blk_-8948316319329891645,
1914,/user/root/rand8/_temporary/_task_200811101024_0015_m_000939_0/part-00939.,blk_-3522956055443924791,
1921,/user/root/rand8/_temporary/_task_200811101024_0015_m_001294_0/part-01294.,blk_4214952053910973364,
1939,/user/root/rand8/_temporary/_task_200811101024_0015_m_001425_0/part-01425.,blk_2630223487595425525,
1941,/user/root/rand8/_temporary/_task_200811101024_0015_m_001757_0/part-01757.,blk_-5343533992609553091,
1942,/user/root/rand8/_temporary/_task_200811101024_0015_m_001473_0/part-01473.,blk_-4390972361898978900,
1951,/user/root/rand8/_temporary/_task_200811101024_0015_m_001860_0/part-01860.,blk_8716294289715825928,
1987,/user/root/randtxt9/_temporary/_task_200811101024_0016_m_000347_0/part-00347.,blk_-8426741581316629266,
