symbol: s7
template: Deleting block <*> file <*>
73,blk_1781953582842324563,/mnt/hadoop/dfs/data/current/subdir5/blk_1781953582842324563,
426,blk_8483848473254499625,/mnt/hadoop/dfs/data/current/subdir51/blk_8483848473254499625,
428,blk_-8898274302731129139,/mnt/hadoop/dfs/data/current/subdir18/blk_-8898274302731129139,
429,blk_-8014701913801168461,/mnt/hadoop/dfs/data/current/subdir27/blk_-8014701913801168461,
430,blk_-8775602795571523802,/mnt/hadoop/dfs/data/current/subdir29/blk_-8775602795571523802,
431,blk_-7928230000822317050,/mnt/hadoop/dfs/data/current/subdir9/blk_-7928230000822317050,
432,blk_8303413189200230139,/mnt/hadoop/dfs/data/current/subdir32/blk_8303413189200230139,
433,blk_-9038475355621289969,/mnt/hadoop/dfs/data/current/subdir41/blk_-9038475355621289969,
435,blk_-8848810702648406400,/mnt/hadoop/dfs/data/current/subdir11/blk_-8848810702648406400,
438,blk_-7515058933811567980,/mnt/hadoop/dfs/data/current/subdir1/blk_-7515058933811567980,
439,blk_-8484827087450439270,/mnt/hadoop/dfs/data/current/subdir25/blk_-8484827087450439270,
440,blk_-8144387882075572886,/mnt/hadoop/dfs/data/current/subdir42/blk_-8144387882075572886,
441,blk_-8383503596684323017,/mnt/hadoop/dfs/data/current/subdir26/blk_-8383503596684323017,
442,blk_-8796256534683400159,/mnt/hadoop/dfs/data/current/subdir18/blk_-8796256534683400159,
443,blk_-8775602795571523802,/mnt/hadoop/dfs/data/current/subdir41/blk_-8775602795571523802,
445,blk_-4368236874477798428,/mnt/hadoop/dfs/data/current/subdir33/blk_-4368236874477798428,
446,blk_-4223625526513535681,/mnt/hadoop/dfs/data/current/subdir60/blk_-4223625526513535681,
447,blk_-6400421658804613208,/mnt/hadoop/dfs/data/current/subdir29/blk_-6400421658804613208,
448,blk_-5880591395067598620,/mnt/hadoop/dfs/data/current/subdir32/blk_-5880591395067598620,
449,blk_-7096508472270520039,/mnt/hadoop/dfs/data/current/subdir20/blk_-7096508472270520039,
450,blk_-1939956833921604216,/mnt/hadoop/dfs/data/current/subdir34/blk_-1939956833921604216,
451,blk_-3860035787700398391,/mnt/hadoop/dfs/data/current/subdir6/blk_-3860035787700398391,
452,blk_-6008397446568765070,/mnt/hadoop/dfs/data/current/blk_-6008397446568765070,
453,blk_-2425070029518924403,/mnt/hadoop/dfs/data/current/subdir39/blk_-2425070029518924403,
454,blk_826351419727053015,/mnt/hadoop/dfs/data/current/subdir6/blk_826351419727053015,
455,blk_-3437475890798229344,/mnt/hadoop/dfs/data/current/subdir57/blk_-3437475890798229344,
456,blk_-1492402439215451727,/mnt/hadoop/dfs/data/current/subdir25/blk_-1492402439215451727,
457,blk_-4298255715894292387,/mnt/hadoop/dfs/data/current/subdir38/blk_-4298255715894292387,
458,blk_-4295805058711840933,/mnt/hadoop/dfs/data/current/subdir0/blk_-4295805058711840933,
459,blk_830855781964014378,/mnt/hadoop/dfs/data/current/subdir48/blk_830855781964014378,
460,blk_8291708741145026623,/mnt/hadoop/dfs/data/current/subdir57/blk_8291708741145026623,
461,blk_-921231092429668424,/mnt/hadoop/dfs/data/current/subdir23/blk_-921231092429668424,
462,blk_-1581605246928123722,/mnt/hadoop/dfs/data/current/subdir13/blk_-1581605246928123722,
463,blk_-2445347158368483245,/mnt/hadoop/dfs/data/current/subdir30/blk_-2445347158368483245,
464,blk_-1897524391075610396,/mnt/hadoop/dfs/data/current/subdir47/blk_-1897524391075610396,
465,blk_-8588908000680498,/mnt/hadoop/dfs/data/current/subdir21/blk_-8588908000680498,
466,blk_561417755647618727,/mnt/hadoop/dfs/data/current/subdir4/blk_561417755647618727,
467,blk_-6127741703501838658,/mnt/hadoop/dfs/data/current/subdir53/blk_-6127741703501838658,
468,blk_-3636681193077858741,/mnt/hadoop/dfs/data/current/subdir37/blk_-3636681193077858741,
469,blk_-643763844763678010,/mnt/hadoop/dfs/data/current/subdir29/blk_-643763844763678010,
470,blk_-2826763604408365998,/mnt/hadoop/dfs/data/current/subdir40/blk_-2826763604408365998,
471,blk_2278708746675870163,/mnt/hadoop/dfs/data/current/subdir27/blk_2278708746675870163,
472,blk_153508158653341141,/mnt/hadoop/dfs/data/current/subdir50/blk_153508158653341141,
473,blk_-1775264355226395799,/mnt/hadoop/dfs/data/current/subdir26/blk_-1775264355226395799,
474,blk_-1599621098605751235,/mnt/hadoop/dfs/data/current/subdir16/blk_-1599621098605751235,
475,blk_-1111344660779690782,/mnt/hadoop/dfs/data/current/subdir40/blk_-1111344660779690782,
476,blk_3585588704565901062,/mnt/hadoop/dfs/data/current/subdir15/blk_3585588704565901062,
477,blk_2756799797410851893,/mnt/hadoop/dfs/data/current/subdir24/blk_2756799797410851893,
478,blk_7323287581932922676,/mnt/hadoop/dfs/data/current/subdir12/blk_7323287581932922676,
481,blk_2731617036199392057,/mnt/hadoop/dfs/data/current/subdir39/blk_2731617036199392057,
482,blk_7190156588310412626,/mnt/hadoop/dfs/data/current/subdir30/blk_7190156588310412626,
483,blk_8189008752707332487,/mnt/hadoop/dfs/data/current/subdir7/blk_8189008752707332487,
484,blk_6828263829429857572,/mnt/hadoop/dfs/data/current/subdir26/blk_6828263829429857572,
485,blk_8492196963764530259,/mnt/hadoop/dfs/data/current/subdir45/blk_8492196963764530259,
486,blk_7942183449206967755,/mnt/hadoop/dfs/data/current/subdir30/blk_7942183449206967755,
487,blk_6223504502438507199,/mnt/hadoop/dfs/data/current/subdir0/blk_6223504502438507199,
488,blk_7519257846502835091,/mnt/hadoop/dfs/data/current/subdir15/blk_7519257846502835091,
489,blk_5272005015837990021,/mnt/hadoop/dfs/data/current/subdir0/blk_5272005015837990021,
490,blk_7090935285617451450,/mnt/hadoop/dfs/data/current/subdir60/blk_7090935285617451450,
491,blk_8145984793403459836,/mnt/hadoop/dfs/data/current/blk_8145984793403459836,
492,blk_7603278760520020831,/mnt/hadoop/dfs/data/current/subdir59/blk_7603278760520020831,
493,blk_9169945668827621796,/mnt/hadoop/dfs/data/current/subdir50/blk_9169945668827621796,
496,blk_6973321719929905054,/mnt/hadoop/dfs/data/current/subdir14/blk_6973321719929905054,
497,blk_5948455948626091880,/mnt/hadoop/dfs/data/current/subdir28/blk_5948455948626091880,
499,blk_6497260538939100482,/mnt/hadoop/dfs/data/current/subdir46/blk_6497260538939100482,
502,blk_7754477838724397551,/mnt/hadoop/dfs/data/current/subdir46/blk_7754477838724397551,
519,blk_-1347057913082589493,/mnt/hadoop/dfs/data/current/subdir56/blk_-1347057913082589493,
524,blk_-4304240611296196935,/mnt/hadoop/dfs/data/current/subdir55/blk_-4304240611296196935,
530,blk_5075966182561035053,/mnt/hadoop/dfs/data/current/subdir53/blk_5075966182561035053,
585,blk_-7601381921195183756,/mnt/hadoop/dfs/data/current/subdir48/blk_-7601381921195183756,
845,blk_-8949548167466276130,/mnt/hadoop/dfs/data/current/subdir2/blk_-8949548167466276130,
847,blk_-7548149518969960333,/mnt/hadoop/dfs/data/current/subdir8/blk_-7548149518969960333,
848,blk_-7353572928777348242,/mnt/hadoop/dfs/data/current/subdir22/blk_-7353572928777348242,
849,blk_7206839389762980382,/mnt/hadoop/dfs/data/current/subdir61/blk_7206839389762980382,
850,blk_-9171803179611497035,/mnt/hadoop/dfs/data/current/subdir35/blk_-9171803179611497035,
851,blk_-4598246018559857954,/mnt/hadoop/dfs/data/current/subdir34/blk_-4598246018559857954,
852,blk_-6901909114834172466,/mnt/hadoop/dfs/data/current/subdir57/blk_-6901909114834172466,
853,blk_-6075803209168884005,/mnt/hadoop/dfs/data/current/subdir31/blk_-6075803209168884005,
854,blk_-8617088607862430908,/mnt/hadoop/dfs/data/current/subdir53/blk_-8617088607862430908,
856,blk_7855353385462032387,/mnt/hadoop/dfs/data/current/subdir41/blk_7855353385462032387,
857,blk_3733339790842827121,/mnt/hadoop/dfs/data/current/subdir42/blk_3733339790842827121,
858,blk_-9017308542351369260,/mnt/hadoop/dfs/data/current/subdir14/blk_-9017308542351369260,
860,blk_-8360774680830158225,/mnt/hadoop/dfs/data/current/subdir31/blk_-8360774680830158225,
861,blk_-6942784423611603919,/mnt/hadoop/dfs/data/current/subdir38/blk_-6942784423611603919,
862,blk_-5603192027616633151,/mnt/hadoop/dfs/data/current/subdir34/blk_-5603192027616633151,
863,blk_-7854501109698465657,/mnt/hadoop/dfs/data/current/subdir34/blk_-7854501109698465657,
864,blk_-4551689611865410817,/mnt/hadoop/dfs/data/current/blk_-4551689611865410817,
865,blk_-1750007847201154657,/mnt/hadoop/dfs/data/current/subdir1/blk_-1750007847201154657,
866,blk_-3564493590065542578,/mnt/hadoop/dfs/data/current/subdir55/blk_-3564493590065542578,
867,blk_-2929627680703662712,/mnt/hadoop/dfs/data/current/subdir32/blk_-2929627680703662712,
868,blk_2708206493147801743,/mnt/hadoop/dfs/data/current/subdir15/blk_2708206493147801743,
869,blk_-4110699195744660699,/mnt/hadoop/dfs/data/current/subdir34/blk_-4110699195744660699,
870,blk_7721951162137927252,/mnt/hadoop/dfs/data/current/subdir52/blk_7721951162137927252,
871,blk_-1535908830476495455,/mnt/hadoop/dfs/data/current/subdir10/blk_-1535908830476495455,
872,blk_1184972950286241114,/mnt/hadoop/dfs/data/current/subdir39/blk_1184972950286241114,
873,blk_-3396836569886642130,/mnt/hadoop/dfs/data/current/subdir32/blk_-3396836569886642130,
874,blk_22457656256024207,/mnt/hadoop/dfs/data/current/subdir33/blk_22457656256024207,
875,blk_5905689738251144455,/mnt/hadoop/dfs/data/current/blk_5905689738251144455,
876,blk_-2210703755506918304,/mnt/hadoop/dfs/data/current/subdir26/blk_-2210703755506918304,
877,blk_773599351835388127,/mnt/hadoop/dfs/data/current/subdir60/blk_773599351835388127,
878,blk_3921292580505776296,/mnt/hadoop/dfs/data/current/subdir57/blk_3921292580505776296,
879,blk_4162832865986721185,/mnt/hadoop/dfs/data/current/subdir4/blk_4162832865986721185,
880,blk_2156262111024914941,/mnt/hadoop/dfs/data/current/subdir14/blk_2156262111024914941,
881,blk_4658551441818960395,/mnt/hadoop/dfs/data/current/subdir19/blk_4658551441818960395,
882,blk_3076992299328673559,/mnt/hadoop/dfs/data/current/subdir54/blk_3076992299328673559,
883,blk_6085442148007558065,/mnt/hadoop/dfs/data/current/subdir63/blk_6085442148007558065,
884,blk_1746384029810476219,/mnt/hadoop/dfs/data/current/subdir18/blk_1746384029810476219,
885,blk_4939101994162863442,/mnt/hadoop/dfs/data/current/subdir24/blk_4939101994162863442,
886,blk_1144571179430079218,/mnt/hadoop/dfs/data/current/subdir33/blk_1144571179430079218,
887,blk_8693774866554287286,/mnt/hadoop/dfs/data/current/subdir55/blk_8693774866554287286,
888,blk_6695517786834913217,/mnt/hadoop/dfs/data/current/subdir15/blk_6695517786834913217,
889,blk_70980361971054326,/mnt/hadoop/dfs/data/current/subdir27/blk_70980361971054326,
890,blk_6499414220139660338,/mnt/hadoop/dfs/data/current/subdir59/blk_6499414220139660338,
891,blk_8598135237831029828,/mnt/hadoop/dfs/data/current/subdir59/blk_8598135237831029828,
892,blk_7108974241330205218,/mnt/hadoop/dfs/data/current/subdir22/blk_7108974241330205218,
893,blk_8929806114713265094,/mnt/hadoop/dfs/data/current/subdir1/blk_8929806114713265094,
894,blk_6445339027653789144,/mnt/hadoop/dfs/data/current/subdir16/blk_6445339027653789144,
896,blk_8699831307500970779,/mnt/hadoop/dfs/data/current/subdir54/blk_8699831307500970779,
897,blk_3221204570666147236,/mnt/hadoop/dfs/data/current/subdir34/blk_3221204570666147236,
901,blk_7360639743953947587,/mnt/hadoop/dfs/data/current/subdir35/blk_7360639743953947587,
923,blk_-468830939205980722,/mnt/hadoop/dfs/data/current/subdir10/blk_-468830939205980722,
1002,blk_-6891122177443047531,/mnt/hadoop/dfs/data/current/subdir36/blk_-6891122177443047531,
1004,blk_-9171930401624803515,/mnt/hadoop/dfs/data/current/subdir56/blk_-9171930401624803515,
1006,blk_-8294986551316947211,/mnt/hadoop/dfs/data/current/subdir34/blk_-8294986551316947211,
1007,blk_-5718504625725408070,/mnt/hadoop/dfs/data/current/blk_-5718504625725408070,
1009,blk_2353918919834315845,/mnt/hadoop/dfs/data/current/subdir35/blk_2353918919834315845,
1010,blk_391507259220628397,/mnt/hadoop/dfs/data/current/blk_391507259220628397,
1011,blk_-1263913006422225885,/mnt/hadoop/dfs/data/current/subdir2/blk_-1263913006422225885,
1012,blk_6542592144596063478,/mnt/hadoop/dfs/data/current/subdir35/blk_6542592144596063478,
1014,blk_1689772850125323349,/mnt/hadoop/dfs/data/current/subdir27/blk_1689772850125323349,
1015,blk_8615522912610884162,/mnt/hadoop/dfs/data/current/subdir35/blk_8615522912610884162,
1016,blk_107727140948970996,/mnt/hadoop/dfs/data/current/subdir33/blk_107727140948970996,
1017,blk_-1598760065436384831,/mnt/hadoop/dfs/data/current/subdir53/blk_-1598760065436384831,
1018,blk_8950932638808086257,/mnt/hadoop/dfs/data/current/subdir18/blk_8950932638808086257,
1152,blk_-7106479503467535906,/mnt/hadoop/dfs/data/current/subdir32/blk_-7106479503467535906,
1153,blk_-7411858598798393933,/mnt/hadoop/dfs/data/current/subdir24/blk_-7411858598798393933,
1154,blk_-5429479049793046826,/mnt/hadoop/dfs/data/current/subdir34/blk_-5429479049793046826,
1155,blk_-6431101765137189231,/mnt/hadoop/dfs/data/current/subdir33/blk_-6431101765137189231,
1156,blk_-2923662094689783995,/mnt/hadoop/dfs/data/current/subdir38/blk_-2923662094689783995,
1159,blk_1483582953997932733,/mnt/hadoop/dfs/data/current/subdir7/blk_1483582953997932733,
1160,blk_-3607708283707030582,/mnt/hadoop/dfs/data/current/subdir31/blk_-3607708283707030582,
1161,blk_4365203784873840210,/mnt/hadoop/dfs/data/current/subdir1/blk_4365203784873840210,
1162,blk_1920931690498309324,/mnt/hadoop/dfs/data/current/subdir42/blk_1920931690498309324,
1163,blk_2731746367139956284,/mnt/hadoop/dfs/data/current/subdir15/blk_2731746367139956284,
1164,blk_3312198496468502316,/mnt/hadoop/dfs/data/current/subdir36/blk_3312198496468502316,
1165,blk_-626413149556394155,/mnt/hadoop/dfs/data/current/subdir26/blk_-626413149556394155,
1166,blk_1350741653957819140,/mnt/hadoop/dfs/data/current/subdir32/blk_1350741653957819140,
1167,blk_6675564098604634452,/mnt/hadoop/dfs/data/current/subdir1/blk_6675564098604634452,
1168,blk_1692958087244489888,/mnt/hadoop/dfs/data/current/subdir62/blk_1692958087244489888,
1169,blk_5528471097481810388,/mnt/hadoop/dfs/data/current/subdir5/blk_5528471097481810388,
1170,blk_797263375273454863,/mnt/hadoop/dfs/data/current/subdir16/blk_797263375273454863,
1171,blk_5209577451013188921,/mnt/hadoop/dfs/data/current/subdir24/blk_5209577451013188921,
1172,blk_4713539908695785630,/mnt/hadoop/dfs/data/current/subdir39/blk_4713539908695785630,
1173,blk_6148201552996212693,/mnt/hadoop/dfs/data/current/subdir15/blk_6148201552996212693,
1174,blk_9014154925388243050,/mnt/hadoop/dfs/data/current/subdir28/blk_9014154925388243050,
1175,blk_8761138012128091849,/mnt/hadoop/dfs/data/current/subdir33/blk_8761138012128091849,
1266,blk_-5205950257901523262,/mnt/hadoop/dfs/data/current/subdir40/blk_-5205950257901523262,
1382,blk_-1180596628202464893,/mnt/hadoop/dfs/data/current/subdir52/blk_-1180596628202464893,
1384,blk_-8167717961644709843,/mnt/hadoop/dfs/data/current/blk_-8167717961644709843,
1385,blk_-7464161062429228045,/mnt/hadoop/dfs/data/current/subdir19/blk_-7464161062429228045,
1386,blk_-5934436507161953485,/mnt/hadoop/dfs/data/current/subdir33/blk_-5934436507161953485,
1388,blk_-7832937837605180330,/mnt/hadoop/dfs/data/current/subdir49/blk_-7832937837605180330,
1389,blk_-8547071368131084410,/mnt/hadoop/dfs/data/current/subdir38/blk_-8547071368131084410,
1390,blk_-5429042599096020592,/mnt/hadoop/dfs/data/current/subdir34/blk_-5429042599096020592,
1391,blk_-6350492516478706425,/mnt/hadoop/dfs/data/current/subdir36/blk_-6350492516478706425,
1392,blk_-6053005391233809507,/mnt/hadoop/dfs/data/current/subdir27/blk_-6053005391233809507,
1394,blk_-4311652947826112510,/mnt/hadoop/dfs/data/current/subdir57/blk_-4311652947826112510,
1395,blk_-1754204887541031211,/mnt/hadoop/dfs/data/current/subdir58/blk_-1754204887541031211,
1396,blk_-4165176068096983220,/mnt/hadoop/dfs/data/current/subdir34/blk_-4165176068096983220,
1397,blk_4863571548336254624,/mnt/hadoop/dfs/data/current/subdir5/blk_4863571548336254624,
1398,blk_-4844505495441326897,/mnt/hadoop/dfs/data/current/subdir36/blk_-4844505495441326897,
1399,blk_-7513928662244669476,/mnt/hadoop/dfs/data/current/subdir11/blk_-7513928662244669476,
1400,blk_-5014786445735476734,/mnt/hadoop/dfs/data/current/subdir9/blk_-5014786445735476734,
1401,blk_-1046472716157313227,/mnt/hadoop/dfs/data/current/subdir62/blk_-1046472716157313227,
1402,blk_-1281276222788579863,/mnt/hadoop/dfs/data/current/subdir30/blk_-1281276222788579863,
1403,blk_449049393237281194,/mnt/hadoop/dfs/data/current/subdir18/blk_449049393237281194,
1404,blk_352185875883785141,/mnt/hadoop/dfs/data/current/subdir44/blk_352185875883785141,
1405,blk_-2890295200276774269,/mnt/hadoop/dfs/data/current/subdir29/blk_-2890295200276774269,
1406,blk_1379455396847512711,/mnt/hadoop/dfs/data/current/blk_1379455396847512711,
1407,blk_2180875151184358991,/mnt/hadoop/dfs/data/current/subdir31/blk_2180875151184358991,
1409,blk_1553688227908800900,/mnt/hadoop/dfs/data/current/subdir15/blk_1553688227908800900,
1410,blk_6138894560185644209,/mnt/hadoop/dfs/data/current/subdir42/blk_6138894560185644209,
1411,blk_-1368324087589035770,/mnt/hadoop/dfs/data/current/blk_-1368324087589035770,
1412,blk_3274968259628929519,/mnt/hadoop/dfs/data/current/subdir19/blk_3274968259628929519,
1413,blk_5736622945587812309,/mnt/hadoop/dfs/data/current/subdir19/blk_5736622945587812309,
1414,blk_9142114171015520823,/mnt/hadoop/dfs/data/current/subdir48/blk_9142114171015520823,
1415,blk_8556592730481313831,/mnt/hadoop/dfs/data/current/blk_8556592730481313831,
1416,blk_6147898566868510104,/mnt/hadoop/dfs/data/current/subdir36/blk_6147898566868510104,
1418,blk_9081834782322008396,/mnt/hadoop/dfs/data/current/subdir40/blk_9081834782322008396,
1419,blk_8962411947457130719,/mnt/hadoop/dfs/data/current/subdir16/blk_8962411947457130719,
1578,blk_-7423574498760490375,/mnt/hadoop/dfs/data/current/subdir58/blk_-7423574498760490375,
1580,blk_-9169228974826183399,/mnt/hadoop/dfs/data/current/subdir5/blk_-9169228974826183399,
1584,blk_-1306900105984505600,/mnt/hadoop/dfs/data/current/subdir31/blk_-1306900105984505600,
1585,blk_-1312981516354612257,/mnt/hadoop/dfs/data/current/subdir29/blk_-1312981516354612257,
1586,blk_-2658615574293326723,/mnt/hadoop/dfs/data/current/subdir37/blk_-2658615574293326723,
1587,blk_2107487634698646045,/mnt/hadoop/dfs/data/current/subdir3/blk_2107487634698646045,
1588,blk_-253282915050290778,/mnt/hadoop/dfs/data/current/subdir23/blk_-253282915050290778,
1589,blk_1587615395786683981,/mnt/hadoop/dfs/data/current/subdir14/blk_1587615395786683981,
1590,blk_3706543205492061794,/mnt/hadoop/dfs/data/current/subdir1/blk_3706543205492061794,
1591,blk_3862032846413436284,/mnt/hadoop/dfs/data/current/subdir28/blk_3862032846413436284,
1592,blk_4632283243694149854,/mnt/hadoop/dfs/data/current/subdir40/blk_4632283243694149854,
1593,blk_1018961650823645078,/mnt/hadoop/dfs/data/current/subdir60/blk_1018961650823645078,
1594,blk_1213582438865696738,/mnt/hadoop/dfs/data/current/subdir56/blk_1213582438865696738,
1595,blk_2473550781612396886,/mnt/hadoop/dfs/data/current/subdir54/blk_2473550781612396886,
1596,blk_8102707766842966459,/mnt/hadoop/dfs/data/current/subdir29/blk_8102707766842966459,
1598,blk_6491888411266994867,/mnt/hadoop/dfs/data/current/subdir39/blk_6491888411266994867,
1599,blk_3336810835691486095,/mnt/hadoop/dfs/data/current/subdir11/blk_3336810835691486095,
1600,blk_4367982328407767477,/mnt/hadoop/dfs/data/current/subdir28/blk_4367982328407767477,
1601,blk_6943254721518837570,/mnt/hadoop/dfs/data/current/subdir41/blk_6943254721518837570,
1602,blk_6077744985764117617,/mnt/hadoop/dfs/data/current/subdir17/blk_6077744985764117617,
1604,blk_5771906433100975293,/mnt/hadoop/dfs/data/current/subdir37/blk_5771906433100975293,
1609,blk_4506604798892399878,/mnt/hadoop/dfs/data/current/subdir0/blk_4506604798892399878,
1724,blk_6888300867578983331,/mnt/hadoop/dfs/data/current/subdir46/blk_6888300867578983331,
1726,blk_-8443921001690182522,/mnt/hadoop/dfs/data/current/subdir33/blk_-8443921001690182522,
1728,blk_-7446091384471755694,/mnt/hadoop/dfs/data/current/subdir30/blk_-7446091384471755694,
1729,blk_-4352313989800650828,/mnt/hadoop/dfs/data/current/subdir56/blk_-4352313989800650828,
1730,blk_-6292499669518281202,/mnt/hadoop/dfs/data/current/subdir26/blk_-6292499669518281202,
1732,blk_-6750694665033046901,/mnt/hadoop/dfs/data/current/subdir63/blk_-6750694665033046901,
1733,blk_-6131345369657245178,/mnt/hadoop/dfs/data/current/blk_-6131345369657245178,
1734,blk_-3575718350717794894,/mnt/hadoop/dfs/data/current/blk_-3575718350717794894,
1735,blk_-4380385204018751771,/mnt/hadoop/dfs/data/current/subdir38/blk_-4380385204018751771,
1736,blk_-3594701313167635091,/mnt/hadoop/dfs/data/current/subdir54/blk_-3594701313167635091,
1737,blk_-1693418636466747515,/mnt/hadoop/dfs/data/current/subdir16/blk_-1693418636466747515,
1738,blk_5806397523737304814,/mnt/hadoop/dfs/data/current/subdir34/blk_5806397523737304814,
1739,blk_-1345585044778938153,/mnt/hadoop/dfs/data/current/subdir45/blk_-1345585044778938153,
1740,blk_2489882700357182381,/mnt/hadoop/dfs/data/current/blk_2489882700357182381,
1741,blk_-1800458850981311953,/mnt/hadoop/dfs/data/current/subdir57/blk_-1800458850981311953,
1742,blk_6373260430960091026,/mnt/hadoop/dfs/data/current/subdir43/blk_6373260430960091026,
1743,blk_-1278725622357466169,/mnt/hadoop/dfs/data/current/subdir0/blk_-1278725622357466169,
1744,blk_4513772639980123655,/mnt/hadoop/dfs/data/current/blk_4513772639980123655,
1745,blk_1838564958520120941,/mnt/hadoop/dfs/data/current/subdir39/blk_1838564958520120941,
1746,blk_7985460426680885040,/mnt/hadoop/dfs/data/current/blk_7985460426680885040,
1747,blk_2215517976324634098,/mnt/hadoop/dfs/data/current/subdir4/blk_2215517976324634098,
1748,blk_5453150794205420798,/mnt/hadoop/dfs/data/current/subdir24/blk_5453150794205420798,
1750,blk_6163400028286940197,/mnt/hadoop/dfs/data/current/subdir7/blk_6163400028286940197,
1751,blk_7583807825342916938,/mnt/hadoop/dfs/data/current/subdir13/blk_7583807825342916938,
1755,blk_8384967715738359346,/mnt/hadoop/dfs/data/current/subdir27/blk_8384967715738359346,
1770,blk_-7606467001548719462,/mnt/hadoop/dfs/data/current/subdir2/blk_-7606467001548719462,
1864,blk_-8792837405349224102,/mnt/hadoop/dfs/data/current/subdir35/blk_-8792837405349224102,
1865,blk_-8131422413299851907,/mnt/hadoop/dfs/data/current/subdir46/blk_-8131422413299851907,
1867,blk_-6177194341369822651,/mnt/hadoop/dfs/data/current/subdir38/blk_-6177194341369822651,
1868,blk_1369784431092292099,/mnt/hadoop/dfs/data/current/subdir36/blk_1369784431092292099,
1869,blk_-8060252929692927663,/mnt/hadoop/dfs/data/current/subdir21/blk_-8060252929692927663,
1870,blk_-5344266425789048231,/mnt/hadoop/dfs/data/current/subdir47/blk_-5344266425789048231,
1871,blk_-2518425063392446785,/mnt/hadoop/dfs/data/current/subdir6/blk_-2518425063392446785,
1872,blk_-5598693099021996971,/mnt/hadoop/dfs/data/current/subdir19/blk_-5598693099021996971,
1873,blk_901963876338651405,/mnt/hadoop/dfs/data/current/subdir1/blk_901963876338651405,
1874,blk_-2722768686407017386,/mnt/hadoop/dfs/data/current/subdir36/blk_-2722768686407017386,
1875,blk_92946806844541836,/mnt/hadoop/dfs/data/current/subdir59/blk_92946806844541836,
1876,blk_1824928871191121429,/mnt/hadoop/dfs/data/current/subdir2/blk_1824928871191121429,
1877,blk_-4301178988618507084,/mnt/hadoop/dfs/data/current/subdir46/blk_-4301178988618507084,
1878,blk_-2098161025946048013,/mnt/hadoop/dfs/data/current/subdir17/blk_-2098161025946048013,
1879,blk_-1451819169209310732,/mnt/hadoop/dfs/data/current/subdir23/blk_-1451819169209310732,
1880,blk_2403370969415186087,/mnt/hadoop/dfs/data/current/subdir6/blk_2403370969415186087,
1881,blk_5701964561533648583,/mnt/hadoop/dfs/data/current/subdir10/blk_5701964561533648583,
1882,blk_4007982883396598426,/mnt/hadoop/dfs/data/current/subdir13/blk_4007982883396598426,
1884,blk_6051144263842600010,/mnt/hadoop/dfs/data/current/subdir42/blk_6051144263842600010,
1885,blk_8436095180790908547,/mnt/hadoop/dfs/data/current/subdir43/blk_8436095180790908547,
1886,blk_5100975846124291571,/mnt/hadoop/dfs/data/current/subdir38/blk_5100975846124291571,
1887,blk_-4941547144875557718,/mnt/hadoop/dfs/data/current/subdir61/blk_-4941547144875557718,
1902,blk_-2808875502459981198,/mnt/hadoop/dfs/data/current/subdir3/blk_-2808875502459981198,
1911,blk_9173199815015538212,/mnt/hadoop/dfs/data/current/subdir24/blk_9173199815015538212,
1967,blk_-1082541280306680938,/mnt/hadoop/dfs/data/current/subdir38/blk_-1082541280306680938,
