symbol: t10
identifier: PCB Version : VIRTUALMPU REV C
388,
NE9000-20-LS,version,information:,
BKP,version,information:,
VMPU,Slot,Quantity:,4,
LPU,Slot,Quantity:,40,
SDRAM,Memory,Size,12299,M,bytes,
CFCARD,Memory,Size,5125,M,bytes,
SDRAM,Memory,Size,12299,M,bytes,
CFCARD,Memory,Size,5125,M,bytes,
EPLD,103,
FPGA,106,
CHIP,115,
CHIP2,115,
FPGA,210,
FPGA2,210,
CHIP,005,
CHIP2,005,
EPLD,103,
FPGA,106,
CHIP,115,
CHIP2,115,
FPGA,210,
FPGA2,210,
CHIP,005,
CHIP2,005,
EPLD,103,
FPGA,106,
CHIP,115,
CHIP2,115,
FPGA,210,
FPGA2,210,
CHIP,005,
CHIP2,005,
1275,
NE9000-20-LS,version,information:,
BKP,version,information:,
VMPU,Slot,Quantity:,9,
LPU,Slot,Quantity:,48,
SDRAM,Memory,Size,12209,M,bytes,
CFCARD,Memory,Size,51251,M,bytes,
SDRAM,Memory,Size,12299,M,bytes,
CFCARD,Memory,Size,5125,M,bytes,
EPLD,1031,
FPGA,1061,
CHIP,1151,
CHIP2,1151,
FPGA,2101,
FPGA2,2101,
CHIP,0051,
CHIP2,0051,
EPLD,103,
FPGA,106,
CHIP,115,
CHIP2,115,
FPGA,210,
FPGA2,210,
CHIP,0051,
CHIP2,005,
EPLD,1031,
FPGA,1061,
CHIP,1151,
CHIP2,1151,
FPGA,2101,
FPGA2,2101,
CHIP,0051,
CHIP2,0051,
