symbol: t12
identifier: #
484,
!Last,configuration,was,updated,at,2019-01-11,15:00:13,
!Last,configuration,was,saved,at,2019-01-11,15:00:13,
local-user,ne8809090,password,hohuhu999,
local-user,ne8809090,service-type,
local-user,ne8809090,state,active,
active,port-basic,slot,20,card,1,port,1-58,
active,port-evpn,slot,20,card,1,port,1-58,
active,port-vxlan,slot,20,card,1,port,1-58,
active,port-I3vpn,slot,20,card,1,port,1-58,
ssh,user,Admin,System,
ssh,user,Admin,System,rsa,
ssh,user,Admin,System,service,
ssh,user,Is3_System,
ssh,user,Is3_System,rsa,
ssh,user,Is3_System,service,
1371,
!Last,configuration,was,updated,at,2019-01-11,15:01:13,
!Last,configuration,was,saved,at,2019-01-11,15:01:13,
local-user,ne8809091,password,hohuhu888,
local-user,ne8809091,service-type,
local-user,ne8809091,state,active,
active,port-basic,slot,21,card,2,port,1-58,
active,port-evpn,slot,21,card,2,port,1-58,
active,port-vxlan,slot,21,card,2,port,1-58,
active,port-I3vpn,slot,21,card,2,port,1-58,
ssh,user,Admin,System,
ssh,user,Admin,System,rsa,
ssh,user,Admin,System,service,
ssh,user,Is3_System,
ssh,user,Is3_System,rsa,
ssh,user,Is3_System,service,
