symbol: t9
identifier: license
288,
-local-user,ne8809090,password,hohuhu999,
+local-user,ne8809090,password,hohuhu9999,
+,active,network-slice,flex-channel,2000,slot,18,
+,active,network-slice,flex-channel,2000,slot,19,
+,active,network-slice,flex-channel,2000,slot,11,
+,active,network-slice,flex-channel,2000,slot,12,
+,active,network-slice,flex-channel,2000,slot,13,
+,active,network-slice,flex-channel,2000,slot,14,
1214,
-local-user,ne8809091,password,hohuhu99009,
+local-user,ne8809091,password,hohuhu990099,
+,active,network-slice,flex-channel,3000,slot,28,
+,active,network-slice,flex-channel,3000,slot,29,
+,active,network-slice,flex-channel,3000,slot,21,
+,active,network-slice,flex-channel,3000,slot,22,
+,active,network-slice,flex-channel,3000,slot,23,
+,active,network-slice,flex-channel,3000,slot,24,
