symbol: s21
template: Block <*> stored as bytes in memory (estimated size <*> <*> free <*> KB)
32,broadcast_9_piece0,5.2,KB,,5.2,
46,broadcast_8_piece0,21.4,KB,,35.4,
55,broadcast_0_piece0,93.0,B,,317.1,
59,broadcast_4_piece0,95.0,B,,317.6,
63,broadcast_3_piece0,152.0,B,,318.1,
67,broadcast_1_piece0,107.0,B,,318.6,
71,broadcast_2_piece0,93.0,B,,319.0,
105,broadcast_10_piece0,5.8,KB,,329.6,
134,broadcast_11_piece0,5.4,KB,,344.7,
163,broadcast_12_piece0,5.6,KB,,359.4,
207,broadcast_13_piece0,5.7,KB,,376.4,
236,broadcast_14_piece0,5.8,KB,,392.3,
265,broadcast_15_piece0,5.4,KB,,407.4,
294,broadcast_16_piece0,5.6,KB,,422.1,
338,broadcast_17_piece0,5.7,KB,,438.5,
367,broadcast_18_piece0,5.8,KB,,454.4,
396,broadcast_19_piece0,5.4,KB,,469.4,
425,broadcast_20_piece0,5.5,KB,,416.7,
469,broadcast_21_piece0,5.7,KB,,393.1,
498,broadcast_22_piece0,5.8,KB,,409.0,
527,broadcast_23_piece0,5.4,KB,,378.2,
556,broadcast_24_piece0,5.6,KB,,393.0,
600,broadcast_25_piece0,5.7,KB,,409.5,
629,broadcast_26_piece0,5.8,KB,,379.9,
658,broadcast_27_piece0,5.4,KB,,395.0,
687,broadcast_28_piece0,5.6,KB,,409.8,
731,broadcast_29_piece0,5.7,KB,,379.5,
760,broadcast_30_piece0,5.8,KB,,380.0,
789,broadcast_31_piece0,5.6,KB,,395.3,
833,broadcast_32_piece0,5.7,KB,,406.3,
862,broadcast_33_piece0,29.5,KB,,404.8,
1066,broadcast_34_piece0,28.8,KB,,515.7,
1110,broadcast_37_piece0,5.2,KB,,569.5,
1124,broadcast_36_piece0,21.4,KB,,522.3,
1438,broadcast_38_piece0,5.8,KB,,844.0,
1642,broadcast_39_piece0,5.4,KB,,859.1,
1846,broadcast_40_piece0,6.0,KB,,874.3,
