symbol: s23
template: Block <*> stored as values in memory (estimated size <*> <*> free <*> KB)
34,broadcast_9,8.8,KB,,14.0,
48,broadcast_8,281.6,KB,,317.0,
57,broadcast_0,384.0,B,,317.5,
61,broadcast_4,384.0,B,,318.0,
65,broadcast_3,384.0,B,,318.5,
69,broadcast_1,384.0,B,,319.0,
73,broadcast_2,384.0,B,,319.4,
107,broadcast_10,9.6,KB,,339.2,
136,broadcast_11,9.2,KB,,353.9,
165,broadcast_12,9.8,KB,,369.3,
209,broadcast_13,10.1,KB,,386.5,
238,broadcast_14,9.6,KB,,401.9,
267,broadcast_15,9.2,KB,,416.6,
296,broadcast_16,9.8,KB,,432.0,
340,broadcast_17,10.1,KB,,448.6,
369,broadcast_18,9.6,KB,,464.0,
398,broadcast_19,9.2,KB,,478.6,
427,broadcast_20,9.8,KB,,411.6,
471,broadcast_21,10.1,KB,,403.2,
500,broadcast_22,9.6,KB,,418.6,
529,broadcast_23,9.2,KB,,387.4,
558,broadcast_24,9.8,KB,,402.8,
602,broadcast_25,10.1,KB,,419.6,
631,broadcast_26,9.7,KB,,389.6,
660,broadcast_27,9.2,KB,,404.2,
689,broadcast_28,9.8,KB,,419.6,
733,broadcast_29,10.1,KB,,374.2,
762,broadcast_30,9.7,KB,,389.7,
791,broadcast_31,9.8,KB,,405.1,
835,broadcast_32,10.1,KB,,400.4,
864,broadcast_33,82.1,KB,,486.9,
1068,broadcast_34,77.4,KB,,593.1,
1112,broadcast_37,8.8,KB,,500.9,
1126,broadcast_36,281.6,KB,,803.9,
1440,broadcast_38,9.6,KB,,853.7,
1644,broadcast_39,9.2,KB,,868.3,
1848,broadcast_40,9.9,KB,,884.2,
