symbol: s27
template: Times: total <?> <*> boot <?> <*> init <?> <*> finish <?> <*>
74,=,1072,,=,856,,=,210,,=,6,
75,=,1114,,=,885,,=,223,,=,6,
76,=,1074,,=,869,,=,199,,=,6,
77,=,1078,,=,851,,=,219,,=,8,
78,=,1077,,=,865,,=,206,,=,6,
84,=,38,,=,11,,=,27,,=,0,
85,=,42,,=,12,,=,30,,=,0,
86,=,41,,=,15,,=,26,,=,0,
87,=,40,,=,7,,=,33,,=,0,
88,=,42,,=,13,,=,28,,=,1,
113,=,42,,=,-4131,,=,4172,,=,1,
114,=,41,,=,-4122,,=,4162,,=,1,
115,=,42,,=,-4121,,=,4162,,=,1,
116,=,42,,=,-4138,,=,4179,,=,1,
117,=,42,,=,-4134,,=,4175,,=,1,
142,=,39,,=,-147,,=,186,,=,0,
143,=,39,,=,-147,,=,186,,=,0,
144,=,41,,=,-139,,=,179,,=,1,
145,=,38,,=,-156,,=,194,,=,0,
146,=,39,,=,-159,,=,198,,=,0,
176,=,38,,=,-170,,=,208,,=,0,
177,=,41,,=,-171,,=,212,,=,0,
178,=,41,,=,-160,,=,200,,=,1,
179,=,38,,=,-172,,=,210,,=,0,
180,=,40,,=,-173,,=,213,,=,0,
186,=,38,,=,14,,=,24,,=,0,
187,=,38,,=,12,,=,26,,=,0,
188,=,41,,=,19,,=,22,,=,0,
190,=,41,,=,16,,=,25,,=,0,
192,=,40,,=,5,,=,35,,=,0,
215,=,39,,=,-141,,=,180,,=,0,
216,=,40,,=,-129,,=,169,,=,0,
217,=,41,,=,-134,,=,175,,=,0,
218,=,39,,=,-123,,=,162,,=,0,
219,=,42,,=,-125,,=,166,,=,1,
244,=,39,,=,-85,,=,123,,=,1,
245,=,40,,=,-77,,=,117,,=,0,
246,=,39,,=,-81,,=,119,,=,1,
247,=,40,,=,-78,,=,117,,=,1,
248,=,42,,=,-79,,=,120,,=,1,
273,=,39,,=,-107,,=,146,,=,0,
274,=,41,,=,-100,,=,141,,=,0,
275,=,42,,=,-99,,=,141,,=,0,
276,=,39,,=,-103,,=,142,,=,0,
277,=,42,,=,-101,,=,143,,=,0,
307,=,39,,=,-110,,=,149,,=,0,
308,=,39,,=,-105,,=,144,,=,0,
309,=,42,,=,-103,,=,144,,=,1,
310,=,41,,=,-107,,=,148,,=,0,
311,=,42,,=,-107,,=,148,,=,1,
317,=,38,,=,17,,=,21,,=,0,
318,=,41,,=,28,,=,13,,=,0,
319,=,38,,=,18,,=,20,,=,0,
320,=,40,,=,19,,=,21,,=,0,
321,=,41,,=,17,,=,24,,=,0,
346,=,39,,=,-109,,=,148,,=,0,
347,=,41,,=,-107,,=,148,,=,0,
348,=,39,,=,-103,,=,142,,=,0,
349,=,41,,=,-104,,=,144,,=,1,
350,=,42,,=,-107,,=,149,,=,0,
375,=,39,,=,-73,,=,111,,=,1,
376,=,40,,=,-75,,=,114,,=,1,
377,=,41,,=,-75,,=,115,,=,1,
378,=,40,,=,-75,,=,114,,=,1,
379,=,42,,=,-67,,=,108,,=,1,
404,=,39,,=,-124,,=,163,,=,0,
405,=,38,,=,-123,,=,161,,=,0,
406,=,41,,=,-126,,=,167,,=,0,
407,=,40,,=,-127,,=,167,,=,0,
408,=,41,,=,-115,,=,155,,=,1,
438,=,40,,=,-95,,=,135,,=,0,
439,=,39,,=,-96,,=,135,,=,0,
440,=,42,,=,-95,,=,137,,=,0,
441,=,42,,=,-97,,=,139,,=,0,
442,=,43,,=,-85,,=,127,,=,1,
448,=,39,,=,22,,=,17,,=,0,
449,=,41,,=,20,,=,21,,=,0,
450,=,40,,=,20,,=,20,,=,0,
452,=,41,,=,16,,=,25,,=,0,
453,=,40,,=,26,,=,14,,=,0,
477,=,37,,=,-162,,=,199,,=,0,
478,=,40,,=,-157,,=,197,,=,0,
479,=,39,,=,-157,,=,196,,=,0,
480,=,38,,=,-146,,=,184,,=,0,
481,=,40,,=,-156,,=,196,,=,0,
506,=,39,,=,-76,,=,114,,=,1,
507,=,42,,=,-73,,=,114,,=,1,
508,=,42,,=,-73,,=,114,,=,1,
509,=,41,,=,-67,,=,107,,=,1,
510,=,40,,=,-74,,=,113,,=,1,
535,=,39,,=,-90,,=,129,,=,0,
536,=,40,,=,-93,,=,133,,=,0,
537,=,39,,=,-90,,=,129,,=,0,
538,=,38,,=,-82,,=,120,,=,0,
539,=,42,,=,-92,,=,133,,=,1,
569,=,40,,=,-95,,=,135,,=,0,
570,=,39,,=,-96,,=,135,,=,0,
571,=,41,,=,-98,,=,139,,=,0,
572,=,40,,=,-99,,=,139,,=,0,
573,=,40,,=,-95,,=,135,,=,0,
579,=,38,,=,19,,=,19,,=,0,
580,=,39,,=,20,,=,19,,=,0,
581,=,38,,=,19,,=,19,,=,0,
582,=,40,,=,17,,=,23,,=,0,
584,=,42,,=,18,,=,24,,=,0,
608,=,39,,=,-104,,=,143,,=,0,
609,=,41,,=,-104,,=,145,,=,0,
610,=,39,,=,-106,,=,145,,=,0,
611,=,39,,=,-106,,=,145,,=,0,
612,=,43,,=,-104,,=,146,,=,1,
637,=,42,,=,-69,,=,110,,=,1,
638,=,40,,=,-71,,=,110,,=,1,
639,=,39,,=,-73,,=,111,,=,1,
640,=,44,,=,-72,,=,115,,=,1,
641,=,42,,=,-71,,=,112,,=,1,
666,=,38,,=,-77,,=,115,,=,0,
667,=,40,,=,-76,,=,115,,=,1,
668,=,40,,=,-75,,=,115,,=,0,
669,=,42,,=,-74,,=,115,,=,1,
674,=,42,,=,-74,,=,115,,=,1,
700,=,40,,=,-79,,=,119,,=,0,
701,=,41,,=,-82,,=,123,,=,0,
702,=,41,,=,-82,,=,123,,=,0,
706,=,41,,=,-67,,=,107,,=,1,
707,=,42,,=,-66,,=,107,,=,1,
710,=,38,,=,23,,=,15,,=,0,
712,=,40,,=,20,,=,20,,=,0,
713,=,41,,=,23,,=,18,,=,0,
716,=,39,,=,18,,=,21,,=,0,
717,=,39,,=,18,,=,21,,=,0,
739,=,38,,=,-119,,=,157,,=,0,
740,=,38,,=,-119,,=,157,,=,0,
741,=,39,,=,-126,,=,165,,=,0,
742,=,40,,=,-111,,=,151,,=,0,
743,=,41,,=,-110,,=,151,,=,0,
768,=,38,,=,-59,,=,96,,=,1,
769,=,39,,=,-59,,=,98,,=,0,
770,=,41,,=,-59,,=,100,,=,0,
771,=,41,,=,-59,,=,99,,=,1,
773,=,41,,=,-58,,=,98,,=,1,
802,=,37,,=,-88,,=,125,,=,0,
803,=,39,,=,-86,,=,125,,=,0,
805,=,39,,=,-86,,=,125,,=,0,
806,=,41,,=,-84,,=,125,,=,0,
807,=,40,,=,-85,,=,125,,=,0,
812,=,40,,=,19,,=,21,,=,0,
813,=,39,,=,20,,=,19,,=,0,
814,=,39,,=,21,,=,18,,=,0,
816,=,41,,=,18,,=,23,,=,0,
817,=,40,,=,18,,=,22,,=,0,
841,=,39,,=,-134,,=,173,,=,0,
842,=,40,,=,-130,,=,170,,=,0,
843,=,40,,=,-132,,=,172,,=,0,
844,=,42,,=,-132,,=,173,,=,1,
845,=,40,,=,-129,,=,168,,=,1,
875,=,40,,=,-340,,=,380,,=,0,
876,=,40,,=,-337,,=,376,,=,1,
877,=,42,,=,-343,,=,384,,=,1,
878,=,39,,=,-342,,=,381,,=,0,
879,=,41,,=,-343,,=,384,,=,0,
915,=,39,,=,-397,,=,436,,=,0,
916,=,38,,=,-405,,=,443,,=,0,
917,=,40,,=,-400,,=,440,,=,0,
918,=,38,,=,-390,,=,428,,=,0,
919,=,41,,=,-398,,=,439,,=,0,
955,=,37,,=,-87,,=,124,,=,0,
956,=,39,,=,-79,,=,118,,=,0,
957,=,39,,=,-86,,=,125,,=,0,
958,=,42,,=,-81,,=,122,,=,1,
959,=,41,,=,-83,,=,123,,=,1,
991,=,40,,=,-82,,=,122,,=,0,
1001,=,39,,=,-102,,=,141,,=,0,
1002,=,38,,=,-112,,=,150,,=,0,
1003,=,40,,=,-107,,=,147,,=,0,
1004,=,40,,=,-116,,=,156,,=,0,
1030,=,38,,=,-62,,=,100,,=,0,
1035,=,38,,=,-45,,=,83,,=,0,
1036,=,38,,=,-37,,=,75,,=,0,
1045,=,37,,=,-54,,=,91,,=,0,
1046,=,37,,=,-62,,=,99,,=,0,
1077,=,38,,=,-727,,=,765,,=,0,
1080,=,41,,=,-707,,=,748,,=,0,
1081,=,39,,=,-700,,=,739,,=,0,
1082,=,39,,=,-690,,=,729,,=,0,
1083,=,41,,=,-699,,=,740,,=,0,
1127,=,47,,=,-8758,,=,8800,,=,5,
1129,=,55,,=,-8764,,=,8814,,=,5,
1130,=,55,,=,-8768,,=,8818,,=,5,
1131,=,59,,=,-8772,,=,8826,,=,5,
1132,=,60,,=,-8772,,=,8827,,=,5,
1137,=,42,,=,25,,=,16,,=,1,
1141,=,41,,=,21,,=,20,,=,0,
1142,=,41,,=,20,,=,20,,=,1,
1145,=,42,,=,23,,=,19,,=,0,
1146,=,42,,=,20,,=,21,,=,1,
1167,=,54,,=,21,,=,28,,=,5,
1169,=,57,,=,11,,=,41,,=,5,
1170,=,53,,=,7,,=,41,,=,5,
1171,=,58,,=,7,,=,46,,=,5,
1174,=,65,,=,10,,=,45,,=,10,
1177,=,45,,=,19,,=,26,,=,0,
1183,=,41,,=,24,,=,17,,=,0,
1184,=,38,,=,18,,=,20,,=,0,
1185,=,39,,=,18,,=,21,,=,0,
1189,=,42,,=,22,,=,19,,=,1,
1207,=,48,,=,8,,=,35,,=,5,
1209,=,48,,=,10,,=,33,,=,5,
1211,=,51,,=,3,,=,43,,=,5,
1213,=,56,,=,10,,=,40,,=,6,
1214,=,58,,=,13,,=,40,,=,5,
1217,=,42,,=,17,,=,24,,=,1,
1223,=,41,,=,21,,=,20,,=,0,
1224,=,39,,=,20,,=,18,,=,1,
1229,=,40,,=,22,,=,18,,=,0,
1231,=,39,,=,24,,=,14,,=,1,
1247,=,49,,=,16,,=,28,,=,5,
1249,=,53,,=,14,,=,34,,=,5,
1250,=,52,,=,13,,=,34,,=,5,
1253,=,50,,=,7,,=,38,,=,5,
1254,=,52,,=,2,,=,45,,=,5,
1257,=,38,,=,16,,=,22,,=,0,
1263,=,38,,=,24,,=,14,,=,0,
1264,=,43,,=,23,,=,19,,=,1,
1275,=,38,,=,20,,=,18,,=,0,
1276,=,41,,=,20,,=,21,,=,0,
1287,=,47,,=,5,,=,37,,=,5,
1289,=,53,,=,15,,=,33,,=,5,
1290,=,54,,=,17,,=,32,,=,5,
1293,=,50,,=,4,,=,41,,=,5,
1294,=,54,,=,8,,=,41,,=,5,
1296,=,40,,=,13,,=,26,,=,1,
1303,=,42,,=,26,,=,16,,=,0,
1304,=,39,,=,23,,=,16,,=,0,
1313,=,38,,=,21,,=,17,,=,0,
1314,=,42,,=,20,,=,22,,=,0,
1327,=,48,,=,5,,=,38,,=,5,
1329,=,52,,=,7,,=,40,,=,5,
1330,=,56,,=,7,,=,44,,=,5,
1333,=,52,,=,7,,=,40,,=,5,
1334,=,41,,=,16,,=,25,,=,0,
1335,=,54,,=,5,,=,41,,=,8,
1343,=,38,,=,34,,=,4,,=,0,
1344,=,42,,=,24,,=,17,,=,1,
1351,=,42,,=,22,,=,19,,=,1,
1356,=,39,,=,20,,=,18,,=,1,
1367,=,46,,=,16,,=,25,,=,5,
1369,=,51,,=,12,,=,34,,=,5,
1370,=,50,,=,3,,=,42,,=,5,
1373,=,41,,=,18,,=,23,,=,0,
1375,=,50,,=,6,,=,39,,=,5,
1378,=,50,,=,2,,=,43,,=,5,
1383,=,42,,=,24,,=,18,,=,0,
1384,=,38,,=,23,,=,15,,=,0,
1394,=,43,,=,17,,=,25,,=,1,
1396,=,38,,=,12,,=,26,,=,0,
1403,=,47,,=,17,,=,23,,=,7,
1409,=,53,,=,8,,=,40,,=,5,
1410,=,53,,=,12,,=,36,,=,5,
1413,=,41,,=,9,,=,31,,=,1,
1415,=,48,,=,17,,=,25,,=,6,
1416,=,51,,=,8,,=,38,,=,5,
1419,=,40,,=,24,,=,16,,=,0,
1420,=,42,,=,22,,=,19,,=,1,
1423,=,40,,=,13,,=,27,,=,0,
1424,=,38,,=,18,,=,20,,=,0,
1446,=,39,,=,-108,,=,146,,=,1,
1447,=,42,,=,-77,,=,118,,=,1,
1449,=,41,,=,-71,,=,111,,=,1,
1450,=,39,,=,-64,,=,102,,=,1,
1452,=,42,,=,-66,,=,107,,=,1,
1471,=,40,,=,26,,=,13,,=,1,
1473,=,42,,=,13,,=,28,,=,1,
1474,=,40,,=,15,,=,25,,=,0,
1475,=,42,,=,24,,=,17,,=,1,
1478,=,43,,=,13,,=,29,,=,1,
1496,=,40,,=,14,,=,25,,=,1,
1500,=,39,,=,12,,=,26,,=,1,
1501,=,42,,=,13,,=,28,,=,1,
1502,=,40,,=,10,,=,29,,=,1,
1505,=,41,,=,11,,=,29,,=,1,
1521,=,42,,=,19,,=,22,,=,1,
1523,=,39,,=,15,,=,24,,=,0,
1527,=,40,,=,14,,=,26,,=,0,
1528,=,39,,=,13,,=,25,,=,1,
1534,=,42,,=,16,,=,25,,=,1,
1546,=,40,,=,17,,=,22,,=,1,
1548,=,41,,=,19,,=,21,,=,1,
1552,=,41,,=,14,,=,25,,=,2,
1553,=,41,,=,11,,=,29,,=,1,
1556,=,41,,=,19,,=,21,,=,1,
1571,=,42,,=,14,,=,27,,=,1,
1572,=,41,,=,35,,=,5,,=,1,
1573,=,41,,=,34,,=,6,,=,1,
1574,=,42,,=,34,,=,7,,=,1,
1591,=,108,,=,28,,=,79,,=,1,
1596,=,40,,=,-27,,=,66,,=,1,
1598,=,42,,=,-28,,=,69,,=,1,
1599,=,41,,=,-24,,=,64,,=,1,
1600,=,41,,=,-15,,=,55,,=,1,
1616,=,41,,=,11,,=,29,,=,1,
1621,=,41,,=,31,,=,9,,=,1,
1622,=,39,,=,27,,=,11,,=,1,
1624,=,40,,=,20,,=,19,,=,1,
1626,=,42,,=,27,,=,14,,=,1,
1629,=,39,,=,17,,=,21,,=,1,
1650,=,39,,=,-790,,=,829,,=,0,
1651,=,38,,=,-784,,=,822,,=,0,
1652,=,39,,=,-784,,=,823,,=,0,
1654,=,41,,=,-768,,=,809,,=,0,
1657,=,49,,=,-793,,=,841,,=,1,
1675,=,38,,=,23,,=,15,,=,0,
1676,=,40,,=,16,,=,24,,=,0,
1678,=,42,,=,13,,=,28,,=,1,
1680,=,39,,=,23,,=,16,,=,0,
1681,=,42,,=,13,,=,29,,=,0,
1700,=,40,,=,21,,=,19,,=,0,
1701,=,39,,=,19,,=,20,,=,0,
1702,=,41,,=,17,,=,24,,=,0,
1710,=,41,,=,12,,=,28,,=,1,
1711,=,42,,=,17,,=,24,,=,1,
1725,=,40,,=,19,,=,21,,=,0,
1726,=,40,,=,20,,=,20,,=,0,
1727,=,39,,=,15,,=,24,,=,0,
1733,=,40,,=,15,,=,25,,=,0,
1735,=,42,,=,16,,=,25,,=,1,
1750,=,42,,=,22,,=,19,,=,1,
1751,=,38,,=,18,,=,20,,=,0,
1754,=,42,,=,14,,=,28,,=,0,
1760,=,39,,=,15,,=,23,,=,1,
1765,=,43,,=,15,,=,27,,=,1,
1775,=,41,,=,17,,=,23,,=,1,
1776,=,41,,=,17,,=,24,,=,0,
1779,=,40,,=,27,,=,13,,=,0,
1784,=,40,,=,26,,=,14,,=,0,
1789,=,42,,=,16,,=,25,,=,1,
1800,=,40,,=,18,,=,22,,=,0,
1801,=,41,,=,19,,=,22,,=,0,
1804,=,40,,=,15,,=,25,,=,0,
1810,=,42,,=,16,,=,25,,=,1,
1815,=,40,,=,14,,=,25,,=,1,
1825,=,41,,=,23,,=,18,,=,0,
1826,=,41,,=,19,,=,22,,=,0,
1829,=,38,,=,14,,=,24,,=,0,
1831,=,42,,=,19,,=,22,,=,1,
1832,=,40,,=,14,,=,26,,=,0,
1854,=,40,,=,-79,,=,118,,=,1,
1855,=,39,,=,-75,,=,113,,=,1,
1856,=,40,,=,-80,,=,119,,=,1,
1857,=,41,,=,-85,,=,125,,=,1,
1859,=,42,,=,-74,,=,115,,=,1,
1879,=,39,,=,18,,=,20,,=,1,
1880,=,41,,=,16,,=,24,,=,1,
1881,=,43,,=,25,,=,17,,=,1,
1882,=,41,,=,19,,=,21,,=,1,
1883,=,42,,=,24,,=,17,,=,1,
1904,=,39,,=,19,,=,19,,=,1,
1905,=,41,,=,21,,=,19,,=,1,
1907,=,39,,=,15,,=,23,,=,1,
1908,=,42,,=,18,,=,23,,=,1,
1910,=,43,,=,15,,=,27,,=,1,
1929,=,40,,=,20,,=,19,,=,1,
1930,=,40,,=,20,,=,19,,=,1,
1931,=,39,,=,18,,=,20,,=,1,
1932,=,41,,=,27,,=,14,,=,0,
1936,=,41,,=,15,,=,25,,=,1,
1954,=,39,,=,16,,=,22,,=,1,
1955,=,41,,=,18,,=,22,,=,1,
1956,=,42,,=,20,,=,21,,=,1,
1958,=,43,,=,15,,=,27,,=,1,
1961,=,41,,=,15,,=,25,,=,1,
1979,=,41,,=,23,,=,17,,=,1,
1980,=,38,,=,18,,=,20,,=,0,
1981,=,42,,=,18,,=,23,,=,1,
1982,=,39,,=,18,,=,20,,=,1,
1989,=,43,,=,14,,=,28,,=,1,
