symbol: s29
template: Finished task <*> in stage <*> (TID <*> <*> bytes result sent to driver
89,3.0,0.0,3).,2703,
90,1.0,0.0,1).,2703,
91,2.0,0.0,2).,2703,
92,4.0,0.0,4).,2703,
93,0.0,0.0,0).,2703,
118,4.0,1.0,79).,2685,
119,1.0,1.0,56).,2428,
120,0.0,1.0,42).,2474,
121,3.0,1.0,78).,2651,
122,2.0,1.0,69).,2523,
147,4.0,2.0,119).,2087,
148,2.0,2.0,112).,2087,
149,3.0,2.0,118).,2087,
150,1.0,2.0,101).,2087,
151,0.0,2.0,87).,2087,
189,4.0,3.0,159).,2667,
191,3.0,3.0,158).,2667,
193,1.0,3.0,136).,2667,
194,2.0,3.0,150).,2667,
195,0.0,3.0,122).,2667,
220,0.0,4.0,171).,2099,
221,1.0,4.0,185).,2099,
222,2.0,4.0,195).,2138,
223,3.0,4.0,198).,2099,
224,4.0,4.0,199).,2138,
249,0.0,5.0,206).,2198,
250,3.0,5.0,238).,2198,
251,2.0,5.0,231).,2198,
252,4.0,5.0,239).,2198,
253,1.0,5.0,220).,2272,
278,0.0,6.0,247).,2087,
279,3.0,6.0,278).,2087,
280,2.0,6.0,273).,2087,
281,4.0,6.0,279).,2087,
282,1.0,6.0,261).,2087,
322,0.0,7.0,285).,2667,
323,3.0,7.0,318).,2667,
324,4.0,7.0,319).,2667,
325,1.0,7.0,299).,2667,
326,2.0,7.0,312).,2667,
351,0.0,8.0,321).,2141,
352,2.0,8.0,349).,2141,
353,4.0,8.0,359).,2141,
354,3.0,8.0,358).,2141,
355,1.0,8.0,335).,2111,
380,0.0,9.0,360).,2239,
381,2.0,9.0,388).,2239,
382,3.0,9.0,398).,2239,
383,1.0,9.0,374).,2298,
384,4.0,9.0,399).,2239,
409,3.0,10.0,438).,2087,
410,0.0,10.0,402).,2087,
411,4.0,10.0,439).,2087,
412,2.0,10.0,430).,2087,
413,1.0,10.0,416).,2087,
451,4.0,11.0,479).,2667,
454,0.0,11.0,450).,2667,
455,3.0,11.0,478).,2667,
456,2.0,11.0,475).,2667,
457,1.0,11.0,464).,2667,
482,0.0,12.0,480).,2155,
483,3.0,12.0,518).,2155,
484,4.0,12.0,519).,2155,
485,1.0,12.0,494).,2105,
486,2.0,12.0,508).,2155,
511,0.0,13.0,528).,2256,
512,4.0,13.0,559).,2241,
513,2.0,13.0,553).,2241,
514,1.0,13.0,542).,2241,
515,3.0,13.0,558).,2257,
540,3.0,14.0,598).,2087,
541,2.0,14.0,590).,2087,
542,0.0,14.0,562).,2087,
543,4.0,14.0,599).,2087,
544,1.0,14.0,576).,2087,
583,1.0,15.0,626).,2667,
585,3.0,15.0,638).,2667,
586,4.0,15.0,639).,2667,
587,2.0,15.0,636).,2667,
588,0.0,15.0,612).,2667,
613,2.0,16.0,671).,2163,
614,3.0,16.0,678).,2151,
615,4.0,16.0,679).,2163,
616,0.0,16.0,643).,2151,
617,1.0,16.0,657).,2163,
642,4.0,17.0,719).,2156,
643,0.0,17.0,692).,2156,
644,2.0,17.0,716).,2156,
645,3.0,17.0,718).,2156,
646,1.0,17.0,706).,2156,
670,4.0,18.0,759).,2087,
671,0.0,18.0,722).,2087,
672,3.0,18.0,758).,2087,
673,1.0,18.0,736).,2087,
675,2.0,18.0,750).,2087,
711,0.0,19.0,762).,2667,
714,3.0,19.0,798).,2667,
715,4.0,19.0,799).,2667,
718,1.0,19.0,776).,2667,
719,2.0,19.0,789).,2667,
744,4.0,20.0,839).,2076,
745,3.0,20.0,838).,2076,
746,0.0,20.0,807).,2076,
747,1.0,20.0,821).,2076,
748,2.0,20.0,833).,2076,
772,0.0,21.0,853).,2348,
774,1.0,21.0,867).,2333,
775,3.0,21.0,878).,2333,
776,4.0,21.0,879).,2333,
777,2.0,21.0,877).,2333,
815,0.0,22.0,886).,2667,
818,1.0,22.0,900).,2667,
819,2.0,22.0,912).,2667,
820,4.0,22.0,919).,2667,
821,3.0,22.0,918).,2667,
846,0.0,23.0,926).,2211,
847,2.0,23.0,951).,2223,
848,3.0,23.0,958).,2223,
849,4.0,23.0,959).,2223,
850,1.0,23.0,940).,2223,
890,3.0,24.0,1012).,2364,
891,4.0,24.0,1026).,2364,
892,1.0,24.0,984).,2364,
893,2.0,24.0,998).,2364,
894,0.0,24.0,970).,2364,
930,44.0,24.0,1129).,2364,
931,43.0,24.0,1128).,2364,
932,40.0,24.0,1125).,2364,
933,42.0,24.0,1127).,2364,
934,41.0,24.0,1126).,2364,
970,83.0,24.0,1138).,2364,
971,84.0,24.0,1141).,2364,
972,80.0,24.0,1135).,2364,
973,82.0,24.0,1137).,2364,
974,81.0,24.0,1136).,2364,
994,124.0,24.0,1151).,2364,
1013,120.0,24.0,1145).,2364,
1014,121.0,24.0,1146).,2364,
1015,122.0,24.0,1147).,2364,
1016,123.0,24.0,1150).,2364,
1034,160.0,24.0,1155).,2364,
1043,163.0,24.0,1158).,2364,
1044,164.0,24.0,1159).,2364,
1053,162.0,24.0,1157).,2364,
1054,161.0,24.0,1156).,2364,
1086,4.0,25.0,1199).,2364,
1095,3.0,25.0,1198).,2364,
1096,0.0,25.0,1166).,2364,
1097,2.0,25.0,1194).,2364,
1098,1.0,25.0,1180).,2364,
1138,0.0,26.0,1200).,2703,
1147,4.0,26.0,1204).,2703,
1148,2.0,26.0,1202).,2703,
1149,1.0,26.0,1201).,2703,
1150,3.0,26.0,1203).,2703,
1178,5.0,26.0,1205).,2705,
1186,6.0,26.0,1206).,2697,
1187,9.0,26.0,1209).,2703,
1188,8.0,26.0,1208).,2703,
1194,7.0,26.0,1207).,2699,
1218,10.0,26.0,1210).,2703,
1225,11.0,26.0,1211).,2703,
1226,13.0,26.0,1213).,2703,
1235,12.0,26.0,1212).,2703,
1236,14.0,26.0,1214).,2703,
1258,15.0,26.0,1215).,2705,
1265,16.0,26.0,1216).,2701,
1266,17.0,26.0,1217).,2701,
1277,18.0,26.0,1218).,2703,
1278,19.0,26.0,1219).,2705,
1298,20.0,26.0,1220).,2703,
1305,22.0,26.0,1222).,2703,
1306,21.0,26.0,1221).,2705,
1317,23.0,26.0,1223).,2703,
1318,24.0,26.0,1224).,2703,
1337,25.0,26.0,1225).,2705,
1345,26.0,26.0,1226).,2705,
1346,27.0,26.0,1227).,2701,
1357,28.0,26.0,1228).,2705,
1358,29.0,26.0,1229).,2705,
1374,30.0,26.0,1230).,2703,
1385,32.0,26.0,1232).,2703,
1386,31.0,26.0,1231).,2703,
1397,34.0,26.0,1234).,2703,
1398,33.0,26.0,1233).,2703,
1414,35.0,26.0,1235).,2705,
1421,36.0,26.0,1236).,2705,
1422,37.0,26.0,1237).,2705,
1425,38.0,26.0,1238).,2703,
1426,39.0,26.0,1239).,2703,
1448,0.0,27.0,1240).,2474,
1451,4.0,27.0,1244).,2685,
1453,2.0,27.0,1242).,2523,
1456,3.0,27.0,1243).,2651,
1458,1.0,27.0,1241).,2428,
1472,5.0,27.0,1245).,2721,
1479,8.0,27.0,1248).,2263,
1480,6.0,27.0,1246).,2220,
1481,7.0,27.0,1247).,2171,
1483,9.0,27.0,1249).,2427,
1497,10.0,27.0,1250).,2667,
1503,11.0,27.0,1251).,2402,
1504,12.0,27.0,1252).,2486,
1507,14.0,27.0,1254).,2404,
1511,13.0,27.0,1253).,2522,
1522,15.0,27.0,1255).,2523,
1526,16.0,27.0,1256).,2171,
1532,19.0,27.0,1259).,2517,
1533,17.0,27.0,1257).,2128,
1535,18.0,27.0,1258).,2349,
1547,20.0,27.0,1260).,2355,
1551,21.0,27.0,1261).,2486,
1558,22.0,27.0,1262).,2171,
1559,24.0,27.0,1264).,2592,
1560,23.0,27.0,1263).,2385,
1575,27.0,27.0,1267).,2182,
1576,28.0,27.0,1268).,2349,
1577,26.0,27.0,1266).,2267,
1578,25.0,27.0,1265).,2355,
1592,29.0,27.0,1269).,2349,
1597,31.0,27.0,1271).,2128,
1601,32.0,27.0,1272).,2801,
1602,33.0,27.0,1273).,2592,
1605,30.0,27.0,1270).,2859,
1617,34.0,27.0,1274).,2128,
1623,35.0,27.0,1275).,2430,
1625,38.0,27.0,1278).,2882,
1627,37.0,27.0,1277).,2349,
1628,36.0,27.0,1276).,2673,
1630,39.0,27.0,1279).,2267,
1653,4.0,28.0,1284).,2087,
1655,2.0,28.0,1282).,2087,
1656,3.0,28.0,1283).,2087,
1660,0.0,28.0,1280).,2087,
1664,1.0,28.0,1281).,2087,
1677,6.0,28.0,1286).,2087,
1679,5.0,28.0,1285).,2087,
1682,7.0,28.0,1287).,2087,
1688,9.0,28.0,1289).,2087,
1689,8.0,28.0,1288).,2087,
1703,10.0,28.0,1290).,2087,
1704,12.0,28.0,1292).,2087,
1707,11.0,28.0,1291).,2087,
1715,14.0,28.0,1294).,2087,
1716,13.0,28.0,1293).,2087,
1728,15.0,28.0,1295).,2087,
1729,16.0,28.0,1296).,2087,
1730,17.0,28.0,1297).,2087,
1740,18.0,28.0,1298).,2087,
1741,19.0,28.0,1299).,2087,
1752,20.0,28.0,1300).,2087,
1753,21.0,28.0,1301).,2087,
1758,22.0,28.0,1302).,2087,
1764,24.0,28.0,1304).,2087,
1767,23.0,28.0,1303).,2087,
1777,25.0,28.0,1305).,2087,
1778,26.0,28.0,1306).,2087,
1785,27.0,28.0,1307).,2087,
1787,28.0,28.0,1308).,2087,
1794,29.0,28.0,1309).,2087,
1802,30.0,28.0,1310).,2087,
1803,31.0,28.0,1311).,2087,
1809,32.0,28.0,1312).,2087,
1812,33.0,28.0,1313).,2087,
1818,34.0,28.0,1314).,2087,
1827,35.0,28.0,1315).,2087,
1828,36.0,28.0,1316).,2087,
1830,37.0,28.0,1317).,2087,
1833,38.0,28.0,1318).,2087,
1834,39.0,28.0,1319).,2087,
1858,3.0,29.0,1323).,2128,
1860,4.0,29.0,1324).,2128,
1861,0.0,29.0,1320).,2128,
1862,2.0,29.0,1322).,2128,
1863,1.0,29.0,1321).,2171,
1884,7.0,29.0,1327).,2171,
1885,5.0,29.0,1325).,2171,
1886,8.0,29.0,1328).,2128,
1887,9.0,29.0,1329).,2128,
1888,6.0,29.0,1326).,2171,
1906,11.0,29.0,1331).,2128,
1909,10.0,29.0,1330).,2128,
1914,14.0,29.0,1334).,2128,
1915,12.0,29.0,1332).,2128,
1917,13.0,29.0,1333).,2171,
1933,15.0,29.0,1335).,2171,
1934,16.0,29.0,1336).,2171,
1935,18.0,29.0,1338).,2128,
1937,17.0,29.0,1337).,2128,
1942,19.0,29.0,1339).,2128,
1957,21.0,29.0,1341).,2128,
1959,22.0,29.0,1342).,2171,
1960,23.0,29.0,1343).,2171,
1964,20.0,29.0,1340).,2128,
1965,24.0,29.0,1344).,2128,
1983,25.0,29.0,1345).,2128,
1984,28.0,29.0,1348).,2128,
1985,27.0,29.0,1347).,2128,
1986,26.0,29.0,1346).,2128,
1997,29.0,29.0,1349).,2128,
