s1, 1, <*> ok <*>
s2, 2, mod_jk child workerEnv in error state <*>
s3, 3, jk2_init() Found child <*> in scoreboard slot <*>
s3, 4, jk2_init() Found child <*> in scoreboard slot <*>
s3, 5, jk2_init() Found child <*> in scoreboard slot <*>
s1, 6, <*> ok <*>
s1, 7, <*> ok <*>
s1, 8, <*> ok <*>
s2, 9, mod_jk child workerEnv in error state <*>
s2, 10, mod_jk child workerEnv in error state <*>
s2, 11, mod_jk child workerEnv in error state <*>
s3, 12, jk2_init() Found child <*> in scoreboard slot <*>
s3, 13, jk2_init() Found child <*> in scoreboard slot <*>
s3, 14, jk2_init() Found child <*> in scoreboard slot <*>
s1, 15, <*> ok <*>
s1, 16, <*> ok <*>
s2, 17, mod_jk child workerEnv in error state <*>
s3, 18, jk2_init() Found child <*> in scoreboard slot <*>
s3, 19, jk2_init() Found child <*> in scoreboard slot <*>
s3, 20, jk2_init() Found child <*> in scoreboard slot <*>
s3, 21, jk2_init() Found child <*> in scoreboard slot <*>
s1, 22, <*> ok <*>
s1, 23, <*> ok <*>
s1, 24, <*> ok <*>
s2, 25, mod_jk child workerEnv in error state <*>
s2, 26, mod_jk child workerEnv in error state <*>
s2, 27, mod_jk child workerEnv in error state <*>
s3, 28, jk2_init() Found child <*> in scoreboard slot <*>
s3, 29, jk2_init() Found child <*> in scoreboard slot <*>
s3, 30, jk2_init() Found child <*> in scoreboard slot <*>
s1, 31, <*> ok <*>
s1, 32, <*> ok <*>
s2, 33, mod_jk child workerEnv in error state <*>
s2, 34, mod_jk child workerEnv in error state <*>
s3, 35, jk2_init() Found child <*> in scoreboard slot <*>
s3, 36, jk2_init() Found child <*> in scoreboard slot <*>
s3, 37, jk2_init() Found child <*> in scoreboard slot <*>
s1, 38, <*> ok <*>
s1, 39, <*> ok <*>
s2, 40, mod_jk child workerEnv in error state <*>
s2, 41, mod_jk child workerEnv in error state <*>
s3, 42, jk2_init() Found child <*> in scoreboard slot <*>
s3, 43, jk2_init() Found child <*> in scoreboard slot <*>
s3, 44, jk2_init() Found child <*> in scoreboard slot <*>
s1, 45, <*> ok <*>
s2, 46, mod_jk child workerEnv in error state <*>
s3, 47, jk2_init() Found child <*> in scoreboard slot <*>
s3, 48, jk2_init() Found child <*> in scoreboard slot <*>
s3, 49, jk2_init() Found child <*> in scoreboard slot <*>
s3, 50, jk2_init() Found child <*> in scoreboard slot <*>
s1, 51, <*> ok <*>
s1, 52, <*> ok <*>
s1, 53, <*> ok <*>
s1, 54, <*> ok <*>
s2, 55, mod_jk child workerEnv in error state <*>
s2, 56, mod_jk child workerEnv in error state <*>
s2, 57, mod_jk child workerEnv in error state <*>
s2, 58, mod_jk child workerEnv in error state <*>
s3, 59, jk2_init() Found child <*> in scoreboard slot <*>
s1, 60, <*> ok <*>
s2, 61, mod_jk child workerEnv in error state <*>
s3, 62, jk2_init() Found child <*> in scoreboard slot <*>
s3, 63, jk2_init() Found child <*> in scoreboard slot <*>
s1, 64, <*> ok <*>
s1, 65, <*> ok <*>
s2, 66, mod_jk child workerEnv in error state <*>
s2, 67, mod_jk child workerEnv in error state <*>
s3, 68, jk2_init() Found child <*> in scoreboard slot <*>
s3, 69, jk2_init() Found child <*> in scoreboard slot <*>
s1, 70, <*> ok <*>
s1, 71, <*> ok <*>
s2, 72, mod_jk child workerEnv in error state <*>
s2, 73, mod_jk child workerEnv in error state <*>
s3, 74, jk2_init() Found child <*> in scoreboard slot <*>
s1, 75, <*> ok <*>
s2, 76, mod_jk child workerEnv in error state <*>
s3, 77, jk2_init() Found child <*> in scoreboard slot <*>
s1, 78, <*> ok <*>
s2, 79, mod_jk child workerEnv in error state <*>
s3, 80, jk2_init() Found child <*> in scoreboard slot <*>
s3, 81, jk2_init() Found child <*> in scoreboard slot <*>
s1, 82, <*> ok <*>
s1, 83, <*> ok <*>
s2, 84, mod_jk child workerEnv in error state <*>
s2, 85, mod_jk child workerEnv in error state <*>
s3, 86, jk2_init() Found child <*> in scoreboard slot <*>
s1, 87, <*> ok <*>
s2, 88, mod_jk child workerEnv in error state <*>
s3, 89, jk2_init() Found child <*> in scoreboard slot <*>
s3, 90, jk2_init() Found child <*> in scoreboard slot <*>
s1, 91, <*> ok <*>
s2, 92, mod_jk child workerEnv in error state <*>
s1, 93, <*> ok <*>
s2, 94, mod_jk child workerEnv in error state <*>
s3, 95, jk2_init() Found child <*> in scoreboard slot <*>
s3, 96, jk2_init() Found child <*> in scoreboard slot <*>
s3, 97, jk2_init() Found child <*> in scoreboard slot <*>
s3, 98, jk2_init() Found child <*> in scoreboard slot <*>
s3, 99, jk2_init() Found child <*> in scoreboard slot <*>
s3, 100, jk2_init() Found child <*> in scoreboard slot <*>
s3, 101, jk2_init() Found child <*> in scoreboard slot <*>
s3, 102, jk2_init() Found child <*> in scoreboard slot <*>
s3, 103, jk2_init() Found child <*> in scoreboard slot <*>
s3, 104, jk2_init() Found child <*> in scoreboard slot <*>
s3, 105, jk2_init() Found child <*> in scoreboard slot <*>
s1, 106, <*> ok <*>
s2, 107, mod_jk child workerEnv in error state <*>
s1, 108, <*> ok <*>
s2, 109, mod_jk child workerEnv in error state <*>
s1, 110, <*> ok <*>
s2, 111, mod_jk child workerEnv in error state <*>
s1, 112, <*> ok <*>
s2, 113, mod_jk child workerEnv in error state <*>
s1, 114, <*> ok <*>
s2, 115, mod_jk child workerEnv in error state <*>
s1, 116, <*> ok <*>
s2, 117, mod_jk child workerEnv in error state <*>
s1, 118, <*> ok <*>
s2, 119, mod_jk child workerEnv in error state <*>
s3, 120, jk2_init() Found child <*> in scoreboard slot <*>
s1, 121, <*> ok <*>
s2, 122, mod_jk child workerEnv in error state <*>
s3, 123, jk2_init() Found child <*> in scoreboard slot <*>
s3, 124, jk2_init() Found child <*> in scoreboard slot <*>
s1, 125, <*> ok <*>
s2, 126, mod_jk child workerEnv in error state <*>
s1, 127, <*> ok <*>
s2, 128, mod_jk child workerEnv in error state <*>
s3, 129, jk2_init() Found child <*> in scoreboard slot <*>
s1, 130, <*> ok <*>
s2, 131, mod_jk child workerEnv in error state <*>
s4, 132, [client <*> Directory index forbidden by rule: <*>
s3, 133, jk2_init() Found child <*> in scoreboard slot <*>
s1, 134, <*> ok <*>
s2, 135, mod_jk child workerEnv in error state <*>
s3, 136, jk2_init() Found child <*> in scoreboard slot <*>
s3, 137, jk2_init() Found child <*> in scoreboard slot <*>
s1, 138, <*> ok <*>
s1, 139, <*> ok <*>
s2, 140, mod_jk child workerEnv in error state <*>
s3, 141, jk2_init() Found child <*> in scoreboard slot <*>
s3, 142, jk2_init() Found child <*> in scoreboard slot <*>
s3, 143, jk2_init() Found child <*> in scoreboard slot <*>
s1, 144, <*> ok <*>
s2, 145, mod_jk child workerEnv in error state <*>
s3, 146, jk2_init() Found child <*> in scoreboard slot <*>
s3, 147, jk2_init() Found child <*> in scoreboard slot <*>
s3, 148, jk2_init() Found child <*> in scoreboard slot <*>
s3, 149, jk2_init() Found child <*> in scoreboard slot <*>
s1, 150, <*> ok <*>
s2, 151, mod_jk child workerEnv in error state <*>
s1, 152, <*> ok <*>
s2, 153, mod_jk child workerEnv in error state <*>
s1, 154, <*> ok <*>
s2, 155, mod_jk child workerEnv in error state <*>
s1, 156, <*> ok <*>
s2, 157, mod_jk child workerEnv in error state <*>
s3, 158, jk2_init() Found child <*> in scoreboard slot <*>
s3, 159, jk2_init() Found child <*> in scoreboard slot <*>
s3, 160, jk2_init() Found child <*> in scoreboard slot <*>
s1, 161, <*> ok <*>
s1, 162, <*> ok <*>
s2, 163, mod_jk child workerEnv in error state <*>
s2, 164, mod_jk child workerEnv in error state <*>
s3, 165, jk2_init() Found child <*> in scoreboard slot <*>
s3, 166, jk2_init() Found child <*> in scoreboard slot <*>
s3, 167, jk2_init() Found child <*> in scoreboard slot <*>
s3, 168, jk2_init() Found child <*> in scoreboard slot <*>
s1, 169, <*> ok <*>
s2, 170, mod_jk child workerEnv in error state <*>
s1, 171, <*> ok <*>
s2, 172, mod_jk child workerEnv in error state <*>
s1, 173, <*> ok <*>
s2, 174, mod_jk child workerEnv in error state <*>
s1, 175, <*> ok <*>
s2, 176, mod_jk child workerEnv in error state <*>
s3, 177, jk2_init() Found child <*> in scoreboard slot <*>
s3, 178, jk2_init() Found child <*> in scoreboard slot <*>
s3, 179, jk2_init() Found child <*> in scoreboard slot <*>
s3, 180, jk2_init() Found child <*> in scoreboard slot <*>
s3, 181, jk2_init() Found child <*> in scoreboard slot <*>
s3, 182, jk2_init() Found child <*> in scoreboard slot <*>
s3, 183, jk2_init() Found child <*> in scoreboard slot <*>
s3, 184, jk2_init() Found child <*> in scoreboard slot <*>
s1, 185, <*> ok <*>
s1, 186, <*> ok <*>
s1, 187, <*> ok <*>
s1, 188, <*> ok <*>
s1, 189, <*> ok <*>
s2, 190, mod_jk child workerEnv in error state <*>
s2, 191, mod_jk child workerEnv in error state <*>
s2, 192, mod_jk child workerEnv in error state <*>
s2, 193, mod_jk child workerEnv in error state <*>
s2, 194, mod_jk child workerEnv in error state <*>
s3, 195, jk2_init() Found child <*> in scoreboard slot <*>
s1, 196, <*> ok <*>
s2, 197, mod_jk child workerEnv in error state <*>
s3, 198, jk2_init() Found child <*> in scoreboard slot <*>
s3, 199, jk2_init() Found child <*> in scoreboard slot <*>
s3, 200, jk2_init() Found child <*> in scoreboard slot <*>
s1, 201, <*> ok <*>
s1, 202, <*> ok <*>
s2, 203, mod_jk child workerEnv in error state <*>
s2, 204, mod_jk child workerEnv in error state <*>
s3, 205, jk2_init() Found child <*> in scoreboard slot <*>
s1, 206, <*> ok <*>
s2, 207, mod_jk child workerEnv in error state <*>
s1, 208, <*> ok <*>
s2, 209, mod_jk child workerEnv in error state <*>
s3, 210, jk2_init() Found child <*> in scoreboard slot <*>
s3, 211, jk2_init() Found child <*> in scoreboard slot <*>
s1, 212, <*> ok <*>
s1, 213, <*> ok <*>
s2, 214, mod_jk child workerEnv in error state <*>
s3, 215, jk2_init() Found child <*> in scoreboard slot <*>
s1, 216, <*> ok <*>
s2, 217, mod_jk child workerEnv in error state <*>
s3, 218, jk2_init() Found child <*> in scoreboard slot <*>
s3, 219, jk2_init() Found child <*> in scoreboard slot <*>
s3, 220, jk2_init() Found child <*> in scoreboard slot <*>
s1, 221, <*> ok <*>
s1, 222, <*> ok <*>
s2, 223, mod_jk child workerEnv in error state <*>
s2, 224, mod_jk child workerEnv in error state <*>
s3, 225, jk2_init() Found child <*> in scoreboard slot <*>
s3, 226, jk2_init() Found child <*> in scoreboard slot <*>
s3, 227, jk2_init() Found child <*> in scoreboard slot <*>
s1, 228, <*> ok <*>
s1, 229, <*> ok <*>
s2, 230, mod_jk child workerEnv in error state <*>
s2, 231, mod_jk child workerEnv in error state <*>
s3, 232, jk2_init() Found child <*> in scoreboard slot <*>
s1, 233, <*> ok <*>
s2, 234, mod_jk child workerEnv in error state <*>
s3, 235, jk2_init() Found child <*> in scoreboard slot <*>
s3, 236, jk2_init() Found child <*> in scoreboard slot <*>
s3, 237, jk2_init() Found child <*> in scoreboard slot <*>
s1, 238, <*> ok <*>
s1, 239, <*> ok <*>
s2, 240, mod_jk child workerEnv in error state <*>
s2, 241, mod_jk child workerEnv in error state <*>
s3, 242, jk2_init() Found child <*> in scoreboard slot <*>
s1, 243, <*> ok <*>
s3, 244, jk2_init() Found child <*> in scoreboard slot <*>
s2, 245, mod_jk child workerEnv in error state <*>
s3, 246, jk2_init() Found child <*> in scoreboard slot <*>
s3, 247, jk2_init() Found child <*> in scoreboard slot <*>
s1, 248, <*> ok <*>
s1, 249, <*> ok <*>
s2, 250, mod_jk child workerEnv in error state <*>
s2, 251, mod_jk child workerEnv in error state <*>
s3, 252, jk2_init() Found child <*> in scoreboard slot <*>
s3, 253, jk2_init() Found child <*> in scoreboard slot <*>
s3, 254, jk2_init() Found child <*> in scoreboard slot <*>
s3, 255, jk2_init() Found child <*> in scoreboard slot <*>
s3, 256, jk2_init() Found child <*> in scoreboard slot <*>
s3, 257, jk2_init() Found child <*> in scoreboard slot <*>
s3, 258, jk2_init() Found child <*> in scoreboard slot <*>
s3, 259, jk2_init() Found child <*> in scoreboard slot <*>
s1, 260, <*> ok <*>
s1, 261, <*> ok <*>
s1, 262, <*> ok <*>
s2, 263, mod_jk child workerEnv in error state <*>
s2, 264, mod_jk child workerEnv in error state <*>
s2, 265, mod_jk child workerEnv in error state <*>
s3, 266, jk2_init() Found child <*> in scoreboard slot <*>
s3, 267, jk2_init() Found child <*> in scoreboard slot <*>
s3, 268, jk2_init() Found child <*> in scoreboard slot <*>
s3, 269, jk2_init() Found child <*> in scoreboard slot <*>
s3, 270, jk2_init() Found child <*> in scoreboard slot <*>
s3, 271, jk2_init() Found child <*> in scoreboard slot <*>
s1, 272, <*> ok <*>
s1, 273, <*> ok <*>
s1, 274, <*> ok <*>
s1, 275, <*> ok <*>
s1, 276, <*> ok <*>
s2, 277, mod_jk child workerEnv in error state <*>
s2, 278, mod_jk child workerEnv in error state <*>
s2, 279, mod_jk child workerEnv in error state <*>
s2, 280, mod_jk child workerEnv in error state <*>
s2, 281, mod_jk child workerEnv in error state <*>
s3, 282, jk2_init() Found child <*> in scoreboard slot <*>
s1, 283, <*> ok <*>
s2, 284, mod_jk child workerEnv in error state <*>
s3, 285, jk2_init() Found child <*> in scoreboard slot <*>
s1, 286, <*> ok <*>
s2, 287, mod_jk child workerEnv in error state <*>
s3, 288, jk2_init() Found child <*> in scoreboard slot <*>
s3, 289, jk2_init() Found child <*> in scoreboard slot <*>
s1, 290, <*> ok <*>
s2, 291, mod_jk child workerEnv in error state <*>
s1, 292, <*> ok <*>
s2, 293, mod_jk child workerEnv in error state <*>
s3, 294, jk2_init() Found child <*> in scoreboard slot <*>
s3, 295, jk2_init() Found child <*> in scoreboard slot <*>
s3, 296, jk2_init() Found child <*> in scoreboard slot <*>
s1, 297, <*> ok <*>
s1, 298, <*> ok <*>
s1, 299, <*> ok <*>
s2, 300, mod_jk child workerEnv in error state <*>
s2, 301, mod_jk child workerEnv in error state <*>
s2, 302, mod_jk child workerEnv in error state <*>
s3, 303, jk2_init() Found child <*> in scoreboard slot <*>
s3, 304, jk2_init() Found child <*> in scoreboard slot <*>
s1, 305, <*> ok <*>
s1, 306, <*> ok <*>
s2, 307, mod_jk child workerEnv in error state <*>
s2, 308, mod_jk child workerEnv in error state <*>
s3, 309, jk2_init() Found child <*> in scoreboard slot <*>
s3, 310, jk2_init() Found child <*> in scoreboard slot <*>
s1, 311, <*> ok <*>
s3, 312, jk2_init() Found child <*> in scoreboard slot <*>
s1, 313, <*> ok <*>
s3, 314, jk2_init() Found child <*> in scoreboard slot <*>
s2, 315, mod_jk child workerEnv in error state <*>
s2, 316, mod_jk child workerEnv in error state <*>
s1, 317, <*> ok <*>
s1, 318, <*> ok <*>
s2, 319, mod_jk child workerEnv in error state <*>
s2, 320, mod_jk child workerEnv in error state <*>
s3, 321, jk2_init() Found child <*> in scoreboard slot <*>
s3, 322, jk2_init() Found child <*> in scoreboard slot <*>
s3, 323, jk2_init() Found child <*> in scoreboard slot <*>
s1, 324, <*> ok <*>
s1, 325, <*> ok <*>
s1, 326, <*> ok <*>
s2, 327, mod_jk child workerEnv in error state <*>
s2, 328, mod_jk child workerEnv in error state <*>
s3, 329, jk2_init() Found child <*> in scoreboard slot <*>
s3, 330, jk2_init() Found child <*> in scoreboard slot <*>
s3, 331, jk2_init() Found child <*> in scoreboard slot <*>
s3, 332, jk2_init() Found child <*> in scoreboard slot <*>
s3, 333, jk2_init() Found child <*> in scoreboard slot <*>
s3, 334, jk2_init() Found child <*> in scoreboard slot <*>
s3, 335, jk2_init() Found child <*> in scoreboard slot <*>
s3, 336, jk2_init() Found child <*> in scoreboard slot <*>
s3, 337, jk2_init() Found child <*> in scoreboard slot <*>
s3, 338, jk2_init() Found child <*> in scoreboard slot <*>
s3, 339, jk2_init() Found child <*> in scoreboard slot <*>
s1, 340, <*> ok <*>
s1, 341, <*> ok <*>
s2, 342, mod_jk child workerEnv in error state <*>
s3, 343, jk2_init() Found child <*> in scoreboard slot <*>
s3, 344, jk2_init() Found child <*> in scoreboard slot <*>
s3, 345, jk2_init() Found child <*> in scoreboard slot <*>
s3, 346, jk2_init() Found child <*> in scoreboard slot <*>
s1, 347, <*> ok <*>
s1, 348, <*> ok <*>
s2, 349, mod_jk child workerEnv in error state <*>
s2, 350, mod_jk child workerEnv in error state <*>
s3, 351, jk2_init() Found child <*> in scoreboard slot <*>
s3, 352, jk2_init() Found child <*> in scoreboard slot <*>
s3, 353, jk2_init() Found child <*> in scoreboard slot <*>
s1, 354, <*> ok <*>
s2, 355, mod_jk child workerEnv in error state <*>
s1, 356, <*> ok <*>
s2, 357, mod_jk child workerEnv in error state <*>
s1, 358, <*> ok <*>
s2, 359, mod_jk child workerEnv in error state <*>
s3, 360, jk2_init() Found child <*> in scoreboard slot <*>
s3, 361, jk2_init() Found child <*> in scoreboard slot <*>
s3, 362, jk2_init() Found child <*> in scoreboard slot <*>
s3, 363, jk2_init() Found child <*> in scoreboard slot <*>
s1, 364, <*> ok <*>
s1, 365, <*> ok <*>
s1, 366, <*> ok <*>
s2, 367, mod_jk child workerEnv in error state <*>
s3, 368, jk2_init() Found child <*> in scoreboard slot <*>
s3, 369, jk2_init() Found child <*> in scoreboard slot <*>
s3, 370, jk2_init() Found child <*> in scoreboard slot <*>
s3, 371, jk2_init() Found child <*> in scoreboard slot <*>
s3, 372, jk2_init() Found child <*> in scoreboard slot <*>
s3, 373, jk2_init() Found child <*> in scoreboard slot <*>
s3, 374, jk2_init() Found child <*> in scoreboard slot <*>
s1, 375, <*> ok <*>
s2, 376, mod_jk child workerEnv in error state <*>
s3, 377, jk2_init() Found child <*> in scoreboard slot <*>
s3, 378, jk2_init() Found child <*> in scoreboard slot <*>
s3, 379, jk2_init() Found child <*> in scoreboard slot <*>
s3, 380, jk2_init() Found child <*> in scoreboard slot <*>
s3, 381, jk2_init() Found child <*> in scoreboard slot <*>
s3, 382, jk2_init() Found child <*> in scoreboard slot <*>
s1, 383, <*> ok <*>
s2, 384, mod_jk child workerEnv in error state <*>
s1, 385, <*> ok <*>
s2, 386, mod_jk child workerEnv in error state <*>
s1, 387, <*> ok <*>
s2, 388, mod_jk child workerEnv in error state <*>
s1, 389, <*> ok <*>
s2, 390, mod_jk child workerEnv in error state <*>
s3, 391, jk2_init() Found child <*> in scoreboard slot <*>
s1, 392, <*> ok <*>
s2, 393, mod_jk child workerEnv in error state <*>
s3, 394, jk2_init() Found child <*> in scoreboard slot <*>
s3, 395, jk2_init() Found child <*> in scoreboard slot <*>
s1, 396, <*> ok <*>
s1, 397, <*> ok <*>
s2, 398, mod_jk child workerEnv in error state <*>
s2, 399, mod_jk child workerEnv in error state <*>
s3, 400, jk2_init() Found child <*> in scoreboard slot <*>
s3, 401, jk2_init() Found child <*> in scoreboard slot <*>
s1, 402, <*> ok <*>
s1, 403, <*> ok <*>
s2, 404, mod_jk child workerEnv in error state <*>
s2, 405, mod_jk child workerEnv in error state <*>
s3, 406, jk2_init() Found child <*> in scoreboard slot <*>
s3, 407, jk2_init() Found child <*> in scoreboard slot <*>
s3, 408, jk2_init() Found child <*> in scoreboard slot <*>
s1, 409, <*> ok <*>
s2, 410, mod_jk child workerEnv in error state <*>
s3, 411, jk2_init() Found child <*> in scoreboard slot <*>
s3, 412, jk2_init() Found child <*> in scoreboard slot <*>
s3, 413, jk2_init() Found child <*> in scoreboard slot <*>
s3, 414, jk2_init() Found child <*> in scoreboard slot <*>
s3, 415, jk2_init() Found child <*> in scoreboard slot <*>
s3, 416, jk2_init() Found child <*> in scoreboard slot <*>
s3, 417, jk2_init() Found child <*> in scoreboard slot <*>
s3, 418, jk2_init() Found child <*> in scoreboard slot <*>
s3, 419, jk2_init() Found child <*> in scoreboard slot <*>
s3, 420, jk2_init() Found child <*> in scoreboard slot <*>
s3, 421, jk2_init() Found child <*> in scoreboard slot <*>
s3, 422, jk2_init() Found child <*> in scoreboard slot <*>
s1, 423, <*> ok <*>
s1, 424, <*> ok <*>
s1, 425, <*> ok <*>
s2, 426, mod_jk child workerEnv in error state <*>
s2, 427, mod_jk child workerEnv in error state <*>
s2, 428, mod_jk child workerEnv in error state <*>
s3, 429, jk2_init() Found child <*> in scoreboard slot <*>
s3, 430, jk2_init() Found child <*> in scoreboard slot <*>
s3, 431, jk2_init() Found child <*> in scoreboard slot <*>
s3, 432, jk2_init() Found child <*> in scoreboard slot <*>
s1, 433, <*> ok <*>
s2, 434, mod_jk child workerEnv in error state <*>
s3, 435, jk2_init() Found child <*> in scoreboard slot <*>
s3, 436, jk2_init() Found child <*> in scoreboard slot <*>
s3, 437, jk2_init() Found child <*> in scoreboard slot <*>
s3, 438, jk2_init() Found child <*> in scoreboard slot <*>
s3, 439, jk2_init() Found child <*> in scoreboard slot <*>
s3, 440, jk2_init() Found child <*> in scoreboard slot <*>
s3, 441, jk2_init() Found child <*> in scoreboard slot <*>
s1, 442, <*> ok <*>
s1, 443, <*> ok <*>
s2, 444, mod_jk child workerEnv in error state <*>
s2, 445, mod_jk child workerEnv in error state <*>
s1, 446, <*> ok <*>
s2, 447, mod_jk child workerEnv in error state <*>
s1, 448, <*> ok <*>
s2, 449, mod_jk child workerEnv in error state <*>
s1, 450, <*> ok <*>
s2, 451, mod_jk child workerEnv in error state <*>
s3, 452, jk2_init() Found child <*> in scoreboard slot <*>
s3, 453, jk2_init() Found child <*> in scoreboard slot <*>
s3, 454, jk2_init() Found child <*> in scoreboard slot <*>
s3, 455, jk2_init() Found child <*> in scoreboard slot <*>
s1, 456, <*> ok <*>
s1, 457, <*> ok <*>
s2, 458, mod_jk child workerEnv in error state <*>
s2, 459, mod_jk child workerEnv in error state <*>
s1, 460, <*> ok <*>
s2, 461, mod_jk child workerEnv in error state <*>
s3, 462, jk2_init() Found child <*> in scoreboard slot <*>
s3, 463, jk2_init() Found child <*> in scoreboard slot <*>
s3, 464, jk2_init() Found child <*> in scoreboard slot <*>
s3, 465, jk2_init() Found child <*> in scoreboard slot <*>
s3, 466, jk2_init() Found child <*> in scoreboard slot <*>
s3, 467, jk2_init() Found child <*> in scoreboard slot <*>
s3, 468, jk2_init() Found child <*> in scoreboard slot <*>
s1, 469, <*> ok <*>
s2, 470, mod_jk child workerEnv in error state <*>
s1, 471, <*> ok <*>
s1, 472, <*> ok <*>
s2, 473, mod_jk child workerEnv in error state <*>
s2, 474, mod_jk child workerEnv in error state <*>
s3, 475, jk2_init() Found child <*> in scoreboard slot <*>
s3, 476, jk2_init() Found child <*> in scoreboard slot <*>
s3, 477, jk2_init() Found child <*> in scoreboard slot <*>
s3, 478, jk2_init() Found child <*> in scoreboard slot <*>
s3, 479, jk2_init() Found child <*> in scoreboard slot <*>
s3, 480, jk2_init() Found child <*> in scoreboard slot <*>
s3, 481, jk2_init() Found child <*> in scoreboard slot <*>
s3, 482, jk2_init() Found child <*> in scoreboard slot <*>
s3, 483, jk2_init() Found child <*> in scoreboard slot <*>
s3, 484, jk2_init() Found child <*> in scoreboard slot <*>
s3, 485, jk2_init() Found child <*> in scoreboard slot <*>
s3, 486, jk2_init() Found child <*> in scoreboard slot <*>
s1, 487, <*> ok <*>
s1, 488, <*> ok <*>
s1, 489, <*> ok <*>
s1, 490, <*> ok <*>
s1, 491, <*> ok <*>
s2, 492, mod_jk child workerEnv in error state <*>
s2, 493, mod_jk child workerEnv in error state <*>
s2, 494, mod_jk child workerEnv in error state <*>
s2, 495, mod_jk child workerEnv in error state <*>
s2, 496, mod_jk child workerEnv in error state <*>
s3, 497, jk2_init() Found child <*> in scoreboard slot <*>
s3, 498, jk2_init() Found child <*> in scoreboard slot <*>
s3, 499, jk2_init() Found child <*> in scoreboard slot <*>
s3, 500, jk2_init() Found child <*> in scoreboard slot <*>
s3, 501, jk2_init() Found child <*> in scoreboard slot <*>
s3, 502, jk2_init() Found child <*> in scoreboard slot <*>
s3, 503, jk2_init() Found child <*> in scoreboard slot <*>
s3, 504, jk2_init() Found child <*> in scoreboard slot <*>
s3, 505, jk2_init() Found child <*> in scoreboard slot <*>
s3, 506, jk2_init() Found child <*> in scoreboard slot <*>
s3, 507, jk2_init() Found child <*> in scoreboard slot <*>
s3, 508, jk2_init() Found child <*> in scoreboard slot <*>
s3, 509, jk2_init() Found child <*> in scoreboard slot <*>
s1, 510, <*> ok <*>
s1, 511, <*> ok <*>
s1, 512, <*> ok <*>
s2, 513, mod_jk child workerEnv in error state <*>
s2, 514, mod_jk child workerEnv in error state <*>
s2, 515, mod_jk child workerEnv in error state <*>
s3, 516, jk2_init() Found child <*> in scoreboard slot <*>
s3, 517, jk2_init() Found child <*> in scoreboard slot <*>
s3, 518, jk2_init() Found child <*> in scoreboard slot <*>
s1, 519, <*> ok <*>
s2, 520, mod_jk child workerEnv in error state <*>
s1, 521, <*> ok <*>
s2, 522, mod_jk child workerEnv in error state <*>
s1, 523, <*> ok <*>
s2, 524, mod_jk child workerEnv in error state <*>
s3, 525, jk2_init() Found child <*> in scoreboard slot <*>
s3, 526, jk2_init() Found child <*> in scoreboard slot <*>
s3, 527, jk2_init() Found child <*> in scoreboard slot <*>
s1, 528, <*> ok <*>
s2, 529, mod_jk child workerEnv in error state <*>
s1, 530, <*> ok <*>
s1, 531, <*> ok <*>
s2, 532, mod_jk child workerEnv in error state <*>
s2, 533, mod_jk child workerEnv in error state <*>
s3, 534, jk2_init() Found child <*> in scoreboard slot <*>
s1, 535, <*> ok <*>
s2, 536, mod_jk child workerEnv in error state <*>
s3, 537, jk2_init() Found child <*> in scoreboard slot <*>
s3, 538, jk2_init() Found child <*> in scoreboard slot <*>
s1, 539, <*> ok <*>
s1, 540, <*> ok <*>
s2, 541, mod_jk child workerEnv in error state <*>
s2, 542, mod_jk child workerEnv in error state <*>
s3, 543, jk2_init() Found child <*> in scoreboard slot <*>
s3, 544, jk2_init() Found child <*> in scoreboard slot <*>
s3, 545, jk2_init() Found child <*> in scoreboard slot <*>
s1, 546, <*> ok <*>
s1, 547, <*> ok <*>
s1, 548, <*> ok <*>
s2, 549, mod_jk child workerEnv in error state <*>
s2, 550, mod_jk child workerEnv in error state <*>
s3, 551, jk2_init() Found child <*> in scoreboard slot <*>
s3, 552, jk2_init() Found child <*> in scoreboard slot <*>
s3, 553, jk2_init() Found child <*> in scoreboard slot <*>
s1, 554, <*> ok <*>
s2, 555, mod_jk child workerEnv in error state <*>
s3, 556, jk2_init() Found child <*> in scoreboard slot <*>
s3, 557, jk2_init() Found child <*> in scoreboard slot <*>
s3, 558, jk2_init() Found child <*> in scoreboard slot <*>
s3, 559, jk2_init() Found child <*> in scoreboard slot <*>
s3, 560, jk2_init() Found child <*> in scoreboard slot <*>
s3, 561, jk2_init() Found child <*> in scoreboard slot <*>
s3, 562, jk2_init() Found child <*> in scoreboard slot <*>
s3, 563, jk2_init() Found child <*> in scoreboard slot <*>
s3, 564, jk2_init() Found child <*> in scoreboard slot <*>
s3, 565, jk2_init() Found child <*> in scoreboard slot <*>
s1, 566, <*> ok <*>
s2, 567, mod_jk child workerEnv in error state <*>
s1, 568, <*> ok <*>
s2, 569, mod_jk child workerEnv in error state <*>
s1, 570, <*> ok <*>
s2, 571, mod_jk child workerEnv in error state <*>
s1, 572, <*> ok <*>
s2, 573, mod_jk child workerEnv in error state <*>
s1, 574, <*> ok <*>
s2, 575, mod_jk child workerEnv in error state <*>
s1, 576, <*> ok <*>
s2, 577, mod_jk child workerEnv in error state <*>
s1, 578, <*> ok <*>
s2, 579, mod_jk child workerEnv in error state <*>
s4, 580, [client <*> Directory index forbidden by rule: <*>
s4, 581, [client <*> Directory index forbidden by rule: <*>
s4, 582, [client <*> Directory index forbidden by rule: <*>
s4, 583, [client <*> Directory index forbidden by rule: <*>
s4, 584, [client <*> Directory index forbidden by rule: <*>
s4, 585, [client <*> Directory index forbidden by rule: <*>
s4, 586, [client <*> Directory index forbidden by rule: <*>
s4, 587, [client <*> Directory index forbidden by rule: <*>
s4, 588, [client <*> Directory index forbidden by rule: <*>
s4, 589, [client <*> Directory index forbidden by rule: <*>
s4, 590, [client <*> Directory index forbidden by rule: <*>
s4, 591, [client <*> Directory index forbidden by rule: <*>
s3, 592, jk2_init() Found child <*> in scoreboard slot <*>
s4, 593, [client <*> Directory index forbidden by rule: <*>
s1, 594, <*> ok <*>
s2, 595, mod_jk child workerEnv in error state <*>
s3, 596, jk2_init() Found child <*> in scoreboard slot <*>
s3, 597, jk2_init() Found child <*> in scoreboard slot <*>
s1, 598, <*> ok <*>
s2, 599, mod_jk child workerEnv in error state <*>
s3, 600, jk2_init() Found child <*> in scoreboard slot <*>
s3, 601, jk2_init() Found child <*> in scoreboard slot <*>
s3, 602, jk2_init() Found child <*> in scoreboard slot <*>
s1, 603, <*> ok <*>
s2, 604, mod_jk child workerEnv in error state <*>
s1, 605, <*> ok <*>
s2, 606, mod_jk child workerEnv in error state <*>
s1, 607, <*> ok <*>
s2, 608, mod_jk child workerEnv in error state <*>
s3, 609, jk2_init() Found child <*> in scoreboard slot <*>
s1, 610, <*> ok <*>
s2, 611, mod_jk child workerEnv in error state <*>
s3, 612, jk2_init() Found child <*> in scoreboard slot <*>
s3, 613, jk2_init() Found child <*> in scoreboard slot <*>
s3, 614, jk2_init() Found child <*> in scoreboard slot <*>
s3, 615, jk2_init() Found child <*> in scoreboard slot <*>
s1, 616, <*> ok <*>
s1, 617, <*> ok <*>
s1, 618, <*> ok <*>
s1, 619, <*> ok <*>
s2, 620, mod_jk child workerEnv in error state <*>
s2, 621, mod_jk child workerEnv in error state <*>
s2, 622, mod_jk child workerEnv in error state <*>
s2, 623, mod_jk child workerEnv in error state <*>
s3, 624, jk2_init() Found child <*> in scoreboard slot <*>
s3, 625, jk2_init() Found child <*> in scoreboard slot <*>
s1, 626, <*> ok <*>
s2, 627, mod_jk child workerEnv in error state <*>
s3, 628, jk2_init() Found child <*> in scoreboard slot <*>
s3, 629, jk2_init() Found child <*> in scoreboard slot <*>
s3, 630, jk2_init() Found child <*> in scoreboard slot <*>
s3, 631, jk2_init() Found child <*> in scoreboard slot <*>
s3, 632, jk2_init() Found child <*> in scoreboard slot <*>
s3, 633, jk2_init() Found child <*> in scoreboard slot <*>
s3, 634, jk2_init() Found child <*> in scoreboard slot <*>
s1, 635, <*> ok <*>
s2, 636, mod_jk child workerEnv in error state <*>
s1, 637, <*> ok <*>
s2, 638, mod_jk child workerEnv in error state <*>
s1, 639, <*> ok <*>
s2, 640, mod_jk child workerEnv in error state <*>
s1, 641, <*> ok <*>
s2, 642, mod_jk child workerEnv in error state <*>
s1, 643, <*> ok <*>
s2, 644, mod_jk child workerEnv in error state <*>
s3, 645, jk2_init() Found child <*> in scoreboard slot <*>
s3, 646, jk2_init() Found child <*> in scoreboard slot <*>
s3, 647, jk2_init() Found child <*> in scoreboard slot <*>
s3, 648, jk2_init() Found child <*> in scoreboard slot <*>
s3, 649, jk2_init() Found child <*> in scoreboard slot <*>
s3, 650, jk2_init() Found child <*> in scoreboard slot <*>
s3, 651, jk2_init() Found child <*> in scoreboard slot <*>
s3, 652, jk2_init() Found child <*> in scoreboard slot <*>
s3, 653, jk2_init() Found child <*> in scoreboard slot <*>
s3, 654, jk2_init() Found child <*> in scoreboard slot <*>
s1, 655, <*> ok <*>
s1, 656, <*> ok <*>
s1, 657, <*> ok <*>
s1, 658, <*> ok <*>
s1, 659, <*> ok <*>
s2, 660, mod_jk child workerEnv in error state <*>
s2, 661, mod_jk child workerEnv in error state <*>
s2, 662, mod_jk child workerEnv in error state <*>
s2, 663, mod_jk child workerEnv in error state <*>
s2, 664, mod_jk child workerEnv in error state <*>
s3, 665, jk2_init() Found child <*> in scoreboard slot <*>
s3, 666, jk2_init() Found child <*> in scoreboard slot <*>
s3, 667, jk2_init() Found child <*> in scoreboard slot <*>
s3, 668, jk2_init() Found child <*> in scoreboard slot <*>
s3, 669, jk2_init() Found child <*> in scoreboard slot <*>
s3, 670, jk2_init() Found child <*> in scoreboard slot <*>
s1, 671, <*> ok <*>
s2, 672, mod_jk child workerEnv in error state <*>
s1, 673, <*> ok <*>
s2, 674, mod_jk child workerEnv in error state <*>
s1, 675, <*> ok <*>
s2, 676, mod_jk child workerEnv in error state <*>
s1, 677, <*> ok <*>
s2, 678, mod_jk child workerEnv in error state <*>
s1, 679, <*> ok <*>
s2, 680, mod_jk child workerEnv in error state <*>
s3, 681, jk2_init() Found child <*> in scoreboard slot <*>
s3, 682, jk2_init() Found child <*> in scoreboard slot <*>
s3, 683, jk2_init() Found child <*> in scoreboard slot <*>
s3, 684, jk2_init() Found child <*> in scoreboard slot <*>
s3, 685, jk2_init() Found child <*> in scoreboard slot <*>
s1, 686, <*> ok <*>
s2, 687, mod_jk child workerEnv in error state <*>
s1, 688, <*> ok <*>
s2, 689, mod_jk child workerEnv in error state <*>
s1, 690, <*> ok <*>
s2, 691, mod_jk child workerEnv in error state <*>
s1, 692, <*> ok <*>
s2, 693, mod_jk child workerEnv in error state <*>
s1, 694, <*> ok <*>
s2, 695, mod_jk child workerEnv in error state <*>
s3, 696, jk2_init() Found child <*> in scoreboard slot <*>
s3, 697, jk2_init() Found child <*> in scoreboard slot <*>
s3, 698, jk2_init() Found child <*> in scoreboard slot <*>
s1, 699, <*> ok <*>
s1, 700, <*> ok <*>
s1, 701, <*> ok <*>
s2, 702, mod_jk child workerEnv in error state <*>
s2, 703, mod_jk child workerEnv in error state <*>
s2, 704, mod_jk child workerEnv in error state <*>
s3, 705, jk2_init() Found child <*> in scoreboard slot <*>
s3, 706, jk2_init() Found child <*> in scoreboard slot <*>
s3, 707, jk2_init() Found child <*> in scoreboard slot <*>
s3, 708, jk2_init() Found child <*> in scoreboard slot <*>
s3, 709, jk2_init() Found child <*> in scoreboard slot <*>
s3, 710, jk2_init() Found child <*> in scoreboard slot <*>
s3, 711, jk2_init() Found child <*> in scoreboard slot <*>
s3, 712, jk2_init() Found child <*> in scoreboard slot <*>
s1, 713, <*> ok <*>
s1, 714, <*> ok <*>
s1, 715, <*> ok <*>
s1, 716, <*> ok <*>
s2, 717, mod_jk child workerEnv in error state <*>
s2, 718, mod_jk child workerEnv in error state <*>
s2, 719, mod_jk child workerEnv in error state <*>
s2, 720, mod_jk child workerEnv in error state <*>
s3, 721, jk2_init() Found child <*> in scoreboard slot <*>
s1, 722, <*> ok <*>
s2, 723, mod_jk child workerEnv in error state <*>
s3, 724, jk2_init() Found child <*> in scoreboard slot <*>
s3, 725, jk2_init() Found child <*> in scoreboard slot <*>
s3, 726, jk2_init() Found child <*> in scoreboard slot <*>
s3, 727, jk2_init() Found child <*> in scoreboard slot <*>
s3, 728, jk2_init() Found child <*> in scoreboard slot <*>
s3, 729, jk2_init() Found child <*> in scoreboard slot <*>
s3, 730, jk2_init() Found child <*> in scoreboard slot <*>
s3, 731, jk2_init() Found child <*> in scoreboard slot <*>
s3, 732, jk2_init() Found child <*> in scoreboard slot <*>
s1, 733, <*> ok <*>
s1, 734, <*> ok <*>
s1, 735, <*> ok <*>
s1, 736, <*> ok <*>
s1, 737, <*> ok <*>
s2, 738, mod_jk child workerEnv in error state <*>
s2, 739, mod_jk child workerEnv in error state <*>
s2, 740, mod_jk child workerEnv in error state <*>
s2, 741, mod_jk child workerEnv in error state <*>
s2, 742, mod_jk child workerEnv in error state <*>
s3, 743, jk2_init() Found child <*> in scoreboard slot <*>
s1, 744, <*> ok <*>
s2, 745, mod_jk child workerEnv in error state <*>
s3, 746, jk2_init() Found child <*> in scoreboard slot <*>
s3, 747, jk2_init() Found child <*> in scoreboard slot <*>
s3, 748, jk2_init() Found child <*> in scoreboard slot <*>
s3, 749, jk2_init() Found child <*> in scoreboard slot <*>
s3, 750, jk2_init() Found child <*> in scoreboard slot <*>
s3, 751, jk2_init() Found child <*> in scoreboard slot <*>
s3, 752, jk2_init() Found child <*> in scoreboard slot <*>
s3, 753, jk2_init() Found child <*> in scoreboard slot <*>
s3, 754, jk2_init() Found child <*> in scoreboard slot <*>
s3, 755, jk2_init() Found child <*> in scoreboard slot <*>
s1, 756, <*> ok <*>
s1, 757, <*> ok <*>
s1, 758, <*> ok <*>
s1, 759, <*> ok <*>
s2, 760, mod_jk child workerEnv in error state <*>
s2, 761, mod_jk child workerEnv in error state <*>
s2, 762, mod_jk child workerEnv in error state <*>
s2, 763, mod_jk child workerEnv in error state <*>
s3, 764, jk2_init() Found child <*> in scoreboard slot <*>
s3, 765, jk2_init() Found child <*> in scoreboard slot <*>
s1, 766, <*> ok <*>
s1, 767, <*> ok <*>
s2, 768, mod_jk child workerEnv in error state <*>
s2, 769, mod_jk child workerEnv in error state <*>
s3, 770, jk2_init() Found child <*> in scoreboard slot <*>
s1, 771, <*> ok <*>
s2, 772, mod_jk child workerEnv in error state <*>
s4, 773, [client <*> Directory index forbidden by rule: <*>
s3, 774, jk2_init() Found child <*> in scoreboard slot <*>
s3, 775, jk2_init() Found child <*> in scoreboard slot <*>
s3, 776, jk2_init() Found child <*> in scoreboard slot <*>
s3, 777, jk2_init() Found child <*> in scoreboard slot <*>
s3, 778, jk2_init() Found child <*> in scoreboard slot <*>
s3, 779, jk2_init() Found child <*> in scoreboard slot <*>
s3, 780, jk2_init() Found child <*> in scoreboard slot <*>
s3, 781, jk2_init() Found child <*> in scoreboard slot <*>
s3, 782, jk2_init() Found child <*> in scoreboard slot <*>
s3, 783, jk2_init() Found child <*> in scoreboard slot <*>
s3, 784, jk2_init() Found child <*> in scoreboard slot <*>
s5, 785, jk2_init() Can't find child <*> in scoreboard
s3, 786, jk2_init() Found child <*> in scoreboard slot <*>
s3, 787, jk2_init() Found child <*> in scoreboard slot <*>
s3, 788, jk2_init() Found child <*> in scoreboard slot <*>
s5, 789, jk2_init() Can't find child <*> in scoreboard
s3, 790, jk2_init() Found child <*> in scoreboard slot <*>
s1, 791, <*> ok <*>
s2, 792, mod_jk child workerEnv in error state <*>
s1, 793, <*> ok <*>
s2, 794, mod_jk child workerEnv in error state <*>
s1, 795, <*> ok <*>
s6, 796, mod_jk child init <*> <*>
s1, 797, <*> ok <*>
s2, 798, mod_jk child workerEnv in error state <*>
s1, 799, <*> ok <*>
s2, 800, mod_jk child workerEnv in error state <*>
s1, 801, <*> ok <*>
s6, 802, mod_jk child init <*> <*>
s1, 803, <*> ok <*>
s2, 804, mod_jk child workerEnv in error state <*>
s4, 805, [client <*> Directory index forbidden by rule: <*>
s4, 806, [client <*> Directory index forbidden by rule: <*>
s3, 807, jk2_init() Found child <*> in scoreboard slot <*>
s1, 808, <*> ok <*>
s2, 809, mod_jk child workerEnv in error state <*>
s3, 810, jk2_init() Found child <*> in scoreboard slot <*>
s3, 811, jk2_init() Found child <*> in scoreboard slot <*>
s1, 812, <*> ok <*>
s2, 813, mod_jk child workerEnv in error state <*>
s3, 814, jk2_init() Found child <*> in scoreboard slot <*>
s3, 815, jk2_init() Found child <*> in scoreboard slot <*>
s3, 816, jk2_init() Found child <*> in scoreboard slot <*>
s1, 817, <*> ok <*>
s2, 818, mod_jk child workerEnv in error state <*>
s1, 819, <*> ok <*>
s2, 820, mod_jk child workerEnv in error state <*>
s1, 821, <*> ok <*>
s2, 822, mod_jk child workerEnv in error state <*>
s3, 823, jk2_init() Found child <*> in scoreboard slot <*>
s3, 824, jk2_init() Found child <*> in scoreboard slot <*>
s3, 825, jk2_init() Found child <*> in scoreboard slot <*>
s3, 826, jk2_init() Found child <*> in scoreboard slot <*>
s3, 827, jk2_init() Found child <*> in scoreboard slot <*>
s4, 828, [client <*> Directory index forbidden by rule: <*>
s1, 829, <*> ok <*>
s2, 830, mod_jk child workerEnv in error state <*>
s1, 831, <*> ok <*>
s2, 832, mod_jk child workerEnv in error state <*>
s1, 833, <*> ok <*>
s2, 834, mod_jk child workerEnv in error state <*>
s1, 835, <*> ok <*>
s2, 836, mod_jk child workerEnv in error state <*>
s1, 837, <*> ok <*>
s2, 838, mod_jk child workerEnv in error state <*>
s3, 839, jk2_init() Found child <*> in scoreboard slot <*>
s3, 840, jk2_init() Found child <*> in scoreboard slot <*>
s3, 841, jk2_init() Found child <*> in scoreboard slot <*>
s3, 842, jk2_init() Found child <*> in scoreboard slot <*>
s1, 843, <*> ok <*>
s2, 844, mod_jk child workerEnv in error state <*>
s1, 845, <*> ok <*>
s2, 846, mod_jk child workerEnv in error state <*>
s1, 847, <*> ok <*>
s2, 848, mod_jk child workerEnv in error state <*>
s1, 849, <*> ok <*>
s2, 850, mod_jk child workerEnv in error state <*>
s3, 851, jk2_init() Found child <*> in scoreboard slot <*>
s3, 852, jk2_init() Found child <*> in scoreboard slot <*>
s1, 853, <*> ok <*>
s1, 854, <*> ok <*>
s2, 855, mod_jk child workerEnv in error state <*>
s2, 856, mod_jk child workerEnv in error state <*>
s3, 857, jk2_init() Found child <*> in scoreboard slot <*>
s3, 858, jk2_init() Found child <*> in scoreboard slot <*>
s1, 859, <*> ok <*>
s2, 860, mod_jk child workerEnv in error state <*>
s1, 861, <*> ok <*>
s2, 862, mod_jk child workerEnv in error state <*>
s3, 863, jk2_init() Found child <*> in scoreboard slot <*>
s3, 864, jk2_init() Found child <*> in scoreboard slot <*>
s1, 865, <*> ok <*>
s1, 866, <*> ok <*>
s2, 867, mod_jk child workerEnv in error state <*>
s3, 868, jk2_init() Found child <*> in scoreboard slot <*>
s2, 869, mod_jk child workerEnv in error state <*>
s1, 870, <*> ok <*>
s2, 871, mod_jk child workerEnv in error state <*>
s3, 872, jk2_init() Found child <*> in scoreboard slot <*>
s3, 873, jk2_init() Found child <*> in scoreboard slot <*>
s3, 874, jk2_init() Found child <*> in scoreboard slot <*>
s1, 875, <*> ok <*>
s2, 876, mod_jk child workerEnv in error state <*>
s1, 877, <*> ok <*>
s2, 878, mod_jk child workerEnv in error state <*>
s1, 879, <*> ok <*>
s2, 880, mod_jk child workerEnv in error state <*>
s3, 881, jk2_init() Found child <*> in scoreboard slot <*>
s3, 882, jk2_init() Found child <*> in scoreboard slot <*>
s3, 883, jk2_init() Found child <*> in scoreboard slot <*>
s3, 884, jk2_init() Found child <*> in scoreboard slot <*>
s1, 885, <*> ok <*>
s2, 886, mod_jk child workerEnv in error state <*>
s1, 887, <*> ok <*>
s2, 888, mod_jk child workerEnv in error state <*>
s1, 889, <*> ok <*>
s2, 890, mod_jk child workerEnv in error state <*>
s1, 891, <*> ok <*>
s2, 892, mod_jk child workerEnv in error state <*>
s3, 893, jk2_init() Found child <*> in scoreboard slot <*>
s3, 894, jk2_init() Found child <*> in scoreboard slot <*>
s3, 895, jk2_init() Found child <*> in scoreboard slot <*>
s3, 896, jk2_init() Found child <*> in scoreboard slot <*>
s3, 897, jk2_init() Found child <*> in scoreboard slot <*>
s3, 898, jk2_init() Found child <*> in scoreboard slot <*>
s1, 899, <*> ok <*>
s1, 900, <*> ok <*>
s1, 901, <*> ok <*>
s1, 902, <*> ok <*>
s2, 903, mod_jk child workerEnv in error state <*>
s2, 904, mod_jk child workerEnv in error state <*>
s2, 905, mod_jk child workerEnv in error state <*>
s2, 906, mod_jk child workerEnv in error state <*>
s3, 907, jk2_init() Found child <*> in scoreboard slot <*>
s3, 908, jk2_init() Found child <*> in scoreboard slot <*>
s3, 909, jk2_init() Found child <*> in scoreboard slot <*>
s3, 910, jk2_init() Found child <*> in scoreboard slot <*>
s1, 911, <*> ok <*>
s2, 912, mod_jk child workerEnv in error state <*>
s1, 913, <*> ok <*>
s2, 914, mod_jk child workerEnv in error state <*>
s1, 915, <*> ok <*>
s2, 916, mod_jk child workerEnv in error state <*>
s1, 917, <*> ok <*>
s2, 918, mod_jk child workerEnv in error state <*>
s3, 919, jk2_init() Found child <*> in scoreboard slot <*>
s3, 920, jk2_init() Found child <*> in scoreboard slot <*>
s3, 921, jk2_init() Found child <*> in scoreboard slot <*>
s3, 922, jk2_init() Found child <*> in scoreboard slot <*>
s1, 923, <*> ok <*>
s2, 924, mod_jk child workerEnv in error state <*>
s1, 925, <*> ok <*>
s2, 926, mod_jk child workerEnv in error state <*>
s1, 927, <*> ok <*>
s2, 928, mod_jk child workerEnv in error state <*>
s1, 929, <*> ok <*>
s2, 930, mod_jk child workerEnv in error state <*>
s3, 931, jk2_init() Found child <*> in scoreboard slot <*>
s3, 932, jk2_init() Found child <*> in scoreboard slot <*>
s3, 933, jk2_init() Found child <*> in scoreboard slot <*>
s3, 934, jk2_init() Found child <*> in scoreboard slot <*>
s1, 935, <*> ok <*>
s1, 936, <*> ok <*>
s1, 937, <*> ok <*>
s1, 938, <*> ok <*>
s2, 939, mod_jk child workerEnv in error state <*>
s2, 940, mod_jk child workerEnv in error state <*>
s2, 941, mod_jk child workerEnv in error state <*>
s2, 942, mod_jk child workerEnv in error state <*>
s3, 943, jk2_init() Found child <*> in scoreboard slot <*>
s3, 944, jk2_init() Found child <*> in scoreboard slot <*>
s3, 945, jk2_init() Found child <*> in scoreboard slot <*>
s1, 946, <*> ok <*>
s1, 947, <*> ok <*>
s1, 948, <*> ok <*>
s3, 949, jk2_init() Found child <*> in scoreboard slot <*>
s2, 950, mod_jk child workerEnv in error state <*>
s1, 951, <*> ok <*>
s3, 952, jk2_init() Found child <*> in scoreboard slot <*>
s3, 953, jk2_init() Found child <*> in scoreboard slot <*>
s1, 954, <*> ok <*>
s2, 955, mod_jk child workerEnv in error state <*>
s3, 956, jk2_init() Found child <*> in scoreboard slot <*>
s3, 957, jk2_init() Found child <*> in scoreboard slot <*>
s3, 958, jk2_init() Found child <*> in scoreboard slot <*>
s3, 959, jk2_init() Found child <*> in scoreboard slot <*>
s3, 960, jk2_init() Found child <*> in scoreboard slot <*>
s3, 961, jk2_init() Found child <*> in scoreboard slot <*>
s1, 962, <*> ok <*>
s2, 963, mod_jk child workerEnv in error state <*>
s1, 964, <*> ok <*>
s2, 965, mod_jk child workerEnv in error state <*>
s1, 966, <*> ok <*>
s2, 967, mod_jk child workerEnv in error state <*>
s1, 968, <*> ok <*>
s2, 969, mod_jk child workerEnv in error state <*>
s3, 970, jk2_init() Found child <*> in scoreboard slot <*>
s1, 971, <*> ok <*>
s2, 972, mod_jk child workerEnv in error state <*>
s3, 973, jk2_init() Found child <*> in scoreboard slot <*>
s3, 974, jk2_init() Found child <*> in scoreboard slot <*>
s3, 975, jk2_init() Found child <*> in scoreboard slot <*>
s3, 976, jk2_init() Found child <*> in scoreboard slot <*>
s3, 977, jk2_init() Found child <*> in scoreboard slot <*>
s3, 978, jk2_init() Found child <*> in scoreboard slot <*>
s3, 979, jk2_init() Found child <*> in scoreboard slot <*>
s3, 980, jk2_init() Found child <*> in scoreboard slot <*>
s3, 981, jk2_init() Found child <*> in scoreboard slot <*>
s3, 982, jk2_init() Found child <*> in scoreboard slot <*>
s3, 983, jk2_init() Found child <*> in scoreboard slot <*>
s3, 984, jk2_init() Found child <*> in scoreboard slot <*>
s3, 985, jk2_init() Found child <*> in scoreboard slot <*>
s3, 986, jk2_init() Found child <*> in scoreboard slot <*>
s3, 987, jk2_init() Found child <*> in scoreboard slot <*>
s1, 988, <*> ok <*>
s1, 989, <*> ok <*>
s1, 990, <*> ok <*>
s2, 991, mod_jk child workerEnv in error state <*>
s2, 992, mod_jk child workerEnv in error state <*>
s2, 993, mod_jk child workerEnv in error state <*>
s3, 994, jk2_init() Found child <*> in scoreboard slot <*>
s3, 995, jk2_init() Found child <*> in scoreboard slot <*>
s3, 996, jk2_init() Found child <*> in scoreboard slot <*>
s3, 997, jk2_init() Found child <*> in scoreboard slot <*>
s1, 998, <*> ok <*>
s2, 999, mod_jk child workerEnv in error state <*>
s3, 1000, jk2_init() Found child <*> in scoreboard slot <*>
s3, 1001, jk2_init() Found child <*> in scoreboard slot <*>
s3, 1002, jk2_init() Found child <*> in scoreboard slot <*>
s1, 1003, <*> ok <*>
s2, 1004, mod_jk child workerEnv in error state <*>
s1, 1005, <*> ok <*>
s2, 1006, mod_jk child workerEnv in error state <*>
s1, 1007, <*> ok <*>
s2, 1008, mod_jk child workerEnv in error state <*>
s3, 1009, jk2_init() Found child <*> in scoreboard slot <*>
s3, 1010, jk2_init() Found child <*> in scoreboard slot <*>
s3, 1011, jk2_init() Found child <*> in scoreboard slot <*>
s1, 1012, <*> ok <*>
s1, 1013, <*> ok <*>
s2, 1014, mod_jk child workerEnv in error state <*>
s2, 1015, mod_jk child workerEnv in error state <*>
s3, 1016, jk2_init() Found child <*> in scoreboard slot <*>
s3, 1017, jk2_init() Found child <*> in scoreboard slot <*>
s3, 1018, jk2_init() Found child <*> in scoreboard slot <*>
s1, 1019, <*> ok <*>
s1, 1020, <*> ok <*>
s1, 1021, <*> ok <*>
s2, 1022, mod_jk child workerEnv in error state <*>
s2, 1023, mod_jk child workerEnv in error state <*>
s2, 1024, mod_jk child workerEnv in error state <*>
s3, 1025, jk2_init() Found child <*> in scoreboard slot <*>
s3, 1026, jk2_init() Found child <*> in scoreboard slot <*>
s3, 1027, jk2_init() Found child <*> in scoreboard slot <*>
s3, 1028, jk2_init() Found child <*> in scoreboard slot <*>
s3, 1029, jk2_init() Found child <*> in scoreboard slot <*>
s3, 1030, jk2_init() Found child <*> in scoreboard slot <*>
s3, 1031, jk2_init() Found child <*> in scoreboard slot <*>
s5, 1032, jk2_init() Can't find child <*> in scoreboard
s3, 1033, jk2_init() Found child <*> in scoreboard slot <*>
s1, 1034, <*> ok <*>
s2, 1035, mod_jk child workerEnv in error state <*>
s1, 1036, <*> ok <*>
s6, 1037, mod_jk child init <*> <*>
s1, 1038, <*> ok <*>
s2, 1039, mod_jk child workerEnv in error state <*>
s5, 1040, jk2_init() Can't find child <*> in scoreboard
s1, 1041, <*> ok <*>
s6, 1042, mod_jk child init <*> <*>
s5, 1043, jk2_init() Can't find child <*> in scoreboard
s1, 1044, <*> ok <*>
s6, 1045, mod_jk child init <*> <*>
s5, 1046, jk2_init() Can't find child <*> in scoreboard
s3, 1047, jk2_init() Found child <*> in scoreboard slot <*>
s1, 1048, <*> ok <*>
s2, 1049, mod_jk child workerEnv in error state <*>
s1, 1050, <*> ok <*>
s6, 1051, mod_jk child init <*> <*>
s4, 1052, [client <*> Directory index forbidden by rule: <*>
s4, 1053, [client <*> Directory index forbidden by rule: <*>
s3, 1054, jk2_init() Found child <*> in scoreboard slot <*>
s1, 1055, <*> ok <*>
s2, 1056, mod_jk child workerEnv in error state <*>
s3, 1057, jk2_init() Found child <*> in scoreboard slot <*>
s1, 1058, <*> ok <*>
s2, 1059, mod_jk child workerEnv in error state <*>
s4, 1060, [client <*> Directory index forbidden by rule: <*>
s3, 1061, jk2_init() Found child <*> in scoreboard slot <*>
s1, 1062, <*> ok <*>
s2, 1063, mod_jk child workerEnv in error state <*>
s3, 1064, jk2_init() Found child <*> in scoreboard slot <*>
s3, 1065, jk2_init() Found child <*> in scoreboard slot <*>
s3, 1066, jk2_init() Found child <*> in scoreboard slot <*>
s3, 1067, jk2_init() Found child <*> in scoreboard slot <*>
s1, 1068, <*> ok <*>
s1, 1069, <*> ok <*>
s1, 1070, <*> ok <*>
s1, 1071, <*> ok <*>
s2, 1072, mod_jk child workerEnv in error state <*>
s2, 1073, mod_jk child workerEnv in error state <*>
s2, 1074, mod_jk child workerEnv in error state <*>
s2, 1075, mod_jk child workerEnv in error state <*>
s3, 1076, jk2_init() Found child <*> in scoreboard slot <*>
s1, 1077, <*> ok <*>
s2, 1078, mod_jk child workerEnv in error state <*>
s3, 1079, jk2_init() Found child <*> in scoreboard slot <*>
s4, 1080, [client <*> Directory index forbidden by rule: <*>
s1, 1081, <*> ok <*>
s2, 1082, mod_jk child workerEnv in error state <*>
s3, 1083, jk2_init() Found child <*> in scoreboard slot <*>
s3, 1084, jk2_init() Found child <*> in scoreboard slot <*>
s3, 1085, jk2_init() Found child <*> in scoreboard slot <*>
s1, 1086, <*> ok <*>
s1, 1087, <*> ok <*>
s3, 1088, jk2_init() Found child <*> in scoreboard slot <*>
s3, 1089, jk2_init() Found child <*> in scoreboard slot <*>
s3, 1090, jk2_init() Found child <*> in scoreboard slot <*>
s3, 1091, jk2_init() Found child <*> in scoreboard slot <*>
s3, 1092, jk2_init() Found child <*> in scoreboard slot <*>
s3, 1093, jk2_init() Found child <*> in scoreboard slot <*>
s3, 1094, jk2_init() Found child <*> in scoreboard slot <*>
s1, 1095, <*> ok <*>
s2, 1096, mod_jk child workerEnv in error state <*>
s1, 1097, <*> ok <*>
s2, 1098, mod_jk child workerEnv in error state <*>
s1, 1099, <*> ok <*>
s2, 1100, mod_jk child workerEnv in error state <*>
s1, 1101, <*> ok <*>
s2, 1102, mod_jk child workerEnv in error state <*>
s3, 1103, jk2_init() Found child <*> in scoreboard slot <*>
s3, 1104, jk2_init() Found child <*> in scoreboard slot <*>
s3, 1105, jk2_init() Found child <*> in scoreboard slot <*>
s3, 1106, jk2_init() Found child <*> in scoreboard slot <*>
s1, 1107, <*> ok <*>
s1, 1108, <*> ok <*>
s1, 1109, <*> ok <*>
s1, 1110, <*> ok <*>
s2, 1111, mod_jk child workerEnv in error state <*>
s2, 1112, mod_jk child workerEnv in error state <*>
s2, 1113, mod_jk child workerEnv in error state <*>
s2, 1114, mod_jk child workerEnv in error state <*>
s3, 1115, jk2_init() Found child <*> in scoreboard slot <*>
s3, 1116, jk2_init() Found child <*> in scoreboard slot <*>
s3, 1117, jk2_init() Found child <*> in scoreboard slot <*>
s3, 1118, jk2_init() Found child <*> in scoreboard slot <*>
s1, 1119, <*> ok <*>
s2, 1120, mod_jk child workerEnv in error state <*>
s1, 1121, <*> ok <*>
s2, 1122, mod_jk child workerEnv in error state <*>
s1, 1123, <*> ok <*>
s2, 1124, mod_jk child workerEnv in error state <*>
s1, 1125, <*> ok <*>
s2, 1126, mod_jk child workerEnv in error state <*>
s3, 1127, jk2_init() Found child <*> in scoreboard slot <*>
s3, 1128, jk2_init() Found child <*> in scoreboard slot <*>
s3, 1129, jk2_init() Found child <*> in scoreboard slot <*>
s3, 1130, jk2_init() Found child <*> in scoreboard slot <*>
s3, 1131, jk2_init() Found child <*> in scoreboard slot <*>
s1, 1132, <*> ok <*>
s2, 1133, mod_jk child workerEnv in error state <*>
s1, 1134, <*> ok <*>
s2, 1135, mod_jk child workerEnv in error state <*>
s1, 1136, <*> ok <*>
s2, 1137, mod_jk child workerEnv in error state <*>
s1, 1138, <*> ok <*>
s2, 1139, mod_jk child workerEnv in error state <*>
s3, 1140, jk2_init() Found child <*> in scoreboard slot <*>
s3, 1141, jk2_init() Found child <*> in scoreboard slot <*>
s3, 1142, jk2_init() Found child <*> in scoreboard slot <*>
s1, 1143, <*> ok <*>
s1, 1144, <*> ok <*>
s2, 1145, mod_jk child workerEnv in error state <*>
s2, 1146, mod_jk child workerEnv in error state <*>
s3, 1147, jk2_init() Found child <*> in scoreboard slot <*>
s3, 1148, jk2_init() Found child <*> in scoreboard slot <*>
s3, 1149, jk2_init() Found child <*> in scoreboard slot <*>
s3, 1150, jk2_init() Found child <*> in scoreboard slot <*>
s3, 1151, jk2_init() Found child <*> in scoreboard slot <*>
s3, 1152, jk2_init() Found child <*> in scoreboard slot <*>
s3, 1153, jk2_init() Found child <*> in scoreboard slot <*>
s3, 1154, jk2_init() Found child <*> in scoreboard slot <*>
s1, 1155, <*> ok <*>
s3, 1156, jk2_init() Found child <*> in scoreboard slot <*>
s3, 1157, jk2_init() Found child <*> in scoreboard slot <*>
s3, 1158, jk2_init() Found child <*> in scoreboard slot <*>
s3, 1159, jk2_init() Found child <*> in scoreboard slot <*>
s3, 1160, jk2_init() Found child <*> in scoreboard slot <*>
s3, 1161, jk2_init() Found child <*> in scoreboard slot <*>
s3, 1162, jk2_init() Found child <*> in scoreboard slot <*>
s3, 1163, jk2_init() Found child <*> in scoreboard slot <*>
s3, 1164, jk2_init() Found child <*> in scoreboard slot <*>
s3, 1165, jk2_init() Found child <*> in scoreboard slot <*>
s3, 1166, jk2_init() Found child <*> in scoreboard slot <*>
s1, 1167, <*> ok <*>
s1, 1168, <*> ok <*>
s2, 1169, mod_jk child workerEnv in error state <*>
s1, 1170, <*> ok <*>
s2, 1171, mod_jk child workerEnv in error state <*>
s1, 1172, <*> ok <*>
s2, 1173, mod_jk child workerEnv in error state <*>
s1, 1174, <*> ok <*>
s2, 1175, mod_jk child workerEnv in error state <*>
s1, 1176, <*> ok <*>
s2, 1177, mod_jk child workerEnv in error state <*>
s1, 1178, <*> ok <*>
s2, 1179, mod_jk child workerEnv in error state <*>
s2, 1180, mod_jk child workerEnv in error state <*>
s3, 1181, jk2_init() Found child <*> in scoreboard slot <*>
s3, 1182, jk2_init() Found child <*> in scoreboard slot <*>
s3, 1183, jk2_init() Found child <*> in scoreboard slot <*>
s1, 1184, <*> ok <*>
s1, 1185, <*> ok <*>
s1, 1186, <*> ok <*>
s2, 1187, mod_jk child workerEnv in error state <*>
s2, 1188, mod_jk child workerEnv in error state <*>
s2, 1189, mod_jk child workerEnv in error state <*>
s3, 1190, jk2_init() Found child <*> in scoreboard slot <*>
s3, 1191, jk2_init() Found child <*> in scoreboard slot <*>
s3, 1192, jk2_init() Found child <*> in scoreboard slot <*>
s3, 1193, jk2_init() Found child <*> in scoreboard slot <*>
s3, 1194, jk2_init() Found child <*> in scoreboard slot <*>
s3, 1195, jk2_init() Found child <*> in scoreboard slot <*>
s3, 1196, jk2_init() Found child <*> in scoreboard slot <*>
s3, 1197, jk2_init() Found child <*> in scoreboard slot <*>
s3, 1198, jk2_init() Found child <*> in scoreboard slot <*>
s3, 1199, jk2_init() Found child <*> in scoreboard slot <*>
s3, 1200, jk2_init() Found child <*> in scoreboard slot <*>
s3, 1201, jk2_init() Found child <*> in scoreboard slot <*>
s3, 1202, jk2_init() Found child <*> in scoreboard slot <*>
s1, 1203, <*> ok <*>
s2, 1204, mod_jk child workerEnv in error state <*>
s1, 1205, <*> ok <*>
s2, 1206, mod_jk child workerEnv in error state <*>
s1, 1207, <*> ok <*>
s2, 1208, mod_jk child workerEnv in error state <*>
s1, 1209, <*> ok <*>
s2, 1210, mod_jk child workerEnv in error state <*>
s3, 1211, jk2_init() Found child <*> in scoreboard slot <*>
s1, 1212, <*> ok <*>
s2, 1213, mod_jk child workerEnv in error state <*>
s3, 1214, jk2_init() Found child <*> in scoreboard slot <*>
s1, 1215, <*> ok <*>
s2, 1216, mod_jk child workerEnv in error state <*>
s4, 1217, [client <*> Directory index forbidden by rule: <*>
s3, 1218, jk2_init() Found child <*> in scoreboard slot <*>
s3, 1219, jk2_init() Found child <*> in scoreboard slot <*>
s1, 1220, <*> ok <*>
s2, 1221, mod_jk child workerEnv in error state <*>
s1, 1222, <*> ok <*>
s2, 1223, mod_jk child workerEnv in error state <*>
s3, 1224, jk2_init() Found child <*> in scoreboard slot <*>
s3, 1225, jk2_init() Found child <*> in scoreboard slot <*>
s3, 1226, jk2_init() Found child <*> in scoreboard slot <*>
s1, 1227, <*> ok <*>
s1, 1228, <*> ok <*>
s2, 1229, mod_jk child workerEnv in error state <*>
s2, 1230, mod_jk child workerEnv in error state <*>
s1, 1231, <*> ok <*>
s2, 1232, mod_jk child workerEnv in error state <*>
s3, 1233, jk2_init() Found child <*> in scoreboard slot <*>
s3, 1234, jk2_init() Found child <*> in scoreboard slot <*>
s3, 1235, jk2_init() Found child <*> in scoreboard slot <*>
s1, 1236, <*> ok <*>
s1, 1237, <*> ok <*>
s1, 1238, <*> ok <*>
s2, 1239, mod_jk child workerEnv in error state <*>
s2, 1240, mod_jk child workerEnv in error state <*>
s2, 1241, mod_jk child workerEnv in error state <*>
s3, 1242, jk2_init() Found child <*> in scoreboard slot <*>
s3, 1243, jk2_init() Found child <*> in scoreboard slot <*>
s3, 1244, jk2_init() Found child <*> in scoreboard slot <*>
s3, 1245, jk2_init() Found child <*> in scoreboard slot <*>
s3, 1246, jk2_init() Found child <*> in scoreboard slot <*>
s1, 1247, <*> ok <*>
s2, 1248, mod_jk child workerEnv in error state <*>
s1, 1249, <*> ok <*>
s2, 1250, mod_jk child workerEnv in error state <*>
s1, 1251, <*> ok <*>
s2, 1252, mod_jk child workerEnv in error state <*>
s1, 1253, <*> ok <*>
s2, 1254, mod_jk child workerEnv in error state <*>
s3, 1255, jk2_init() Found child <*> in scoreboard slot <*>
s3, 1256, jk2_init() Found child <*> in scoreboard slot <*>
s3, 1257, jk2_init() Found child <*> in scoreboard slot <*>
s3, 1258, jk2_init() Found child <*> in scoreboard slot <*>
s3, 1259, jk2_init() Found child <*> in scoreboard slot <*>
s1, 1260, <*> ok <*>
s1, 1261, <*> ok <*>
s1, 1262, <*> ok <*>
s1, 1263, <*> ok <*>
s2, 1264, mod_jk child workerEnv in error state <*>
s2, 1265, mod_jk child workerEnv in error state <*>
s2, 1266, mod_jk child workerEnv in error state <*>
s2, 1267, mod_jk child workerEnv in error state <*>
s3, 1268, jk2_init() Found child <*> in scoreboard slot <*>
s3, 1269, jk2_init() Found child <*> in scoreboard slot <*>
s3, 1270, jk2_init() Found child <*> in scoreboard slot <*>
s3, 1271, jk2_init() Found child <*> in scoreboard slot <*>
s3, 1272, jk2_init() Found child <*> in scoreboard slot <*>
s3, 1273, jk2_init() Found child <*> in scoreboard slot <*>
s3, 1274, jk2_init() Found child <*> in scoreboard slot <*>
s1, 1275, <*> ok <*>
s2, 1276, mod_jk child workerEnv in error state <*>
s1, 1277, <*> ok <*>
s2, 1278, mod_jk child workerEnv in error state <*>
s1, 1279, <*> ok <*>
s2, 1280, mod_jk child workerEnv in error state <*>
s3, 1281, jk2_init() Found child <*> in scoreboard slot <*>
s1, 1282, <*> ok <*>
s2, 1283, mod_jk child workerEnv in error state <*>
s3, 1284, jk2_init() Found child <*> in scoreboard slot <*>
s3, 1285, jk2_init() Found child <*> in scoreboard slot <*>
s3, 1286, jk2_init() Found child <*> in scoreboard slot <*>
s3, 1287, jk2_init() Found child <*> in scoreboard slot <*>
s3, 1288, jk2_init() Found child <*> in scoreboard slot <*>
s3, 1289, jk2_init() Found child <*> in scoreboard slot <*>
s1, 1290, <*> ok <*>
s1, 1291, <*> ok <*>
s3, 1292, jk2_init() Found child <*> in scoreboard slot <*>
s2, 1293, mod_jk child workerEnv in error state <*>
s3, 1294, jk2_init() Found child <*> in scoreboard slot <*>
s2, 1295, mod_jk child workerEnv in error state <*>
s1, 1296, <*> ok <*>
s1, 1297, <*> ok <*>
s2, 1298, mod_jk child workerEnv in error state <*>
s2, 1299, mod_jk child workerEnv in error state <*>
s3, 1300, jk2_init() Found child <*> in scoreboard slot <*>
s3, 1301, jk2_init() Found child <*> in scoreboard slot <*>
s3, 1302, jk2_init() Found child <*> in scoreboard slot <*>
s3, 1303, jk2_init() Found child <*> in scoreboard slot <*>
s1, 1304, <*> ok <*>
s1, 1305, <*> ok <*>
s2, 1306, mod_jk child workerEnv in error state <*>
s2, 1307, mod_jk child workerEnv in error state <*>
s3, 1308, jk2_init() Found child <*> in scoreboard slot <*>
s3, 1309, jk2_init() Found child <*> in scoreboard slot <*>
s1, 1310, <*> ok <*>
s2, 1311, mod_jk child workerEnv in error state <*>
s1, 1312, <*> ok <*>
s2, 1313, mod_jk child workerEnv in error state <*>
s3, 1314, jk2_init() Found child <*> in scoreboard slot <*>
s3, 1315, jk2_init() Found child <*> in scoreboard slot <*>
s3, 1316, jk2_init() Found child <*> in scoreboard slot <*>
s1, 1317, <*> ok <*>
s2, 1318, mod_jk child workerEnv in error state <*>
s3, 1319, jk2_init() Found child <*> in scoreboard slot <*>
s3, 1320, jk2_init() Found child <*> in scoreboard slot <*>
s1, 1321, <*> ok <*>
s1, 1322, <*> ok <*>
s2, 1323, mod_jk child workerEnv in error state <*>
s2, 1324, mod_jk child workerEnv in error state <*>
s3, 1325, jk2_init() Found child <*> in scoreboard slot <*>
s3, 1326, jk2_init() Found child <*> in scoreboard slot <*>
s3, 1327, jk2_init() Found child <*> in scoreboard slot <*>
s3, 1328, jk2_init() Found child <*> in scoreboard slot <*>
s1, 1329, <*> ok <*>
s2, 1330, mod_jk child workerEnv in error state <*>
s1, 1331, <*> ok <*>
s3, 1332, jk2_init() Found child <*> in scoreboard slot <*>
s3, 1333, jk2_init() Found child <*> in scoreboard slot <*>
s3, 1334, jk2_init() Found child <*> in scoreboard slot <*>
s3, 1335, jk2_init() Found child <*> in scoreboard slot <*>
s3, 1336, jk2_init() Found child <*> in scoreboard slot <*>
s3, 1337, jk2_init() Found child <*> in scoreboard slot <*>
s1, 1338, <*> ok <*>
s2, 1339, mod_jk child workerEnv in error state <*>
s1, 1340, <*> ok <*>
s2, 1341, mod_jk child workerEnv in error state <*>
s1, 1342, <*> ok <*>
s2, 1343, mod_jk child workerEnv in error state <*>
s3, 1344, jk2_init() Found child <*> in scoreboard slot <*>
s3, 1345, jk2_init() Found child <*> in scoreboard slot <*>
s3, 1346, jk2_init() Found child <*> in scoreboard slot <*>
s3, 1347, jk2_init() Found child <*> in scoreboard slot <*>
s3, 1348, jk2_init() Found child <*> in scoreboard slot <*>
s5, 1349, jk2_init() Can't find child <*> in scoreboard
s5, 1350, jk2_init() Can't find child <*> in scoreboard
s3, 1351, jk2_init() Found child <*> in scoreboard slot <*>
s1, 1352, <*> ok <*>
s2, 1353, mod_jk child workerEnv in error state <*>
s1, 1354, <*> ok <*>
s2, 1355, mod_jk child workerEnv in error state <*>
s1, 1356, <*> ok <*>
s2, 1357, mod_jk child workerEnv in error state <*>
s1, 1358, <*> ok <*>
s2, 1359, mod_jk child workerEnv in error state <*>
s1, 1360, <*> ok <*>
s2, 1361, mod_jk child workerEnv in error state <*>
s1, 1362, <*> ok <*>
s6, 1363, mod_jk child init <*> <*>
s1, 1364, <*> ok <*>
s6, 1365, mod_jk child init <*> <*>
s4, 1366, [client <*> Directory index forbidden by rule: <*>
s3, 1367, jk2_init() Found child <*> in scoreboard slot <*>
s3, 1368, jk2_init() Found child <*> in scoreboard slot <*>
s1, 1369, <*> ok <*>
s2, 1370, mod_jk child workerEnv in error state <*>
s1, 1371, <*> ok <*>
s2, 1372, mod_jk child workerEnv in error state <*>
s3, 1373, jk2_init() Found child <*> in scoreboard slot <*>
s1, 1374, <*> ok <*>
s2, 1375, mod_jk child workerEnv in error state <*>
s3, 1376, jk2_init() Found child <*> in scoreboard slot <*>
s1, 1377, <*> ok <*>
s2, 1378, mod_jk child workerEnv in error state <*>
s3, 1379, jk2_init() Found child <*> in scoreboard slot <*>
s3, 1380, jk2_init() Found child <*> in scoreboard slot <*>
s3, 1381, jk2_init() Found child <*> in scoreboard slot <*>
s3, 1382, jk2_init() Found child <*> in scoreboard slot <*>
s3, 1383, jk2_init() Found child <*> in scoreboard slot <*>
s3, 1384, jk2_init() Found child <*> in scoreboard slot <*>
s3, 1385, jk2_init() Found child <*> in scoreboard slot <*>
s1, 1386, <*> ok <*>
s1, 1387, <*> ok <*>
s1, 1388, <*> ok <*>
s1, 1389, <*> ok <*>
s2, 1390, mod_jk child workerEnv in error state <*>
s2, 1391, mod_jk child workerEnv in error state <*>
s2, 1392, mod_jk child workerEnv in error state <*>
s2, 1393, mod_jk child workerEnv in error state <*>
s3, 1394, jk2_init() Found child <*> in scoreboard slot <*>
s3, 1395, jk2_init() Found child <*> in scoreboard slot <*>
s3, 1396, jk2_init() Found child <*> in scoreboard slot <*>
s3, 1397, jk2_init() Found child <*> in scoreboard slot <*>
s1, 1398, <*> ok <*>
s1, 1399, <*> ok <*>
s1, 1400, <*> ok <*>
s1, 1401, <*> ok <*>
s2, 1402, mod_jk child workerEnv in error state <*>
s2, 1403, mod_jk child workerEnv in error state <*>
s2, 1404, mod_jk child workerEnv in error state <*>
s2, 1405, mod_jk child workerEnv in error state <*>
s3, 1406, jk2_init() Found child <*> in scoreboard slot <*>
s3, 1407, jk2_init() Found child <*> in scoreboard slot <*>
s3, 1408, jk2_init() Found child <*> in scoreboard slot <*>
s3, 1409, jk2_init() Found child <*> in scoreboard slot <*>
s1, 1410, <*> ok <*>
s2, 1411, mod_jk child workerEnv in error state <*>
s1, 1412, <*> ok <*>
s2, 1413, mod_jk child workerEnv in error state <*>
s1, 1414, <*> ok <*>
s2, 1415, mod_jk child workerEnv in error state <*>
s1, 1416, <*> ok <*>
s2, 1417, mod_jk child workerEnv in error state <*>
s3, 1418, jk2_init() Found child <*> in scoreboard slot <*>
s1, 1419, <*> ok <*>
s2, 1420, mod_jk child workerEnv in error state <*>
s4, 1421, [client <*> Directory index forbidden by rule: <*>
s4, 1422, [client <*> Directory index forbidden by rule: <*>
s3, 1423, jk2_init() Found child <*> in scoreboard slot <*>
s3, 1424, jk2_init() Found child <*> in scoreboard slot <*>
s3, 1425, jk2_init() Found child <*> in scoreboard slot <*>
s3, 1426, jk2_init() Found child <*> in scoreboard slot <*>
s3, 1427, jk2_init() Found child <*> in scoreboard slot <*>
s3, 1428, jk2_init() Found child <*> in scoreboard slot <*>
s1, 1429, <*> ok <*>
s2, 1430, mod_jk child workerEnv in error state <*>
s1, 1431, <*> ok <*>
s2, 1432, mod_jk child workerEnv in error state <*>
s1, 1433, <*> ok <*>
s2, 1434, mod_jk child workerEnv in error state <*>
s1, 1435, <*> ok <*>
s2, 1436, mod_jk child workerEnv in error state <*>
s3, 1437, jk2_init() Found child <*> in scoreboard slot <*>
s3, 1438, jk2_init() Found child <*> in scoreboard slot <*>
s3, 1439, jk2_init() Found child <*> in scoreboard slot <*>
s3, 1440, jk2_init() Found child <*> in scoreboard slot <*>
s3, 1441, jk2_init() Found child <*> in scoreboard slot <*>
s3, 1442, jk2_init() Found child <*> in scoreboard slot <*>
s3, 1443, jk2_init() Found child <*> in scoreboard slot <*>
s3, 1444, jk2_init() Found child <*> in scoreboard slot <*>
s3, 1445, jk2_init() Found child <*> in scoreboard slot <*>
s1, 1446, <*> ok <*>
s2, 1447, mod_jk child workerEnv in error state <*>
s1, 1448, <*> ok <*>
s2, 1449, mod_jk child workerEnv in error state <*>
s1, 1450, <*> ok <*>
s2, 1451, mod_jk child workerEnv in error state <*>
s1, 1452, <*> ok <*>
s2, 1453, mod_jk child workerEnv in error state <*>
s3, 1454, jk2_init() Found child <*> in scoreboard slot <*>
s3, 1455, jk2_init() Found child <*> in scoreboard slot <*>
s3, 1456, jk2_init() Found child <*> in scoreboard slot <*>
s3, 1457, jk2_init() Found child <*> in scoreboard slot <*>
s3, 1458, jk2_init() Found child <*> in scoreboard slot <*>
s3, 1459, jk2_init() Found child <*> in scoreboard slot <*>
s3, 1460, jk2_init() Found child <*> in scoreboard slot <*>
s3, 1461, jk2_init() Found child <*> in scoreboard slot <*>
s1, 1462, <*> ok <*>
s1, 1463, <*> ok <*>
s2, 1464, mod_jk child workerEnv in error state <*>
s1, 1465, <*> ok <*>
s2, 1466, mod_jk child workerEnv in error state <*>
s3, 1467, jk2_init() Found child <*> in scoreboard slot <*>
s3, 1468, jk2_init() Found child <*> in scoreboard slot <*>
s1, 1469, <*> ok <*>
s2, 1470, mod_jk child workerEnv in error state <*>
s1, 1471, <*> ok <*>
s2, 1472, mod_jk child workerEnv in error state <*>
s3, 1473, jk2_init() Found child <*> in scoreboard slot <*>
s3, 1474, jk2_init() Found child <*> in scoreboard slot <*>
s3, 1475, jk2_init() Found child <*> in scoreboard slot <*>
s3, 1476, jk2_init() Found child <*> in scoreboard slot <*>
s1, 1477, <*> ok <*>
s1, 1478, <*> ok <*>
s2, 1479, mod_jk child workerEnv in error state <*>
s2, 1480, mod_jk child workerEnv in error state <*>
s3, 1481, jk2_init() Found child <*> in scoreboard slot <*>
s3, 1482, jk2_init() Found child <*> in scoreboard slot <*>
s1, 1483, <*> ok <*>
s1, 1484, <*> ok <*>
s2, 1485, mod_jk child workerEnv in error state <*>
s2, 1486, mod_jk child workerEnv in error state <*>
s3, 1487, jk2_init() Found child <*> in scoreboard slot <*>
s1, 1488, <*> ok <*>
s2, 1489, mod_jk child workerEnv in error state <*>
s3, 1490, jk2_init() Found child <*> in scoreboard slot <*>
s1, 1491, <*> ok <*>
s2, 1492, mod_jk child workerEnv in error state <*>
s4, 1493, [client <*> Directory index forbidden by rule: <*>
s3, 1494, jk2_init() Found child <*> in scoreboard slot <*>
s3, 1495, jk2_init() Found child <*> in scoreboard slot <*>
s1, 1496, <*> ok <*>
s1, 1497, <*> ok <*>
s2, 1498, mod_jk child workerEnv in error state <*>
s2, 1499, mod_jk child workerEnv in error state <*>
s3, 1500, jk2_init() Found child <*> in scoreboard slot <*>
s3, 1501, jk2_init() Found child <*> in scoreboard slot <*>
s1, 1502, <*> ok <*>
s1, 1503, <*> ok <*>
s2, 1504, mod_jk child workerEnv in error state <*>
s3, 1505, jk2_init() Found child <*> in scoreboard slot <*>
s3, 1506, jk2_init() Found child <*> in scoreboard slot <*>
s3, 1507, jk2_init() Found child <*> in scoreboard slot <*>
s3, 1508, jk2_init() Found child <*> in scoreboard slot <*>
s3, 1509, jk2_init() Found child <*> in scoreboard slot <*>
s3, 1510, jk2_init() Found child <*> in scoreboard slot <*>
s3, 1511, jk2_init() Found child <*> in scoreboard slot <*>
s3, 1512, jk2_init() Found child <*> in scoreboard slot <*>
s3, 1513, jk2_init() Found child <*> in scoreboard slot <*>
s3, 1514, jk2_init() Found child <*> in scoreboard slot <*>
s1, 1515, <*> ok <*>
s1, 1516, <*> ok <*>
s1, 1517, <*> ok <*>
s1, 1518, <*> ok <*>
s1, 1519, <*> ok <*>
s1, 1520, <*> ok <*>
s1, 1521, <*> ok <*>
s2, 1522, mod_jk child workerEnv in error state <*>
s2, 1523, mod_jk child workerEnv in error state <*>
s2, 1524, mod_jk child workerEnv in error state <*>
s2, 1525, mod_jk child workerEnv in error state <*>
s2, 1526, mod_jk child workerEnv in error state <*>
s2, 1527, mod_jk child workerEnv in error state <*>
s2, 1528, mod_jk child workerEnv in error state <*>
s3, 1529, jk2_init() Found child <*> in scoreboard slot <*>
s3, 1530, jk2_init() Found child <*> in scoreboard slot <*>
s3, 1531, jk2_init() Found child <*> in scoreboard slot <*>
s3, 1532, jk2_init() Found child <*> in scoreboard slot <*>
s3, 1533, jk2_init() Found child <*> in scoreboard slot <*>
s3, 1534, jk2_init() Found child <*> in scoreboard slot <*>
s1, 1535, <*> ok <*>
s2, 1536, mod_jk child workerEnv in error state <*>
s1, 1537, <*> ok <*>
s2, 1538, mod_jk child workerEnv in error state <*>
s1, 1539, <*> ok <*>
s2, 1540, mod_jk child workerEnv in error state <*>
s5, 1541, jk2_init() Can't find child <*> in scoreboard
s1, 1542, <*> ok <*>
s6, 1543, mod_jk child init <*> <*>
s5, 1544, jk2_init() Can't find child <*> in scoreboard
s1, 1545, <*> ok <*>
s6, 1546, mod_jk child init <*> <*>
s5, 1547, jk2_init() Can't find child <*> in scoreboard
s1, 1548, <*> ok <*>
s6, 1549, mod_jk child init <*> <*>
s5, 1550, jk2_init() Can't find child <*> in scoreboard
s1, 1551, <*> ok <*>
s6, 1552, mod_jk child init <*> <*>
s3, 1553, jk2_init() Found child <*> in scoreboard slot <*>
s3, 1554, jk2_init() Found child <*> in scoreboard slot <*>
s3, 1555, jk2_init() Found child <*> in scoreboard slot <*>
s3, 1556, jk2_init() Found child <*> in scoreboard slot <*>
s3, 1557, jk2_init() Found child <*> in scoreboard slot <*>
s3, 1558, jk2_init() Found child <*> in scoreboard slot <*>
s1, 1559, <*> ok <*>
s2, 1560, mod_jk child workerEnv in error state <*>
s1, 1561, <*> ok <*>
s2, 1562, mod_jk child workerEnv in error state <*>
s1, 1563, <*> ok <*>
s2, 1564, mod_jk child workerEnv in error state <*>
s1, 1565, <*> ok <*>
s2, 1566, mod_jk child workerEnv in error state <*>
s3, 1567, jk2_init() Found child <*> in scoreboard slot <*>
s1, 1568, <*> ok <*>
s2, 1569, mod_jk child workerEnv in error state <*>
s3, 1570, jk2_init() Found child <*> in scoreboard slot <*>
s3, 1571, jk2_init() Found child <*> in scoreboard slot <*>
s1, 1572, <*> ok <*>
s1, 1573, <*> ok <*>
s2, 1574, mod_jk child workerEnv in error state <*>
s2, 1575, mod_jk child workerEnv in error state <*>
s3, 1576, jk2_init() Found child <*> in scoreboard slot <*>
s3, 1577, jk2_init() Found child <*> in scoreboard slot <*>
s1, 1578, <*> ok <*>
s2, 1579, mod_jk child workerEnv in error state <*>
s1, 1580, <*> ok <*>
s2, 1581, mod_jk child workerEnv in error state <*>
s3, 1582, jk2_init() Found child <*> in scoreboard slot <*>
s3, 1583, jk2_init() Found child <*> in scoreboard slot <*>
s1, 1584, <*> ok <*>
s2, 1585, mod_jk child workerEnv in error state <*>
s1, 1586, <*> ok <*>
s2, 1587, mod_jk child workerEnv in error state <*>
s3, 1588, jk2_init() Found child <*> in scoreboard slot <*>
s1, 1589, <*> ok <*>
s2, 1590, mod_jk child workerEnv in error state <*>
s3, 1591, jk2_init() Found child <*> in scoreboard slot <*>
s1, 1592, <*> ok <*>
s2, 1593, mod_jk child workerEnv in error state <*>
s3, 1594, jk2_init() Found child <*> in scoreboard slot <*>
s3, 1595, jk2_init() Found child <*> in scoreboard slot <*>
s3, 1596, jk2_init() Found child <*> in scoreboard slot <*>
s3, 1597, jk2_init() Found child <*> in scoreboard slot <*>
s1, 1598, <*> ok <*>
s2, 1599, mod_jk child workerEnv in error state <*>
s1, 1600, <*> ok <*>
s2, 1601, mod_jk child workerEnv in error state <*>
s1, 1602, <*> ok <*>
s2, 1603, mod_jk child workerEnv in error state <*>
s1, 1604, <*> ok <*>
s2, 1605, mod_jk child workerEnv in error state <*>
s3, 1606, jk2_init() Found child <*> in scoreboard slot <*>
s3, 1607, jk2_init() Found child <*> in scoreboard slot <*>
s3, 1608, jk2_init() Found child <*> in scoreboard slot <*>
s3, 1609, jk2_init() Found child <*> in scoreboard slot <*>
s3, 1610, jk2_init() Found child <*> in scoreboard slot <*>
s3, 1611, jk2_init() Found child <*> in scoreboard slot <*>
s1, 1612, <*> ok <*>
s2, 1613, mod_jk child workerEnv in error state <*>
s1, 1614, <*> ok <*>
s2, 1615, mod_jk child workerEnv in error state <*>
s1, 1616, <*> ok <*>
s2, 1617, mod_jk child workerEnv in error state <*>
s1, 1618, <*> ok <*>
s2, 1619, mod_jk child workerEnv in error state <*>
s3, 1620, jk2_init() Found child <*> in scoreboard slot <*>
s3, 1621, jk2_init() Found child <*> in scoreboard slot <*>
s3, 1622, jk2_init() Found child <*> in scoreboard slot <*>
s3, 1623, jk2_init() Found child <*> in scoreboard slot <*>
s3, 1624, jk2_init() Found child <*> in scoreboard slot <*>
s3, 1625, jk2_init() Found child <*> in scoreboard slot <*>
s3, 1626, jk2_init() Found child <*> in scoreboard slot <*>
s3, 1627, jk2_init() Found child <*> in scoreboard slot <*>
s3, 1628, jk2_init() Found child <*> in scoreboard slot <*>
s3, 1629, jk2_init() Found child <*> in scoreboard slot <*>
s3, 1630, jk2_init() Found child <*> in scoreboard slot <*>
s1, 1631, <*> ok <*>
s2, 1632, mod_jk child workerEnv in error state <*>
s1, 1633, <*> ok <*>
s2, 1634, mod_jk child workerEnv in error state <*>
s1, 1635, <*> ok <*>
s2, 1636, mod_jk child workerEnv in error state <*>
s1, 1637, <*> ok <*>
s2, 1638, mod_jk child workerEnv in error state <*>
s3, 1639, jk2_init() Found child <*> in scoreboard slot <*>
s3, 1640, jk2_init() Found child <*> in scoreboard slot <*>
s3, 1641, jk2_init() Found child <*> in scoreboard slot <*>
s3, 1642, jk2_init() Found child <*> in scoreboard slot <*>
s3, 1643, jk2_init() Found child <*> in scoreboard slot <*>
s3, 1644, jk2_init() Found child <*> in scoreboard slot <*>
s1, 1645, <*> ok <*>
s1, 1646, <*> ok <*>
s2, 1647, mod_jk child workerEnv in error state <*>
s2, 1648, mod_jk child workerEnv in error state <*>
s1, 1649, <*> ok <*>
s1, 1650, <*> ok <*>
s2, 1651, mod_jk child workerEnv in error state <*>
s2, 1652, mod_jk child workerEnv in error state <*>
s3, 1653, jk2_init() Found child <*> in scoreboard slot <*>
s3, 1654, jk2_init() Found child <*> in scoreboard slot <*>
s1, 1655, <*> ok <*>
s1, 1656, <*> ok <*>
s2, 1657, mod_jk child workerEnv in error state <*>
s2, 1658, mod_jk child workerEnv in error state <*>
s3, 1659, jk2_init() Found child <*> in scoreboard slot <*>
s3, 1660, jk2_init() Found child <*> in scoreboard slot <*>
s3, 1661, jk2_init() Found child <*> in scoreboard slot <*>
s3, 1662, jk2_init() Found child <*> in scoreboard slot <*>
s3, 1663, jk2_init() Found child <*> in scoreboard slot <*>
s3, 1664, jk2_init() Found child <*> in scoreboard slot <*>
s3, 1665, jk2_init() Found child <*> in scoreboard slot <*>
s3, 1666, jk2_init() Found child <*> in scoreboard slot <*>
s3, 1667, jk2_init() Found child <*> in scoreboard slot <*>
s3, 1668, jk2_init() Found child <*> in scoreboard slot <*>
s3, 1669, jk2_init() Found child <*> in scoreboard slot <*>
s3, 1670, jk2_init() Found child <*> in scoreboard slot <*>
s1, 1671, <*> ok <*>
s1, 1672, <*> ok <*>
s2, 1673, mod_jk child workerEnv in error state <*>
s2, 1674, mod_jk child workerEnv in error state <*>
s3, 1675, jk2_init() Found child <*> in scoreboard slot <*>
s3, 1676, jk2_init() Found child <*> in scoreboard slot <*>
s3, 1677, jk2_init() Found child <*> in scoreboard slot <*>
s1, 1678, <*> ok <*>
s1, 1679, <*> ok <*>
s1, 1680, <*> ok <*>
s2, 1681, mod_jk child workerEnv in error state <*>
s2, 1682, mod_jk child workerEnv in error state <*>
s2, 1683, mod_jk child workerEnv in error state <*>
s3, 1684, jk2_init() Found child <*> in scoreboard slot <*>
s3, 1685, jk2_init() Found child <*> in scoreboard slot <*>
s3, 1686, jk2_init() Found child <*> in scoreboard slot <*>
s3, 1687, jk2_init() Found child <*> in scoreboard slot <*>
s3, 1688, jk2_init() Found child <*> in scoreboard slot <*>
s3, 1689, jk2_init() Found child <*> in scoreboard slot <*>
s3, 1690, jk2_init() Found child <*> in scoreboard slot <*>
s3, 1691, jk2_init() Found child <*> in scoreboard slot <*>
s1, 1692, <*> ok <*>
s1, 1693, <*> ok <*>
s1, 1694, <*> ok <*>
s2, 1695, mod_jk child workerEnv in error state <*>
s2, 1696, mod_jk child workerEnv in error state <*>
s2, 1697, mod_jk child workerEnv in error state <*>
s3, 1698, jk2_init() Found child <*> in scoreboard slot <*>
s3, 1699, jk2_init() Found child <*> in scoreboard slot <*>
s1, 1700, <*> ok <*>
s1, 1701, <*> ok <*>
s2, 1702, mod_jk child workerEnv in error state <*>
s2, 1703, mod_jk child workerEnv in error state <*>
s3, 1704, jk2_init() Found child <*> in scoreboard slot <*>
s3, 1705, jk2_init() Found child <*> in scoreboard slot <*>
s3, 1706, jk2_init() Found child <*> in scoreboard slot <*>
s1, 1707, <*> ok <*>
s1, 1708, <*> ok <*>
s1, 1709, <*> ok <*>
s2, 1710, mod_jk child workerEnv in error state <*>
s2, 1711, mod_jk child workerEnv in error state <*>
s2, 1712, mod_jk child workerEnv in error state <*>
s3, 1713, jk2_init() Found child <*> in scoreboard slot <*>
s3, 1714, jk2_init() Found child <*> in scoreboard slot <*>
s3, 1715, jk2_init() Found child <*> in scoreboard slot <*>
s1, 1716, <*> ok <*>
s3, 1717, jk2_init() Found child <*> in scoreboard slot <*>
s3, 1718, jk2_init() Found child <*> in scoreboard slot <*>
s3, 1719, jk2_init() Found child <*> in scoreboard slot <*>
s3, 1720, jk2_init() Found child <*> in scoreboard slot <*>
s1, 1721, <*> ok <*>
s1, 1722, <*> ok <*>
s1, 1723, <*> ok <*>
s1, 1724, <*> ok <*>
s2, 1725, mod_jk child workerEnv in error state <*>
s2, 1726, mod_jk child workerEnv in error state <*>
s2, 1727, mod_jk child workerEnv in error state <*>
s2, 1728, mod_jk child workerEnv in error state <*>
s3, 1729, jk2_init() Found child <*> in scoreboard slot <*>
s3, 1730, jk2_init() Found child <*> in scoreboard slot <*>
s3, 1731, jk2_init() Found child <*> in scoreboard slot <*>
s3, 1732, jk2_init() Found child <*> in scoreboard slot <*>
s3, 1733, jk2_init() Found child <*> in scoreboard slot <*>
s1, 1734, <*> ok <*>
s1, 1735, <*> ok <*>
s2, 1736, mod_jk child workerEnv in error state <*>
s2, 1737, mod_jk child workerEnv in error state <*>
s3, 1738, jk2_init() Found child <*> in scoreboard slot <*>
s3, 1739, jk2_init() Found child <*> in scoreboard slot <*>
s3, 1740, jk2_init() Found child <*> in scoreboard slot <*>
s3, 1741, jk2_init() Found child <*> in scoreboard slot <*>
s3, 1742, jk2_init() Found child <*> in scoreboard slot <*>
s3, 1743, jk2_init() Found child <*> in scoreboard slot <*>
s3, 1744, jk2_init() Found child <*> in scoreboard slot <*>
s1, 1745, <*> ok <*>
s1, 1746, <*> ok <*>
s1, 1747, <*> ok <*>
s1, 1748, <*> ok <*>
s2, 1749, mod_jk child workerEnv in error state <*>
s2, 1750, mod_jk child workerEnv in error state <*>
s2, 1751, mod_jk child workerEnv in error state <*>
s2, 1752, mod_jk child workerEnv in error state <*>
s3, 1753, jk2_init() Found child <*> in scoreboard slot <*>
s3, 1754, jk2_init() Found child <*> in scoreboard slot <*>
s3, 1755, jk2_init() Found child <*> in scoreboard slot <*>
s3, 1756, jk2_init() Found child <*> in scoreboard slot <*>
s3, 1757, jk2_init() Found child <*> in scoreboard slot <*>
s3, 1758, jk2_init() Found child <*> in scoreboard slot <*>
s3, 1759, jk2_init() Found child <*> in scoreboard slot <*>
s3, 1760, jk2_init() Found child <*> in scoreboard slot <*>
s3, 1761, jk2_init() Found child <*> in scoreboard slot <*>
s3, 1762, jk2_init() Found child <*> in scoreboard slot <*>
s3, 1763, jk2_init() Found child <*> in scoreboard slot <*>
s3, 1764, jk2_init() Found child <*> in scoreboard slot <*>
s1, 1765, <*> ok <*>
s2, 1766, mod_jk child workerEnv in error state <*>
s1, 1767, <*> ok <*>
s2, 1768, mod_jk child workerEnv in error state <*>
s1, 1769, <*> ok <*>
s2, 1770, mod_jk child workerEnv in error state <*>
s3, 1771, jk2_init() Found child <*> in scoreboard slot <*>
s4, 1772, [client <*> Directory index forbidden by rule: <*>
s1, 1773, <*> ok <*>
s2, 1774, mod_jk child workerEnv in error state <*>
s3, 1775, jk2_init() Found child <*> in scoreboard slot <*>
s3, 1776, jk2_init() Found child <*> in scoreboard slot <*>
s3, 1777, jk2_init() Found child <*> in scoreboard slot <*>
s1, 1778, <*> ok <*>
s2, 1779, mod_jk child workerEnv in error state <*>
s1, 1780, <*> ok <*>
s2, 1781, mod_jk child workerEnv in error state <*>
s1, 1782, <*> ok <*>
s2, 1783, mod_jk child workerEnv in error state <*>
s3, 1784, jk2_init() Found child <*> in scoreboard slot <*>
s3, 1785, jk2_init() Found child <*> in scoreboard slot <*>
s3, 1786, jk2_init() Found child <*> in scoreboard slot <*>
s3, 1787, jk2_init() Found child <*> in scoreboard slot <*>
s3, 1788, jk2_init() Found child <*> in scoreboard slot <*>
s1, 1789, <*> ok <*>
s2, 1790, mod_jk child workerEnv in error state <*>
s1, 1791, <*> ok <*>
s2, 1792, mod_jk child workerEnv in error state <*>
s1, 1793, <*> ok <*>
s2, 1794, mod_jk child workerEnv in error state <*>
s3, 1795, jk2_init() Found child <*> in scoreboard slot <*>
s1, 1796, <*> ok <*>
s2, 1797, mod_jk child workerEnv in error state <*>
s3, 1798, jk2_init() Found child <*> in scoreboard slot <*>
s3, 1799, jk2_init() Found child <*> in scoreboard slot <*>
s3, 1800, jk2_init() Found child <*> in scoreboard slot <*>
s3, 1801, jk2_init() Found child <*> in scoreboard slot <*>
s3, 1802, jk2_init() Found child <*> in scoreboard slot <*>
s1, 1803, <*> ok <*>
s2, 1804, mod_jk child workerEnv in error state <*>
s1, 1805, <*> ok <*>
s2, 1806, mod_jk child workerEnv in error state <*>
s1, 1807, <*> ok <*>
s2, 1808, mod_jk child workerEnv in error state <*>
s3, 1809, jk2_init() Found child <*> in scoreboard slot <*>
s1, 1810, <*> ok <*>
s2, 1811, mod_jk child workerEnv in error state <*>
s3, 1812, jk2_init() Found child <*> in scoreboard slot <*>
s3, 1813, jk2_init() Found child <*> in scoreboard slot <*>
s3, 1814, jk2_init() Found child <*> in scoreboard slot <*>
s3, 1815, jk2_init() Found child <*> in scoreboard slot <*>
s1, 1816, <*> ok <*>
s1, 1817, <*> ok <*>
s1, 1818, <*> ok <*>
s2, 1819, mod_jk child workerEnv in error state <*>
s2, 1820, mod_jk child workerEnv in error state <*>
s2, 1821, mod_jk child workerEnv in error state <*>
s3, 1822, jk2_init() Found child <*> in scoreboard slot <*>
s3, 1823, jk2_init() Found child <*> in scoreboard slot <*>
s3, 1824, jk2_init() Found child <*> in scoreboard slot <*>
s3, 1825, jk2_init() Found child <*> in scoreboard slot <*>
s3, 1826, jk2_init() Found child <*> in scoreboard slot <*>
s1, 1827, <*> ok <*>
s2, 1828, mod_jk child workerEnv in error state <*>
s1, 1829, <*> ok <*>
s2, 1830, mod_jk child workerEnv in error state <*>
s1, 1831, <*> ok <*>
s2, 1832, mod_jk child workerEnv in error state <*>
s3, 1833, jk2_init() Found child <*> in scoreboard slot <*>
s3, 1834, jk2_init() Found child <*> in scoreboard slot <*>
s1, 1835, <*> ok <*>
s2, 1836, mod_jk child workerEnv in error state <*>
s1, 1837, <*> ok <*>
s2, 1838, mod_jk child workerEnv in error state <*>
s3, 1839, jk2_init() Found child <*> in scoreboard slot <*>
s3, 1840, jk2_init() Found child <*> in scoreboard slot <*>
s3, 1841, jk2_init() Found child <*> in scoreboard slot <*>
s1, 1842, <*> ok <*>
s2, 1843, mod_jk child workerEnv in error state <*>
s1, 1844, <*> ok <*>
s2, 1845, mod_jk child workerEnv in error state <*>
s1, 1846, <*> ok <*>
s2, 1847, mod_jk child workerEnv in error state <*>
s3, 1848, jk2_init() Found child <*> in scoreboard slot <*>
s3, 1849, jk2_init() Found child <*> in scoreboard slot <*>
s3, 1850, jk2_init() Found child <*> in scoreboard slot <*>
s1, 1851, <*> ok <*>
s2, 1852, mod_jk child workerEnv in error state <*>
s1, 1853, <*> ok <*>
s2, 1854, mod_jk child workerEnv in error state <*>
s1, 1855, <*> ok <*>
s2, 1856, mod_jk child workerEnv in error state <*>
s3, 1857, jk2_init() Found child <*> in scoreboard slot <*>
s3, 1858, jk2_init() Found child <*> in scoreboard slot <*>
s3, 1859, jk2_init() Found child <*> in scoreboard slot <*>
s1, 1860, <*> ok <*>
s2, 1861, mod_jk child workerEnv in error state <*>
s1, 1862, <*> ok <*>
s2, 1863, mod_jk child workerEnv in error state <*>
s1, 1864, <*> ok <*>
s2, 1865, mod_jk child workerEnv in error state <*>
s3, 1866, jk2_init() Found child <*> in scoreboard slot <*>
s3, 1867, jk2_init() Found child <*> in scoreboard slot <*>
s3, 1868, jk2_init() Found child <*> in scoreboard slot <*>
s1, 1869, <*> ok <*>
s1, 1870, <*> ok <*>
s1, 1871, <*> ok <*>
s2, 1872, mod_jk child workerEnv in error state <*>
s2, 1873, mod_jk child workerEnv in error state <*>
s2, 1874, mod_jk child workerEnv in error state <*>
s3, 1875, jk2_init() Found child <*> in scoreboard slot <*>
s3, 1876, jk2_init() Found child <*> in scoreboard slot <*>
s3, 1877, jk2_init() Found child <*> in scoreboard slot <*>
s3, 1878, jk2_init() Found child <*> in scoreboard slot <*>
s3, 1879, jk2_init() Found child <*> in scoreboard slot <*>
s3, 1880, jk2_init() Found child <*> in scoreboard slot <*>
s3, 1881, jk2_init() Found child <*> in scoreboard slot <*>
s3, 1882, jk2_init() Found child <*> in scoreboard slot <*>
s3, 1883, jk2_init() Found child <*> in scoreboard slot <*>
s1, 1884, <*> ok <*>
s1, 1885, <*> ok <*>
s1, 1886, <*> ok <*>
s2, 1887, mod_jk child workerEnv in error state <*>
s2, 1888, mod_jk child workerEnv in error state <*>
s2, 1889, mod_jk child workerEnv in error state <*>
s4, 1890, [client <*> Directory index forbidden by rule: <*>
s3, 1891, jk2_init() Found child <*> in scoreboard slot <*>
s4, 1892, [client <*> Directory index forbidden by rule: <*>
s1, 1893, <*> ok <*>
s2, 1894, mod_jk child workerEnv in error state <*>
s3, 1895, jk2_init() Found child <*> in scoreboard slot <*>
s3, 1896, jk2_init() Found child <*> in scoreboard slot <*>
s1, 1897, <*> ok <*>
s2, 1898, mod_jk child workerEnv in error state <*>
s1, 1899, <*> ok <*>
s2, 1900, mod_jk child workerEnv in error state <*>
s3, 1901, jk2_init() Found child <*> in scoreboard slot <*>
s3, 1902, jk2_init() Found child <*> in scoreboard slot <*>
s1, 1903, <*> ok <*>
s2, 1904, mod_jk child workerEnv in error state <*>
s1, 1905, <*> ok <*>
s2, 1906, mod_jk child workerEnv in error state <*>
s3, 1907, jk2_init() Found child <*> in scoreboard slot <*>
s3, 1908, jk2_init() Found child <*> in scoreboard slot <*>
s1, 1909, <*> ok <*>
s1, 1910, <*> ok <*>
s2, 1911, mod_jk child workerEnv in error state <*>
s2, 1912, mod_jk child workerEnv in error state <*>
s3, 1913, jk2_init() Found child <*> in scoreboard slot <*>
s3, 1914, jk2_init() Found child <*> in scoreboard slot <*>
s1, 1915, <*> ok <*>
s2, 1916, mod_jk child workerEnv in error state <*>
s1, 1917, <*> ok <*>
s2, 1918, mod_jk child workerEnv in error state <*>
s3, 1919, jk2_init() Found child <*> in scoreboard slot <*>
s3, 1920, jk2_init() Found child <*> in scoreboard slot <*>
s1, 1921, <*> ok <*>
s1, 1922, <*> ok <*>
s2, 1923, mod_jk child workerEnv in error state <*>
s2, 1924, mod_jk child workerEnv in error state <*>
s3, 1925, jk2_init() Found child <*> in scoreboard slot <*>
s1, 1926, <*> ok <*>
s2, 1927, mod_jk child workerEnv in error state <*>
s3, 1928, jk2_init() Found child <*> in scoreboard slot <*>
s3, 1929, jk2_init() Found child <*> in scoreboard slot <*>
s1, 1930, <*> ok <*>
s2, 1931, mod_jk child workerEnv in error state <*>
s1, 1932, <*> ok <*>
s2, 1933, mod_jk child workerEnv in error state <*>
s3, 1934, jk2_init() Found child <*> in scoreboard slot <*>
s3, 1935, jk2_init() Found child <*> in scoreboard slot <*>
s1, 1936, <*> ok <*>
s1, 1937, <*> ok <*>
s2, 1938, mod_jk child workerEnv in error state <*>
s2, 1939, mod_jk child workerEnv in error state <*>
s3, 1940, jk2_init() Found child <*> in scoreboard slot <*>
s3, 1941, jk2_init() Found child <*> in scoreboard slot <*>
s1, 1942, <*> ok <*>
s2, 1943, mod_jk child workerEnv in error state <*>
s1, 1944, <*> ok <*>
s2, 1945, mod_jk child workerEnv in error state <*>
s3, 1946, jk2_init() Found child <*> in scoreboard slot <*>
s3, 1947, jk2_init() Found child <*> in scoreboard slot <*>
s1, 1948, <*> ok <*>
s2, 1949, mod_jk child workerEnv in error state <*>
s3, 1950, jk2_init() Found child <*> in scoreboard slot <*>
s1, 1951, <*> ok <*>
s2, 1952, mod_jk child workerEnv in error state <*>
s3, 1953, jk2_init() Found child <*> in scoreboard slot <*>
s3, 1954, jk2_init() Found child <*> in scoreboard slot <*>
s1, 1955, <*> ok <*>
s2, 1956, mod_jk child workerEnv in error state <*>
s1, 1957, <*> ok <*>
s2, 1958, mod_jk child workerEnv in error state <*>
s3, 1959, jk2_init() Found child <*> in scoreboard slot <*>
s3, 1960, jk2_init() Found child <*> in scoreboard slot <*>
s1, 1961, <*> ok <*>
s2, 1962, mod_jk child workerEnv in error state <*>
s1, 1963, <*> ok <*>
s2, 1964, mod_jk child workerEnv in error state <*>
s3, 1965, jk2_init() Found child <*> in scoreboard slot <*>
s3, 1966, jk2_init() Found child <*> in scoreboard slot <*>
s1, 1967, <*> ok <*>
s2, 1968, mod_jk child workerEnv in error state <*>
s1, 1969, <*> ok <*>
s2, 1970, mod_jk child workerEnv in error state <*>
s3, 1971, jk2_init() Found child <*> in scoreboard slot <*>
s1, 1972, <*> ok <*>
s2, 1973, mod_jk child workerEnv in error state <*>
s3, 1974, jk2_init() Found child <*> in scoreboard slot <*>
s3, 1975, jk2_init() Found child <*> in scoreboard slot <*>
s1, 1976, <*> ok <*>
s2, 1977, mod_jk child workerEnv in error state <*>
s1, 1978, <*> ok <*>
s2, 1979, mod_jk child workerEnv in error state <*>
s3, 1980, jk2_init() Found child <*> in scoreboard slot <*>
s3, 1981, jk2_init() Found child <*> in scoreboard slot <*>
s1, 1982, <*> ok <*>
s1, 1983, <*> ok <*>
s2, 1984, mod_jk child workerEnv in error state <*>
s2, 1985, mod_jk child workerEnv in error state <*>
s3, 1986, jk2_init() Found child <*> in scoreboard slot <*>
s1, 1987, <*> ok <*>
s2, 1988, mod_jk child workerEnv in error state <*>
s4, 1989, [client <*> Directory index forbidden by rule: <*>
s3, 1990, jk2_init() Found child <*> in scoreboard slot <*>
s1, 1991, <*> ok <*>
s2, 1992, mod_jk child workerEnv in error state <*>
s3, 1993, jk2_init() Found child <*> in scoreboard slot <*>
s4, 1994, [client <*> Directory index forbidden by rule: <*>
s1, 1995, <*> ok <*>
s2, 1996, mod_jk child workerEnv in error state <*>
s3, 1997, jk2_init() Found child <*> in scoreboard slot <*>
s3, 1998, jk2_init() Found child <*> in scoreboard slot <*>
s1, 1999, <*> ok <*>
s2, 2000, mod_jk child workerEnv in error state <*>
