E23, 1
E13, 2
E13, 3
E13, 4
E17, 5
E44, 6
E48, 7
E40, 8
E37, 9
E42, 10
E39, 11
E38, 12
E41, 13
E43, 14
E25, 15
E26, 16
E5, 17
E2, 18
E1, 19
E3, 20
E27, 21
E47, 22
E4, 23
E36, 24
E36, 25
E50, 26
E18, 27
E20, 28
E50, 29
E18, 30
E20, 31
E50, 32
E18, 33
E20, 34
E50, 35
E18, 36
E20, 37
E50, 38
E50, 39
E18, 40
E20, 41
E50, 42
E18, 43
E20, 44
E50, 45
E18, 46
E20, 47
E50, 48
E18, 49
E20, 50
E50, 51
E50, 52
E18, 53
E20, 54
E50, 55
E18, 56
E20, 57
E50, 58
E18, 59
E20, 60
E50, 61
E18, 62
E20, 63
E50, 64
E50, 65
E18, 66
E20, 67
E50, 68
E18, 69
E20, 70
E50, 71
E18, 72
E20, 73
E50, 74
E18, 75
E20, 76
E50, 77
E50, 78
E18, 79
E20, 80
E50, 81
E18, 82
E20, 83
E50, 84
E18, 85
E20, 86
E50, 87
E18, 88
E20, 89
E50, 90
E50, 91
E18, 92
E20, 93
E50, 94
E18, 95
E20, 96
E50, 97
E18, 98
E20, 99
E50, 100
E18, 101
E20, 102
E50, 103
E50, 104
E18, 105
E20, 106
E50, 107
E18, 108
E20, 109
E50, 110
E18, 111
E20, 112
E50, 113
E18, 114
E20, 115
E50, 116
E50, 117
E18, 118
E20, 119
E50, 120
E18, 121
E20, 122
E50, 123
E18, 124
E20, 125
E50, 126
E18, 127
E20, 128
E50, 129
E36, 130
E21, 131
E36, 132
E36, 133
E50, 134
E18, 135
E20, 136
E50, 137
E18, 138
E20, 139
E50, 140
E18, 141
E20, 142
E50, 143
E18, 144
E20, 145
E50, 146
E50, 147
E18, 148
E20, 149
E50, 150
E18, 151
E20, 152
E50, 153
E18, 154
E20, 155
E50, 156
E18, 157
E20, 158
E50, 159
E50, 160
E18, 161
E20, 162
E50, 163
E18, 164
E20, 165
E50, 166
E18, 167
E20, 168
E50, 169
E18, 170
E20, 171
E50, 172
E50, 173
E18, 174
E20, 175
E50, 176
E18, 177
E20, 178
E50, 179
E18, 180
E20, 181
E50, 182
E18, 183
E20, 184
E50, 185
E50, 186
E18, 187
E20, 188
E50, 189
E18, 190
E20, 191
E50, 192
E18, 193
E20, 194
E50, 195
E18, 196
E20, 197
E50, 198
E50, 199
E18, 200
E20, 201
E50, 202
E18, 203
E20, 204
E50, 205
E18, 206
E20, 207
E50, 208
E18, 209
E20, 210
E50, 211
E50, 212
E18, 213
E20, 214
E50, 215
E18, 216
E20, 217
E50, 218
E18, 219
E20, 220
E50, 221
E18, 222
E20, 223
E50, 224
E50, 225
E18, 226
E20, 227
E50, 228
E18, 229
E20, 230
E50, 231
E18, 232
E20, 233
E50, 234
E18, 235
E20, 236
E50, 237
E36, 238
E50, 239
E18, 240
E20, 241
E50, 242
E18, 243
E20, 244
E50, 245
E18, 246
E20, 247
E50, 248
E18, 249
E20, 250
E50, 251
E50, 252
E18, 253
E20, 254
E50, 255
E18, 256
E20, 257
E50, 258
E18, 259
E20, 260
E50, 261
E18, 262
E20, 263
E50, 264
E50, 265
E18, 266
E20, 267
E50, 268
E18, 269
E20, 270
E50, 271
E18, 272
E20, 273
E50, 274
E18, 275
E20, 276
E50, 277
E50, 278
E18, 279
E20, 280
E50, 281
E18, 282
E20, 283
E50, 284
E18, 285
E20, 286
E50, 287
E18, 288
E20, 289
E50, 290
E50, 291
E18, 292
E20, 293
E50, 294
E18, 295
E20, 296
E50, 297
E18, 298
E20, 299
E50, 300
E18, 301
E20, 302
E50, 303
E50, 304
E18, 305
E20, 306
E50, 307
E18, 308
E20, 309
E50, 310
E18, 311
E20, 312
E50, 313
E18, 314
E20, 315
E50, 316
E50, 317
E18, 318
E20, 319
E50, 320
E18, 321
E20, 322
E50, 323
E18, 324
E20, 325
E50, 326
E18, 327
E20, 328
E50, 329
E50, 330
E18, 331
E20, 332
E50, 333
E18, 334
E20, 335
E50, 336
E18, 337
E20, 338
E50, 339
E18, 340
E20, 341
E50, 342
E36, 343
E21, 344
E36, 345
E21, 346
E36, 347
E21, 348
E36, 349
E21, 350
E36, 351
E21, 352
E36, 353
E21, 354
E36, 355
E21, 356
E36, 357
E36, 358
E29, 359
E36, 360
E29, 361
E36, 362
E29, 363
E36, 364
E29, 365
E36, 366
E29, 367
E36, 368
E29, 369
E36, 370
E29, 371
E36, 372
E29, 373
E36, 374
E29, 375
E36, 376
E29, 377
E36, 378
E29, 379
E36, 380
E29, 381
E36, 382
E29, 383
E36, 384
E36, 385
E29, 386
E36, 387
E29, 388
E36, 389
E29, 390
E36, 391
E29, 392
E36, 393
E29, 394
E36, 395
E29, 396
E36, 397
E29, 398
E36, 399
E29, 400
E36, 401
E29, 402
E36, 403
E29, 404
E36, 405
E29, 406
E36, 407
E29, 408
E36, 409
E36, 410
E29, 411
E36, 412
E29, 413
E36, 414
E29, 415
E36, 416
E29, 417
E36, 418
E29, 419
E36, 420
E29, 421
E36, 422
E29, 423
E36, 424
E29, 425
E36, 426
E29, 427
E36, 428
E29, 429
E36, 430
E29, 431
E36, 432
E29, 433
E36, 434
E29, 435
E36, 436
E29, 437
E36, 438
E29, 439
E36, 440
E29, 441
E36, 442
E29, 443
E36, 444
E29, 445
E36, 446
E29, 447
E36, 448
E29, 449
E36, 450
E29, 451
E36, 452
E29, 453
E36, 454
E29, 455
E36, 456
E29, 457
E36, 458
E29, 459
E36, 460
E29, 461
E36, 462
E29, 463
E36, 464
E29, 465
E36, 466
E29, 467
E36, 468
E29, 469
E36, 470
E29, 471
E36, 472
E29, 473
E36, 474
E29, 475
E36, 476
E29, 477
E36, 478
E29, 479
E36, 480
E29, 481
E36, 482
E29, 483
E36, 484
E29, 485
E36, 486
E29, 487
E36, 488
E29, 489
E36, 490
E29, 491
E36, 492
E29, 493
E36, 494
E29, 495
E36, 496
E29, 497
E36, 498
E29, 499
E36, 500
E29, 501
E36, 502
E29, 503
E36, 504
E29, 505
E36, 506
E29, 507
E36, 508
E29, 509
E36, 510
E29, 511
E36, 512
E29, 513
E36, 514
E29, 515
E36, 516
E29, 517
E36, 518
E29, 519
E36, 520
E29, 521
E36, 522
E29, 523
E36, 524
E29, 525
E36, 526
E29, 527
E36, 528
E21, 529
E36, 530
E29, 531
E36, 532
E29, 533
E36, 534
E29, 535
E36, 536
E29, 537
E36, 538
E29, 539
E36, 540
E29, 541
E36, 542
E29, 543
E36, 544
E29, 545
E36, 546
E29, 547
E36, 548
E29, 549
E36, 550
E29, 551
E36, 552
E29, 553
E36, 554
E29, 555
E36, 556
E29, 557
E36, 558
E29, 559
E36, 560
E29, 561
E36, 562
E29, 563
E36, 564
E29, 565
E36, 566
E29, 567
E36, 568
E29, 569
E36, 570
E29, 571
E36, 572
E29, 573
E36, 574
E29, 575
E36, 576
E29, 577
E36, 578
E29, 579
E36, 580
E29, 581
E36, 582
E29, 583
E36, 584
E29, 585
E36, 586
E29, 587
E36, 588
E29, 589
E36, 590
E29, 591
E36, 592
E36, 593
E29, 594
E36, 595
E29, 596
E36, 597
E29, 598
E36, 599
E29, 600
E36, 601
E29, 602
E36, 603
E29, 604
E36, 605
E29, 606
E36, 607
E29, 608
E36, 609
E29, 610
E36, 611
E29, 612
E36, 613
E29, 614
E36, 615
E29, 616
E36, 617
E29, 618
E36, 619
E29, 620
E36, 621
E29, 622
E36, 623
E29, 624
E36, 625
E29, 626
E36, 627
E29, 628
E36, 629
E36, 630
E29, 631
E36, 632
E29, 633
E36, 634
E36, 635
E29, 636
E36, 637
E29, 638
E36, 639
E29, 640
E36, 641
E29, 642
E36, 643
E29, 644
E36, 645
E36, 646
E29, 647
E36, 648
E36, 649
E29, 650
E36, 651
E29, 652
E36, 653
E29, 654
E36, 655
E29, 656
E36, 657
E29, 658
E36, 659
E29, 660
E36, 661
E29, 662
E36, 663
E29, 664
E36, 665
E29, 666
E36, 667
E29, 668
E36, 669
E29, 670
E36, 671
E29, 672
E36, 673
E29, 674
E36, 675
E29, 676
E36, 677
E29, 678
E36, 679
E29, 680
E36, 681
E29, 682
E36, 683
E29, 684
E36, 685
E29, 686
E36, 687
E29, 688
E36, 689
E29, 690
E36, 691
E29, 692
E36, 693
E29, 694
E36, 695
E29, 696
E36, 697
E29, 698
E36, 699
E29, 700
E36, 701
E29, 702
E36, 703
E29, 704
E36, 705
E29, 706
E36, 707
E29, 708
E36, 709
E29, 710
E36, 711
E29, 712
E36, 713
E29, 714
E36, 715
E29, 716
E36, 717
E29, 718
E36, 719
E29, 720
E36, 721
E29, 722
E36, 723
E29, 724
E36, 725
E29, 726
E36, 727
E29, 728
E36, 729
E29, 730
E36, 731
E29, 732
E36, 733
E29, 734
E36, 735
E29, 736
E36, 737
E29, 738
E36, 739
E29, 740
E36, 741
E29, 742
E36, 743
E29, 744
E36, 745
E29, 746
E36, 747
E29, 748
E36, 749
E29, 750
E36, 751
E29, 752
E36, 753
E29, 754
E36, 755
E29, 756
E36, 757
E29, 758
E36, 759
E29, 760
E36, 761
E29, 762
E36, 763
E29, 764
E36, 765
E29, 766
E36, 767
E29, 768
E36, 769
E29, 770
E36, 771
E29, 772
E36, 773
E29, 774
E36, 775
E29, 776
E36, 777
E29, 778
E36, 779
E29, 780
E36, 781
E29, 782
E36, 783
E29, 784
E36, 785
E29, 786
E36, 787
E29, 788
E36, 789
E29, 790
E36, 791
E29, 792
E36, 793
E29, 794
E36, 795
E29, 796
E36, 797
E29, 798
E36, 799
E29, 800
E36, 801
E29, 802
E36, 803
E29, 804
E36, 805
E36, 806
E29, 807
E36, 808
E29, 809
E36, 810
E29, 811
E36, 812
E29, 813
E36, 814
E29, 815
E36, 816
E29, 817
E36, 818
E29, 819
E36, 820
E29, 821
E36, 822
E29, 823
E36, 824
E29, 825
E36, 826
E29, 827
E36, 828
E29, 829
E36, 830
E29, 831
E36, 832
E29, 833
E36, 834
E29, 835
E36, 836
E29, 837
E36, 838
E29, 839
E36, 840
E29, 841
E36, 842
E29, 843
E36, 844
E29, 845
E36, 846
E29, 847
E36, 848
E29, 849
E36, 850
E29, 851
E36, 852
E29, 853
E36, 854
E29, 855
E36, 856
E29, 857
E36, 858
E29, 859
E36, 860
E29, 861
E36, 862
E29, 863
E36, 864
E29, 865
E36, 866
E29, 867
E36, 868
E29, 869
E36, 870
E29, 871
E36, 872
E29, 873
E36, 874
E29, 875
E36, 876
E29, 877
E36, 878
E29, 879
E36, 880
E36, 881
E29, 882
E36, 883
E29, 884
E36, 885
E29, 886
E36, 887
E29, 888
E36, 889
E29, 890
E36, 891
E29, 892
E36, 893
E29, 894
E36, 895
E29, 896
E36, 897
E29, 898
E36, 899
E29, 900
E36, 901
E29, 902
E36, 903
E29, 904
E36, 905
E29, 906
E36, 907
E29, 908
E36, 909
E29, 910
E36, 911
E29, 912
E36, 913
E36, 914
E29, 915
E36, 916
E29, 917
E36, 918
E29, 919
E36, 920
E29, 921
E36, 922
E29, 923
E36, 924
E29, 925
E36, 926
E29, 927
E36, 928
E29, 929
E36, 930
E29, 931
E36, 932
E29, 933
E36, 934
E29, 935
E19, 936
E30, 937
E34, 938
E10, 939
E32, 940
E7, 941
E8, 942
E6, 943
E2, 944
E1, 945
E3, 946
E33, 947
E9, 948
E31, 949
E22, 950
E15, 951
E45, 952
E16, 953
E46, 954
E23, 955
E13, 956
E13, 957
E13, 958
E17, 959
E44, 960
E48, 961
E40, 962
E37, 963
E42, 964
E39, 965
E38, 966
E41, 967
E43, 968
E25, 969
E26, 970
E5, 971
E2, 972
E1, 973
E3, 974
E27, 975
E47, 976
E24, 977
E24, 978
E24, 979
E24, 980
E24, 981
E24, 982
E24, 983
E24, 984
E28, 985
E14, 986
E11, 987
E12, 988
E4, 989
E35, 990
E50, 991
E18, 992
E20, 993
E50, 994
E18, 995
E20, 996
E50, 997
E18, 998
E20, 999
E50, 1000
E18, 1001
E20, 1002
E50, 1003
E50, 1004
E18, 1005
E20, 1006
E50, 1007
E18, 1008
E20, 1009
E50, 1010
E18, 1011
E20, 1012
E50, 1013
E18, 1014
E20, 1015
E50, 1016
E50, 1017
E18, 1018
E20, 1019
E50, 1020
E18, 1021
E20, 1022
E50, 1023
E18, 1024
E20, 1025
E50, 1026
E18, 1027
E20, 1028
E50, 1029
E50, 1030
E18, 1031
E20, 1032
E50, 1033
E18, 1034
E20, 1035
E50, 1036
E18, 1037
E20, 1038
E50, 1039
E18, 1040
E20, 1041
E50, 1042
E50, 1043
E18, 1044
E20, 1045
E50, 1046
E18, 1047
E20, 1048
E50, 1049
E18, 1050
E20, 1051
E50, 1052
E18, 1053
E20, 1054
E50, 1055
E50, 1056
E18, 1057
E20, 1058
E50, 1059
E18, 1060
E20, 1061
E50, 1062
E18, 1063
E20, 1064
E50, 1065
E18, 1066
E20, 1067
E50, 1068
E50, 1069
E18, 1070
E20, 1071
E50, 1072
E18, 1073
E20, 1074
E50, 1075
E18, 1076
E20, 1077
E50, 1078
E18, 1079
E20, 1080
E50, 1081
E50, 1082
E18, 1083
E20, 1084
E50, 1085
E18, 1086
E20, 1087
E50, 1088
E18, 1089
E20, 1090
E50, 1091
E18, 1092
E20, 1093
E50, 1094
E49, 1095
E49, 1096
E49, 1097
E49, 1098
E49, 1099
E49, 1100
E49, 1101
E49, 1102
E19, 1103
E4, 1104
E36, 1105
E36, 1106
E50, 1107
E18, 1108
E20, 1109
E50, 1110
E18, 1111
E20, 1112
E50, 1113
E18, 1114
E20, 1115
E50, 1116
E18, 1117
E20, 1118
E50, 1119
E50, 1120
E18, 1121
E20, 1122
E50, 1123
E18, 1124
E20, 1125
E50, 1126
E18, 1127
E20, 1128
E50, 1129
E18, 1130
E20, 1131
E50, 1132
E50, 1133
E18, 1134
E20, 1135
E50, 1136
E18, 1137
E20, 1138
E50, 1139
E18, 1140
E20, 1141
E50, 1142
E18, 1143
E20, 1144
E50, 1145
E50, 1146
E18, 1147
E20, 1148
E50, 1149
E18, 1150
E20, 1151
E50, 1152
E18, 1153
E20, 1154
E50, 1155
E18, 1156
E20, 1157
E50, 1158
E50, 1159
E18, 1160
E20, 1161
E50, 1162
E18, 1163
E20, 1164
E50, 1165
E18, 1166
E20, 1167
E50, 1168
E18, 1169
E20, 1170
E50, 1171
E50, 1172
E18, 1173
E20, 1174
E50, 1175
E18, 1176
E20, 1177
E50, 1178
E18, 1179
E20, 1180
E50, 1181
E18, 1182
E20, 1183
E50, 1184
E50, 1185
E18, 1186
E20, 1187
E50, 1188
E18, 1189
E20, 1190
E50, 1191
E18, 1192
E20, 1193
E50, 1194
E18, 1195
E20, 1196
E50, 1197
E50, 1198
E18, 1199
E20, 1200
E50, 1201
E18, 1202
E20, 1203
E50, 1204
E18, 1205
E20, 1206
E50, 1207
E18, 1208
E20, 1209
E50, 1210
E36, 1211
E21, 1212
E36, 1213
E36, 1214
E50, 1215
E18, 1216
E20, 1217
E50, 1218
E18, 1219
E20, 1220
E50, 1221
E18, 1222
E20, 1223
E50, 1224
E18, 1225
E20, 1226
E50, 1227
E50, 1228
E18, 1229
E20, 1230
E50, 1231
E18, 1232
E20, 1233
E50, 1234
E18, 1235
E20, 1236
E50, 1237
E18, 1238
E20, 1239
E50, 1240
E50, 1241
E18, 1242
E20, 1243
E50, 1244
E18, 1245
E20, 1246
E50, 1247
E18, 1248
E20, 1249
E50, 1250
E18, 1251
E20, 1252
E50, 1253
E50, 1254
E18, 1255
E20, 1256
E50, 1257
E18, 1258
E20, 1259
E50, 1260
E18, 1261
E20, 1262
E50, 1263
E18, 1264
E20, 1265
E50, 1266
E50, 1267
E18, 1268
E20, 1269
E50, 1270
E18, 1271
E20, 1272
E50, 1273
E18, 1274
E20, 1275
E50, 1276
E18, 1277
E20, 1278
E50, 1279
E50, 1280
E18, 1281
E20, 1282
E50, 1283
E18, 1284
E20, 1285
E50, 1286
E18, 1287
E20, 1288
E50, 1289
E18, 1290
E20, 1291
E50, 1292
E50, 1293
E18, 1294
E20, 1295
E50, 1296
E18, 1297
E20, 1298
E50, 1299
E18, 1300
E20, 1301
E50, 1302
E18, 1303
E20, 1304
E50, 1305
E50, 1306
E18, 1307
E20, 1308
E50, 1309
E18, 1310
E20, 1311
E50, 1312
E18, 1313
E20, 1314
E50, 1315
E18, 1316
E20, 1317
E50, 1318
E36, 1319
E50, 1320
E18, 1321
E20, 1322
E50, 1323
E18, 1324
E20, 1325
E50, 1326
E18, 1327
E20, 1328
E50, 1329
E18, 1330
E20, 1331
E50, 1332
E50, 1333
E18, 1334
E20, 1335
E50, 1336
E18, 1337
E20, 1338
E50, 1339
E18, 1340
E20, 1341
E50, 1342
E18, 1343
E20, 1344
E50, 1345
E50, 1346
E18, 1347
E20, 1348
E50, 1349
E18, 1350
E20, 1351
E50, 1352
E18, 1353
E20, 1354
E50, 1355
E18, 1356
E20, 1357
E50, 1358
E50, 1359
E18, 1360
E20, 1361
E50, 1362
E18, 1363
E20, 1364
E50, 1365
E18, 1366
E20, 1367
E50, 1368
E18, 1369
E20, 1370
E50, 1371
E50, 1372
E18, 1373
E20, 1374
E50, 1375
E18, 1376
E20, 1377
E50, 1378
E18, 1379
E20, 1380
E50, 1381
E18, 1382
E20, 1383
E50, 1384
E50, 1385
E18, 1386
E20, 1387
E50, 1388
E18, 1389
E20, 1390
E50, 1391
E18, 1392
E20, 1393
E50, 1394
E18, 1395
E20, 1396
E50, 1397
E50, 1398
E18, 1399
E20, 1400
E50, 1401
E18, 1402
E20, 1403
E50, 1404
E18, 1405
E20, 1406
E50, 1407
E18, 1408
E20, 1409
E50, 1410
E50, 1411
E18, 1412
E20, 1413
E50, 1414
E18, 1415
E20, 1416
E50, 1417
E18, 1418
E20, 1419
E50, 1420
E18, 1421
E20, 1422
E50, 1423
E36, 1424
E21, 1425
E36, 1426
E21, 1427
E36, 1428
E21, 1429
E36, 1430
E21, 1431
E36, 1432
E21, 1433
E36, 1434
E21, 1435
E36, 1436
E21, 1437
E36, 1438
E36, 1439
E29, 1440
E36, 1441
E29, 1442
E36, 1443
E29, 1444
E36, 1445
E29, 1446
E36, 1447
E29, 1448
E36, 1449
E29, 1450
E36, 1451
E29, 1452
E36, 1453
E29, 1454
E36, 1455
E29, 1456
E36, 1457
E29, 1458
E36, 1459
E29, 1460
E36, 1461
E29, 1462
E36, 1463
E29, 1464
E36, 1465
E36, 1466
E29, 1467
E36, 1468
E29, 1469
E36, 1470
E29, 1471
E36, 1472
E29, 1473
E36, 1474
E29, 1475
E36, 1476
E29, 1477
E36, 1478
E29, 1479
E36, 1480
E29, 1481
E36, 1482
E29, 1483
E36, 1484
E29, 1485
E36, 1486
E29, 1487
E36, 1488
E29, 1489
E36, 1490
E36, 1491
E29, 1492
E36, 1493
E29, 1494
E36, 1495
E29, 1496
E36, 1497
E29, 1498
E36, 1499
E29, 1500
E36, 1501
E29, 1502
E36, 1503
E29, 1504
E36, 1505
E29, 1506
E36, 1507
E29, 1508
E36, 1509
E29, 1510
E36, 1511
E29, 1512
E36, 1513
E29, 1514
E36, 1515
E29, 1516
E36, 1517
E29, 1518
E36, 1519
E29, 1520
E36, 1521
E29, 1522
E36, 1523
E29, 1524
E36, 1525
E29, 1526
E36, 1527
E29, 1528
E36, 1529
E29, 1530
E36, 1531
E29, 1532
E36, 1533
E29, 1534
E36, 1535
E29, 1536
E36, 1537
E29, 1538
E36, 1539
E29, 1540
E36, 1541
E29, 1542
E36, 1543
E29, 1544
E36, 1545
E29, 1546
E36, 1547
E29, 1548
E36, 1549
E29, 1550
E36, 1551
E29, 1552
E36, 1553
E29, 1554
E36, 1555
E29, 1556
E36, 1557
E29, 1558
E36, 1559
E29, 1560
E36, 1561
E29, 1562
E36, 1563
E29, 1564
E36, 1565
E29, 1566
E36, 1567
E29, 1568
E36, 1569
E29, 1570
E36, 1571
E29, 1572
E36, 1573
E29, 1574
E36, 1575
E29, 1576
E36, 1577
E29, 1578
E36, 1579
E29, 1580
E36, 1581
E29, 1582
E36, 1583
E29, 1584
E36, 1585
E29, 1586
E36, 1587
E29, 1588
E36, 1589
E29, 1590
E36, 1591
E29, 1592
E36, 1593
E29, 1594
E36, 1595
E29, 1596
E36, 1597
E29, 1598
E36, 1599
E29, 1600
E36, 1601
E29, 1602
E36, 1603
E29, 1604
E36, 1605
E29, 1606
E36, 1607
E29, 1608
E36, 1609
E21, 1610
E36, 1611
E29, 1612
E36, 1613
E29, 1614
E36, 1615
E29, 1616
E36, 1617
E29, 1618
E36, 1619
E29, 1620
E36, 1621
E29, 1622
E36, 1623
E29, 1624
E36, 1625
E29, 1626
E36, 1627
E29, 1628
E36, 1629
E29, 1630
E36, 1631
E29, 1632
E36, 1633
E29, 1634
E36, 1635
E29, 1636
E36, 1637
E29, 1638
E36, 1639
E29, 1640
E36, 1641
E29, 1642
E36, 1643
E29, 1644
E36, 1645
E29, 1646
E36, 1647
E29, 1648
E36, 1649
E29, 1650
E36, 1651
E29, 1652
E36, 1653
E29, 1654
E36, 1655
E29, 1656
E36, 1657
E29, 1658
E36, 1659
E29, 1660
E36, 1661
E29, 1662
E36, 1663
E29, 1664
E36, 1665
E29, 1666
E36, 1667
E29, 1668
E36, 1669
E29, 1670
E36, 1671
E29, 1672
E36, 1673
E36, 1674
E29, 1675
E36, 1676
E29, 1677
E36, 1678
E29, 1679
E36, 1680
E29, 1681
E36, 1682
E29, 1683
E36, 1684
E29, 1685
E36, 1686
E29, 1687
E36, 1688
E29, 1689
E36, 1690
E29, 1691
E36, 1692
E29, 1693
E36, 1694
E29, 1695
E36, 1696
E29, 1697
E36, 1698
E29, 1699
E36, 1700
E29, 1701
E36, 1702
E29, 1703
E36, 1704
E29, 1705
E36, 1706
E29, 1707
E36, 1708
E29, 1709
E36, 1710
E36, 1711
E29, 1712
E36, 1713
E29, 1714
E36, 1715
E36, 1716
E29, 1717
E36, 1718
E29, 1719
E36, 1720
E29, 1721
E36, 1722
E29, 1723
E36, 1724
E29, 1725
E36, 1726
E36, 1727
E29, 1728
E36, 1729
E36, 1730
E29, 1731
E36, 1732
E29, 1733
E36, 1734
E29, 1735
E36, 1736
E29, 1737
E36, 1738
E29, 1739
E36, 1740
E29, 1741
E36, 1742
E29, 1743
E36, 1744
E29, 1745
E36, 1746
E29, 1747
E36, 1748
E29, 1749
E36, 1750
E29, 1751
E36, 1752
E29, 1753
E36, 1754
E29, 1755
E36, 1756
E29, 1757
E36, 1758
E29, 1759
E36, 1760
E29, 1761
E36, 1762
E29, 1763
E36, 1764
E29, 1765
E36, 1766
E29, 1767
E36, 1768
E29, 1769
E36, 1770
E29, 1771
E36, 1772
E29, 1773
E36, 1774
E29, 1775
E36, 1776
E29, 1777
E36, 1778
E29, 1779
E36, 1780
E29, 1781
E36, 1782
E29, 1783
E36, 1784
E29, 1785
E36, 1786
E29, 1787
E36, 1788
E29, 1789
E36, 1790
E29, 1791
E36, 1792
E29, 1793
E36, 1794
E29, 1795
E36, 1796
E29, 1797
E36, 1798
E29, 1799
E36, 1800
E29, 1801
E36, 1802
E29, 1803
E36, 1804
E29, 1805
E36, 1806
E29, 1807
E36, 1808
E29, 1809
E36, 1810
E29, 1811
E36, 1812
E29, 1813
E36, 1814
E29, 1815
E36, 1816
E29, 1817
E36, 1818
E29, 1819
E36, 1820
E29, 1821
E36, 1822
E29, 1823
E36, 1824
E29, 1825
E36, 1826
E29, 1827
E36, 1828
E29, 1829
E36, 1830
E29, 1831
E36, 1832
E29, 1833
E36, 1834
E29, 1835
E36, 1836
E29, 1837
E36, 1838
E29, 1839
E36, 1840
E29, 1841
E36, 1842
E29, 1843
E36, 1844
E29, 1845
E36, 1846
E29, 1847
E36, 1848
E29, 1849
E36, 1850
E29, 1851
E36, 1852
E29, 1853
E36, 1854
E29, 1855
E36, 1856
E29, 1857
E36, 1858
E29, 1859
E36, 1860
E29, 1861
E36, 1862
E29, 1863
E36, 1864
E29, 1865
E36, 1866
E29, 1867
E36, 1868
E29, 1869
E36, 1870
E29, 1871
E36, 1872
E29, 1873
E36, 1874
E29, 1875
E36, 1876
E29, 1877
E36, 1878
E29, 1879
E36, 1880
E29, 1881
E36, 1882
E29, 1883
E36, 1884
E29, 1885
E36, 1886
E36, 1887
E29, 1888
E36, 1889
E29, 1890
E36, 1891
E29, 1892
E36, 1893
E29, 1894
E36, 1895
E29, 1896
E36, 1897
E29, 1898
E36, 1899
E29, 1900
E36, 1901
E29, 1902
E36, 1903
E29, 1904
E36, 1905
E29, 1906
E36, 1907
E29, 1908
E36, 1909
E29, 1910
E36, 1911
E29, 1912
E36, 1913
E29, 1914
E36, 1915
E29, 1916
E36, 1917
E29, 1918
E36, 1919
E29, 1920
E36, 1921
E29, 1922
E36, 1923
E29, 1924
E36, 1925
E29, 1926
E36, 1927
E29, 1928
E36, 1929
E29, 1930
E36, 1931
E29, 1932
E36, 1933
E29, 1934
E36, 1935
E29, 1936
E36, 1937
E29, 1938
E36, 1939
E29, 1940
E36, 1941
E29, 1942
E36, 1943
E29, 1944
E36, 1945
E29, 1946
E36, 1947
E29, 1948
E36, 1949
E29, 1950
E36, 1951
E29, 1952
E36, 1953
E29, 1954
E36, 1955
E29, 1956
E36, 1957
E29, 1958
E36, 1959
E29, 1960
E36, 1961
E36, 1962
E29, 1963
E36, 1964
E29, 1965
E36, 1966
E29, 1967
E36, 1968
E29, 1969
E36, 1970
E29, 1971
E36, 1972
E29, 1973
E36, 1974
E29, 1975
E36, 1976
E29, 1977
E36, 1978
E29, 1979
E36, 1980
E29, 1981
E36, 1982
E29, 1983
E36, 1984
E29, 1985
E36, 1986
E29, 1987
E36, 1988
E29, 1989
E36, 1990
E29, 1991
E36, 1992
E29, 1993
E36, 1994
E36, 1995
E29, 1996
E36, 1997
E29, 1998
E36, 1999
E29, 2000
