E10, 1
E10, 2
E6, 3
E10, 4
E10, 5
E6, 6
E6, 7
E6, 8
E10, 9
E11, 10
E11, 11
E13, 12
E13, 13
E6, 14
E13, 15
E7, 16
E10, 17
E11, 18
E7, 19
E6, 20
E11, 21
E6, 22
E6, 23
E11, 24
E6, 25
E13, 26
E11, 27
E7, 28
E14, 29
E11, 30
E13, 31
E11, 32
E6, 33
E13, 34
E6, 35
E11, 36
E11, 37
E11, 38
E6, 39
E13, 40
E11, 41
E11, 42
E13, 43
E11, 44
E6, 45
E10, 46
E11, 47
E6, 48
E10, 49
E6, 50
E11, 51
E6, 52
E10, 53
E10, 54
E11, 55
E10, 56
E13, 57
E7, 58
E7, 59
E11, 60
E6, 61
E6, 62
E11, 63
E11, 64
E11, 65
E11, 66
E11, 67
E10, 68
E11, 69
E14, 70
E13, 71
E10, 72
E9, 73
E1, 74
E1, 75
E1, 76
E1, 77
E3, 78
E3, 79
E1, 80
E3, 81
E3, 82
E1, 83
E3, 84
E3, 85
E3, 86
E1, 87
E3, 88
E3, 89
E1, 90
E3, 91
E3, 92
E3, 93
E3, 94
E3, 95
E3, 96
E1, 97
E3, 98
E3, 99
E3, 100
E3, 101
E3, 102
E3, 103
E11, 104
E6, 105
E13, 106
E10, 107
E11, 108
E6, 109
E6, 110
E11, 111
E13, 112
E10, 113
E13, 114
E13, 115
E13, 116
E13, 117
E11, 118
E6, 119
E13, 120
E7, 121
E10, 122
E13, 123
E10, 124
E10, 125
E13, 126
E10, 127
E6, 128
E11, 129
E6, 130
E10, 131
E6, 132
E10, 133
E13, 134
E11, 135
E6, 136
E10, 137
E7, 138
E10, 139
E7, 140
E13, 141
E10, 142
E11, 143
E10, 144
E13, 145
E6, 146
E11, 147
E13, 148
E6, 149
E13, 150
E7, 151
E6, 152
E10, 153
E7, 154
E10, 155
E13, 156
E10, 157
E13, 158
E11, 159
E11, 160
E6, 161
E13, 162
E10, 163
E10, 164
E11, 165
E6, 166
E6, 167
E6, 168
E13, 169
E10, 170
E10, 171
E11, 172
E10, 173
E10, 174
E7, 175
E14, 176
E13, 177
E13, 178
E11, 179
E6, 180
E11, 181
E13, 182
E11, 183
E11, 184
E7, 185
E10, 186
E7, 187
E10, 188
E10, 189
E6, 190
E11, 191
E6, 192
E10, 193
E6, 194
E11, 195
E11, 196
E14, 197
E6, 198
E10, 199
E13, 200
E7, 201
E6, 202
E6, 203
E7, 204
E10, 205
E13, 206
E11, 207
E11, 208
E10, 209
E10, 210
E10, 211
E11, 212
E11, 213
E13, 214
E10, 215
E10, 216
E10, 217
E11, 218
E11, 219
E7, 220
E10, 221
E13, 222
E6, 223
E10, 224
E6, 225
E11, 226
E10, 227
E13, 228
E10, 229
E11, 230
E11, 231
E11, 232
E6, 233
E11, 234
E13, 235
E13, 236
E10, 237
E13, 238
E6, 239
E6, 240
E10, 241
E6, 242
E7, 243
E10, 244
E11, 245
E10, 246
E6, 247
E11, 248
E10, 249
E7, 250
E6, 251
E10, 252
E7, 253
E7, 254
E6, 255
E10, 256
E7, 257
E10, 258
E10, 259
E13, 260
E10, 261
E6, 262
E10, 263
E7, 264
E6, 265
E7, 266
E7, 267
E11, 268
E10, 269
E11, 270
E11, 271
E6, 272
E11, 273
E10, 274
E7, 275
E6, 276
E7, 277
E6, 278
E10, 279
E10, 280
E13, 281
E11, 282
E10, 283
E6, 284
E11, 285
E10, 286
E6, 287
E6, 288
E6, 289
E13, 290
E6, 291
E8, 292
E1, 293
E3, 294
E1, 295
E3, 296
E3, 297
E1, 298
E3, 299
E1, 300
E1, 301
E1, 302
E1, 303
E1, 304
E1, 305
E1, 306
E1, 307
E1, 308
E1, 309
E3, 310
E1, 311
E1, 312
E1, 313
E1, 314
E1, 315
E1, 316
E3, 317
E1, 318
E3, 319
E3, 320
E1, 321
E1, 322
E1, 323
E1, 324
E3, 325
E1, 326
E1, 327
E3, 328
E3, 329
E3, 330
E3, 331
E1, 332
E3, 333
E3, 334
E1, 335
E1, 336
E1, 337
E3, 338
E3, 339
E3, 340
E3, 341
E3, 342
E1, 343
E1, 344
E1, 345
E14, 346
E14, 347
E14, 348
E3, 349
E3, 350
E3, 351
E1, 352
E1, 353
E3, 354
E1, 355
E1, 356
E3, 357
E14, 358
E1, 359
E3, 360
E1, 361
E8, 362
E8, 363
E8, 364
E8, 365
E8, 366
E8, 367
E8, 368
E8, 369
E8, 370
E8, 371
E8, 372
E8, 373
E8, 374
E8, 375
E8, 376
E8, 377
E8, 378
E8, 379
E8, 380
E8, 381
E8, 382
E8, 383
E8, 384
E8, 385
E8, 386
E8, 387
E8, 388
E8, 389
E8, 390
E8, 391
E8, 392
E8, 393
E8, 394
E8, 395
E8, 396
E8, 397
E8, 398
E8, 399
E8, 400
E8, 401
E8, 402
E8, 403
E8, 404
E8, 405
E8, 406
E8, 407
E8, 408
E8, 409
E8, 410
E8, 411
E8, 412
E8, 413
E8, 414
E8, 415
E8, 416
E8, 417
E8, 418
E8, 419
E8, 420
E8, 421
E8, 422
E8, 423
E8, 424
E8, 425
E9, 426
E11, 427
E9, 428
E9, 429
E9, 430
E9, 431
E9, 432
E9, 433
E11, 434
E9, 435
E10, 436
E7, 437
E9, 438
E9, 439
E9, 440
E9, 441
E9, 442
E9, 443
E11, 444
E9, 445
E9, 446
E9, 447
E9, 448
E9, 449
E9, 450
E9, 451
E9, 452
E9, 453
E9, 454
E9, 455
E9, 456
E9, 457
E9, 458
E9, 459
E9, 460
E9, 461
E9, 462
E9, 463
E9, 464
E9, 465
E9, 466
E9, 467
E9, 468
E9, 469
E9, 470
E9, 471
E9, 472
E9, 473
E9, 474
E9, 475
E9, 476
E9, 477
E9, 478
E11, 479
E7, 480
E9, 481
E9, 482
E9, 483
E9, 484
E9, 485
E9, 486
E9, 487
E9, 488
E9, 489
E9, 490
E9, 491
E9, 492
E9, 493
E11, 494
E6, 495
E9, 496
E9, 497
E6, 498
E9, 499
E10, 500
E7, 501
E9, 502
E10, 503
E11, 504
E7, 505
E13, 506
E13, 507
E6, 508
E10, 509
E6, 510
E13, 511
E10, 512
E7, 513
E11, 514
E10, 515
E11, 516
E6, 517
E6, 518
E9, 519
E13, 520
E10, 521
E6, 522
E13, 523
E9, 524
E6, 525
E7, 526
E11, 527
E13, 528
E6, 529
E9, 530
E11, 531
E11, 532
E11, 533
E11, 534
E6, 535
E11, 536
E6, 537
E11, 538
E11, 539
E13, 540
E10, 541
E6, 542
E10, 543
E7, 544
E13, 545
E11, 546
E13, 547
E6, 548
E7, 549
E11, 550
E10, 551
E13, 552
E7, 553
E11, 554
E6, 555
E6, 556
E7, 557
E13, 558
E10, 559
E6, 560
E10, 561
E13, 562
E6, 563
E11, 564
E6, 565
E6, 566
E13, 567
E10, 568
E14, 569
E13, 570
E13, 571
E10, 572
E6, 573
E11, 574
E13, 575
E13, 576
E11, 577
E11, 578
E13, 579
E11, 580
E6, 581
E6, 582
E13, 583
E11, 584
E9, 585
E11, 586
E11, 587
E13, 588
E10, 589
E10, 590
E13, 591
E6, 592
E11, 593
E13, 594
E7, 595
E11, 596
E6, 597
E6, 598
E13, 599
E13, 600
E13, 601
E7, 602
E13, 603
E10, 604
E10, 605
E13, 606
E13, 607
E6, 608
E13, 609
E13, 610
E13, 611
E13, 612
E13, 613
E6, 614
E10, 615
E11, 616
E6, 617
E10, 618
E6, 619
E11, 620
E10, 621
E10, 622
E6, 623
E10, 624
E13, 625
E11, 626
E7, 627
E6, 628
E6, 629
E6, 630
E7, 631
E6, 632
E11, 633
E6, 634
E13, 635
E13, 636
E13, 637
E11, 638
E13, 639
E10, 640
E13, 641
E10, 642
E6, 643
E10, 644
E11, 645
E14, 646
E7, 647
E6, 648
E13, 649
E11, 650
E13, 651
E11, 652
E6, 653
E11, 654
E6, 655
E11, 656
E6, 657
E13, 658
E13, 659
E13, 660
E6, 661
E13, 662
E10, 663
E13, 664
E6, 665
E6, 666
E11, 667
E6, 668
E11, 669
E11, 670
E6, 671
E11, 672
E6, 673
E10, 674
E10, 675
E10, 676
E7, 677
E13, 678
E10, 679
E1, 680
E3, 681
E3, 682
E3, 683
E3, 684
E3, 685
E3, 686
E1, 687
E3, 688
E1, 689
E3, 690
E3, 691
E3, 692
E3, 693
E1, 694
E3, 695
E1, 696
E3, 697
E3, 698
E14, 699
E3, 700
E1, 701
E3, 702
E7, 703
E13, 704
E10, 705
E10, 706
E7, 707
E13, 708
E6, 709
E13, 710
E11, 711
E13, 712
E13, 713
E10, 714
E13, 715
E13, 716
E11, 717
E13, 718
E6, 719
E10, 720
E6, 721
E11, 722
E6, 723
E11, 724
E13, 725
E13, 726
E6, 727
E10, 728
E11, 729
E13, 730
E13, 731
E6, 732
E13, 733
E11, 734
E7, 735
E6, 736
E10, 737
E10, 738
E10, 739
E11, 740
E11, 741
E11, 742
E6, 743
E10, 744
E13, 745
E11, 746
E10, 747
E11, 748
E13, 749
E10, 750
E6, 751
E7, 752
E6, 753
E13, 754
E14, 755
E6, 756
E13, 757
E13, 758
E7, 759
E6, 760
E6, 761
E6, 762
E6, 763
E6, 764
E6, 765
E13, 766
E10, 767
E7, 768
E7, 769
E13, 770
E10, 771
E6, 772
E11, 773
E6, 774
E13, 775
E10, 776
E6, 777
E6, 778
E10, 779
E13, 780
E14, 781
E11, 782
E13, 783
E6, 784
E1, 785
E1, 786
E3, 787
E3, 788
E1, 789
E14, 790
E3, 791
E1, 792
E3, 793
E1, 794
E3, 795
E14, 796
E14, 797
E3, 798
E3, 799
E3, 800
E1, 801
E3, 802
E1, 803
E3, 804
E1, 805
E1, 806
E8, 807
E8, 808
E8, 809
E8, 810
E8, 811
E8, 812
E8, 813
E8, 814
E8, 815
E8, 816
E8, 817
E8, 818
E8, 819
E8, 820
E8, 821
E8, 822
E8, 823
E8, 824
E8, 825
E8, 826
E8, 827
E8, 828
E8, 829
E8, 830
E8, 831
E8, 832
E8, 833
E8, 834
E8, 835
E8, 836
E8, 837
E8, 838
E8, 839
E8, 840
E8, 841
E8, 842
E1, 843
E11, 844
E9, 845
E13, 846
E9, 847
E9, 848
E9, 849
E9, 850
E9, 851
E9, 852
E9, 853
E9, 854
E13, 855
E9, 856
E9, 857
E9, 858
E11, 859
E9, 860
E9, 861
E9, 862
E9, 863
E9, 864
E9, 865
E9, 866
E9, 867
E9, 868
E9, 869
E9, 870
E9, 871
E9, 872
E9, 873
E9, 874
E9, 875
E9, 876
E9, 877
E9, 878
E9, 879
E9, 880
E9, 881
E9, 882
E9, 883
E9, 884
E9, 885
E9, 886
E9, 887
E9, 888
E9, 889
E9, 890
E9, 891
E9, 892
E9, 893
E9, 894
E13, 895
E9, 896
E9, 897
E13, 898
E10, 899
E13, 900
E9, 901
E11, 902
E13, 903
E6, 904
E10, 905
E10, 906
E6, 907
E13, 908
E10, 909
E11, 910
E13, 911
E2, 912
E11, 913
E6, 914
E6, 915
E10, 916
E6, 917
E10, 918
E10, 919
E10, 920
E11, 921
E11, 922
E9, 923
E11, 924
E13, 925
E11, 926
E6, 927
E4, 928
E6, 929
E7, 930
E10, 931
E6, 932
E11, 933
E11, 934
E13, 935
E10, 936
E10, 937
E13, 938
E11, 939
E10, 940
E13, 941
E10, 942
E6, 943
E7, 944
E13, 945
E10, 946
E13, 947
E11, 948
E6, 949
E10, 950
E11, 951
E13, 952
E10, 953
E11, 954
E6, 955
E10, 956
E13, 957
E6, 958
E11, 959
E11, 960
E11, 961
E10, 962
E7, 963
E11, 964
E6, 965
E13, 966
E13, 967
E11, 968
E13, 969
E13, 970
E10, 971
E13, 972
E10, 973
E10, 974
E7, 975
E11, 976
E6, 977
E11, 978
E10, 979
E13, 980
E13, 981
E11, 982
E8, 983
E8, 984
E8, 985
E8, 986
E8, 987
E8, 988
E8, 989
E8, 990
E8, 991
E8, 992
E8, 993
E8, 994
E8, 995
E8, 996
E8, 997
E8, 998
E8, 999
E8, 1000
E8, 1001
E9, 1002
E7, 1003
E9, 1004
E6, 1005
E9, 1006
E9, 1007
E7, 1008
E9, 1009
E9, 1010
E9, 1011
E9, 1012
E13, 1013
E9, 1014
E9, 1015
E9, 1016
E9, 1017
E9, 1018
E11, 1019
E13, 1020
E11, 1021
E10, 1022
E7, 1023
E13, 1024
E11, 1025
E6, 1026
E11, 1027
E11, 1028
E4, 1029
E13, 1030
E13, 1031
E10, 1032
E6, 1033
E10, 1034
E13, 1035
E13, 1036
E11, 1037
E6, 1038
E13, 1039
E10, 1040
E10, 1041
E10, 1042
E6, 1043
E7, 1044
E6, 1045
E6, 1046
E11, 1047
E13, 1048
E11, 1049
E13, 1050
E13, 1051
E6, 1052
E13, 1053
E11, 1054
E6, 1055
E11, 1056
E11, 1057
E13, 1058
E13, 1059
E6, 1060
E13, 1061
E10, 1062
E6, 1063
E13, 1064
E6, 1065
E6, 1066
E6, 1067
E10, 1068
E6, 1069
E13, 1070
E11, 1071
E10, 1072
E11, 1073
E10, 1074
E11, 1075
E7, 1076
E10, 1077
E7, 1078
E6, 1079
E13, 1080
E13, 1081
E11, 1082
E11, 1083
E11, 1084
E6, 1085
E6, 1086
E11, 1087
E11, 1088
E7, 1089
E13, 1090
E13, 1091
E6, 1092
E14, 1093
E6, 1094
E10, 1095
E10, 1096
E6, 1097
E10, 1098
E6, 1099
E10, 1100
E10, 1101
E11, 1102
E10, 1103
E10, 1104
E10, 1105
E6, 1106
E8, 1107
E8, 1108
E1, 1109
E3, 1110
E3, 1111
E1, 1112
E1, 1113
E3, 1114
E1, 1115
E1, 1116
E1, 1117
E1, 1118
E1, 1119
E3, 1120
E1, 1121
E3, 1122
E3, 1123
E1, 1124
E1, 1125
E1, 1126
E3, 1127
E1, 1128
E1, 1129
E8, 1130
E8, 1131
E8, 1132
E8, 1133
E8, 1134
E8, 1135
E8, 1136
E8, 1137
E8, 1138
E8, 1139
E8, 1140
E8, 1141
E8, 1142
E8, 1143
E8, 1144
E8, 1145
E8, 1146
E8, 1147
E8, 1148
E8, 1149
E8, 1150
E8, 1151
E9, 1152
E9, 1153
E9, 1154
E9, 1155
E9, 1156
E1, 1157
E11, 1158
E9, 1159
E9, 1160
E9, 1161
E9, 1162
E9, 1163
E9, 1164
E9, 1165
E9, 1166
E9, 1167
E9, 1168
E9, 1169
E9, 1170
E9, 1171
E9, 1172
E9, 1173
E9, 1174
E9, 1175
E11, 1176
E1, 1177
E11, 1178
E6, 1179
E6, 1180
E6, 1181
E13, 1182
E11, 1183
E13, 1184
E7, 1185
E7, 1186
E13, 1187
E6, 1188
E13, 1189
E6, 1190
E6, 1191
E11, 1192
E13, 1193
E10, 1194
E13, 1195
E11, 1196
E6, 1197
E10, 1198
E6, 1199
E6, 1200
E10, 1201
E13, 1202
E13, 1203
E10, 1204
E10, 1205
E10, 1206
E13, 1207
E6, 1208
E6, 1209
E6, 1210
E6, 1211
E13, 1212
E10, 1213
E10, 1214
E6, 1215
E13, 1216
E13, 1217
E13, 1218
E7, 1219
E6, 1220
E11, 1221
E10, 1222
E13, 1223
E7, 1224
E13, 1225
E11, 1226
E13, 1227
E13, 1228
E13, 1229
E13, 1230
E6, 1231
E10, 1232
E6, 1233
E7, 1234
E11, 1235
E6, 1236
E11, 1237
E10, 1238
E11, 1239
E10, 1240
E11, 1241
E10, 1242
E6, 1243
E7, 1244
E6, 1245
E7, 1246
E10, 1247
E13, 1248
E6, 1249
E11, 1250
E11, 1251
E6, 1252
E10, 1253
E10, 1254
E13, 1255
E11, 1256
E6, 1257
E10, 1258
E6, 1259
E10, 1260
E13, 1261
E10, 1262
E8, 1263
E8, 1264
E8, 1265
E9, 1266
E10, 1267
E11, 1268
E13, 1269
E6, 1270
E10, 1271
E7, 1272
E13, 1273
E11, 1274
E10, 1275
E6, 1276
E6, 1277
E11, 1278
E11, 1279
E10, 1280
E10, 1281
E13, 1282
E13, 1283
E11, 1284
E6, 1285
E10, 1286
E10, 1287
E6, 1288
E6, 1289
E10, 1290
E6, 1291
E10, 1292
E10, 1293
E11, 1294
E7, 1295
E10, 1296
E10, 1297
E6, 1298
E10, 1299
E13, 1300
E10, 1301
E10, 1302
E13, 1303
E13, 1304
E11, 1305
E10, 1306
E6, 1307
E6, 1308
E6, 1309
E11, 1310
E6, 1311
E10, 1312
E6, 1313
E6, 1314
E6, 1315
E11, 1316
E10, 1317
E13, 1318
E6, 1319
E10, 1320
E10, 1321
E11, 1322
E13, 1323
E13, 1324
E10, 1325
E10, 1326
E13, 1327
E13, 1328
E10, 1329
E6, 1330
E10, 1331
E13, 1332
E6, 1333
E10, 1334
E13, 1335
E6, 1336
E13, 1337
E10, 1338
E13, 1339
E11, 1340
E10, 1341
E10, 1342
E13, 1343
E6, 1344
E7, 1345
E10, 1346
E13, 1347
E13, 1348
E6, 1349
E11, 1350
E11, 1351
E13, 1352
E11, 1353
E10, 1354
E6, 1355
E8, 1356
E8, 1357
E8, 1358
E8, 1359
E8, 1360
E8, 1361
E8, 1362
E8, 1363
E8, 1364
E8, 1365
E8, 1366
E8, 1367
E8, 1368
E8, 1369
E8, 1370
E8, 1371
E8, 1372
E14, 1373
E8, 1374
E8, 1375
E8, 1376
E8, 1377
E8, 1378
E8, 1379
E8, 1380
E8, 1381
E9, 1382
E13, 1383
E9, 1384
E9, 1385
E9, 1386
E11, 1387
E9, 1388
E9, 1389
E9, 1390
E9, 1391
E9, 1392
E11, 1393
E9, 1394
E9, 1395
E9, 1396
E9, 1397
E9, 1398
E9, 1399
E9, 1400
E9, 1401
E9, 1402
E9, 1403
E9, 1404
E9, 1405
E9, 1406
E9, 1407
E13, 1408
E9, 1409
E9, 1410
E9, 1411
E9, 1412
E9, 1413
E9, 1414
E9, 1415
E9, 1416
E13, 1417
E9, 1418
E9, 1419
E6, 1420
E6, 1421
E13, 1422
E11, 1423
E10, 1424
E6, 1425
E13, 1426
E7, 1427
E6, 1428
E6, 1429
E11, 1430
E10, 1431
E13, 1432
E10, 1433
E6, 1434
E7, 1435
E11, 1436
E13, 1437
E6, 1438
E12, 1439
E6, 1440
E13, 1441
E6, 1442
E11, 1443
E10, 1444
E6, 1445
E13, 1446
E11, 1447
E6, 1448
E11, 1449
E10, 1450
E6, 1451
E13, 1452
E13, 1453
E6, 1454
E11, 1455
E6, 1456
E11, 1457
E10, 1458
E11, 1459
E13, 1460
E6, 1461
E10, 1462
E10, 1463
E13, 1464
E13, 1465
E13, 1466
E10, 1467
E11, 1468
E11, 1469
E11, 1470
E7, 1471
E13, 1472
E13, 1473
E6, 1474
E11, 1475
E7, 1476
E13, 1477
E11, 1478
E13, 1479
E10, 1480
E10, 1481
E13, 1482
E11, 1483
E6, 1484
E11, 1485
E11, 1486
E6, 1487
E10, 1488
E10, 1489
E6, 1490
E10, 1491
E8, 1492
E10, 1493
E11, 1494
E6, 1495
E6, 1496
E10, 1497
E11, 1498
E6, 1499
E6, 1500
E10, 1501
E6, 1502
E10, 1503
E13, 1504
E6, 1505
E10, 1506
E11, 1507
E11, 1508
E11, 1509
E10, 1510
E11, 1511
E7, 1512
E10, 1513
E6, 1514
E7, 1515
E11, 1516
E11, 1517
E10, 1518
E6, 1519
E10, 1520
E11, 1521
E10, 1522
E13, 1523
E6, 1524
E10, 1525
E13, 1526
E6, 1527
E13, 1528
E7, 1529
E10, 1530
E11, 1531
E11, 1532
E11, 1533
E7, 1534
E11, 1535
E13, 1536
E11, 1537
E6, 1538
E6, 1539
E6, 1540
E6, 1541
E7, 1542
E7, 1543
E13, 1544
E7, 1545
E6, 1546
E13, 1547
E6, 1548
E6, 1549
E10, 1550
E7, 1551
E10, 1552
E11, 1553
E7, 1554
E6, 1555
E13, 1556
E10, 1557
E10, 1558
E13, 1559
E13, 1560
E8, 1561
E8, 1562
E8, 1563
E8, 1564
E8, 1565
E8, 1566
E8, 1567
E8, 1568
E8, 1569
E8, 1570
E8, 1571
E8, 1572
E8, 1573
E8, 1574
E8, 1575
E8, 1576
E8, 1577
E9, 1578
E4, 1579
E9, 1580
E4, 1581
E11, 1582
E10, 1583
E9, 1584
E9, 1585
E9, 1586
E9, 1587
E9, 1588
E9, 1589
E9, 1590
E9, 1591
E9, 1592
E9, 1593
E9, 1594
E9, 1595
E9, 1596
E10, 1597
E9, 1598
E9, 1599
E9, 1600
E9, 1601
E9, 1602
E10, 1603
E9, 1604
E13, 1605
E13, 1606
E7, 1607
E6, 1608
E9, 1609
E7, 1610
E11, 1611
E10, 1612
E13, 1613
E6, 1614
E14, 1615
E6, 1616
E10, 1617
E7, 1618
E7, 1619
E11, 1620
E6, 1621
E10, 1622
E7, 1623
E10, 1624
E6, 1625
E11, 1626
E11, 1627
E10, 1628
E11, 1629
E6, 1630
E13, 1631
E10, 1632
E13, 1633
E10, 1634
E6, 1635
E7, 1636
E11, 1637
E11, 1638
E11, 1639
E7, 1640
E11, 1641
E11, 1642
E6, 1643
E13, 1644
E10, 1645
E13, 1646
E10, 1647
E6, 1648
E11, 1649
E10, 1650
E6, 1651
E10, 1652
E10, 1653
E6, 1654
E10, 1655
E13, 1656
E6, 1657
E10, 1658
E13, 1659
E7, 1660
E11, 1661
E6, 1662
E10, 1663
E6, 1664
E6, 1665
E10, 1666
E11, 1667
E10, 1668
E10, 1669
E10, 1670
E10, 1671
E6, 1672
E6, 1673
E11, 1674
E13, 1675
E6, 1676
E10, 1677
E11, 1678
E13, 1679
E11, 1680
E11, 1681
E11, 1682
E11, 1683
E13, 1684
E10, 1685
E11, 1686
E13, 1687
E11, 1688
E11, 1689
E10, 1690
E11, 1691
E13, 1692
E11, 1693
E13, 1694
E7, 1695
E7, 1696
E10, 1697
E10, 1698
E7, 1699
E10, 1700
E10, 1701
E13, 1702
E13, 1703
E7, 1704
E6, 1705
E13, 1706
E6, 1707
E11, 1708
E10, 1709
E8, 1710
E8, 1711
E8, 1712
E8, 1713
E8, 1714
E8, 1715
E8, 1716
E8, 1717
E8, 1718
E8, 1719
E8, 1720
E8, 1721
E8, 1722
E13, 1723
E9, 1724
E10, 1725
E9, 1726
E13, 1727
E9, 1728
E9, 1729
E9, 1730
E10, 1731
E9, 1732
E9, 1733
E9, 1734
E9, 1735
E9, 1736
E9, 1737
E9, 1738
E9, 1739
E9, 1740
E9, 1741
E9, 1742
E9, 1743
E9, 1744
E9, 1745
E9, 1746
E9, 1747
E9, 1748
E6, 1749
E9, 1750
E9, 1751
E13, 1752
E13, 1753
E11, 1754
E9, 1755
E6, 1756
E6, 1757
E6, 1758
E13, 1759
E11, 1760
E13, 1761
E10, 1762
E6, 1763
E11, 1764
E5, 1765
E6, 1766
E11, 1767
E12, 1768
E13, 1769
E9, 1770
E11, 1771
E6, 1772
E13, 1773
E6, 1774
E11, 1775
E11, 1776
E13, 1777
E11, 1778
E10, 1779
E13, 1780
E6, 1781
E13, 1782
E11, 1783
E7, 1784
E10, 1785
E10, 1786
E6, 1787
E11, 1788
E13, 1789
E10, 1790
E11, 1791
E10, 1792
E6, 1793
E11, 1794
E10, 1795
E7, 1796
E7, 1797
E11, 1798
E6, 1799
E10, 1800
E6, 1801
E13, 1802
E6, 1803
E10, 1804
E13, 1805
E13, 1806
E10, 1807
E13, 1808
E10, 1809
E6, 1810
E11, 1811
E10, 1812
E10, 1813
E6, 1814
E13, 1815
E10, 1816
E7, 1817
E10, 1818
E6, 1819
E10, 1820
E10, 1821
E7, 1822
E6, 1823
E7, 1824
E11, 1825
E6, 1826
E13, 1827
E11, 1828
E7, 1829
E11, 1830
E6, 1831
E7, 1832
E11, 1833
E11, 1834
E13, 1835
E11, 1836
E6, 1837
E10, 1838
E10, 1839
E6, 1840
E13, 1841
E7, 1842
E8, 1843
E8, 1844
E8, 1845
E8, 1846
E8, 1847
E8, 1848
E8, 1849
E8, 1850
E8, 1851
E8, 1852
E8, 1853
E8, 1854
E8, 1855
E8, 1856
E8, 1857
E8, 1858
E8, 1859
E8, 1860
E8, 1861
E8, 1862
E8, 1863
E9, 1864
E9, 1865
E10, 1866
E9, 1867
E9, 1868
E9, 1869
E9, 1870
E9, 1871
E9, 1872
E9, 1873
E9, 1874
E9, 1875
E9, 1876
E9, 1877
E9, 1878
E9, 1879
E9, 1880
E9, 1881
E9, 1882
E6, 1883
E9, 1884
E9, 1885
E9, 1886
E9, 1887
E10, 1888
E6, 1889
E13, 1890
E11, 1891
E11, 1892
E7, 1893
E13, 1894
E6, 1895
E7, 1896
E13, 1897
E13, 1898
E11, 1899
E6, 1900
E4, 1901
E9, 1902
E10, 1903
E11, 1904
E13, 1905
E10, 1906
E10, 1907
E7, 1908
E13, 1909
E6, 1910
E9, 1911
E7, 1912
E6, 1913
E7, 1914
E10, 1915
E10, 1916
E6, 1917
E10, 1918
E13, 1919
E10, 1920
E7, 1921
E13, 1922
E13, 1923
E11, 1924
E13, 1925
E13, 1926
E10, 1927
E14, 1928
E11, 1929
E10, 1930
E10, 1931
E11, 1932
E13, 1933
E13, 1934
E10, 1935
E11, 1936
E11, 1937
E13, 1938
E7, 1939
E11, 1940
E7, 1941
E7, 1942
E11, 1943
E11, 1944
E13, 1945
E11, 1946
E10, 1947
E6, 1948
E13, 1949
E6, 1950
E7, 1951
E6, 1952
E10, 1953
E11, 1954
E6, 1955
E6, 1956
E6, 1957
E10, 1958
E13, 1959
E6, 1960
E6, 1961
E6, 1962
E11, 1963
E11, 1964
E6, 1965
E6, 1966
E9, 1967
E10, 1968
E13, 1969
E10, 1970
E11, 1971
E6, 1972
E6, 1973
E6, 1974
E13, 1975
E11, 1976
E13, 1977
E10, 1978
E13, 1979
E6, 1980
E10, 1981
E10, 1982
E6, 1983
E10, 1984
E11, 1985
E10, 1986
E7, 1987
E6, 1988
E13, 1989
E11, 1990
E6, 1991
E10, 1992
E10, 1993
E11, 1994
E13, 1995
E13, 1996
E11, 1997
E13, 1998
E10, 1999
E13, 2000
