E29, 1
E42, 2
E61, 3
E111, 4
E76, 5
E75, 6
E89, 7
E89, 8
E89, 9
E89, 10
E89, 11
E89, 12
E89, 13
E89, 14
E31, 15
E31, 16
E31, 17
E37, 18
E89, 19
E63, 20
E92, 21
E69, 22
E7, 23
E71, 24
E48, 25
E73, 26
E55, 27
E68, 28
E110, 29
E98, 30
E9, 31
E49, 32
E51, 33
E50, 34
E64, 35
E47, 36
E5, 37
E3, 38
E4, 39
E8, 40
E8, 41
E52, 42
E53, 43
E43, 44
E97, 45
E113, 46
E88, 47
E110, 48
E57, 49
E70, 50
E67, 51
E25, 52
E98, 53
E50, 54
E51, 55
E27, 56
E66, 57
E82, 58
E109, 59
E114, 60
E54, 61
E78, 62
E56, 63
E90, 64
E90, 65
E102, 66
E90, 67
E90, 68
E102, 69
E90, 70
E90, 71
E102, 72
E90, 73
E90, 74
E102, 75
E90, 76
E90, 77
E102, 78
E90, 79
E90, 80
E102, 81
E90, 82
E90, 83
E102, 84
E90, 85
E90, 86
E102, 87
E90, 88
E90, 89
E102, 90
E90, 91
E90, 92
E102, 93
E102, 94
E17, 95
E17, 96
E17, 97
E17, 98
E17, 99
E17, 100
E17, 101
E17, 102
E17, 103
E17, 104
E17, 105
E65, 106
E41, 107
E87, 108
E24, 109
E45, 110
E83, 111
E85, 112
E83, 113
E85, 114
E46, 115
E90, 116
E13, 117
E83, 118
E85, 119
E11, 120
E90, 121
E107, 122
E106, 123
E6, 124
E95, 125
E81, 126
E21, 127
E77, 128
E62, 129
E74, 130
E94, 131
E105, 132
E14, 133
E22, 134
E104, 135
E45, 136
E83, 137
E85, 138
E46, 139
E90, 140
E13, 141
E83, 142
E85, 143
E11, 144
E90, 145
E21, 146
E77, 147
E62, 148
E74, 149
E94, 150
E105, 151
E14, 152
E22, 153
E104, 154
E45, 155
E83, 156
E85, 157
E46, 158
E90, 159
E13, 160
E83, 161
E85, 162
E11, 163
E90, 164
E21, 165
E77, 166
E62, 167
E74, 168
E94, 169
E105, 170
E14, 171
E22, 172
E104, 173
E45, 174
E83, 175
E85, 176
E23, 177
E58, 178
E59, 179
E83, 180
E85, 181
E83, 182
E85, 183
E83, 184
E85, 185
E23, 186
E58, 187
E59, 188
E83, 189
E85, 190
E83, 191
E85, 192
E83, 193
E85, 194
E83, 195
E85, 196
E83, 197
E85, 198
E83, 199
E85, 200
E83, 201
E85, 202
E23, 203
E58, 204
E59, 205
E83, 206
E85, 207
E83, 208
E85, 209
E83, 210
E85, 211
E80, 212
E83, 213
E85, 214
E83, 215
E85, 216
E83, 217
E85, 218
E83, 219
E85, 220
E80, 221
E83, 222
E85, 223
E80, 224
E83, 225
E85, 226
E83, 227
E85, 228
E83, 229
E85, 230
E80, 231
E80, 232
E80, 233
E83, 234
E85, 235
E83, 236
E85, 237
E83, 238
E85, 239
E80, 240
E83, 241
E85, 242
E80, 243
E80, 244
E83, 245
E85, 246
E83, 247
E85, 248
E80, 249
E83, 250
E85, 251
E80, 252
E80, 253
E83, 254
E85, 255
E83, 256
E85, 257
E83, 258
E85, 259
E80, 260
E80, 261
E83, 262
E85, 263
E80, 264
E83, 265
E85, 266
E83, 267
E85, 268
E80, 269
E80, 270
E83, 271
E85, 272
E80, 273
E83, 274
E85, 275
E83, 276
E85, 277
E80, 278
E83, 279
E85, 280
E80, 281
E80, 282
E83, 283
E85, 284
E83, 285
E85, 286
E83, 287
E85, 288
E80, 289
E83, 290
E85, 291
E80, 292
E80, 293
E46, 294
E13, 295
E83, 296
E85, 297
E11, 298
E90, 299
E21, 300
E77, 301
E62, 302
E74, 303
E94, 304
E105, 305
E14, 306
E22, 307
E104, 308
E45, 309
E83, 310
E85, 311
E80, 312
E83, 313
E85, 314
E80, 315
E80, 316
E23, 317
E58, 318
E59, 319
E83, 320
E85, 321
E83, 322
E85, 323
E83, 324
E85, 325
E80, 326
E80, 327
E80, 328
E83, 329
E85, 330
E83, 331
E85, 332
E83, 333
E85, 334
E80, 335
E83, 336
E85, 337
E80, 338
E80, 339
E80, 340
E83, 341
E85, 342
E83, 343
E85, 344
E80, 345
E83, 346
E85, 347
E80, 348
E80, 349
E80, 350
E83, 351
E85, 352
E83, 353
E85, 354
E80, 355
E83, 356
E85, 357
E80, 358
E80, 359
E80, 360
E83, 361
E85, 362
E83, 363
E85, 364
E83, 365
E85, 366
E80, 367
E80, 368
E80, 369
E80, 370
E83, 371
E85, 372
E83, 373
E85, 374
E83, 375
E85, 376
E80, 377
E80, 378
E80, 379
E83, 380
E85, 381
E80, 382
E83, 383
E85, 384
E83, 385
E85, 386
E80, 387
E80, 388
E83, 389
E85, 390
E80, 391
E80, 392
E83, 393
E85, 394
E83, 395
E85, 396
E80, 397
E83, 398
E85, 399
E80, 400
E80, 401
E80, 402
E83, 403
E85, 404
E80, 405
E83, 406
E85, 407
E83, 408
E85, 409
E80, 410
E80, 411
E83, 412
E85, 413
E80, 414
E80, 415
E83, 416
E85, 417
E83, 418
E85, 419
E80, 420
E83, 421
E85, 422
E80, 423
E80, 424
E80, 425
E83, 426
E85, 427
E83, 428
E85, 429
E80, 430
E80, 431
E83, 432
E85, 433
E80, 434
E80, 435
E83, 436
E85, 437
E83, 438
E85, 439
E80, 440
E80, 441
E83, 442
E85, 443
E80, 444
E80, 445
E83, 446
E85, 447
E83, 448
E85, 449
E80, 450
E80, 451
E83, 452
E85, 453
E80, 454
E80, 455
E83, 456
E85, 457
E83, 458
E85, 459
E80, 460
E80, 461
E83, 462
E85, 463
E80, 464
E80, 465
E83, 466
E85, 467
E80, 468
E83, 469
E85, 470
E83, 471
E85, 472
E80, 473
E80, 474
E80, 475
E83, 476
E85, 477
E80, 478
E83, 479
E85, 480
E83, 481
E85, 482
E80, 483
E80, 484
E83, 485
E85, 486
E80, 487
E80, 488
E83, 489
E85, 490
E83, 491
E85, 492
E80, 493
E83, 494
E85, 495
E80, 496
E80, 497
E80, 498
E83, 499
E85, 500
E83, 501
E85, 502
E83, 503
E85, 504
E80, 505
E80, 506
E80, 507
E80, 508
E83, 509
E85, 510
E83, 511
E85, 512
E46, 513
E13, 514
E13, 515
E83, 516
E85, 517
E11, 518
E90, 519
E21, 520
E90, 521
E21, 522
E77, 523
E62, 524
E74, 525
E77, 526
E62, 527
E74, 528
E94, 529
E105, 530
E14, 531
E22, 532
E104, 533
E94, 534
E80, 535
E105, 536
E14, 537
E22, 538
E104, 539
E80, 540
E80, 541
E45, 542
E46, 543
E13, 544
E83, 545
E85, 546
E11, 547
E90, 548
E21, 549
E80, 550
E77, 551
E62, 552
E74, 553
E94, 554
E105, 555
E14, 556
E22, 557
E104, 558
E23, 559
E23, 560
E58, 561
E58, 562
E59, 563
E59, 564
E45, 565
E83, 566
E85, 567
E23, 568
E58, 569
E59, 570
E83, 571
E85, 572
E80, 573
E80, 574
E83, 575
E85, 576
E80, 577
E80, 578
E83, 579
E85, 580
E83, 581
E85, 582
E80, 583
E83, 584
E85, 585
E80, 586
E80, 587
E80, 588
E83, 589
E85, 590
E80, 591
E46, 592
E13, 593
E83, 594
E85, 595
E11, 596
E90, 597
E21, 598
E80, 599
E77, 600
E62, 601
E74, 602
E80, 603
E94, 604
E105, 605
E14, 606
E22, 607
E104, 608
E80, 609
E45, 610
E83, 611
E85, 612
E80, 613
E80, 614
E83, 615
E85, 616
E23, 617
E58, 618
E59, 619
E80, 620
E80, 621
E46, 622
E13, 623
E83, 624
E85, 625
E11, 626
E90, 627
E21, 628
E80, 629
E77, 630
E62, 631
E74, 632
E80, 633
E94, 634
E105, 635
E14, 636
E22, 637
E104, 638
E80, 639
E45, 640
E46, 641
E13, 642
E83, 643
E85, 644
E11, 645
E90, 646
E21, 647
E77, 648
E62, 649
E74, 650
E94, 651
E105, 652
E14, 653
E22, 654
E104, 655
E80, 656
E45, 657
E46, 658
E26, 659
E83, 660
E85, 661
E11, 662
E80, 663
E80, 664
E80, 665
E45, 666
E84, 667
E28, 668
E83, 669
E85, 670
E80, 671
E80, 672
E23, 673
E58, 674
E59, 675
E80, 676
E83, 677
E85, 678
E23, 679
E58, 680
E59, 681
E80, 682
E80, 683
E80, 684
E80, 685
E80, 686
E80, 687
E80, 688
E80, 689
E80, 690
E80, 691
E80, 692
E80, 693
E80, 694
E80, 695
E80, 696
E80, 697
E80, 698
E80, 699
E80, 700
E80, 701
E80, 702
E80, 703
E80, 704
E80, 705
E80, 706
E80, 707
E80, 708
E80, 709
E80, 710
E80, 711
E80, 712
E80, 713
E80, 714
E80, 715
E80, 716
E80, 717
E80, 718
E80, 719
E80, 720
E80, 721
E80, 722
E80, 723
E80, 724
E80, 725
E80, 726
E80, 727
E80, 728
E80, 729
E80, 730
E80, 731
E80, 732
E80, 733
E80, 734
E80, 735
E80, 736
E80, 737
E80, 738
E80, 739
E80, 740
E80, 741
E80, 742
E80, 743
E80, 744
E80, 745
E80, 746
E80, 747
E80, 748
E80, 749
E80, 750
E80, 751
E80, 752
E80, 753
E80, 754
E80, 755
E80, 756
E80, 757
E80, 758
E80, 759
E80, 760
E80, 761
E80, 762
E80, 763
E80, 764
E80, 765
E80, 766
E80, 767
E80, 768
E80, 769
E80, 770
E80, 771
E80, 772
E80, 773
E80, 774
E80, 775
E80, 776
E80, 777
E80, 778
E80, 779
E80, 780
E80, 781
E80, 782
E80, 783
E80, 784
E80, 785
E80, 786
E80, 787
E80, 788
E80, 789
E80, 790
E80, 791
E80, 792
E80, 793
E80, 794
E80, 795
E80, 796
E80, 797
E36, 798
E19, 799
E77, 800
E60, 801
E74, 802
E80, 803
E80, 804
E20, 805
E100, 806
E103, 807
E72, 808
E24, 809
E83, 810
E86, 811
E12, 812
E11, 813
E80, 814
E80, 815
E80, 816
E32, 817
E112, 818
E93, 819
E90, 820
E90, 821
E17, 822
E24, 823
E80, 824
E45, 825
E84, 826
E11, 827
E34, 828
E80, 829
E80, 830
E80, 831
E80, 832
E80, 833
E80, 834
E80, 835
E80, 836
E80, 837
E80, 838
E80, 839
E80, 840
E80, 841
E80, 842
E80, 843
E80, 844
E80, 845
E80, 846
E80, 847
E10, 848
E44, 849
E10, 850
E44, 851
E10, 852
E44, 853
E10, 854
E44, 855
E10, 856
E44, 857
E10, 858
E44, 859
E10, 860
E44, 861
E10, 862
E44, 863
E10, 864
E44, 865
E10, 866
E44, 867
E10, 868
E44, 869
E10, 870
E44, 871
E10, 872
E44, 873
E10, 874
E44, 875
E10, 876
E44, 877
E10, 878
E44, 879
E10, 880
E44, 881
E10, 882
E44, 883
E10, 884
E44, 885
E10, 886
E44, 887
E10, 888
E44, 889
E10, 890
E44, 891
E10, 892
E44, 893
E10, 894
E44, 895
E10, 896
E44, 897
E10, 898
E44, 899
E10, 900
E44, 901
E10, 902
E44, 903
E10, 904
E44, 905
E10, 906
E44, 907
E96, 908
E33, 909
E39, 910
E10, 911
E30, 912
E10, 913
E44, 914
E10, 915
E44, 916
E10, 917
E44, 918
E10, 919
E44, 920
E10, 921
E44, 922
E38, 923
E10, 924
E44, 925
E10, 926
E80, 927
E10, 928
E44, 929
E91, 930
E38, 931
E10, 932
E44, 933
E10, 934
E10, 935
E44, 936
E91, 937
E38, 938
E80, 939
E80, 940
E10, 941
E44, 942
E10, 943
E10, 944
E44, 945
E91, 946
E38, 947
E10, 948
E44, 949
E10, 950
E80, 951
E80, 952
E10, 953
E44, 954
E91, 955
E38, 956
E10, 957
E44, 958
E10, 959
E10, 960
E44, 961
E91, 962
E38, 963
E80, 964
E80, 965
E10, 966
E44, 967
E10, 968
E10, 969
E44, 970
E91, 971
E38, 972
E10, 973
E44, 974
E10, 975
E80, 976
E80, 977
E10, 978
E44, 979
E91, 980
E38, 981
E10, 982
E44, 983
E10, 984
E10, 985
E44, 986
E91, 987
E38, 988
E80, 989
E80, 990
E10, 991
E44, 992
E10, 993
E10, 994
E44, 995
E91, 996
E38, 997
E10, 998
E44, 999
E10, 1000
E80, 1001
E10, 1002
E44, 1003
E80, 1004
E91, 1005
E38, 1006
E10, 1007
E44, 1008
E10, 1009
E10, 1010
E44, 1011
E91, 1012
E38, 1013
E10, 1014
E44, 1015
E80, 1016
E10, 1017
E80, 1018
E80, 1019
E101, 1020
E35, 1021
E35, 1022
E18, 1023
E77, 1024
E60, 1025
E74, 1026
E10, 1027
E44, 1028
E91, 1029
E38, 1030
E15, 1031
E79, 1032
E10, 1033
E99, 1034
E16, 1035
E90, 1036
E90, 1037
E17, 1038
E40, 1039
E108, 1040
E1, 1041
E2, 1042
E10, 1043
E44, 1044
E24, 1045
E10, 1046
E10, 1047
E44, 1048
E91, 1049
E38, 1050
E80, 1051
E80, 1052
E101, 1053
E35, 1054
E35, 1055
E18, 1056
E77, 1057
E60, 1058
E74, 1059
E15, 1060
E79, 1061
E10, 1062
E99, 1063
E16, 1064
E90, 1065
E90, 1066
E17, 1067
E1, 1068
E2, 1069
E10, 1070
E44, 1071
E24, 1072
E10, 1073
E10, 1074
E44, 1075
E91, 1076
E38, 1077
E10, 1078
E44, 1079
E10, 1080
E10, 1081
E44, 1082
E91, 1083
E38, 1084
E10, 1085
E44, 1086
E10, 1087
E10, 1088
E44, 1089
E91, 1090
E38, 1091
E10, 1092
E44, 1093
E10, 1094
E10, 1095
E44, 1096
E91, 1097
E38, 1098
E10, 1099
E10, 1100
E44, 1101
E91, 1102
E38, 1103
E10, 1104
E44, 1105
E10, 1106
E10, 1107
E44, 1108
E91, 1109
E38, 1110
E10, 1111
E44, 1112
E10, 1113
E10, 1114
E44, 1115
E91, 1116
E38, 1117
E10, 1118
E44, 1119
E10, 1120
E10, 1121
E44, 1122
E91, 1123
E38, 1124
E10, 1125
E44, 1126
E10, 1127
E10, 1128
E44, 1129
E91, 1130
E38, 1131
E10, 1132
E44, 1133
E10, 1134
E10, 1135
E44, 1136
E91, 1137
E38, 1138
E10, 1139
E44, 1140
E10, 1141
E10, 1142
E44, 1143
E91, 1144
E38, 1145
E10, 1146
E44, 1147
E10, 1148
E10, 1149
E44, 1150
E91, 1151
E38, 1152
E10, 1153
E44, 1154
E10, 1155
E10, 1156
E44, 1157
E91, 1158
E38, 1159
E10, 1160
E44, 1161
E10, 1162
E10, 1163
E44, 1164
E91, 1165
E38, 1166
E10, 1167
E44, 1168
E10, 1169
E10, 1170
E44, 1171
E91, 1172
E38, 1173
E10, 1174
E44, 1175
E10, 1176
E10, 1177
E44, 1178
E91, 1179
E38, 1180
E10, 1181
E44, 1182
E10, 1183
E10, 1184
E44, 1185
E91, 1186
E38, 1187
E10, 1188
E44, 1189
E10, 1190
E10, 1191
E44, 1192
E91, 1193
E38, 1194
E10, 1195
E44, 1196
E10, 1197
E10, 1198
E44, 1199
E91, 1200
E38, 1201
E10, 1202
E44, 1203
E10, 1204
E10, 1205
E44, 1206
E91, 1207
E38, 1208
E10, 1209
E44, 1210
E10, 1211
E10, 1212
E44, 1213
E91, 1214
E38, 1215
E10, 1216
E44, 1217
E10, 1218
E10, 1219
E44, 1220
E91, 1221
E38, 1222
E10, 1223
E44, 1224
E10, 1225
E10, 1226
E44, 1227
E91, 1228
E38, 1229
E10, 1230
E44, 1231
E10, 1232
E10, 1233
E44, 1234
E91, 1235
E38, 1236
E10, 1237
E44, 1238
E10, 1239
E10, 1240
E44, 1241
E91, 1242
E38, 1243
E10, 1244
E44, 1245
E10, 1246
E10, 1247
E44, 1248
E91, 1249
E38, 1250
E10, 1251
E44, 1252
E10, 1253
E10, 1254
E44, 1255
E91, 1256
E38, 1257
E10, 1258
E44, 1259
E10, 1260
E10, 1261
E44, 1262
E91, 1263
E38, 1264
E10, 1265
E44, 1266
E10, 1267
E10, 1268
E44, 1269
E91, 1270
E38, 1271
E10, 1272
E44, 1273
E10, 1274
E10, 1275
E44, 1276
E91, 1277
E38, 1278
E10, 1279
E44, 1280
E10, 1281
E10, 1282
E44, 1283
E91, 1284
E38, 1285
E10, 1286
E44, 1287
E10, 1288
E10, 1289
E44, 1290
E91, 1291
E38, 1292
E10, 1293
E44, 1294
E10, 1295
E10, 1296
E44, 1297
E91, 1298
E38, 1299
E10, 1300
E44, 1301
E10, 1302
E10, 1303
E44, 1304
E91, 1305
E38, 1306
E10, 1307
E44, 1308
E10, 1309
E10, 1310
E44, 1311
E91, 1312
E38, 1313
E10, 1314
E44, 1315
E10, 1316
E10, 1317
E44, 1318
E91, 1319
E38, 1320
E10, 1321
E44, 1322
E10, 1323
E10, 1324
E44, 1325
E91, 1326
E38, 1327
E10, 1328
E44, 1329
E10, 1330
E10, 1331
E44, 1332
E91, 1333
E38, 1334
E10, 1335
E44, 1336
E10, 1337
E10, 1338
E44, 1339
E91, 1340
E38, 1341
E10, 1342
E44, 1343
E10, 1344
E10, 1345
E44, 1346
E91, 1347
E38, 1348
E10, 1349
E44, 1350
E10, 1351
E10, 1352
E44, 1353
E91, 1354
E38, 1355
E10, 1356
E44, 1357
E10, 1358
E10, 1359
E44, 1360
E91, 1361
E38, 1362
E10, 1363
E44, 1364
E10, 1365
E10, 1366
E44, 1367
E91, 1368
E38, 1369
E10, 1370
E44, 1371
E10, 1372
E10, 1373
E44, 1374
E91, 1375
E38, 1376
E10, 1377
E44, 1378
E10, 1379
E10, 1380
E44, 1381
E91, 1382
E38, 1383
E10, 1384
E44, 1385
E10, 1386
E10, 1387
E44, 1388
E91, 1389
E38, 1390
E10, 1391
E44, 1392
E10, 1393
E10, 1394
E44, 1395
E91, 1396
E38, 1397
E10, 1398
E44, 1399
E10, 1400
E10, 1401
E44, 1402
E91, 1403
E38, 1404
E10, 1405
E44, 1406
E10, 1407
E10, 1408
E44, 1409
E91, 1410
E38, 1411
E10, 1412
E44, 1413
E10, 1414
E10, 1415
E44, 1416
E91, 1417
E38, 1418
E10, 1419
E44, 1420
E10, 1421
E10, 1422
E44, 1423
E91, 1424
E38, 1425
E10, 1426
E44, 1427
E10, 1428
E10, 1429
E44, 1430
E91, 1431
E38, 1432
E10, 1433
E44, 1434
E10, 1435
E10, 1436
E44, 1437
E91, 1438
E38, 1439
E10, 1440
E44, 1441
E10, 1442
E10, 1443
E44, 1444
E91, 1445
E38, 1446
E10, 1447
E44, 1448
E10, 1449
E10, 1450
E44, 1451
E91, 1452
E38, 1453
E10, 1454
E44, 1455
E10, 1456
E10, 1457
E44, 1458
E91, 1459
E38, 1460
E10, 1461
E44, 1462
E10, 1463
E10, 1464
E44, 1465
E91, 1466
E38, 1467
E10, 1468
E44, 1469
E10, 1470
E10, 1471
E44, 1472
E91, 1473
E38, 1474
E10, 1475
E44, 1476
E10, 1477
E10, 1478
E44, 1479
E91, 1480
E38, 1481
E10, 1482
E44, 1483
E10, 1484
E10, 1485
E44, 1486
E91, 1487
E38, 1488
E10, 1489
E44, 1490
E10, 1491
E10, 1492
E44, 1493
E91, 1494
E38, 1495
E10, 1496
E44, 1497
E10, 1498
E10, 1499
E44, 1500
E91, 1501
E38, 1502
E10, 1503
E44, 1504
E10, 1505
E10, 1506
E44, 1507
E91, 1508
E38, 1509
E10, 1510
E44, 1511
E10, 1512
E10, 1513
E44, 1514
E91, 1515
E38, 1516
E10, 1517
E44, 1518
E10, 1519
E10, 1520
E44, 1521
E91, 1522
E38, 1523
E10, 1524
E44, 1525
E10, 1526
E10, 1527
E44, 1528
E91, 1529
E38, 1530
E10, 1531
E44, 1532
E10, 1533
E10, 1534
E44, 1535
E91, 1536
E38, 1537
E10, 1538
E44, 1539
E10, 1540
E10, 1541
E44, 1542
E91, 1543
E38, 1544
E10, 1545
E44, 1546
E10, 1547
E10, 1548
E44, 1549
E91, 1550
E38, 1551
E10, 1552
E44, 1553
E10, 1554
E10, 1555
E44, 1556
E91, 1557
E38, 1558
E10, 1559
E44, 1560
E10, 1561
E10, 1562
E44, 1563
E91, 1564
E38, 1565
E10, 1566
E44, 1567
E10, 1568
E10, 1569
E44, 1570
E91, 1571
E38, 1572
E10, 1573
E44, 1574
E10, 1575
E10, 1576
E44, 1577
E91, 1578
E38, 1579
E10, 1580
E44, 1581
E10, 1582
E10, 1583
E44, 1584
E91, 1585
E38, 1586
E10, 1587
E44, 1588
E10, 1589
E10, 1590
E44, 1591
E91, 1592
E38, 1593
E10, 1594
E44, 1595
E10, 1596
E10, 1597
E44, 1598
E91, 1599
E38, 1600
E10, 1601
E44, 1602
E10, 1603
E10, 1604
E44, 1605
E91, 1606
E38, 1607
E10, 1608
E44, 1609
E10, 1610
E10, 1611
E44, 1612
E91, 1613
E38, 1614
E10, 1615
E44, 1616
E10, 1617
E10, 1618
E44, 1619
E91, 1620
E38, 1621
E10, 1622
E44, 1623
E10, 1624
E10, 1625
E44, 1626
E91, 1627
E38, 1628
E10, 1629
E44, 1630
E10, 1631
E10, 1632
E44, 1633
E91, 1634
E38, 1635
E10, 1636
E44, 1637
E10, 1638
E10, 1639
E44, 1640
E91, 1641
E38, 1642
E10, 1643
E44, 1644
E10, 1645
E10, 1646
E44, 1647
E91, 1648
E38, 1649
E10, 1650
E44, 1651
E10, 1652
E10, 1653
E44, 1654
E91, 1655
E38, 1656
E10, 1657
E44, 1658
E10, 1659
E10, 1660
E44, 1661
E91, 1662
E38, 1663
E10, 1664
E44, 1665
E10, 1666
E10, 1667
E44, 1668
E91, 1669
E38, 1670
E10, 1671
E44, 1672
E10, 1673
E10, 1674
E44, 1675
E91, 1676
E38, 1677
E10, 1678
E44, 1679
E10, 1680
E10, 1681
E44, 1682
E91, 1683
E38, 1684
E10, 1685
E44, 1686
E10, 1687
E10, 1688
E44, 1689
E91, 1690
E38, 1691
E10, 1692
E44, 1693
E10, 1694
E10, 1695
E44, 1696
E91, 1697
E38, 1698
E10, 1699
E44, 1700
E10, 1701
E10, 1702
E44, 1703
E91, 1704
E38, 1705
E10, 1706
E44, 1707
E10, 1708
E10, 1709
E44, 1710
E91, 1711
E38, 1712
E10, 1713
E44, 1714
E10, 1715
E10, 1716
E44, 1717
E91, 1718
E38, 1719
E10, 1720
E44, 1721
E10, 1722
E10, 1723
E44, 1724
E91, 1725
E38, 1726
E10, 1727
E44, 1728
E10, 1729
E10, 1730
E44, 1731
E91, 1732
E38, 1733
E10, 1734
E44, 1735
E10, 1736
E10, 1737
E44, 1738
E91, 1739
E38, 1740
E10, 1741
E44, 1742
E10, 1743
E10, 1744
E44, 1745
E91, 1746
E38, 1747
E10, 1748
E44, 1749
E10, 1750
E10, 1751
E44, 1752
E91, 1753
E38, 1754
E10, 1755
E44, 1756
E10, 1757
E10, 1758
E44, 1759
E91, 1760
E38, 1761
E10, 1762
E44, 1763
E10, 1764
E10, 1765
E44, 1766
E91, 1767
E38, 1768
E10, 1769
E44, 1770
E10, 1771
E10, 1772
E44, 1773
E91, 1774
E38, 1775
E10, 1776
E44, 1777
E10, 1778
E10, 1779
E44, 1780
E91, 1781
E38, 1782
E10, 1783
E44, 1784
E10, 1785
E10, 1786
E44, 1787
E91, 1788
E38, 1789
E10, 1790
E44, 1791
E10, 1792
E10, 1793
E44, 1794
E91, 1795
E38, 1796
E10, 1797
E44, 1798
E10, 1799
E10, 1800
E44, 1801
E91, 1802
E38, 1803
E10, 1804
E44, 1805
E10, 1806
E10, 1807
E44, 1808
E91, 1809
E38, 1810
E10, 1811
E44, 1812
E10, 1813
E10, 1814
E44, 1815
E91, 1816
E38, 1817
E10, 1818
E44, 1819
E10, 1820
E10, 1821
E44, 1822
E91, 1823
E38, 1824
E10, 1825
E44, 1826
E10, 1827
E10, 1828
E44, 1829
E91, 1830
E38, 1831
E10, 1832
E44, 1833
E10, 1834
E10, 1835
E44, 1836
E91, 1837
E38, 1838
E10, 1839
E44, 1840
E10, 1841
E10, 1842
E44, 1843
E91, 1844
E38, 1845
E10, 1846
E44, 1847
E10, 1848
E10, 1849
E44, 1850
E91, 1851
E38, 1852
E10, 1853
E44, 1854
E10, 1855
E10, 1856
E44, 1857
E91, 1858
E38, 1859
E10, 1860
E44, 1861
E10, 1862
E10, 1863
E44, 1864
E91, 1865
E38, 1866
E10, 1867
E44, 1868
E10, 1869
E10, 1870
E44, 1871
E91, 1872
E38, 1873
E10, 1874
E44, 1875
E10, 1876
E10, 1877
E44, 1878
E91, 1879
E38, 1880
E10, 1881
E44, 1882
E10, 1883
E10, 1884
E44, 1885
E91, 1886
E38, 1887
E10, 1888
E44, 1889
E10, 1890
E10, 1891
E44, 1892
E91, 1893
E38, 1894
E10, 1895
E44, 1896
E10, 1897
E10, 1898
E44, 1899
E91, 1900
E38, 1901
E10, 1902
E44, 1903
E10, 1904
E10, 1905
E44, 1906
E91, 1907
E38, 1908
E10, 1909
E44, 1910
E10, 1911
E10, 1912
E44, 1913
E91, 1914
E38, 1915
E10, 1916
E44, 1917
E10, 1918
E10, 1919
E44, 1920
E91, 1921
E38, 1922
E10, 1923
E44, 1924
E10, 1925
E10, 1926
E44, 1927
E91, 1928
E38, 1929
E10, 1930
E44, 1931
E10, 1932
E10, 1933
E44, 1934
E91, 1935
E38, 1936
E10, 1937
E44, 1938
E10, 1939
E10, 1940
E44, 1941
E91, 1942
E38, 1943
E10, 1944
E44, 1945
E10, 1946
E10, 1947
E44, 1948
E91, 1949
E38, 1950
E10, 1951
E44, 1952
E10, 1953
E10, 1954
E44, 1955
E91, 1956
E38, 1957
E10, 1958
E44, 1959
E10, 1960
E10, 1961
E44, 1962
E91, 1963
E38, 1964
E10, 1965
E44, 1966
E10, 1967
E10, 1968
E44, 1969
E91, 1970
E38, 1971
E10, 1972
E44, 1973
E10, 1974
E10, 1975
E44, 1976
E91, 1977
E38, 1978
E10, 1979
E44, 1980
E10, 1981
E10, 1982
E44, 1983
E91, 1984
E38, 1985
E10, 1986
E44, 1987
E10, 1988
E10, 1989
E44, 1990
E91, 1991
E38, 1992
E10, 1993
E44, 1994
E10, 1995
E10, 1996
E44, 1997
E91, 1998
E38, 1999
E10, 2000
