E252, 1
E323, 2
E216, 3
E128, 4
E124, 5
E260, 6
E135, 7
E149, 8
E131, 9
E50, 10
E58, 11
E50, 12
E140, 13
E120, 14
E311, 15
E189, 16
E175, 17
E13, 18
E189, 19
E58, 20
E109, 21
E252, 22
E288, 23
E189, 24
E143, 25
E135, 26
E149, 27
E276, 28
E189, 29
E189, 30
E61, 31
E272, 32
E173, 33
E323, 34
E189, 35
E52, 36
E58, 37
E142, 38
E112, 39
E189, 40
E189, 41
E300, 42
E260, 43
E125, 44
E111, 45
E120, 46
E142, 47
E122, 48
E189, 49
E261, 50
E55, 51
E150, 52
E128, 53
E252, 54
E124, 55
E56, 56
E131, 57
E50, 58
E189, 59
E189, 60
E323, 61
E189, 62
E189, 63
E54, 64
E58, 65
E263, 66
E121, 67
E112, 68
E323, 69
E146, 70
E50, 71
E276, 72
E125, 73
E48, 74
E208, 75
E130, 76
E171, 77
E189, 78
E59, 79
E328, 80
E120, 81
E300, 82
E300, 83
E313, 84
E183, 85
E300, 86
E52, 87
E252, 88
E64, 89
E161, 90
E52, 91
E62, 92
E304, 93
E259, 94
E144, 95
E141, 96
E252, 97
E59, 98
E56, 99
E49, 100
E124, 101
E310, 102
E300, 103
E61, 104
E162, 105
E189, 106
E252, 107
E56, 108
E60, 109
E44, 110
E120, 111
E68, 112
E164, 113
E189, 114
E189, 115
E131, 116
E328, 117
E288, 118
E316, 119
E110, 120
E64, 121
E331, 122
E50, 123
E180, 124
E10, 125
E301, 126
E33, 127
E207, 128
E189, 129
E189, 130
E189, 131
E203, 132
E122, 133
E310, 134
E41, 135
E110, 136
E189, 137
E189, 138
E150, 139
E189, 140
E120, 141
E313, 142
E189, 143
E189, 144
E189, 145
E189, 146
E295, 147
E121, 148
E208, 149
E144, 150
E111, 151
E64, 152
E189, 153
E203, 154
E52, 155
E203, 156
E296, 157
E323, 158
E258, 159
E142, 160
E203, 161
E206, 162
E59, 163
E208, 164
E331, 165
E148, 166
E120, 167
E252, 168
E131, 169
E51, 170
E323, 171
E295, 172
E36, 173
E24, 174
E291, 175
E313, 176
E202, 177
E282, 178
E332, 179
E224, 180
E50, 181
E161, 182
E80, 183
E40, 184
E40, 185
E214, 186
E319, 187
E40, 188
E214, 189
E303, 190
E305, 191
E341, 192
E305, 193
E214, 194
E40, 195
E214, 196
E40, 197
E40, 198
E40, 199
E189, 200
E199, 201
E40, 202
E305, 203
E40, 204
E199, 205
E40, 206
E214, 207
E28, 208
E271, 209
E161, 210
E149, 211
E293, 212
E111, 213
E338, 214
E57, 215
E252, 216
E64, 217
E267, 218
E202, 219
E233, 220
E32, 221
E207, 222
E38, 223
E276, 224
E216, 225
E271, 226
E77, 227
E53, 228
E134, 229
E293, 230
E252, 231
E131, 232
E288, 233
E157, 234
E67, 235
E318, 236
E163, 237
E145, 238
E258, 239
E55, 240
E109, 241
E120, 242
E59, 243
E202, 244
E293, 245
E124, 246
E328, 247
E314, 248
E269, 249
E140, 250
E58, 251
E41, 252
E50, 253
E44, 254
E262, 255
E57, 256
E51, 257
E58, 258
E203, 259
E125, 260
E258, 261
E259, 262
E319, 263
E305, 264
E258, 265
E153, 266
E120, 267
E313, 268
E86, 269
E90, 270
E96, 271
E259, 272
E216, 273
E283, 274
E303, 275
E258, 276
E319, 277
E16, 278
E19, 279
E256, 280
E256, 281
E283, 282
E256, 283
E243, 284
E212, 285
E139, 286
E50, 287
E138, 288
E323, 289
E258, 290
E120, 291
E120, 292
E44, 293
E189, 294
E52, 295
E142, 296
E54, 297
E267, 298
E189, 299
E165, 300
E180, 301
E310, 302
E120, 303
E75, 304
E267, 305
E189, 306
E203, 307
E140, 308
E207, 309
E208, 310
E189, 311
E203, 312
E142, 313
E323, 314
E189, 315
E286, 316
E142, 317
E54, 318
E189, 319
E189, 320
E323, 321
E157, 322
E55, 323
E48, 324
E189, 325
E252, 326
E121, 327
E48, 328
E200, 329
E258, 330
E92, 331
E17, 332
E259, 333
E319, 334
E153, 335
E63, 336
E305, 337
E285, 338
E129, 339
E294, 340
E164, 341
E299, 342
E203, 343
E300, 344
E173, 345
E12, 346
E258, 347
E252, 348
E142, 349
E120, 350
E57, 351
E109, 352
E153, 353
E122, 354
E120, 355
E313, 356
E157, 357
E120, 358
E319, 359
E312, 360
E1, 361
E190, 362
E134, 363
E335, 364
E208, 365
E70, 366
E331, 367
E323, 368
E148, 369
E146, 370
E66, 371
E52, 372
E339, 373
E144, 374
E293, 375
E37, 376
E144, 377
E148, 378
E125, 379
E120, 380
E48, 381
E120, 382
E120, 383
E66, 384
E75, 385
E121, 386
E293, 387
E57, 388
E142, 389
E271, 390
E259, 391
E261, 392
E142, 393
E52, 394
E120, 395
E339, 396
E121, 397
E52, 398
E120, 399
E296, 400
E208, 401
E149, 402
E55, 403
E161, 404
E119, 405
E139, 406
E55, 407
E323, 408
E203, 409
E312, 410
E323, 411
E300, 412
E140, 413
E125, 414
E128, 415
E252, 416
E122, 417
E120, 418
E323, 419
E142, 420
E252, 421
E69, 422
E120, 423
E52, 424
E52, 425
E124, 426
E150, 427
E122, 428
E65, 429
E120, 430
E250, 431
E57, 432
E323, 433
E125, 434
E67, 435
E150, 436
E271, 437
E146, 438
E288, 439
E150, 440
E132, 441
E120, 442
E134, 443
E55, 444
E146, 445
E252, 446
E227, 447
E242, 448
E140, 449
E288, 450
E70, 451
E121, 452
E203, 453
E203, 454
E293, 455
E111, 456
E312, 457
E161, 458
E211, 459
E216, 460
E76, 461
E82, 462
E216, 463
E12, 464
E17, 465
E18, 466
E18, 467
E16, 468
E16, 469
E16, 470
E12, 471
E19, 472
E19, 473
E19, 474
E12, 475
E12, 476
E18, 477
E17, 478
E12, 479
E12, 480
E18, 481
E19, 482
E339, 483
E280, 484
E270, 485
E61, 486
E44, 487
E327, 488
E167, 489
E210, 490
E328, 491
E120, 492
E127, 493
E120, 494
E124, 495
E247, 496
E203, 497
E307, 498
E181, 499
E55, 500
E311, 501
E172, 502
E49, 503
E174, 504
E133, 505
E318, 506
E318, 507
E202, 508
E60, 509
E61, 510
E52, 511
E104, 512
E305, 513
E44, 514
E60, 515
E72, 516
E300, 517
E120, 518
E147, 519
E149, 520
E295, 521
E300, 522
E139, 523
E48, 524
E127, 525
E124, 526
E157, 527
E313, 528
E203, 529
E99, 530
E54, 531
E52, 532
E147, 533
E121, 534
E127, 535
E41, 536
E162, 537
E266, 538
E294, 539
E171, 540
E176, 541
E173, 542
E174, 543
E208, 544
E300, 545
E177, 546
E99, 547
E50, 548
E119, 549
E172, 550
E172, 551
E172, 552
E173, 553
E167, 554
E172, 555
E121, 556
E265, 557
E130, 558
E174, 559
E172, 560
E133, 561
E174, 562
E175, 563
E174, 564
E173, 565
E167, 566
E151, 567
E172, 568
E167, 569
E130, 570
E174, 571
E276, 572
E61, 573
E335, 574
E122, 575
E111, 576
E276, 577
E172, 578
E14, 579
E52, 580
E125, 581
E276, 582
E174, 583
E176, 584
E119, 585
E151, 586
E174, 587
E204, 588
E163, 589
E259, 590
E120, 591
E317, 592
E318, 593
E294, 594
E172, 595
E173, 596
E167, 597
E133, 598
E323, 599
E161, 600
E172, 601
E176, 602
E58, 603
E164, 604
E49, 605
E59, 606
E27, 607
E167, 608
E44, 609
E128, 610
E131, 611
E140, 612
E226, 613
E228, 614
E229, 615
E323, 616
E155, 617
E55, 618
E230, 619
E154, 620
E228, 621
E323, 622
E154, 623
E111, 624
E48, 625
E323, 626
E253, 627
E239, 628
E6, 629
E7, 630
E225, 631
E246, 632
E292, 633
E328, 634
E313, 635
E160, 636
E49, 637
E119, 638
E261, 639
E136, 640
E124, 641
E147, 642
E336, 643
E117, 644
E155, 645
E14, 646
E207, 647
E161, 648
E170, 649
E58, 650
E172, 651
E284, 652
E32, 653
E120, 654
E206, 655
E173, 656
E276, 657
E61, 658
E340, 659
E241, 660
E282, 661
E23, 662
E6, 663
E133, 664
E130, 665
E173, 666
E17, 667
E318, 668
E294, 669
E61, 670
E174, 671
E296, 672
E294, 673
E161, 674
E238, 675
E159, 676
E163, 677
E252, 678
E208, 679
E3, 680
E283, 681
E12, 682
E89, 683
E17, 684
E253, 685
E216, 686
E17, 687
E12, 688
E257, 689
E305, 690
E283, 691
E17, 692
E312, 693
E318, 694
E318, 695
E167, 696
E174, 697
E208, 698
E299, 699
E49, 700
E300, 701
E259, 702
E12, 703
E305, 704
E253, 705
E271, 706
E258, 707
E216, 708
E203, 709
E12, 710
E259, 711
E257, 712
E126, 713
E320, 714
E189, 715
E189, 716
E128, 717
E189, 718
E119, 719
E189, 720
E189, 721
E185, 722
E189, 723
E323, 724
E126, 725
E124, 726
E189, 727
E147, 728
E126, 729
E139, 730
E189, 731
E189, 732
E57, 733
E189, 734
E202, 735
E323, 736
E293, 737
E122, 738
E1, 739
E189, 740
E142, 741
E293, 742
E189, 743
E147, 744
E189, 745
E189, 746
E203, 747
E296, 748
E189, 749
E132, 750
E189, 751
E145, 752
E120, 753
E300, 754
E323, 755
E303, 756
E288, 757
E189, 758
E157, 759
E120, 760
E57, 761
E208, 762
E323, 763
E300, 764
E142, 765
E126, 766
E125, 767
E127, 768
E189, 769
E1, 770
E300, 771
E120, 772
E189, 773
E57, 774
E157, 775
E323, 776
E189, 777
E189, 778
E252, 779
E173, 780
E150, 781
E131, 782
E61, 783
E145, 784
E189, 785
E189, 786
E203, 787
E189, 788
E150, 789
E120, 790
E54, 791
E122, 792
E189, 793
E189, 794
E189, 795
E135, 796
E252, 797
E265, 798
E112, 799
E203, 800
E300, 801
E146, 802
E288, 803
E311, 804
E318, 805
E208, 806
E56, 807
E189, 808
E122, 809
E44, 810
E56, 811
E189, 812
E203, 813
E189, 814
E121, 815
E207, 816
E268, 817
E210, 818
E331, 819
E189, 820
E271, 821
E207, 822
E59, 823
E44, 824
E189, 825
E189, 826
E142, 827
E128, 828
E206, 829
E210, 830
E189, 831
E189, 832
E294, 833
E148, 834
E109, 835
E119, 836
E189, 837
E318, 838
E163, 839
E203, 840
E189, 841
E109, 842
E208, 843
E189, 844
E318, 845
E50, 846
E207, 847
E299, 848
E267, 849
E216, 850
E121, 851
E44, 852
E203, 853
E189, 854
E189, 855
E91, 856
E95, 857
E148, 858
E128, 859
E44, 860
E58, 861
E142, 862
E140, 863
E206, 864
E331, 865
E189, 866
E44, 867
E264, 868
E189, 869
E47, 870
E263, 871
E13, 872
E189, 873
E1, 874
E310, 875
E189, 876
E328, 877
E122, 878
E189, 879
E189, 880
E203, 881
E203, 882
E300, 883
E142, 884
E120, 885
E122, 886
E189, 887
E189, 888
E126, 889
E208, 890
E203, 891
E12, 892
E110, 893
E189, 894
E189, 895
E121, 896
E44, 897
E169, 898
E175, 899
E189, 900
E202, 901
E172, 902
E172, 903
E142, 904
E33, 905
E300, 906
E142, 907
E56, 908
E173, 909
E189, 910
E189, 911
E148, 912
E177, 913
E303, 914
E119, 915
E203, 916
E300, 917
E52, 918
E283, 919
E12, 920
E12, 921
E259, 922
E12, 923
E215, 924
E12, 925
E146, 926
E252, 927
E171, 928
E173, 929
E189, 930
E323, 931
E47, 932
E331, 933
E144, 934
E121, 935
E296, 936
E189, 937
E323, 938
E189, 939
E328, 940
E124, 941
E57, 942
E161, 943
E12, 944
E259, 945
E21, 946
E22, 947
E258, 948
E12, 949
E17, 950
E308, 951
E12, 952
E12, 953
E17, 954
E85, 955
E153, 956
E271, 957
E259, 958
E214, 959
E40, 960
E40, 961
E12, 962
E323, 963
E300, 964
E300, 965
E161, 966
E1, 967
E127, 968
E189, 969
E254, 970
E189, 971
E189, 972
E72, 973
E135, 974
E127, 975
E70, 976
E300, 977
E122, 978
E144, 979
E121, 980
E161, 981
E203, 982
E189, 983
E202, 984
E150, 985
E207, 986
E189, 987
E202, 988
E70, 989
E313, 990
E203, 991
E120, 992
E120, 993
E293, 994
E203, 995
E144, 996
E139, 997
E184, 998
E142, 999
E313, 1000
E287, 1001
E280, 1002
E33, 1003
E300, 1004
E189, 1005
E252, 1006
E189, 1007
E189, 1008
E300, 1009
E189, 1010
E250, 1011
E141, 1012
E135, 1013
E57, 1014
E124, 1015
E189, 1016
E189, 1017
E189, 1018
E338, 1019
E122, 1020
E48, 1021
E138, 1022
E323, 1023
E122, 1024
E120, 1025
E64, 1026
E189, 1027
E49, 1028
E300, 1029
E189, 1030
E70, 1031
E287, 1032
E189, 1033
E126, 1034
E135, 1035
E147, 1036
E189, 1037
E323, 1038
E120, 1039
E120, 1040
E64, 1041
E122, 1042
E189, 1043
E203, 1044
E270, 1045
E55, 1046
E252, 1047
E28, 1048
E290, 1049
E200, 1050
E202, 1051
E202, 1052
E283, 1053
E283, 1054
E257, 1055
E216, 1056
E188, 1057
E188, 1058
E188, 1059
E188, 1060
E188, 1061
E188, 1062
E188, 1063
E188, 1064
E188, 1065
E188, 1066
E188, 1067
E188, 1068
E188, 1069
E188, 1070
E188, 1071
E188, 1072
E188, 1073
E188, 1074
E188, 1075
E188, 1076
E188, 1077
E188, 1078
E188, 1079
E188, 1080
E188, 1081
E188, 1082
E188, 1083
E188, 1084
E188, 1085
E188, 1086
E188, 1087
E188, 1088
E188, 1089
E188, 1090
E188, 1091
E188, 1092
E188, 1093
E188, 1094
E188, 1095
E188, 1096
E188, 1097
E188, 1098
E188, 1099
E188, 1100
E188, 1101
E188, 1102
E188, 1103
E188, 1104
E188, 1105
E188, 1106
E188, 1107
E188, 1108
E188, 1109
E188, 1110
E188, 1111
E188, 1112
E188, 1113
E188, 1114
E188, 1115
E188, 1116
E188, 1117
E188, 1118
E188, 1119
E188, 1120
E188, 1121
E188, 1122
E188, 1123
E188, 1124
E188, 1125
E188, 1126
E188, 1127
E9, 1128
E253, 1129
E216, 1130
E305, 1131
E40, 1132
E278, 1133
E248, 1134
E279, 1135
E313, 1136
E40, 1137
E28, 1138
E253, 1139
E71, 1140
E65, 1141
E253, 1142
E99, 1143
E259, 1144
E173, 1145
E112, 1146
E161, 1147
E161, 1148
E202, 1149
E328, 1150
E74, 1151
E98, 1152
E11, 1153
E15, 1154
E318, 1155
E190, 1156
E286, 1157
E305, 1158
E270, 1159
E271, 1160
E219, 1161
E199, 1162
E33, 1163
E208, 1164
E55, 1165
E203, 1166
E323, 1167
E203, 1168
E126, 1169
E147, 1170
E121, 1171
E207, 1172
E207, 1173
E52, 1174
E296, 1175
E126, 1176
E338, 1177
E300, 1178
E288, 1179
E337, 1180
E331, 1181
E153, 1182
E5, 1183
E232, 1184
E229, 1185
E333, 1186
E160, 1187
E107, 1188
E119, 1189
E50, 1190
E258, 1191
E259, 1192
E256, 1193
E256, 1194
E256, 1195
E283, 1196
E214, 1197
E85, 1198
E94, 1199
E87, 1200
E257, 1201
E53, 1202
E252, 1203
E283, 1204
E105, 1205
E310, 1206
E175, 1207
E294, 1208
E172, 1209
E44, 1210
E178, 1211
E174, 1212
E120, 1213
E316, 1214
E102, 1215
E103, 1216
E214, 1217
E184, 1218
E103, 1219
E49, 1220
E203, 1221
E161, 1222
E305, 1223
E305, 1224
E207, 1225
E141, 1226
E331, 1227
E207, 1228
E196, 1229
E120, 1230
E171, 1231
E171, 1232
E173, 1233
E174, 1234
E167, 1235
E130, 1236
E171, 1237
E172, 1238
E174, 1239
E204, 1240
E171, 1241
E171, 1242
E174, 1243
E171, 1244
E294, 1245
E174, 1246
E167, 1247
E176, 1248
E267, 1249
E137, 1250
E276, 1251
E50, 1252
E249, 1253
E231, 1254
E36, 1255
E157, 1256
E155, 1257
E236, 1258
E114, 1259
E113, 1260
E126, 1261
E252, 1262
E233, 1263
E156, 1264
E119, 1265
E58, 1266
E129, 1267
E172, 1268
E126, 1269
E36, 1270
E168, 1271
E61, 1272
E301, 1273
E209, 1274
E102, 1275
E197, 1276
E83, 1277
E271, 1278
E171, 1279
E133, 1280
E129, 1281
E204, 1282
E161, 1283
E177, 1284
E259, 1285
E153, 1286
E256, 1287
E257, 1288
E258, 1289
E106, 1290
E200, 1291
E145, 1292
E203, 1293
E120, 1294
E167, 1295
E144, 1296
E141, 1297
E52, 1298
E13, 1299
E311, 1300
E202, 1301
E59, 1302
E285, 1303
E207, 1304
E327, 1305
E120, 1306
E259, 1307
E269, 1308
E59, 1309
E51, 1310
E123, 1311
E56, 1312
E206, 1313
E165, 1314
E43, 1315
E318, 1316
E10, 1317
E60, 1318
E42, 1319
E167, 1320
E172, 1321
E176, 1322
E120, 1323
E134, 1324
E140, 1325
E300, 1326
E194, 1327
E158, 1328
E245, 1329
E52, 1330
E232, 1331
E48, 1332
E58, 1333
E336, 1334
E23, 1335
E41, 1336
E51, 1337
E282, 1338
E194, 1339
E41, 1340
E58, 1341
E203, 1342
E156, 1343
E4, 1344
E216, 1345
E118, 1346
E8, 1347
E115, 1348
E129, 1349
E271, 1350
E292, 1351
E249, 1352
E154, 1353
E93, 1354
E90, 1355
E323, 1356
E10, 1357
E17, 1358
E222, 1359
E267, 1360
E58, 1361
E52, 1362
E52, 1363
E287, 1364
E51, 1365
E340, 1366
E159, 1367
E318, 1368
E48, 1369
E203, 1370
E52, 1371
E227, 1372
E155, 1373
E43, 1374
E60, 1375
E203, 1376
E235, 1377
E234, 1378
E251, 1379
E252, 1380
E318, 1381
E292, 1382
E240, 1383
E116, 1384
E282, 1385
E280, 1386
E157, 1387
E39, 1388
E118, 1389
E33, 1390
E35, 1391
E42, 1392
E26, 1393
E326, 1394
E305, 1395
E204, 1396
E22, 1397
E256, 1398
E223, 1399
E271, 1400
E271, 1401
E46, 1402
E216, 1403
E96, 1404
E81, 1405
E274, 1406
E120, 1407
E161, 1408
E189, 1409
E186, 1410
E108, 1411
E305, 1412
E187, 1413
E258, 1414
E186, 1415
E330, 1416
E322, 1417
E69, 1418
E59, 1419
E41, 1420
E131, 1421
E208, 1422
E111, 1423
E41, 1424
E269, 1425
E208, 1426
E52, 1427
E31, 1428
E294, 1429
E172, 1430
E151, 1431
E173, 1432
E130, 1433
E58, 1434
E276, 1435
E265, 1436
E173, 1437
E172, 1438
E130, 1439
E175, 1440
E172, 1441
E171, 1442
E203, 1443
E49, 1444
E10, 1445
E151, 1446
E171, 1447
E172, 1448
E55, 1449
E59, 1450
E143, 1451
E207, 1452
E75, 1453
E319, 1454
E148, 1455
E139, 1456
E207, 1457
E128, 1458
E142, 1459
E127, 1460
E142, 1461
E293, 1462
E126, 1463
E316, 1464
E318, 1465
E237, 1466
E246, 1467
E294, 1468
E173, 1469
E31, 1470
E294, 1471
E172, 1472
E172, 1473
E70, 1474
E300, 1475
E306, 1476
E144, 1477
E120, 1478
E331, 1479
E202, 1480
E288, 1481
E208, 1482
E295, 1483
E293, 1484
E92, 1485
E85, 1486
E78, 1487
E140, 1488
E323, 1489
E57, 1490
E124, 1491
E128, 1492
E252, 1493
E75, 1494
E125, 1495
E57, 1496
E293, 1497
E48, 1498
E119, 1499
E252, 1500
E323, 1501
E121, 1502
E50, 1503
E142, 1504
E128, 1505
E296, 1506
E49, 1507
E44, 1508
E173, 1509
E173, 1510
E276, 1511
E323, 1512
E75, 1513
E323, 1514
E137, 1515
E70, 1516
E197, 1517
E283, 1518
E216, 1519
E271, 1520
E271, 1521
E305, 1522
E40, 1523
E297, 1524
E216, 1525
E97, 1526
E53, 1527
E189, 1528
E189, 1529
E33, 1530
E300, 1531
E221, 1532
E63, 1533
E1, 1534
E149, 1535
E189, 1536
E189, 1537
E189, 1538
E255, 1539
E1, 1540
E252, 1541
E189, 1542
E338, 1543
E63, 1544
E124, 1545
E189, 1546
E147, 1547
E150, 1548
E252, 1549
E252, 1550
E124, 1551
E189, 1552
E189, 1553
E323, 1554
E189, 1555
E142, 1556
E252, 1557
E189, 1558
E189, 1559
E189, 1560
E289, 1561
E296, 1562
E63, 1563
E161, 1564
E203, 1565
E313, 1566
E253, 1567
E257, 1568
E31, 1569
E216, 1570
E305, 1571
E253, 1572
E258, 1573
E84, 1574
E271, 1575
E270, 1576
E305, 1577
E281, 1578
E217, 1579
E29, 1580
E305, 1581
E30, 1582
E305, 1583
E256, 1584
E259, 1585
E281, 1586
E183, 1587
E298, 1588
E319, 1589
E216, 1590
E273, 1591
E315, 1592
E182, 1593
E325, 1594
E325, 1595
E191, 1596
E305, 1597
E102, 1598
E102, 1599
E174, 1600
E44, 1601
E162, 1602
E189, 1603
E2, 1604
E52, 1605
E189, 1606
E120, 1607
E33, 1608
E126, 1609
E84, 1610
E122, 1611
E120, 1612
E189, 1613
E189, 1614
E120, 1615
E52, 1616
E203, 1617
E323, 1618
E189, 1619
E139, 1620
E189, 1621
E126, 1622
E296, 1623
E127, 1624
E203, 1625
E252, 1626
E121, 1627
E127, 1628
E189, 1629
E189, 1630
E135, 1631
E189, 1632
E146, 1633
E121, 1634
E189, 1635
E258, 1636
E52, 1637
E109, 1638
E189, 1639
E189, 1640
E189, 1641
E122, 1642
E252, 1643
E111, 1644
E189, 1645
E203, 1646
E52, 1647
E121, 1648
E142, 1649
E189, 1650
E126, 1651
E189, 1652
E189, 1653
E189, 1654
E128, 1655
E189, 1656
E57, 1657
E189, 1658
E189, 1659
E173, 1660
E189, 1661
E172, 1662
E142, 1663
E311, 1664
E166, 1665
E189, 1666
E122, 1667
E252, 1668
E189, 1669
E323, 1670
E57, 1671
E311, 1672
E59, 1673
E51, 1674
E189, 1675
E50, 1676
E276, 1677
E323, 1678
E48, 1679
E189, 1680
E120, 1681
E189, 1682
E189, 1683
E189, 1684
E142, 1685
E189, 1686
E189, 1687
E142, 1688
E189, 1689
E111, 1690
E189, 1691
E148, 1692
E122, 1693
E295, 1694
E189, 1695
E296, 1696
E1, 1697
E252, 1698
E208, 1699
E329, 1700
E198, 1701
E195, 1702
E92, 1703
E88, 1704
E259, 1705
E305, 1706
E271, 1707
E213, 1708
E283, 1709
E17, 1710
E283, 1711
E258, 1712
E306, 1713
E258, 1714
E138, 1715
E309, 1716
E214, 1717
E214, 1718
E305, 1719
E40, 1720
E214, 1721
E40, 1722
E120, 1723
E314, 1724
E119, 1725
E47, 1726
E102, 1727
E75, 1728
E133, 1729
E294, 1730
E174, 1731
E129, 1732
E167, 1733
E172, 1734
E173, 1735
E167, 1736
E125, 1737
E314, 1738
E131, 1739
E119, 1740
E59, 1741
E58, 1742
E175, 1743
E204, 1744
E172, 1745
E175, 1746
E171, 1747
E172, 1748
E43, 1749
E52, 1750
E157, 1751
E42, 1752
E167, 1753
E294, 1754
E167, 1755
E172, 1756
E172, 1757
E133, 1758
E171, 1759
E174, 1760
E176, 1761
E204, 1762
E276, 1763
E1, 1764
E314, 1765
E276, 1766
E129, 1767
E41, 1768
E163, 1769
E267, 1770
E129, 1771
E167, 1772
E172, 1773
E133, 1774
E151, 1775
E294, 1776
E167, 1777
E122, 1778
E127, 1779
E301, 1780
E203, 1781
E50, 1782
E42, 1783
E57, 1784
E119, 1785
E52, 1786
E12, 1787
E303, 1788
E306, 1789
E153, 1790
E75, 1791
E144, 1792
E153, 1793
E293, 1794
E127, 1795
E124, 1796
E124, 1797
E52, 1798
E52, 1799
E109, 1800
E252, 1801
E153, 1802
E134, 1803
E121, 1804
E208, 1805
E44, 1806
E310, 1807
E318, 1808
E326, 1809
E43, 1810
E143, 1811
E165, 1812
E207, 1813
E119, 1814
E285, 1815
E174, 1816
E176, 1817
E169, 1818
E176, 1819
E294, 1820
E41, 1821
E1, 1822
E203, 1823
E184, 1824
E203, 1825
E259, 1826
E309, 1827
E12, 1828
E256, 1829
E283, 1830
E305, 1831
E299, 1832
E277, 1833
E257, 1834
E193, 1835
E296, 1836
E252, 1837
E300, 1838
E120, 1839
E208, 1840
E33, 1841
E301, 1842
E173, 1843
E189, 1844
E59, 1845
E56, 1846
E293, 1847
E189, 1848
E189, 1849
E61, 1850
E122, 1851
E61, 1852
E189, 1853
E189, 1854
E47, 1855
E189, 1856
E150, 1857
E64, 1858
E189, 1859
E189, 1860
E120, 1861
E203, 1862
E119, 1863
E48, 1864
E220, 1865
E28, 1866
E304, 1867
E40, 1868
E214, 1869
E304, 1870
E40, 1871
E40, 1872
E271, 1873
E275, 1874
E45, 1875
E302, 1876
E305, 1877
E256, 1878
E323, 1879
E257, 1880
E214, 1881
E253, 1882
E256, 1883
E283, 1884
E20, 1885
E101, 1886
E100, 1887
E192, 1888
E256, 1889
E319, 1890
E256, 1891
E218, 1892
E259, 1893
E53, 1894
E126, 1895
E157, 1896
E305, 1897
E250, 1898
E73, 1899
E142, 1900
E127, 1901
E161, 1902
E64, 1903
E48, 1904
E161, 1905
E144, 1906
E146, 1907
E134, 1908
E126, 1909
E139, 1910
E125, 1911
E56, 1912
E75, 1913
E43, 1914
E50, 1915
E125, 1916
E54, 1917
E331, 1918
E205, 1919
E110, 1920
E263, 1921
E151, 1922
E173, 1923
E176, 1924
E293, 1925
E5, 1926
E276, 1927
E210, 1928
E276, 1929
E171, 1930
E172, 1931
E174, 1932
E201, 1933
E318, 1934
E56, 1935
E166, 1936
E143, 1937
E197, 1938
E110, 1939
E252, 1940
E5, 1941
E44, 1942
E312, 1943
E336, 1944
E244, 1945
E34, 1946
E331, 1947
E164, 1948
E163, 1949
E239, 1950
E75, 1951
E49, 1952
E310, 1953
E161, 1954
E216, 1955
E25, 1956
E165, 1957
E60, 1958
E8, 1959
E318, 1960
E128, 1961
E120, 1962
E230, 1963
E120, 1964
E122, 1965
E25, 1966
E311, 1967
E226, 1968
E205, 1969
E120, 1970
E242, 1971
E329, 1972
E334, 1973
E169, 1974
E174, 1975
E163, 1976
E253, 1977
E21, 1978
E304, 1979
E305, 1980
E324, 1981
E283, 1982
E78, 1983
E79, 1984
E139, 1985
E152, 1986
E28, 1987
E59, 1988
E179, 1989
E259, 1990
E321, 1991
E126, 1992
E48, 1993
E313, 1994
E157, 1995
E142, 1996
E331, 1997
E120, 1998
E338, 1999
E121, 2000
