E27, 1
E13, 2
E12, 3
E21, 4
E19, 5
E10, 6
E2, 7
E2, 8
E13, 9
E12, 10
E21, 11
E19, 12
E10, 13
E24, 14
E27, 15
E13, 16
E12, 17
E21, 18
E19, 19
E10, 20
E2, 21
E13, 22
E12, 23
E21, 24
E19, 25
E10, 26
E24, 27
E20, 28
E9, 29
E14, 30
E5, 31
E17, 32
E18, 33
E20, 34
E9, 35
E24, 36
E20, 37
E9, 38
E24, 39
E20, 40
E9, 41
E24, 42
E20, 43
E9, 44
E24, 45
E20, 46
E9, 47
E24, 48
E13, 49
E12, 50
E21, 51
E19, 52
E10, 53
E24, 54
E20, 55
E9, 56
E24, 57
E20, 58
E9, 59
E24, 60
E20, 61
E9, 62
E24, 63
E20, 64
E9, 65
E24, 66
E20, 67
E9, 68
E24, 69
E20, 70
E9, 71
E24, 72
E20, 73
E9, 74
E24, 75
E20, 76
E9, 77
E24, 78
E20, 79
E9, 80
E24, 81
E13, 82
E12, 83
E21, 84
E19, 85
E10, 86
E24, 87
E20, 88
E9, 89
E24, 90
E20, 91
E9, 92
E24, 93
E20, 94
E9, 95
E24, 96
E20, 97
E9, 98
E24, 99
E20, 100
E9, 101
E24, 102
E20, 103
E9, 104
E24, 105
E20, 106
E9, 107
E24, 108
E20, 109
E9, 110
E24, 111
E20, 112
E9, 113
E24, 114
E20, 115
E9, 116
E24, 117
E20, 118
E9, 119
E24, 120
E20, 121
E9, 122
E24, 123
E20, 124
E9, 125
E24, 126
E20, 127
E9, 128
E24, 129
E20, 130
E9, 131
E24, 132
E20, 133
E9, 134
E24, 135
E20, 136
E9, 137
E24, 138
E3, 139
E3, 140
E13, 141
E12, 142
E21, 143
E19, 144
E10, 145
E24, 146
E27, 147
E20, 148
E9, 149
E2, 150
E3, 151
E27, 152
E13, 153
E12, 154
E21, 155
E19, 156
E10, 157
E6, 158
E27, 159
E20, 160
E9, 161
E6, 162
E2, 163
E13, 164
E12, 165
E21, 166
E19, 167
E10, 168
E24, 169
E3, 170
E13, 171
E12, 172
E21, 173
E19, 174
E10, 175
E25, 176
E2, 177
E13, 178
E12, 179
E21, 180
E19, 181
E10, 182
E24, 183
E2, 184
E13, 185
E12, 186
E21, 187
E19, 188
E10, 189
E2, 190
E13, 191
E12, 192
E8, 193
E21, 194
E19, 195
E10, 196
E2, 197
E13, 198
E12, 199
E21, 200
E19, 201
E10, 202
E2, 203
E13, 204
E12, 205
E8, 206
E2, 207
E13, 208
E12, 209
E21, 210
E19, 211
E10, 212
E21, 213
E10, 214
E21, 215
E10, 216
E21, 217
E10, 218
E21, 219
E10, 220
E2, 221
E16, 222
E18, 223
E13, 224
E12, 225
E21, 226
E19, 227
E10, 228
E21, 229
E10, 230
E21, 231
E10, 232
E21, 233
E10, 234
E21, 235
E10, 236
E2, 237
E16, 238
E18, 239
E13, 240
E12, 241
E21, 242
E19, 243
E10, 244
E2, 245
E13, 246
E12, 247
E21, 248
E19, 249
E10, 250
E21, 251
E10, 252
E2, 253
E15, 254
E20, 255
E9, 256
E2, 257
E13, 258
E12, 259
E21, 260
E19, 261
E10, 262
E2, 263
E2, 264
E3, 265
E3, 266
E13, 267
E12, 268
E21, 269
E19, 270
E10, 271
E25, 272
E20, 273
E9, 274
E25, 275
E13, 276
E12, 277
E21, 278
E19, 279
E10, 280
E25, 281
E2, 282
E20, 283
E9, 284
E14, 285
E5, 286
E17, 287
E18, 288
E13, 289
E12, 290
E21, 291
E19, 292
E10, 293
E24, 294
E3, 295
E13, 296
E12, 297
E8, 298
E2, 299
E13, 300
E12, 301
E21, 302
E19, 303
E10, 304
E2, 305
E13, 306
E12, 307
E21, 308
E19, 309
E10, 310
E21, 311
E10, 312
E21, 313
E10, 314
E2, 315
E16, 316
E13, 317
E12, 318
E21, 319
E19, 320
E10, 321
E21, 322
E10, 323
E21, 324
E10, 325
E21, 326
E10, 327
E21, 328
E10, 329
E2, 330
E16, 331
E18, 332
E13, 333
E12, 334
E21, 335
E19, 336
E10, 337
E21, 338
E10, 339
E21, 340
E10, 341
E13, 342
E12, 343
E21, 344
E19, 345
E10, 346
E7, 347
E13, 348
E12, 349
E21, 350
E19, 351
E21, 352
E10, 353
E7, 354
E13, 355
E12, 356
E21, 357
E19, 358
E10, 359
E10, 360
E7, 361
E20, 362
E9, 363
E7, 364
E13, 365
E12, 366
E21, 367
E19, 368
E21, 369
E10, 370
E7, 371
E10, 372
E20, 373
E9, 374
E7, 375
E13, 376
E12, 377
E21, 378
E19, 379
E10, 380
E7, 381
E13, 382
E12, 383
E21, 384
E19, 385
E2, 386
E16, 387
E18, 388
E10, 389
E7, 390
E13, 391
E12, 392
E21, 393
E19, 394
E10, 395
E7, 396
E20, 397
E9, 398
E7, 399
E20, 400
E9, 401
E7, 402
E13, 403
E12, 404
E21, 405
E19, 406
E10, 407
E7, 408
E13, 409
E12, 410
E21, 411
E19, 412
E10, 413
E7, 414
E13, 415
E12, 416
E21, 417
E19, 418
E10, 419
E7, 420
E13, 421
E12, 422
E21, 423
E19, 424
E10, 425
E7, 426
E13, 427
E12, 428
E21, 429
E19, 430
E10, 431
E7, 432
E13, 433
E12, 434
E21, 435
E19, 436
E13, 437
E12, 438
E21, 439
E19, 440
E10, 441
E7, 442
E10, 443
E13, 444
E12, 445
E21, 446
E19, 447
E10, 448
E7, 449
E20, 450
E9, 451
E7, 452
E13, 453
E12, 454
E21, 455
E19, 456
E10, 457
E7, 458
E21, 459
E13, 460
E12, 461
E21, 462
E19, 463
E10, 464
E10, 465
E7, 466
E13, 467
E12, 468
E21, 469
E19, 470
E10, 471
E7, 472
E20, 473
E9, 474
E2, 475
E15, 476
E7, 477
E13, 478
E12, 479
E21, 480
E19, 481
E10, 482
E7, 483
E13, 484
E12, 485
E21, 486
E19, 487
E10, 488
E7, 489
E13, 490
E12, 491
E21, 492
E19, 493
E10, 494
E7, 495
E13, 496
E12, 497
E21, 498
E19, 499
E10, 500
E7, 501
E13, 502
E12, 503
E21, 504
E19, 505
E10, 506
E7, 507
E20, 508
E9, 509
E7, 510
E13, 511
E12, 512
E21, 513
E19, 514
E10, 515
E7, 516
E27, 517
E20, 518
E9, 519
E24, 520
E27, 521
E20, 522
E9, 523
E24, 524
E13, 525
E12, 526
E21, 527
E19, 528
E27, 529
E20, 530
E10, 531
E9, 532
E24, 533
E27, 534
E20, 535
E2, 536
E9, 537
E24, 538
E27, 539
E20, 540
E9, 541
E24, 542
E27, 543
E20, 544
E9, 545
E24, 546
E27, 547
E20, 548
E9, 549
E24, 550
E3, 551
E27, 552
E20, 553
E9, 554
E24, 555
E27, 556
E20, 557
E9, 558
E24, 559
E27, 560
E20, 561
E9, 562
E24, 563
E27, 564
E20, 565
E9, 566
E24, 567
E27, 568
E20, 569
E9, 570
E24, 571
E27, 572
E20, 573
E9, 574
E24, 575
E27, 576
E20, 577
E9, 578
E24, 579
E27, 580
E20, 581
E9, 582
E24, 583
E27, 584
E20, 585
E9, 586
E24, 587
E27, 588
E20, 589
E9, 590
E24, 591
E27, 592
E20, 593
E9, 594
E24, 595
E27, 596
E20, 597
E9, 598
E24, 599
E27, 600
E20, 601
E9, 602
E24, 603
E27, 604
E20, 605
E9, 606
E24, 607
E27, 608
E20, 609
E9, 610
E24, 611
E27, 612
E20, 613
E9, 614
E24, 615
E27, 616
E20, 617
E9, 618
E24, 619
E27, 620
E20, 621
E9, 622
E24, 623
E27, 624
E20, 625
E9, 626
E24, 627
E27, 628
E20, 629
E9, 630
E24, 631
E27, 632
E20, 633
E9, 634
E24, 635
E27, 636
E20, 637
E9, 638
E24, 639
E27, 640
E20, 641
E9, 642
E24, 643
E27, 644
E20, 645
E9, 646
E24, 647
E27, 648
E20, 649
E9, 650
E24, 651
E27, 652
E20, 653
E9, 654
E24, 655
E27, 656
E20, 657
E9, 658
E24, 659
E27, 660
E20, 661
E9, 662
E24, 663
E27, 664
E20, 665
E9, 666
E24, 667
E27, 668
E20, 669
E9, 670
E24, 671
E27, 672
E20, 673
E9, 674
E24, 675
E27, 676
E20, 677
E9, 678
E24, 679
E27, 680
E20, 681
E9, 682
E24, 683
E27, 684
E20, 685
E9, 686
E24, 687
E27, 688
E20, 689
E9, 690
E24, 691
E27, 692
E20, 693
E9, 694
E24, 695
E27, 696
E20, 697
E9, 698
E24, 699
E27, 700
E20, 701
E9, 702
E24, 703
E27, 704
E13, 705
E12, 706
E21, 707
E19, 708
E10, 709
E24, 710
E27, 711
E20, 712
E9, 713
E24, 714
E27, 715
E13, 716
E12, 717
E21, 718
E19, 719
E10, 720
E24, 721
E27, 722
E13, 723
E12, 724
E21, 725
E19, 726
E10, 727
E24, 728
E27, 729
E13, 730
E12, 731
E21, 732
E19, 733
E10, 734
E24, 735
E27, 736
E13, 737
E12, 738
E21, 739
E19, 740
E10, 741
E24, 742
E27, 743
E13, 744
E12, 745
E21, 746
E19, 747
E10, 748
E24, 749
E27, 750
E13, 751
E12, 752
E21, 753
E19, 754
E10, 755
E24, 756
E27, 757
E13, 758
E12, 759
E21, 760
E19, 761
E10, 762
E24, 763
E27, 764
E13, 765
E12, 766
E21, 767
E19, 768
E10, 769
E24, 770
E27, 771
E13, 772
E12, 773
E21, 774
E19, 775
E10, 776
E24, 777
E27, 778
E13, 779
E12, 780
E21, 781
E19, 782
E10, 783
E24, 784
E27, 785
E13, 786
E12, 787
E21, 788
E19, 789
E10, 790
E24, 791
E27, 792
E20, 793
E9, 794
E24, 795
E27, 796
E13, 797
E12, 798
E21, 799
E19, 800
E10, 801
E24, 802
E27, 803
E13, 804
E12, 805
E21, 806
E19, 807
E10, 808
E24, 809
E27, 810
E20, 811
E9, 812
E24, 813
E27, 814
E13, 815
E12, 816
E21, 817
E19, 818
E10, 819
E24, 820
E3, 821
E13, 822
E12, 823
E27, 824
E13, 825
E12, 826
E21, 827
E19, 828
E21, 829
E19, 830
E10, 831
E10, 832
E24, 833
E25, 834
E20, 835
E9, 836
E25, 837
E13, 838
E12, 839
E21, 840
E19, 841
E27, 842
E13, 843
E12, 844
E21, 845
E19, 846
E10, 847
E25, 848
E10, 849
E24, 850
E27, 851
E13, 852
E12, 853
E21, 854
E19, 855
E10, 856
E24, 857
E27, 858
E13, 859
E12, 860
E21, 861
E19, 862
E10, 863
E24, 864
E27, 865
E13, 866
E12, 867
E21, 868
E19, 869
E10, 870
E24, 871
E27, 872
E13, 873
E12, 874
E21, 875
E19, 876
E10, 877
E24, 878
E27, 879
E13, 880
E12, 881
E21, 882
E19, 883
E10, 884
E24, 885
E27, 886
E13, 887
E12, 888
E21, 889
E19, 890
E10, 891
E24, 892
E27, 893
E13, 894
E12, 895
E21, 896
E19, 897
E10, 898
E24, 899
E27, 900
E20, 901
E9, 902
E24, 903
E27, 904
E20, 905
E9, 906
E24, 907
E27, 908
E20, 909
E9, 910
E24, 911
E27, 912
E13, 913
E12, 914
E21, 915
E19, 916
E10, 917
E24, 918
E27, 919
E13, 920
E12, 921
E21, 922
E19, 923
E10, 924
E24, 925
E27, 926
E13, 927
E12, 928
E21, 929
E19, 930
E10, 931
E24, 932
E27, 933
E13, 934
E12, 935
E21, 936
E19, 937
E10, 938
E24, 939
E27, 940
E13, 941
E12, 942
E21, 943
E19, 944
E10, 945
E24, 946
E13, 947
E12, 948
E21, 949
E19, 950
E10, 951
E24, 952
E20, 953
E9, 954
E2, 955
E1, 956
E23, 957
E13, 958
E12, 959
E21, 960
E19, 961
E10, 962
E24, 963
E26, 964
E22, 965
E13, 966
E12, 967
E8, 968
E2, 969
E3, 970
E20, 971
E9, 972
E24, 973
E20, 974
E9, 975
E24, 976
E20, 977
E9, 978
E24, 979
E20, 980
E9, 981
E24, 982
E20, 983
E9, 984
E2, 985
E13, 986
E12, 987
E21, 988
E19, 989
E10, 990
E21, 991
E10, 992
E21, 993
E10, 994
E21, 995
E10, 996
E21, 997
E10, 998
E21, 999
E10, 1000
E4, 1001
E16, 1002
E18, 1003
E2, 1004
E13, 1005
E12, 1006
E21, 1007
E19, 1008
E10, 1009
E24, 1010
E13, 1011
E12, 1012
E21, 1013
E19, 1014
E10, 1015
E24, 1016
E2, 1017
E2, 1018
E2, 1019
E13, 1020
E12, 1021
E21, 1022
E19, 1023
E10, 1024
E24, 1025
E13, 1026
E12, 1027
E21, 1028
E19, 1029
E10, 1030
E24, 1031
E20, 1032
E9, 1033
E24, 1034
E20, 1035
E9, 1036
E24, 1037
E20, 1038
E9, 1039
E24, 1040
E20, 1041
E9, 1042
E24, 1043
E20, 1044
E9, 1045
E24, 1046
E20, 1047
E9, 1048
E24, 1049
E20, 1050
E9, 1051
E24, 1052
E20, 1053
E9, 1054
E24, 1055
E20, 1056
E9, 1057
E24, 1058
E20, 1059
E9, 1060
E24, 1061
E20, 1062
E9, 1063
E24, 1064
E20, 1065
E9, 1066
E24, 1067
E20, 1068
E9, 1069
E24, 1070
E20, 1071
E9, 1072
E24, 1073
E20, 1074
E9, 1075
E24, 1076
E20, 1077
E9, 1078
E24, 1079
E20, 1080
E9, 1081
E24, 1082
E20, 1083
E9, 1084
E24, 1085
E20, 1086
E13, 1087
E12, 1088
E21, 1089
E19, 1090
E9, 1091
E24, 1092
E20, 1093
E10, 1094
E24, 1095
E9, 1096
E24, 1097
E20, 1098
E9, 1099
E24, 1100
E20, 1101
E9, 1102
E24, 1103
E20, 1104
E9, 1105
E24, 1106
E20, 1107
E9, 1108
E24, 1109
E20, 1110
E9, 1111
E24, 1112
E20, 1113
E9, 1114
E24, 1115
E20, 1116
E9, 1117
E24, 1118
E20, 1119
E9, 1120
E24, 1121
E20, 1122
E9, 1123
E24, 1124
E20, 1125
E9, 1126
E24, 1127
E20, 1128
E9, 1129
E24, 1130
E20, 1131
E9, 1132
E24, 1133
E20, 1134
E9, 1135
E24, 1136
E13, 1137
E12, 1138
E21, 1139
E19, 1140
E10, 1141
E24, 1142
E13, 1143
E12, 1144
E21, 1145
E19, 1146
E10, 1147
E24, 1148
E13, 1149
E12, 1150
E21, 1151
E19, 1152
E10, 1153
E24, 1154
E13, 1155
E12, 1156
E21, 1157
E19, 1158
E10, 1159
E24, 1160
E20, 1161
E9, 1162
E24, 1163
E13, 1164
E12, 1165
E21, 1166
E19, 1167
E10, 1168
E24, 1169
E13, 1170
E12, 1171
E21, 1172
E19, 1173
E10, 1174
E24, 1175
E13, 1176
E12, 1177
E21, 1178
E19, 1179
E10, 1180
E24, 1181
E20, 1182
E9, 1183
E24, 1184
E20, 1185
E9, 1186
E24, 1187
E20, 1188
E9, 1189
E24, 1190
E20, 1191
E9, 1192
E24, 1193
E20, 1194
E9, 1195
E24, 1196
E20, 1197
E9, 1198
E24, 1199
E20, 1200
E9, 1201
E24, 1202
E20, 1203
E9, 1204
E24, 1205
E20, 1206
E9, 1207
E24, 1208
E20, 1209
E9, 1210
E24, 1211
E20, 1212
E9, 1213
E24, 1214
E20, 1215
E9, 1216
E24, 1217
E20, 1218
E9, 1219
E24, 1220
E20, 1221
E9, 1222
E24, 1223
E20, 1224
E9, 1225
E24, 1226
E20, 1227
E9, 1228
E24, 1229
E20, 1230
E9, 1231
E24, 1232
E20, 1233
E9, 1234
E24, 1235
E20, 1236
E9, 1237
E24, 1238
E20, 1239
E9, 1240
E24, 1241
E20, 1242
E9, 1243
E24, 1244
E20, 1245
E9, 1246
E24, 1247
E20, 1248
E9, 1249
E24, 1250
E20, 1251
E9, 1252
E24, 1253
E20, 1254
E9, 1255
E24, 1256
E20, 1257
E9, 1258
E24, 1259
E20, 1260
E9, 1261
E24, 1262
E20, 1263
E9, 1264
E24, 1265
E20, 1266
E9, 1267
E24, 1268
E20, 1269
E9, 1270
E24, 1271
E20, 1272
E9, 1273
E24, 1274
E20, 1275
E9, 1276
E24, 1277
E20, 1278
E9, 1279
E24, 1280
E20, 1281
E9, 1282
E24, 1283
E20, 1284
E9, 1285
E24, 1286
E20, 1287
E9, 1288
E24, 1289
E20, 1290
E9, 1291
E24, 1292
E20, 1293
E9, 1294
E24, 1295
E20, 1296
E9, 1297
E24, 1298
E20, 1299
E9, 1300
E24, 1301
E20, 1302
E9, 1303
E24, 1304
E20, 1305
E9, 1306
E24, 1307
E20, 1308
E9, 1309
E24, 1310
E20, 1311
E9, 1312
E24, 1313
E20, 1314
E9, 1315
E24, 1316
E20, 1317
E9, 1318
E24, 1319
E20, 1320
E9, 1321
E24, 1322
E20, 1323
E9, 1324
E24, 1325
E20, 1326
E9, 1327
E24, 1328
E20, 1329
E9, 1330
E24, 1331
E20, 1332
E9, 1333
E24, 1334
E20, 1335
E9, 1336
E24, 1337
E20, 1338
E9, 1339
E24, 1340
E20, 1341
E9, 1342
E24, 1343
E20, 1344
E9, 1345
E24, 1346
E20, 1347
E9, 1348
E24, 1349
E20, 1350
E9, 1351
E24, 1352
E20, 1353
E9, 1354
E24, 1355
E20, 1356
E9, 1357
E24, 1358
E20, 1359
E9, 1360
E24, 1361
E20, 1362
E9, 1363
E24, 1364
E20, 1365
E9, 1366
E24, 1367
E20, 1368
E9, 1369
E24, 1370
E20, 1371
E9, 1372
E24, 1373
E20, 1374
E9, 1375
E24, 1376
E20, 1377
E9, 1378
E24, 1379
E20, 1380
E9, 1381
E24, 1382
E20, 1383
E9, 1384
E24, 1385
E20, 1386
E9, 1387
E24, 1388
E20, 1389
E9, 1390
E24, 1391
E20, 1392
E9, 1393
E24, 1394
E20, 1395
E9, 1396
E24, 1397
E20, 1398
E9, 1399
E24, 1400
E20, 1401
E9, 1402
E24, 1403
E20, 1404
E9, 1405
E24, 1406
E20, 1407
E9, 1408
E24, 1409
E20, 1410
E9, 1411
E24, 1412
E20, 1413
E9, 1414
E24, 1415
E20, 1416
E9, 1417
E24, 1418
E20, 1419
E9, 1420
E24, 1421
E20, 1422
E9, 1423
E24, 1424
E20, 1425
E9, 1426
E24, 1427
E20, 1428
E9, 1429
E24, 1430
E20, 1431
E9, 1432
E24, 1433
E20, 1434
E9, 1435
E24, 1436
E20, 1437
E9, 1438
E24, 1439
E20, 1440
E9, 1441
E24, 1442
E20, 1443
E9, 1444
E24, 1445
E20, 1446
E9, 1447
E24, 1448
E20, 1449
E9, 1450
E24, 1451
E20, 1452
E9, 1453
E24, 1454
E20, 1455
E9, 1456
E24, 1457
E20, 1458
E9, 1459
E24, 1460
E20, 1461
E9, 1462
E24, 1463
E20, 1464
E9, 1465
E24, 1466
E20, 1467
E9, 1468
E24, 1469
E20, 1470
E9, 1471
E24, 1472
E20, 1473
E9, 1474
E24, 1475
E20, 1476
E9, 1477
E24, 1478
E20, 1479
E9, 1480
E24, 1481
E20, 1482
E9, 1483
E24, 1484
E20, 1485
E9, 1486
E24, 1487
E20, 1488
E9, 1489
E24, 1490
E20, 1491
E9, 1492
E24, 1493
E20, 1494
E9, 1495
E24, 1496
E20, 1497
E9, 1498
E24, 1499
E20, 1500
E9, 1501
E24, 1502
E20, 1503
E9, 1504
E24, 1505
E20, 1506
E9, 1507
E24, 1508
E20, 1509
E9, 1510
E24, 1511
E20, 1512
E9, 1513
E24, 1514
E20, 1515
E9, 1516
E24, 1517
E20, 1518
E9, 1519
E24, 1520
E20, 1521
E9, 1522
E24, 1523
E20, 1524
E9, 1525
E24, 1526
E20, 1527
E9, 1528
E24, 1529
E20, 1530
E9, 1531
E24, 1532
E20, 1533
E9, 1534
E24, 1535
E20, 1536
E9, 1537
E24, 1538
E20, 1539
E9, 1540
E24, 1541
E20, 1542
E9, 1543
E24, 1544
E20, 1545
E9, 1546
E24, 1547
E20, 1548
E9, 1549
E24, 1550
E20, 1551
E9, 1552
E24, 1553
E20, 1554
E9, 1555
E24, 1556
E20, 1557
E9, 1558
E24, 1559
E20, 1560
E9, 1561
E24, 1562
E20, 1563
E9, 1564
E24, 1565
E20, 1566
E9, 1567
E24, 1568
E20, 1569
E9, 1570
E24, 1571
E20, 1572
E9, 1573
E24, 1574
E20, 1575
E9, 1576
E24, 1577
E20, 1578
E9, 1579
E24, 1580
E20, 1581
E9, 1582
E24, 1583
E20, 1584
E9, 1585
E24, 1586
E20, 1587
E9, 1588
E24, 1589
E20, 1590
E9, 1591
E24, 1592
E20, 1593
E9, 1594
E24, 1595
E20, 1596
E9, 1597
E24, 1598
E20, 1599
E9, 1600
E24, 1601
E20, 1602
E9, 1603
E24, 1604
E20, 1605
E9, 1606
E24, 1607
E20, 1608
E9, 1609
E24, 1610
E20, 1611
E13, 1612
E12, 1613
E21, 1614
E19, 1615
E9, 1616
E24, 1617
E20, 1618
E10, 1619
E2, 1620
E9, 1621
E24, 1622
E20, 1623
E9, 1624
E24, 1625
E20, 1626
E9, 1627
E24, 1628
E20, 1629
E9, 1630
E24, 1631
E20, 1632
E9, 1633
E24, 1634
E20, 1635
E9, 1636
E24, 1637
E20, 1638
E9, 1639
E24, 1640
E20, 1641
E9, 1642
E24, 1643
E20, 1644
E9, 1645
E24, 1646
E20, 1647
E9, 1648
E24, 1649
E20, 1650
E9, 1651
E24, 1652
E20, 1653
E9, 1654
E24, 1655
E20, 1656
E9, 1657
E24, 1658
E20, 1659
E9, 1660
E24, 1661
E20, 1662
E9, 1663
E24, 1664
E20, 1665
E9, 1666
E24, 1667
E20, 1668
E9, 1669
E24, 1670
E20, 1671
E9, 1672
E24, 1673
E20, 1674
E9, 1675
E24, 1676
E20, 1677
E9, 1678
E24, 1679
E20, 1680
E9, 1681
E24, 1682
E20, 1683
E9, 1684
E24, 1685
E20, 1686
E9, 1687
E24, 1688
E20, 1689
E9, 1690
E24, 1691
E20, 1692
E9, 1693
E24, 1694
E20, 1695
E9, 1696
E24, 1697
E20, 1698
E9, 1699
E24, 1700
E20, 1701
E9, 1702
E24, 1703
E20, 1704
E9, 1705
E24, 1706
E20, 1707
E9, 1708
E24, 1709
E20, 1710
E9, 1711
E24, 1712
E20, 1713
E9, 1714
E24, 1715
E20, 1716
E9, 1717
E24, 1718
E20, 1719
E9, 1720
E24, 1721
E20, 1722
E9, 1723
E24, 1724
E20, 1725
E9, 1726
E24, 1727
E20, 1728
E9, 1729
E24, 1730
E20, 1731
E9, 1732
E24, 1733
E20, 1734
E9, 1735
E24, 1736
E20, 1737
E9, 1738
E24, 1739
E20, 1740
E9, 1741
E24, 1742
E20, 1743
E9, 1744
E24, 1745
E20, 1746
E9, 1747
E24, 1748
E20, 1749
E9, 1750
E24, 1751
E20, 1752
E9, 1753
E24, 1754
E20, 1755
E9, 1756
E24, 1757
E20, 1758
E9, 1759
E24, 1760
E20, 1761
E9, 1762
E24, 1763
E20, 1764
E9, 1765
E24, 1766
E20, 1767
E9, 1768
E24, 1769
E20, 1770
E9, 1771
E24, 1772
E20, 1773
E9, 1774
E24, 1775
E20, 1776
E9, 1777
E24, 1778
E20, 1779
E9, 1780
E24, 1781
E20, 1782
E9, 1783
E24, 1784
E20, 1785
E9, 1786
E24, 1787
E20, 1788
E9, 1789
E24, 1790
E20, 1791
E9, 1792
E24, 1793
E20, 1794
E9, 1795
E24, 1796
E20, 1797
E9, 1798
E24, 1799
E20, 1800
E9, 1801
E24, 1802
E20, 1803
E9, 1804
E24, 1805
E20, 1806
E9, 1807
E24, 1808
E20, 1809
E9, 1810
E24, 1811
E20, 1812
E9, 1813
E24, 1814
E20, 1815
E9, 1816
E24, 1817
E20, 1818
E9, 1819
E24, 1820
E20, 1821
E9, 1822
E24, 1823
E20, 1824
E9, 1825
E24, 1826
E20, 1827
E9, 1828
E24, 1829
E20, 1830
E9, 1831
E24, 1832
E20, 1833
E9, 1834
E24, 1835
E20, 1836
E9, 1837
E24, 1838
E20, 1839
E13, 1840
E12, 1841
E21, 1842
E19, 1843
E9, 1844
E24, 1845
E20, 1846
E10, 1847
E7, 1848
E9, 1849
E24, 1850
E13, 1851
E12, 1852
E21, 1853
E19, 1854
E10, 1855
E7, 1856
E13, 1857
E12, 1858
E21, 1859
E19, 1860
E10, 1861
E7, 1862
E20, 1863
E20, 1864
E20, 1865
E9, 1866
E7, 1867
E9, 1868
E11, 1869
E9, 1870
E24, 1871
E20, 1872
E13, 1873
E12, 1874
E21, 1875
E19, 1876
E9, 1877
E24, 1878
E20, 1879
E10, 1880
E7, 1881
E9, 1882
E24, 1883
E20, 1884
E20, 1885
E9, 1886
E24, 1887
E20, 1888
E9, 1889
E7, 1890
E13, 1891
E12, 1892
E21, 1893
E19, 1894
E9, 1895
E24, 1896
E20, 1897
E10, 1898
E7, 1899
E9, 1900
E24, 1901
E20, 1902
E9, 1903
E24, 1904
E20, 1905
E13, 1906
E12, 1907
E21, 1908
E19, 1909
E9, 1910
E24, 1911
E20, 1912
E10, 1913
E7, 1914
E9, 1915
E24, 1916
E20, 1917
E13, 1918
E12, 1919
E21, 1920
E19, 1921
E9, 1922
E24, 1923
E20, 1924
E10, 1925
E7, 1926
E9, 1927
E24, 1928
E20, 1929
E20, 1930
E9, 1931
E24, 1932
E20, 1933
E9, 1934
E7, 1935
E9, 1936
E24, 1937
E20, 1938
E20, 1939
E9, 1940
E24, 1941
E20, 1942
E9, 1943
E7, 1944
E9, 1945
E24, 1946
E20, 1947
E13, 1948
E12, 1949
E21, 1950
E19, 1951
E9, 1952
E24, 1953
E10, 1954
E20, 1955
E7, 1956
E9, 1957
E24, 1958
E20, 1959
E13, 1960
E12, 1961
E21, 1962
E19, 1963
E9, 1964
E24, 1965
E10, 1966
E20, 1967
E7, 1968
E13, 1969
E12, 1970
E21, 1971
E19, 1972
E9, 1973
E24, 1974
E20, 1975
E10, 1976
E7, 1977
E9, 1978
E24, 1979
E20, 1980
E13, 1981
E12, 1982
E21, 1983
E19, 1984
E9, 1985
E24, 1986
E10, 1987
E20, 1988
E7, 1989
E9, 1990
E24, 1991
E20, 1992
E13, 1993
E12, 1994
E21, 1995
E19, 1996
E9, 1997
E24, 1998
E20, 1999
E10, 2000
