symbol: m19
identifier: <*> <*> INFO mapreduce.Job: Counters: <*> File System Counters FILE: Number of bytes <*> Job Counters Launched map <*> <?> Framework Map <*> <*> <*> <*> File Input Format Counters Bytes <*> File Output Format Counters Bytes <*>
346,21/12/25,20:33:58,33,Bytes,Written=12800000,
|| 21/12/25 20:33:58 INFO mapreduce.Job: Counters: 33
||	File System Counters
|>		FILE: Number of bytes read=0
|>		FILE: Number of bytes written=741919
|>		FILE: Number of read operations=0
|>		FILE: Number of large read operations=0
|>		FILE: Number of write operations=0
|>		HDFS: Number of bytes read=248
|>		HDFS: Number of bytes written=12800000
|>		HDFS: Number of read operations=18
|>		HDFS: Number of large read operations=0
|>		HDFS: Number of write operations=6
||	Job Counters 
|>		Launched map tasks=3
|>		Other local map tasks=3
|>		Total time spent by all maps in occupied slots (ms)=68226
|>		Total time spent by all reduces in occupied slots (ms)=0
|>		Total time spent by all map tasks (ms)=22742
|>		Total vcore-milliseconds taken by all map tasks=22742
|>		Total megabyte-milliseconds taken by all map tasks=69863424
||	Map-Reduce Framework
|>		Map input records=128000
|>		Map output records=128000
|>		Input split bytes=248
|>		Spilled Records=0
|>		Failed Shuffles=0
|>		Merged Map outputs=0
|>		GC time elapsed (ms)=275
|>		CPU time spent (ms)=7390
|>		Physical memory (bytes) snapshot=1007579136
|>		Virtual memory (bytes) snapshot=14031929344
|>		Total committed heap usage (bytes)=1625817088
|>		Peak Map Physical memory (bytes)=337891328
|>		Peak Map Virtual memory (bytes)=4679204864
||	org.apache.hadoop.examples.job3.Gen$Counters
||		CHECKSUM=274499767025821
||	File Input Format Counters 
||		Bytes Read=0
||	File Output Format Counters 
||		Bytes Written=12800000
