symbol: m34
identifier: undo <?> default <*> Error: System defined <?> default <*> can not be deleted by user.
718,service-template,5,service-template,5,
|| undo service-template default 5
||Error: System defined service-template default 5 can not be deleted by user.
722,service-template,6,service-template,6,
|| undo service-template default 6
||Error: System defined service-template default 6 can not be deleted by user.
726,service-template,7,service-template,7,
|| undo service-template default 7
||Error: System defined service-template default 7 can not be deleted by user.
1603,service-template,5,service-template,5,
|| undo service-template default 5
||Error: System defined service-template default 5 can not be deleted by user.
1607,service-template,6,service-template,6,
|| undo service-template default 6
||Error: System defined service-template default 6 can not be deleted by user.
1611,service-template,7,service-template,7,
|| undo service-template default 7
||Error: System defined service-template default 7 can not be deleted by user.
