symbol: m38
identifier: display <?> piaobai V200R212SPH002 <*> <*> <?>
994,module-information,2021-05-21,09:53:19,V200R212SPH-NE9000_RM_CMS_mir.MOD,
|| display module-information
||                        Module-information
||Module    Version       InstallTime      PackageName
||RM         V200R212SPH201       2021-05-21 09:53:19      V200R212SPH-NE9000_0521_3356_RM_CMS_mir.MOD
||equipment         V200R212SPH014       2021-05-21 09:53:19      V200R212SPH-NE9000_3356_RM_CMS_mir.MOD
||LI        V200R212SPH013       2021-05-21 09:53:19      V200R212SPH-NE9000_0521_3356_RM_CMS_mir.MOD
||piaobai        V200R212SPH002       2021-05-21 09:53:19      V200R212SPH-NE9000_RM_CMS_mir.MOD
1006,module-information,2011-05-21,09:53:19,V200R212SPH-NE9000_RM_CMS_mir.MOD,
|| display module-information
||                        Module-information
||Module    Version       InstallTime      PackageName
||RM         V200R212SPH201       2011-05-21 09:53:19      V200R212SPH-NE9000_0521_3356_RM_CMS_mir.MOD
||equipment         V200R212SPH014       2011-05-21 09:53:19      V200R212SPH-NE9000_3356_RM_CMS_mir.MOD
||LI        V200R212SPH013       2011-05-21 09:53:19      V200R212SPH-NE9000_0521_3356_RM_CMS_mir.MOD
||piaobai        V200R212SPH002       2011-05-21 09:53:19      V200R212SPH-NE9000_RM_CMS_mir.MOD
1018,module-information,2021-05-21,09:53:19,V200R212SPH-NE9000_RM_CMS_mir.MOD,
|| display module-information
||                        Module-information
||Module    Version       InstallTime      PackageName
||equipment         V200R212SPH014       2021-05-21 09:53:19      V200R212SPH-NE9000_3356_RM_CMS_mir.MOD
||piaobai        V200R212SPH002       2021-05-21 09:53:19      V200R212SPH-NE9000_RM_CMS_mir.MOD
