symbol: s2
template: <*> <*> <*> <*>
2,onExtend:1514038530000,14,0,4,
12,onExtend:1514038530000,0,0,4,
15,onExtend:1514038530000,1,0,4,
22,onExtend:1514038531000,1,0,4,
29,onExtend:1514038531000,2,0,4,
36,onExtend:1514038532000,1,0,4,
43,onExtend:1514038533000,1,0,4,
50,onExtend:1514038533000,1,0,4,
57,onExtend:1514038534000,1,0,4,
64,onExtend:1514038535000,1,0,4,
67,onExtend:1514038535000,1,0,4,
85,onExtend:1514038536000,0,0,4,
87,onExtend:1514038536000,1,0,4,
94,onExtend:1514038536000,1,0,4,
101,onExtend:1514038537000,1,0,4,
108,onExtend:1514038538000,1,0,4,
115,onExtend:1514038538000,1,0,4,
122,onExtend:1514038539000,1,0,4,
129,onExtend:1514038539000,1,0,4,
136,onExtend:1514038540000,1,0,4,
143,onExtend:1514038541000,1,0,4,
150,onExtend:1514038541000,1,0,4,
157,onExtend:1514038542000,1,0,4,
164,onExtend:1514038542000,1,0,4,
171,onExtend:1514038543000,1,0,4,
178,onExtend:1514038544000,1,0,4,
185,onExtend:1514038544000,1,0,4,
192,onExtend:1514038545000,1,0,4,
199,onExtend:1514038546000,1,0,4,
206,onExtend:1514038546000,1,0,4,
213,onExtend:1514038547000,1,0,4,
220,onExtend:1514038548000,1,0,4,
227,onExtend:1514038548000,1,0,4,
234,onExtend:1514038549000,1,0,4,
241,onExtend:1514038550000,1,0,4,
248,onExtend:1514038550000,1,0,4,
255,onExtend:1514038551000,1,0,4,
262,onExtend:1514038552000,2,0,4,
269,onExtend:1514038553000,1,0,4,
276,onExtend:1514038554000,2,0,4,
283,onExtend:1514038555000,1,0,4,
290,onExtend:1514038556000,2,0,4,
297,onExtend:1514038556000,2,0,4,
304,onExtend:1514038558000,1,0,4,
311,onExtend:1514038560000,1,0,4,
319,onExtend:1514038561000,0,0,0,
326,onExtend:1514038639000,0,0,4,
332,onExtend:1514038641000,2,0,4,
339,onExtend:1514038641000,2,0,4,
346,onExtend:1514038642000,2,0,4,
353,onExtend:1514038642000,2,0,4,
360,onExtend:1514038643000,2,0,4,
367,onExtend:1514038643000,2,0,4,
374,onExtend:1514038644000,2,0,4,
381,onExtend:1514038644000,2,0,4,
388,onExtend:1514038645000,1,0,4,
395,onExtend:1514038645000,3,0,4,
402,onExtend:1514038648000,0,0,0,
408,onExtend:1514038665000,1,0,4,
415,onExtend:1514038666000,2,0,4,
422,onExtend:1514038666000,2,0,4,
429,onExtend:1514038667000,2,0,4,
436,onExtend:1514038667000,2,0,4,
443,onExtend:1514038668000,1,0,4,
450,onExtend:1514038668000,2,0,4,
457,onExtend:1514038669000,2,0,4,
464,onExtend:1514038669000,2,0,4,
471,onExtend:1514038670000,2,0,4,
478,onExtend:1514038670000,2,0,4,
485,onExtend:1514038671000,1,0,4,
492,onExtend:1514038671000,2,0,4,
499,onExtend:1514038672000,2,0,4,
506,onExtend:1514038672000,2,0,4,
513,onExtend:1514038673000,1,0,4,
520,onExtend:1514038674000,1,0,4,
527,onExtend:1514038675000,1,0,4,
534,onExtend:1514038676000,1,0,4,
541,onExtend:1514038677000,1,0,4,
548,onExtend:1514038678000,1,0,4,
555,onExtend:1514038678000,2,0,4,
562,onExtend:1514038680000,2,0,4,
570,onExtend:1514038682000,1,0,4,
577,onExtend:1514038683000,1,0,4,
584,onExtend:1514038686000,1,0,4,
591,onExtend:1514038686000,0,0,0,
598,onExtend:1514038748000,3,0,4,
605,onExtend:1514038749000,5,0,4,
612,onExtend:1514038749000,2,0,4,
619,onExtend:1514038750000,2,0,4,
626,onExtend:1514038750000,2,0,4,
633,onExtend:1514038751000,2,0,4,
640,onExtend:1514038751000,2,0,4,
647,onExtend:1514038752000,3,0,4,
654,onExtend:1514038752000,4,0,4,
661,onExtend:1514038753000,1,0,4,
668,onExtend:1514038755000,14,0,4,
675,onExtend:1514038756000,0,0,0,
682,onExtend:1514038756000,6,0,4,
684,onExtend:1514038798000,0,0,4,
695,onExtend:1514038798000,0,0,4,
712,onExtend:1514038799000,3,0,4,
798,onExtend:1514038799000,2,0,4,
805,onExtend:1514038800000,2,0,4,
812,onExtend:1514038800000,3,0,4,
820,onExtend:1514038801000,3,0,4,
827,onExtend:1514038801000,1,0,4,
834,onExtend:1514038802000,2,0,4,
841,onExtend:1514038802000,3,0,4,
848,onExtend:1514038803000,2,0,4,
855,onExtend:1514038803000,2,0,4,
862,onExtend:1514038804000,2,0,4,
869,onExtend:1514038805000,1,0,4,
876,onExtend:1514038806000,1,0,4,
883,onExtend:1514038808000,1,0,4,
890,onExtend:1514038808000,1,0,4,
897,onExtend:1514038813000,0,0,0,
903,onExtend:1514038816000,0,0,5,
912,onExtend:1514038819000,0,0,5,
913,onExtend:1514038879000,0,0,5,
914,onExtend:1514038939000,0,0,5,
915,onExtend:1514038999000,0,0,5,
916,onExtend:1514039059000,0,0,0,
927,onExtend:1514039062000,0,0,0,
934,onExtend:1514039091000,0,0,5,
940,onExtend:1514039093000,0,0,0,
946,onExtend:1514039098000,0,0,5,
957,onExtend:1514039112000,0,0,5,
958,onExtend:1514039172000,0,0,5,
959,onExtend:1514039232000,0,0,5,
960,onExtend:1514039292000,0,0,5,
961,onExtend:1514039352000,0,0,5,
962,onExtend:1514039412000,0,0,0,
973,onExtend:1514039424000,0,0,0,
980,onExtend:1514039492000,0,0,5,
990,onExtend:1514039515000,0,0,0,
991,onExtend:1514039575000,0,0,0,
999,onExtend:1514039520000,0,0,0,
1018,onExtend:1514039590000,0,0,5,
1025,onExtend:1514039626000,0,0,0,
1036,onExtend:1514039626000,0,0,0,
1046,onExtend:1514039834000,0,0,5,
1054,onExtend:1514039857000,0,0,5,
1055,onExtend:1514039917000,0,0,5,
1056,onExtend:1514039977000,0,0,0,
1067,onExtend:1514039965000,0,0,0,
1081,onExtend:1514040348000,0,0,5,
1087,onExtend:1514040354000,0,0,0,
1099,onExtend:1514040662000,0,0,5,
1106,onExtend:1514040697000,0,0,0,
1117,onExtend:1514040697000,0,0,0,
1123,onExtend:1514040700000,0,0,0,
1129,onExtend:1514040708000,0,0,5,
1137,onExtend:1514040766000,0,0,5,
1148,onExtend:1514040766000,0,0,5,
1154,onExtend:1514040766000,0,0,0,
1160,onExtend:1514040772000,0,0,5,
1167,onExtend:1514040776000,0,0,5,
1168,onExtend:1514040836000,0,0,0,
1179,onExtend:1514040781000,0,0,0,
1187,onExtend:1514040786000,0,0,5,
1194,onExtend:1514040793000,0,0,5,
1205,onExtend:1514040793000,0,0,5,
1207,onExtend:1514040793000,0,0,0,
1214,onExtend:1514040895000,0,0,5,
1222,onExtend:1514040956000,0,0,5,
1233,onExtend:1514040956000,0,0,5,
1235,onExtend:1514040956000,0,0,0,
1250,onExtend:1514040966000,0,0,5,
1251,onExtend:1514041026000,0,0,5,
1252,onExtend:1514041086000,0,0,5,
1253,onExtend:1514041146000,0,0,5,
1254,onExtend:1514041206000,0,0,5,
1255,onExtend:1514041266000,0,0,5,
1256,onExtend:1514041326000,0,0,5,
1257,onExtend:1514041386000,0,0,5,
1258,onExtend:1514041446000,0,0,5,
1259,onExtend:1514041506000,0,0,5,
1260,onExtend:1514041566000,0,0,5,
1261,onExtend:1514041626000,0,0,5,
1272,onExtend:1514041627000,0,0,5,
1279,onExtend:1514041627000,0,0,0,
1307,onExtend:1514041699000,0,0,5,
1319,onExtend:1514041722000,0,0,5,
1320,onExtend:1514041782000,0,0,5,
1321,onExtend:1514041842000,0,0,5,
1322,onExtend:1514041902000,0,0,5,
1323,onExtend:1514041962000,0,0,5,
1324,onExtend:1514042022000,0,0,5,
1325,onExtend:1514042082000,0,0,5,
1336,onExtend:1514042064000,0,0,5,
1343,onExtend:1514042064000,0,0,0,
1349,onExtend:1514042082000,2,0,0,
1356,onExtend:1514042082000,1,0,4,
1363,onExtend:1514042083000,1,0,4,
1370,onExtend:1514042083000,3,0,4,
1377,onExtend:1514042084000,2,0,4,
1384,onExtend:1514042084000,2,0,4,
1391,onExtend:1514042085000,2,0,4,
1398,onExtend:1514042085000,3,0,4,
1405,onExtend:1514042086000,3,0,4,
1412,onExtend:1514042086000,3,0,4,
1419,onExtend:1514042087000,1,0,4,
1426,onExtend:1514042088000,2,0,4,
1433,onExtend:1514042091000,0,0,0,
1441,onExtend:1514042182000,0,0,5,
1448,onExtend:1514042205000,0,0,5,
1449,onExtend:1514042265000,0,0,0,
1460,onExtend:1514042261000,0,0,0,
1468,onExtend:1514042262000,0,0,0,
1480,onExtend:1514042262000,0,0,0,
1488,onExtend:1514042360000,0,0,5,
1494,onExtend:1514042361000,0,0,0,
1503,onExtend:1514042595000,0,0,5,
1509,onExtend:1514042599000,0,0,0,
1522,onExtend:1514042944000,0,0,5,
1528,onExtend:1514042945000,0,0,0,
1552,onExtend:1514043434000,0,0,5,
1558,onExtend:1514043436000,0,0,0,
1567,onExtend:1514043610000,0,0,5,
1573,onExtend:1514043614000,0,0,0,
1581,onExtend:1514043759000,0,0,0,
1591,onExtend:1514043967000,0,0,5,
1597,onExtend:1514043974000,0,0,0,
1607,onExtend:1514044249000,0,0,0,
1615,onExtend:1514044377000,0,0,5,
1622,onExtend:1514044380000,0,0,0,
1628,onExtend:1514044395000,0,0,5,
1634,onExtend:1514044397000,0,0,0,
1640,onExtend:1514044405000,0,0,5,
1646,onExtend:1514044411000,0,0,0,
1652,onExtend:1514044420000,0,0,5,
1658,onExtend:1514044422000,0,0,0,
1664,onExtend:1514044431000,0,0,5,
1670,onExtend:1514044437000,0,0,0,
1677,onExtend:1514044468000,0,0,5,
1683,onExtend:1514044469000,0,0,0,
1689,onExtend:1514044474000,0,0,5,
1695,onExtend:1514044475000,0,0,0,
1701,onExtend:1514044485000,0,0,5,
1707,onExtend:1514044487000,0,0,0,
1713,onExtend:1514044494000,0,0,5,
1719,onExtend:1514044496000,0,0,0,
1726,onExtend:1514044524000,0,0,5,
1732,onExtend:1514044525000,0,0,0,
1739,onExtend:1514044572000,0,0,5,
1745,onExtend:1514044573000,0,0,0,
1751,onExtend:1514044588000,0,0,5,
1757,onExtend:1514044595000,0,0,0,
1764,onExtend:1514044654000,0,0,5,
1770,onExtend:1514044662000,0,0,0,
1806,onExtend:1514044801000,0,0,0,
1812,onExtend:1514044805000,0,0,5,
1818,onExtend:1514044806000,0,0,0,
1829,onExtend:1514045123000,0,0,0,
1836,onExtend:1514045177000,0,0,0,
1843,onExtend:1514045222000,0,0,5,
1849,onExtend:1514045224000,0,0,0,
1855,onExtend:1514045240000,0,0,5,
1861,onExtend:1514045241000,0,0,0,
1869,onExtend:1514045344000,0,0,5,
1875,onExtend:1514045346000,0,0,0,
1881,onExtend:1514045374000,0,0,5,
1887,onExtend:1514045375000,0,0,0,
1894,onExtend:1514045409000,0,0,5,
1900,onExtend:1514045410000,0,0,0,
1906,onExtend:1514045442000,0,0,5,
1912,onExtend:1514045443000,0,0,0,
1919,onExtend:1514045516000,0,0,5,
1925,onExtend:1514045517000,0,0,0,
1935,onExtend:1514045753000,0,0,0,
1951,onExtend:1514046316000,0,0,5,
1957,onExtend:1514046317000,0,0,0,
1966,onExtend:1514046505000,0,0,5,
