symbol: s48
template: Resolved <*> to <*>
64,MSRA-SA-39.fareast.corp.microsoft.com,/default-rack,
65,MSRA-SA-41.fareast.corp.microsoft.com,/default-rack,
67,MSRA-SA-39.fareast.corp.microsoft.com,/default-rack,
68,MSRA-SA-41.fareast.corp.microsoft.com,/default-rack,
70,MSRA-SA-39.fareast.corp.microsoft.com,/default-rack,
71,MSRA-SA-41.fareast.corp.microsoft.com,/default-rack,
73,MSRA-SA-39.fareast.corp.microsoft.com,/default-rack,
74,MSRA-SA-41.fareast.corp.microsoft.com,/default-rack,
76,MSRA-SA-39.fareast.corp.microsoft.com,/default-rack,
77,MSRA-SA-41.fareast.corp.microsoft.com,/default-rack,
79,MSRA-SA-39.fareast.corp.microsoft.com,/default-rack,
80,MSRA-SA-41.fareast.corp.microsoft.com,/default-rack,
82,MSRA-SA-39.fareast.corp.microsoft.com,/default-rack,
83,MSRA-SA-41.fareast.corp.microsoft.com,/default-rack,
85,MSRA-SA-39.fareast.corp.microsoft.com,/default-rack,
86,MSRA-SA-41.fareast.corp.microsoft.com,/default-rack,
88,MSRA-SA-39.fareast.corp.microsoft.com,/default-rack,
89,MSRA-SA-41.fareast.corp.microsoft.com,/default-rack,
91,MSRA-SA-39.fareast.corp.microsoft.com,/default-rack,
92,MSRA-SA-41.fareast.corp.microsoft.com,/default-rack,
116,04DN8IQ.fareast.corp.microsoft.com,/default-rack,
121,04DN8IQ.fareast.corp.microsoft.com,/default-rack,
140,MININT-FNANLI5.fareast.corp.microsoft.com,/default-rack,
145,MININT-FNANLI5.fareast.corp.microsoft.com,/default-rack,
159,MININT-FNANLI5.fareast.corp.microsoft.com,/default-rack,
164,MININT-FNANLI5.fareast.corp.microsoft.com,/default-rack,
299,MSRA-SA-41.fareast.corp.microsoft.com,/default-rack,
519,MSRA-SA-41.fareast.corp.microsoft.com,/default-rack,
521,MSRA-SA-41.fareast.corp.microsoft.com,/default-rack,
548,MSRA-SA-41.fareast.corp.microsoft.com,/default-rack,
597,MSRA-SA-41.fareast.corp.microsoft.com,/default-rack,
627,MSRA-SA-39.fareast.corp.microsoft.com,/default-rack,
646,MSRA-SA-39.fareast.corp.microsoft.com,/default-rack,
820,MSRA-SA-39.fareast.corp.microsoft.com,/default-rack,
821,MSRA-SA-41.fareast.corp.microsoft.com,/default-rack,
1036,MSRA-SA-39.fareast.corp.microsoft.com,/default-rack,
1037,MSRA-SA-41.fareast.corp.microsoft.com,/default-rack,
1065,MSRA-SA-39.fareast.corp.microsoft.com,/default-rack,
1066,MSRA-SA-41.fareast.corp.microsoft.com,/default-rack,
