symbol: s57
template: Reduce slow start threshold not met. completedMapsForReduceSlowstart <*>
112,1,
114,1,
119,1,
138,1,
143,1,
157,1,
162,1,
176,1,
181,1,
183,1,
185,1,
190,1,
192,1,
194,1,
196,1,
198,1,
200,1,
202,1,
207,1,
209,1,
211,1,
214,1,
216,1,
218,1,
220,1,
223,1,
226,1,
228,1,
230,1,
235,1,
237,1,
239,1,
242,1,
246,1,
248,1,
251,1,
255,1,
257,1,
259,1,
263,1,
266,1,
268,1,
272,1,
275,1,
277,1,
280,1,
284,1,
286,1,
288,1,
291,1,
297,1,
311,1,
314,1,
321,1,
323,1,
325,1,
330,1,
332,1,
334,1,
337,1,
342,1,
344,1,
347,1,
352,1,
354,1,
357,1,
362,1,
364,1,
366,1,
372,1,
374,1,
376,1,
381,1,
384,1,
386,1,
390,1,
394,1,
396,1,
399,1,
404,1,
407,1,
409,1,
413,1,
417,1,
419,1,
422,1,
427,1,
429,1,
433,1,
437,1,
439,1,
443,1,
447,1,
449,1,
453,1,
457,1,
459,1,
463,1,
467,1,
470,1,
472,1,
477,1,
480,1,
482,1,
486,1,
490,1,
492,1,
495,1,
500,1,
502,1,
504,1,
510,1,
512,1,
517,1,
546,1,
567,1,
572,1,
576,1,
580,1,
582,1,
585,1,
590,1,
595,1,
612,1,
616,1,
625,1,
644,1,
661,1,
670,1,
678,1,
