symbol: s64
template: <*> TaskAttempt Transitioned from <*> to <*>
127,attempt_1445144423722_0020_m_000000_0,UNASSIGNED,ASSIGNED,
133,attempt_1445144423722_0020_m_000000_0,ASSIGNED,RUNNING,
146,attempt_1445144423722_0020_m_000001_0,UNASSIGNED,ASSIGNED,
152,attempt_1445144423722_0020_m_000001_0,ASSIGNED,RUNNING,
165,attempt_1445144423722_0020_m_000002_0,UNASSIGNED,ASSIGNED,
171,attempt_1445144423722_0020_m_000002_0,ASSIGNED,RUNNING,
300,attempt_1445144423722_0020_m_000003_0,UNASSIGNED,ASSIGNED,
306,attempt_1445144423722_0020_m_000003_0,ASSIGNED,RUNNING,
520,attempt_1445144423722_0020_m_000004_0,UNASSIGNED,ASSIGNED,
522,attempt_1445144423722_0020_m_000005_0,UNASSIGNED,ASSIGNED,
531,attempt_1445144423722_0020_m_000004_0,ASSIGNED,RUNNING,
537,attempt_1445144423722_0020_m_000005_0,ASSIGNED,RUNNING,
549,attempt_1445144423722_0020_m_000006_0,UNASSIGNED,ASSIGNED,
556,attempt_1445144423722_0020_m_000006_0,ASSIGNED,RUNNING,
598,attempt_1445144423722_0020_m_000007_0,UNASSIGNED,ASSIGNED,
606,attempt_1445144423722_0020_m_000007_0,ASSIGNED,RUNNING,
628,attempt_1445144423722_0020_m_000008_0,UNASSIGNED,ASSIGNED,
636,attempt_1445144423722_0020_m_000008_0,ASSIGNED,RUNNING,
647,attempt_1445144423722_0020_m_000009_0,UNASSIGNED,ASSIGNED,
653,attempt_1445144423722_0020_m_000009_0,ASSIGNED,RUNNING,
799,attempt_1445144423722_0020_m_000003_0,RUNNING,SUCCESS_CONTAINER_CLEANUP,
805,attempt_1445144423722_0020_m_000003_0,SUCCESS_CONTAINER_CLEANUP,SUCCEEDED,
1023,attempt_1445144423722_0020_m_000002_0,RUNNING,FAIL_CONTAINER_CLEANUP,
1031,attempt_1445144423722_0020_m_000002_0,FAIL_CONTAINER_CLEANUP,FAIL_TASK_CLEANUP,
1035,attempt_1445144423722_0020_m_000002_0,FAIL_TASK_CLEANUP,FAILED,
1056,attempt_1445144423722_0020_m_000001_0,RUNNING,FAIL_CONTAINER_CLEANUP,
1060,attempt_1445144423722_0020_m_000001_0,FAIL_CONTAINER_CLEANUP,FAIL_TASK_CLEANUP,
1064,attempt_1445144423722_0020_m_000001_0,FAIL_TASK_CLEANUP,FAILED,
