symbol: s75
template: Progress of TaskAttempt <*> is : <*>
212,attempt_1445144423722_0020_m_000000_0,0.023958297,
221,attempt_1445144423722_0020_m_000000_0,0.065791264,
224,attempt_1445144423722_0020_m_000001_0,0.05713628,
231,attempt_1445144423722_0020_m_000000_0,0.10004553,
232,attempt_1445144423722_0020_m_000001_0,0.079464614,
233,attempt_1445144423722_0020_m_000002_0,0.06741504,
240,attempt_1445144423722_0020_m_000000_0,0.10635664,
243,attempt_1445144423722_0020_m_000001_0,0.10501281,
244,attempt_1445144423722_0020_m_000002_0,0.103304505,
249,attempt_1445144423722_0020_m_000000_0,0.10635664,
252,attempt_1445144423722_0020_m_000001_0,0.1066108,
253,attempt_1445144423722_0020_m_000002_0,0.10660437,
260,attempt_1445144423722_0020_m_000000_0,0.10635664,
261,attempt_1445144423722_0020_m_000001_0,0.1066108,
264,attempt_1445144423722_0020_m_000002_0,0.10660437,
269,attempt_1445144423722_0020_m_000000_0,0.10635664,
270,attempt_1445144423722_0020_m_000001_0,0.1066108,
273,attempt_1445144423722_0020_m_000002_0,0.10660437,
278,attempt_1445144423722_0020_m_000000_0,0.10635664,
281,attempt_1445144423722_0020_m_000001_0,0.1066108,
282,attempt_1445144423722_0020_m_000002_0,0.10660437,
289,attempt_1445144423722_0020_m_000000_0,0.10635664,
292,attempt_1445144423722_0020_m_000001_0,0.1066108,
293,attempt_1445144423722_0020_m_000002_0,0.10660437,
312,attempt_1445144423722_0020_m_000000_0,0.10635664,
315,attempt_1445144423722_0020_m_000001_0,0.1066108,
316,attempt_1445144423722_0020_m_000002_0,0.10660437,
326,attempt_1445144423722_0020_m_000000_0,0.10635664,
327,attempt_1445144423722_0020_m_000001_0,0.1066108,
328,attempt_1445144423722_0020_m_000002_0,0.10660437,
335,attempt_1445144423722_0020_m_000000_0,0.10635664,
338,attempt_1445144423722_0020_m_000001_0,0.10875365,
339,attempt_1445144423722_0020_m_000002_0,0.10660437,
340,attempt_1445144423722_0020_m_000003_0,0.106493875,
345,attempt_1445144423722_0020_m_000000_0,0.10635664,
348,attempt_1445144423722_0020_m_000001_0,0.14981231,
349,attempt_1445144423722_0020_m_000002_0,0.13841225,
350,attempt_1445144423722_0020_m_000003_0,0.106493875,
355,attempt_1445144423722_0020_m_000000_0,0.1430594,
358,attempt_1445144423722_0020_m_000001_0,0.19084874,
359,attempt_1445144423722_0020_m_000003_0,0.106493875,
360,attempt_1445144423722_0020_m_000002_0,0.17293417,
367,attempt_1445144423722_0020_m_000000_0,0.1795899,
368,attempt_1445144423722_0020_m_000003_0,0.17982168,
369,attempt_1445144423722_0020_m_000001_0,0.19211523,
370,attempt_1445144423722_0020_m_000002_0,0.19212553,
377,attempt_1445144423722_0020_m_000003_0,0.19209063,
378,attempt_1445144423722_0020_m_000000_0,0.19158794,
379,attempt_1445144423722_0020_m_000001_0,0.19211523,
382,attempt_1445144423722_0020_m_000002_0,0.19212553,
387,attempt_1445144423722_0020_m_000003_0,0.19209063,
388,attempt_1445144423722_0020_m_000000_0,0.19158794,
391,attempt_1445144423722_0020_m_000001_0,0.19211523,
392,attempt_1445144423722_0020_m_000002_0,0.19212553,
397,attempt_1445144423722_0020_m_000003_0,0.20639901,
400,attempt_1445144423722_0020_m_000000_0,0.19158794,
401,attempt_1445144423722_0020_m_000001_0,0.19211523,
402,attempt_1445144423722_0020_m_000002_0,0.19212553,
405,attempt_1445144423722_0020_m_000003_0,0.27765483,
410,attempt_1445144423722_0020_m_000000_0,0.19158794,
411,attempt_1445144423722_0020_m_000001_0,0.19211523,
414,attempt_1445144423722_0020_m_000002_0,0.19212553,
415,attempt_1445144423722_0020_m_000003_0,0.27765483,
420,attempt_1445144423722_0020_m_000000_0,0.19158794,
423,attempt_1445144423722_0020_m_000001_0,0.19211523,
424,attempt_1445144423722_0020_m_000003_0,0.27765483,
425,attempt_1445144423722_0020_m_000002_0,0.19212553,
430,attempt_1445144423722_0020_m_000000_0,0.19158794,
431,attempt_1445144423722_0020_m_000001_0,0.19211523,
434,attempt_1445144423722_0020_m_000003_0,0.358454,
435,attempt_1445144423722_0020_m_000002_0,0.19212553,
440,attempt_1445144423722_0020_m_000003_0,0.36323506,
441,attempt_1445144423722_0020_m_000000_0,0.19158794,
444,attempt_1445144423722_0020_m_000001_0,0.19211523,
445,attempt_1445144423722_0020_m_000002_0,0.19212553,
450,attempt_1445144423722_0020_m_000003_0,0.36323506,
451,attempt_1445144423722_0020_m_000000_0,0.19158794,
454,attempt_1445144423722_0020_m_000001_0,0.20757815,
455,attempt_1445144423722_0020_m_000002_0,0.19212553,
460,attempt_1445144423722_0020_m_000003_0,0.36323506,
461,attempt_1445144423722_0020_m_000000_0,0.19158794,
464,attempt_1445144423722_0020_m_000001_0,0.24035259,
465,attempt_1445144423722_0020_m_000002_0,0.22765201,
468,attempt_1445144423722_0020_m_000003_0,0.4486067,
473,attempt_1445144423722_0020_m_000000_0,0.19716828,
474,attempt_1445144423722_0020_m_000001_0,0.26542902,
475,attempt_1445144423722_0020_m_000002_0,0.26314905,
478,attempt_1445144423722_0020_m_000003_0,0.4486067,
483,attempt_1445144423722_0020_m_000000_0,0.23859076,
484,attempt_1445144423722_0020_m_000001_0,0.27776006,
487,attempt_1445144423722_0020_m_000002_0,0.27772525,
488,attempt_1445144423722_0020_m_000003_0,0.4486067,
493,attempt_1445144423722_0020_m_000001_0,0.27776006,
496,attempt_1445144423722_0020_m_000000_0,0.2754006,
497,attempt_1445144423722_0020_m_000002_0,0.27772525,
498,attempt_1445144423722_0020_m_000003_0,0.5091932,
505,attempt_1445144423722_0020_m_000001_0,0.27776006,
506,attempt_1445144423722_0020_m_000000_0,0.27696857,
507,attempt_1445144423722_0020_m_000003_0,0.5343203,
508,attempt_1445144423722_0020_m_000002_0,0.27772525,
535,attempt_1445144423722_0020_m_000003_0,0.5343203,
540,attempt_1445144423722_0020_m_000001_0,0.27776006,
541,attempt_1445144423722_0020_m_000000_0,0.27696857,
550,attempt_1445144423722_0020_m_000002_0,0.27772525,
573,attempt_1445144423722_0020_m_000003_0,0.5343203,
574,attempt_1445144423722_0020_m_000001_0,0.27776006,
577,attempt_1445144423722_0020_m_000002_0,0.27772525,
578,attempt_1445144423722_0020_m_000000_0,0.27696857,
583,attempt_1445144423722_0020_m_000003_0,0.5806522,
586,attempt_1445144423722_0020_m_000001_0,0.27776006,
587,attempt_1445144423722_0020_m_000002_0,0.27772525,
588,attempt_1445144423722_0020_m_000000_0,0.27696857,
591,attempt_1445144423722_0020_m_000005_0,0.10685723,
599,attempt_1445144423722_0020_m_000004_0,0.10680563,
603,attempt_1445144423722_0020_m_000003_0,0.6199081,
609,attempt_1445144423722_0020_m_000006_0,0.106964506,
613,attempt_1445144423722_0020_m_000001_0,0.27776006,
614,attempt_1445144423722_0020_m_000002_0,0.27772525,
620,attempt_1445144423722_0020_m_000000_0,0.27696857,
621,attempt_1445144423722_0020_m_000005_0,0.10685723,
629,attempt_1445144423722_0020_m_000004_0,0.10680563,
633,attempt_1445144423722_0020_m_000003_0,0.6199081,
639,attempt_1445144423722_0020_m_000006_0,0.106964506,
656,attempt_1445144423722_0020_m_000001_0,0.27776006,
663,attempt_1445144423722_0020_m_000002_0,0.27772525,
664,attempt_1445144423722_0020_m_000000_0,0.27696857,
665,attempt_1445144423722_0020_m_000005_0,0.10685723,
671,attempt_1445144423722_0020_m_000004_0,0.10680563,
672,attempt_1445144423722_0020_m_000003_0,0.6199081,
676,attempt_1445144423722_0020_m_000006_0,0.106964506,
682,attempt_1445144423722_0020_m_000001_0,0.29115766,
683,attempt_1445144423722_0020_m_000003_0,0.6199081,
684,attempt_1445144423722_0020_m_000002_0,0.2898827,
685,attempt_1445144423722_0020_m_000000_0,0.27696857,
686,attempt_1445144423722_0020_m_000005_0,0.19247705,
687,attempt_1445144423722_0020_m_000004_0,0.18529637,
688,attempt_1445144423722_0020_m_000007_0,0.10681946,
689,attempt_1445144423722_0020_m_000003_0,0.667,
690,attempt_1445144423722_0020_m_000006_0,0.19266446,
691,attempt_1445144423722_0020_m_000001_0,0.31981927,
692,attempt_1445144423722_0020_m_000002_0,0.32958937,
693,attempt_1445144423722_0020_m_000005_0,0.19247705,
694,attempt_1445144423722_0020_m_000004_0,0.19242907,
695,attempt_1445144423722_0020_m_000007_0,0.10681946,
696,attempt_1445144423722_0020_m_000000_0,0.27696857,
697,attempt_1445144423722_0020_m_000003_0,0.667,
698,attempt_1445144423722_0020_m_000006_0,0.19266446,
699,attempt_1445144423722_0020_m_000008_0,0.106881365,
700,attempt_1445144423722_0020_m_000009_0,0.295472,
701,attempt_1445144423722_0020_m_000005_0,0.19247705,
702,attempt_1445144423722_0020_m_000001_0,0.3512319,
703,attempt_1445144423722_0020_m_000004_0,0.19242907,
704,attempt_1445144423722_0020_m_000007_0,0.10681946,
705,attempt_1445144423722_0020_m_000002_0,0.36317363,
706,attempt_1445144423722_0020_m_000003_0,0.667,
707,attempt_1445144423722_0020_m_000000_0,0.27696857,
708,attempt_1445144423722_0020_m_000006_0,0.19266446,
709,attempt_1445144423722_0020_m_000008_0,0.106881365,
710,attempt_1445144423722_0020_m_000009_0,0.295472,
711,attempt_1445144423722_0020_m_000005_0,0.19247705,
712,attempt_1445144423722_0020_m_000004_0,0.19242907,
713,attempt_1445144423722_0020_m_000007_0,0.1337379,
714,attempt_1445144423722_0020_m_000003_0,0.6854124,
715,attempt_1445144423722_0020_m_000001_0,0.36319977,
716,attempt_1445144423722_0020_m_000002_0,0.36317363,
717,attempt_1445144423722_0020_m_000000_0,0.29998285,
718,attempt_1445144423722_0020_m_000006_0,0.19266446,
719,attempt_1445144423722_0020_m_000008_0,0.106881365,
720,attempt_1445144423722_0020_m_000009_0,0.295472,
721,attempt_1445144423722_0020_m_000005_0,0.27813601,
722,attempt_1445144423722_0020_m_000004_0,0.25258622,
723,attempt_1445144423722_0020_m_000007_0,0.19255035,
724,attempt_1445144423722_0020_m_000003_0,0.7198902,
725,attempt_1445144423722_0020_m_000001_0,0.36319977,
726,attempt_1445144423722_0020_m_000002_0,0.36317363,
727,attempt_1445144423722_0020_m_000006_0,0.27613032,
728,attempt_1445144423722_0020_m_000000_0,0.33995733,
729,attempt_1445144423722_0020_m_000008_0,0.106881365,
730,attempt_1445144423722_0020_m_000009_0,0.295472,
731,attempt_1445144423722_0020_m_000005_0,0.27813601,
732,attempt_1445144423722_0020_m_000004_0,0.2781602,
733,attempt_1445144423722_0020_m_000007_0,0.19255035,
734,attempt_1445144423722_0020_m_000003_0,0.7607953,
735,attempt_1445144423722_0020_m_000006_0,0.2783809,
736,attempt_1445144423722_0020_m_000001_0,0.36319977,
737,attempt_1445144423722_0020_m_000002_0,0.36317363,
738,attempt_1445144423722_0020_m_000008_0,0.106881365,
739,attempt_1445144423722_0020_m_000000_0,0.3624012,
740,attempt_1445144423722_0020_m_000009_0,0.295472,
741,attempt_1445144423722_0020_m_000005_0,0.27813601,
742,attempt_1445144423722_0020_m_000004_0,0.2781602,
743,attempt_1445144423722_0020_m_000007_0,0.19255035,
744,attempt_1445144423722_0020_m_000003_0,0.80356,
745,attempt_1445144423722_0020_m_000006_0,0.2783809,
746,attempt_1445144423722_0020_m_000001_0,0.36319977,
747,attempt_1445144423722_0020_m_000008_0,0.18216328,
748,attempt_1445144423722_0020_m_000002_0,0.36317363,
749,attempt_1445144423722_0020_m_000000_0,0.3624012,
750,attempt_1445144423722_0020_m_000009_0,0.4956123,
751,attempt_1445144423722_0020_m_000005_0,0.32285523,
752,attempt_1445144423722_0020_m_000007_0,0.25511068,
753,attempt_1445144423722_0020_m_000004_0,0.2781602,
754,attempt_1445144423722_0020_m_000003_0,0.83331466,
755,attempt_1445144423722_0020_m_000006_0,0.29597813,
756,attempt_1445144423722_0020_m_000008_0,0.19258286,
757,attempt_1445144423722_0020_m_000001_0,0.36319977,
758,attempt_1445144423722_0020_m_000009_0,0.5323719,
759,attempt_1445144423722_0020_m_000002_0,0.36317363,
760,attempt_1445144423722_0020_m_000000_0,0.3624012,
761,attempt_1445144423722_0020_m_000005_0,0.36390656,
762,attempt_1445144423722_0020_m_000007_0,0.27825075,
763,attempt_1445144423722_0020_m_000004_0,0.36388028,
764,attempt_1445144423722_0020_m_000003_0,0.87672114,
765,attempt_1445144423722_0020_m_000006_0,0.36404583,
766,attempt_1445144423722_0020_m_000008_0,0.19258286,
767,attempt_1445144423722_0020_m_000009_0,0.5323719,
768,attempt_1445144423722_0020_m_000001_0,0.36319977,
769,attempt_1445144423722_0020_m_000005_0,0.36390656,
770,attempt_1445144423722_0020_m_000002_0,0.36317363,
771,attempt_1445144423722_0020_m_000004_0,0.36388028,
772,attempt_1445144423722_0020_m_000007_0,0.27825075,
773,attempt_1445144423722_0020_m_000003_0,0.9185183,
774,attempt_1445144423722_0020_m_000000_0,0.3624012,
775,attempt_1445144423722_0020_m_000006_0,0.36404583,
776,attempt_1445144423722_0020_m_000008_0,0.19258286,
777,attempt_1445144423722_0020_m_000009_0,0.5323719,
778,attempt_1445144423722_0020_m_000005_0,0.36390656,
779,attempt_1445144423722_0020_m_000001_0,0.36319977,
780,attempt_1445144423722_0020_m_000004_0,0.36388028,
781,attempt_1445144423722_0020_m_000007_0,0.27825075,
782,attempt_1445144423722_0020_m_000002_0,0.36317363,
783,attempt_1445144423722_0020_m_000003_0,0.9543898,
784,attempt_1445144423722_0020_m_000006_0,0.36404583,
785,attempt_1445144423722_0020_m_000000_0,0.3624012,
786,attempt_1445144423722_0020_m_000009_0,0.5323719,
787,attempt_1445144423722_0020_m_000008_0,0.27811313,
788,attempt_1445144423722_0020_m_000009_0,0.667,
789,attempt_1445144423722_0020_m_000005_0,0.43890014,
790,attempt_1445144423722_0020_m_000004_0,0.36388028,
791,attempt_1445144423722_0020_m_000007_0,0.35880664,
792,attempt_1445144423722_0020_m_000003_0,0.9854844,
793,attempt_1445144423722_0020_m_000006_0,0.4156165,
794,attempt_1445144423722_0020_m_000000_0,0.3624012,
795,attempt_1445144423722_0020_m_000008_0,0.27811313,
796,attempt_1445144423722_0020_m_000003_0,1.0,
797,attempt_1445144423722_0020_m_000001_0,0.36319977,
803,attempt_1445144423722_0020_m_000002_0,0.3673702,
804,attempt_1445144423722_0020_m_000009_0,0.667,
814,attempt_1445144423722_0020_m_000007_0,0.3638923,
815,attempt_1445144423722_0020_m_000005_0,0.44950968,
816,attempt_1445144423722_0020_m_000004_0,0.44968578,
824,attempt_1445144423722_0020_m_000006_0,0.44980705,
829,attempt_1445144423722_0020_m_000000_0,0.3624012,
830,attempt_1445144423722_0020_m_000001_0,0.37225527,
831,attempt_1445144423722_0020_m_000002_0,0.3787692,
832,attempt_1445144423722_0020_m_000009_0,0.667,
833,attempt_1445144423722_0020_m_000008_0,0.27811313,
834,attempt_1445144423722_0020_m_000007_0,0.3638923,
835,attempt_1445144423722_0020_m_000005_0,0.44950968,
836,attempt_1445144423722_0020_m_000004_0,0.44968578,
837,attempt_1445144423722_0020_m_000006_0,0.44980705,
838,attempt_1445144423722_0020_m_000001_0,0.37322965,
839,attempt_1445144423722_0020_m_000002_0,0.38007197,
840,attempt_1445144423722_0020_m_000000_0,0.3624012,
841,attempt_1445144423722_0020_m_000009_0,0.76133776,
842,attempt_1445144423722_0020_m_000008_0,0.34610128,
843,attempt_1445144423722_0020_m_000007_0,0.3707891,
844,attempt_1445144423722_0020_m_000001_0,0.37551183,
845,attempt_1445144423722_0020_m_000002_0,0.38137424,
846,attempt_1445144423722_0020_m_000001_0,0.37551183,
847,attempt_1445144423722_0020_m_000002_0,0.38137424,
927,attempt_1445144423722_0020_m_000002_0,0.38137424,
939,attempt_1445144423722_0020_m_000001_0,0.37551183,
940,attempt_1445144423722_0020_m_000002_0,0.38137424,
951,attempt_1445144423722_0020_m_000001_0,0.37551183,
952,attempt_1445144423722_0020_m_000002_0,0.38137424,
964,attempt_1445144423722_0020_m_000001_0,0.37551183,
965,attempt_1445144423722_0020_m_000002_0,0.38137424,
976,attempt_1445144423722_0020_m_000001_0,0.37551183,
977,attempt_1445144423722_0020_m_000002_0,0.38137424,
989,attempt_1445144423722_0020_m_000001_0,0.37551183,
990,attempt_1445144423722_0020_m_000002_0,0.38137424,
1001,attempt_1445144423722_0020_m_000001_0,0.37551183,
1004,attempt_1445144423722_0020_m_000002_0,0.38137424,
1016,attempt_1445144423722_0020_m_000001_0,0.37551183,
1018,attempt_1445144423722_0020_m_000002_0,0.38137424,
1019,attempt_1445144423722_0020_m_000002_0,0.38137424,
1051,attempt_1445144423722_0020_m_000001_0,0.37551183,
1052,attempt_1445144423722_0020_m_000001_0,0.37551183,
