symbol: s95
template: ERROR IN CONTACTING RM.
923,
931,
938,
947,
956,
963,
972,
981,
988,
997,
1006,
1013,
1030,
1050,
1077,
1084,
1091,
1098,
1103,
1110,
1117,
1124,
1131,
1138,
1145,
1152,
1159,
1166,
1173,
1180,
1187,
1194,
1201,
1208,
1215,
1222,
1229,
1236,
1243,
1250,
1257,
1264,
1271,
1278,
1285,
1292,
1299,
1306,
1313,
1320,
1327,
1334,
1341,
1348,
1355,
1362,
1369,
1376,
1383,
1390,
1397,
1404,
1411,
1418,
1425,
1432,
1439,
1446,
1453,
1460,
1467,
1474,
1481,
1488,
1495,
1502,
1509,
1516,
1523,
1530,
1537,
1544,
1551,
1558,
1565,
1572,
1579,
1586,
1593,
1600,
1607,
1614,
1621,
1628,
1635,
1642,
1649,
1656,
1663,
1670,
1677,
1684,
1691,
1698,
1705,
1712,
1719,
1726,
1733,
1740,
1747,
1754,
1761,
1768,
1775,
1782,
1789,
1796,
1803,
1810,
1817,
1824,
1831,
1838,
1845,
1852,
1859,
1866,
1873,
1880,
1887,
1894,
1901,
1908,
1915,
1922,
1929,
1936,
1943,
1950,
1957,
1964,
1971,
1978,
1985,
1992,
1999,
