symbol: s2
template: mod_jk child workerEnv in error state <*>
2,6,
9,6,
10,6,
11,6,
17,6,
25,6,
26,7,
27,7,
33,7,
34,6,
40,7,
41,6,
46,7,
55,6,
56,6,
57,7,
58,7,
61,6,
66,6,
67,6,
72,6,
73,6,
76,6,
79,6,
84,6,
85,6,
88,6,
92,6,
94,6,
107,7,
109,6,
111,7,
113,7,
115,7,
117,6,
119,6,
122,6,
126,6,
128,6,
131,6,
135,6,
140,6,
145,7,
151,7,
153,6,
155,6,
157,6,
163,6,
164,6,
170,7,
172,6,
174,6,
176,7,
190,6,
191,6,
192,6,
193,7,
194,7,
197,6,
203,6,
204,7,
207,6,
209,6,
214,6,
217,6,
223,6,
224,7,
230,7,
231,6,
234,6,
240,6,
241,7,
245,6,
250,6,
251,7,
263,6,
264,7,
265,8,
277,6,
278,6,
279,6,
280,7,
281,8,
284,6,
287,6,
291,6,
293,6,
300,6,
301,6,
302,6,
307,6,
308,6,
315,6,
316,6,
319,6,
320,6,
327,6,
328,6,
342,7,
349,8,
350,7,
355,8,
357,10,
359,8,
367,6,
376,8,
384,7,
386,6,
388,8,
390,6,
393,9,
398,6,
399,6,
404,9,
405,6,
410,6,
426,6,
427,8,
428,9,
434,6,
444,6,
445,6,
447,9,
449,8,
451,9,
458,6,
459,6,
461,6,
470,6,
473,8,
474,7,
492,9,
493,8,
494,8,
495,6,
496,6,
513,9,
514,10,
515,8,
520,7,
522,6,
524,7,
529,6,
532,6,
533,6,
536,6,
541,6,
542,6,
549,6,
550,6,
555,7,
567,7,
569,6,
571,7,
573,8,
575,7,
577,6,
579,7,
595,6,
599,6,
604,7,
606,6,
608,6,
611,6,
620,6,
621,6,
622,6,
623,6,
627,6,
636,8,
638,7,
640,6,
642,6,
644,6,
660,6,
661,7,
662,7,
663,8,
664,6,
672,6,
674,7,
676,6,
678,6,
680,6,
687,6,
689,6,
691,6,
693,6,
695,6,
702,6,
703,6,
704,6,
717,6,
718,7,
719,7,
720,7,
723,7,
738,7,
739,6,
740,6,
741,7,
742,6,
745,8,
760,6,
761,6,
762,8,
763,9,
768,6,
769,6,
772,6,
792,9,
794,8,
798,7,
800,9,
804,6,
809,6,
813,6,
818,6,
820,7,
822,6,
830,6,
832,6,
834,6,
836,6,
838,6,
844,6,
846,6,
848,6,
850,6,
855,6,
856,6,
860,6,
862,6,
867,6,
869,6,
871,6,
876,6,
878,6,
880,6,
886,6,
888,6,
890,6,
892,6,
903,6,
904,6,
905,6,
906,7,
912,6,
914,6,
916,6,
918,6,
924,6,
926,6,
928,6,
930,6,
939,6,
940,6,
941,6,
942,6,
950,6,
955,7,
963,8,
965,8,
967,6,
969,7,
972,6,
991,10,
992,6,
993,10,
999,6,
1004,7,
1006,9,
1008,7,
1014,6,
1015,6,
1022,6,
1023,6,
1024,7,
1035,6,
1039,9,
1049,7,
1056,6,
1059,6,
1063,6,
1072,6,
1073,6,
1074,6,
1075,6,
1078,6,
1082,6,
1096,8,
1098,8,
1100,7,
1102,6,
1111,6,
1112,6,
1113,6,
1114,6,
1120,6,
1122,6,
1124,6,
1126,6,
1133,6,
1135,6,
1137,6,
1139,6,
1145,6,
1146,6,
1169,9,
1171,8,
1173,6,
1175,9,
1177,6,
1179,10,
1180,9,
1187,6,
1188,6,
1189,6,
1204,9,
1206,9,
1208,7,
1210,8,
1213,6,
1216,6,
1221,6,
1223,6,
1229,6,
1230,6,
1232,6,
1239,6,
1240,6,
1241,6,
1248,6,
1250,6,
1252,6,
1254,6,
1264,6,
1265,6,
1266,6,
1267,6,
1276,7,
1278,7,
1280,6,
1283,7,
1293,8,
1295,6,
1298,7,
1299,8,
1306,6,
1307,7,
1311,6,
1313,7,
1318,6,
1323,6,
1324,7,
1330,7,
1339,8,
1341,7,
1343,7,
1353,6,
1355,6,
1357,6,
1359,8,
1361,6,
1370,6,
1372,6,
1375,6,
1378,6,
1390,6,
1391,6,
1392,7,
1393,7,
1402,6,
1403,6,
1404,6,
1405,6,
1411,6,
1413,6,
1415,6,
1417,6,
1420,6,
1430,6,
1432,6,
1434,7,
1436,7,
1447,8,
1449,7,
1451,6,
1453,7,
1464,8,
1466,7,
1470,7,
1472,8,
1479,6,
1480,6,
1485,7,
1486,7,
1489,6,
1492,6,
1498,6,
1499,6,
1504,6,
1522,6,
1523,7,
1524,8,
1525,6,
1526,6,
1527,6,
1528,7,
1536,6,
1538,7,
1540,6,
1560,7,
1562,6,
1564,7,
1566,6,
1569,6,
1574,6,
1575,6,
1579,6,
1581,6,
1585,6,
1587,6,
1590,6,
1593,6,
1599,6,
1601,6,
1603,6,
1605,6,
1613,7,
1615,7,
1617,6,
1619,6,
1632,7,
1634,8,
1636,8,
1638,8,
1647,6,
1648,6,
1651,7,
1652,7,
1657,6,
1658,6,
1673,6,
1674,8,
1681,8,
1682,9,
1683,8,
1695,6,
1696,8,
1697,7,
1702,6,
1703,6,
1710,6,
1711,8,
1712,6,
1725,7,
1726,6,
1727,7,
1728,7,
1736,6,
1737,6,
1749,6,
1750,8,
1751,6,
1752,8,
1766,7,
1768,9,
1770,8,
1774,7,
1779,6,
1781,6,
1783,6,
1790,7,
1792,6,
1794,7,
1797,6,
1804,7,
1806,7,
1808,6,
1811,6,
1819,6,
1820,7,
1821,6,
1828,7,
1830,6,
1832,7,
1836,6,
1838,6,
1843,6,
1845,6,
1847,6,
1852,6,
1854,6,
1856,6,
1861,6,
1863,6,
1865,6,
1872,6,
1873,6,
1874,6,
1887,9,
1888,6,
1889,6,
1894,6,
1898,6,
1900,6,
1904,6,
1906,6,
1911,6,
1912,6,
1916,6,
1918,6,
1923,6,
1924,6,
1927,6,
1931,6,
1933,6,
1938,6,
1939,6,
1943,6,
1945,6,
1949,6,
1952,7,
1956,6,
1958,6,
1962,6,
1964,6,
1968,6,
1970,6,
1973,6,
1977,6,
1979,6,
1984,6,
1985,6,
1988,6,
1992,6,
1996,6,
2000,6,
