symbol: s3
template: Send worker leaving thread
3,
5,
10,
11,
17,
22,
25,
34,
51,
63,
66,
71,
73,
76,
82,
84,
94,
98,
111,
115,
120,
134,
142,
147,
148,
150,
151,
161,
164,
165,
168,
172,
174,
175,
191,
196,
216,
227,
230,
233,
237,
239,
241,
243,
244,
248,
252,
259,
262,
266,
272,
281,
283,
285,
290,
294,
299,
305,
306,
310,
320,
321,
322,
327,
342,
353,
358,
360,
363,
366,
375,
387,
394,
403,
408,
411,
412,
413,
414,
415,
430,
433,
438,
445,
450,
453,
459,
461,
465,
468,
473,
478,
796,
797,
802,
805,
808,
819,
828,
842,
851,
863,
864,
867,
869,
875,
879,
882,
903,
905,
907,
908,
911,
913,
915,
918,
920,
923,
924,
932,
933,
938,
940,
946,
954,
961,
963,
968,
971,
974,
988,
989,
990,
996,
1012,
1013,
1014,
1021,
1024,
1026,
1027,
1036,
1039,
1047,
1049,
1053,
1060,
1064,
1069,
1071,
1088,
1098,
1101,
1109,
1111,
1116,
1120,
1125,
1128,
1130,
1133,
1138,
1139,
1146,
1153,
1158,
1162,
1170,
1181,
1186,
1188,
1189,
1198,
1203,
1207,
1208,
1225,
1241,
1244,
1245,
1252,
1255,
1265,
1468,
1469,
1470,
1473,
1474,
1482,
1484,
1487,
1489,
1492,
1499,
1503,
1509,
1516,
1518,
1519,
1522,
1523,
1524,
1527,
1529,
1530,
1536,
1537,
1539,
1546,
1548,
1549,
1552,
1556,
1560,
1566,
1569,
1573,
1588,
1593,
1596,
1598,
1607,
1613,
1626,
1640,
1643,
1665,
1674,
1676,
1678,
1681,
1685,
1686,
1705,
1721,
1726,
1729,
1734,
1736,
1743,
1750,
1759,
1766,
1768,
1779,
1781,
1791,
1797,
1806,
1811,
1817,
1819,
1824,
1838,
1842,
1859,
1894,
1897,
1899,
1900,
1909,
1915,
