symbol: s4
template: Interrupted while waiting for message on queue
4,
9,
15,
19,
23,
26,
28,
29,
31,
33,
37,
38,
39,
41,
42,
45,
49,
50,
54,
58,
68,
69,
78,
79,
83,
86,
87,
93,
96,
100,
101,
102,
119,
122,
126,
131,
138,
140,
143,
154,
155,
160,
176,
177,
192,
194,
195,
197,
199,
207,
209,
219,
224,
229,
232,
235,
238,
246,
250,
251,
253,
258,
260,
263,
268,
269,
277,
280,
289,
293,
298,
301,
304,
307,
315,
317,
324,
326,
330,
334,
335,
339,
343,
348,
350,
355,
364,
370,
378,
385,
386,
391,
397,
404,
410,
423,
424,
429,
434,
439,
444,
448,
452,
456,
457,
458,
471,
472,
477,
479,
484,
488,
490,
795,
800,
812,
824,
831,
834,
835,
837,
838,
840,
841,
843,
845,
849,
852,
854,
860,
861,
865,
878,
881,
886,
892,
900,
909,
936,
937,
944,
947,
949,
955,
957,
959,
962,
967,
969,
982,
986,
991,
995,
1001,
1004,
1005,
1006,
1011,
1020,
1029,
1030,
1042,
1054,
1059,
1065,
1067,
1074,
1077,
1090,
1093,
1097,
1102,
1103,
1104,
1105,
1110,
1112,
1117,
1119,
1121,
1122,
1123,
1126,
1127,
1132,
1136,
1141,
1142,
1145,
1150,
1164,
1167,
1171,
1176,
1178,
1184,
1195,
1197,
1199,
1204,
1205,
1211,
1212,
1215,
1222,
1227,
1233,
1239,
1240,
1243,
1247,
1249,
1250,
1251,
1254,
1256,
1381,
1465,
1471,
1479,
1504,
1507,
1508,
1514,
1525,
1526,
1531,
1535,
1543,
1545,
1554,
1559,
1563,
1574,
1580,
1581,
1584,
1591,
1592,
1597,
1602,
1604,
1608,
1609,
1614,
1618,
1628,
1629,
1630,
1632,
1639,
1641,
1642,
1644,
1648,
1657,
1658,
1667,
1668,
1670,
1672,
1675,
1684,
1687,
1689,
1690,
1692,
1693,
1697,
1702,
1704,
1717,
1723,
1728,
1730,
1733,
1739,
1744,
1751,
1752,
1753,
1758,
1769,
1770,
1772,
1776,
1777,
1783,
1784,
1789,
1792,
1802,
1803,
1809,
1822,
1823,
1825,
1831,
1834,
1844,
1853,
1854,
1864,
1868,
1870,
1875,
1880,
1884,
1885,
1891,
1893,
1903,
1911,
1917,
