symbol: s6
template: Interrupting SendWorker
16,
18,
21,
24,
30,
44,
46,
47,
52,
53,
55,
60,
61,
67,
70,
72,
75,
80,
88,
89,
91,
104,
107,
109,
110,
112,
113,
117,
121,
127,
129,
133,
137,
141,
145,
149,
157,
167,
169,
173,
181,
183,
189,
193,
205,
206,
208,
211,
220,
231,
234,
236,
240,
242,
245,
255,
256,
273,
275,
276,
278,
282,
288,
291,
296,
297,
311,
318,
319,
333,
340,
341,
356,
369,
373,
376,
380,
381,
382,
388,
389,
393,
395,
396,
407,
418,
421,
422,
428,
440,
449,
454,
455,
463,
464,
492,
493,
570,
785,
789,
793,
794,
799,
804,
806,
814,
816,
820,
832,
836,
839,
844,
847,
848,
853,
858,
868,
871,
873,
883,
885,
894,
895,
897,
898,
899,
901,
912,
919,
930,
934,
939,
941,
958,
966,
983,
987,
993,
994,
997,
1003,
1015,
1016,
1017,
1019,
1028,
1031,
1033,
1037,
1040,
1044,
1048,
1052,
1057,
1062,
1066,
1070,
1076,
1078,
1081,
1082,
1083,
1085,
1092,
1095,
1099,
1107,
1124,
1134,
1135,
1143,
1144,
1156,
1159,
1160,
1173,
1177,
1192,
1193,
1196,
1200,
1206,
1209,
1217,
1218,
1228,
1229,
1236,
1242,
1246,
1472,
1477,
1485,
1491,
1495,
1496,
1511,
1538,
1544,
1547,
1550,
1551,
1558,
1561,
1562,
1567,
1578,
1587,
1590,
1594,
1595,
1603,
1610,
1615,
1619,
1623,
1625,
1633,
1635,
1638,
1647,
1651,
1652,
1655,
1661,
1662,
1663,
1682,
1694,
1695,
1699,
1700,
1701,
1708,
1709,
1713,
1715,
1727,
1746,
1754,
1756,
1763,
1765,
1778,
1782,
1786,
1795,
1796,
1800,
1804,
1812,
1815,
1821,
1829,
1839,
1849,
1850,
1852,
1860,
1861,
1872,
1879,
1889,
1896,
1916,
1920,
