E22, 1
E5, 2
E4, 3
E26, 4
E5, 5
E4, 6
E26, 7
E28, 8
E31, 9
E23, 10
E34, 11
E7, 12
E18, 13
E6, 14
E32, 15
E30, 16
E33, 17
E27, 18
E36, 19
E21, 20
E11, 21
E11, 22
E11, 23
E11, 24
E24, 25
E24, 26
E24, 27
E24, 28
E11, 29
E24, 30
E29, 31
E2, 32
E20, 33
E3, 34
E19, 35
E19, 36
E19, 37
E19, 38
E19, 39
E12, 40
E12, 41
E12, 42
E12, 43
E12, 44
E29, 45
E2, 46
E20, 47
E3, 48
E17, 49
E14, 50
E15, 51
E13, 52
E16, 53
E29, 54
E2, 55
E20, 56
E3, 57
E29, 58
E2, 59
E20, 60
E3, 61
E29, 62
E2, 63
E20, 64
E3, 65
E29, 66
E2, 67
E20, 68
E3, 69
E29, 70
E2, 71
E20, 72
E3, 73
E35, 74
E35, 75
E35, 76
E35, 77
E35, 78
E2, 79
E2, 80
E2, 81
E2, 82
E2, 83
E35, 84
E35, 85
E35, 86
E35, 87
E35, 88
E9, 89
E9, 90
E9, 91
E9, 92
E9, 93
E11, 94
E24, 95
E11, 96
E24, 97
E11, 98
E29, 99
E24, 100
E11, 101
E24, 102
E11, 103
E24, 104
E2, 105
E20, 106
E3, 107
E10, 108
E10, 109
E10, 110
E10, 111
E10, 112
E35, 113
E35, 114
E35, 115
E35, 116
E35, 117
E9, 118
E9, 119
E9, 120
E9, 121
E9, 122
E11, 123
E24, 124
E11, 125
E24, 126
E11, 127
E24, 128
E11, 129
E24, 130
E29, 131
E11, 132
E24, 133
E2, 134
E20, 135
E3, 136
E10, 137
E10, 138
E10, 139
E10, 140
E10, 141
E35, 142
E35, 143
E35, 144
E35, 145
E35, 146
E9, 147
E9, 148
E9, 149
E9, 150
E9, 151
E11, 152
E24, 153
E11, 154
E24, 155
E11, 156
E24, 157
E11, 158
E24, 159
E29, 160
E11, 161
E24, 162
E2, 163
E20, 164
E3, 165
E19, 166
E19, 167
E19, 168
E19, 169
E19, 170
E10, 171
E10, 172
E10, 173
E10, 174
E10, 175
E35, 176
E35, 177
E35, 178
E35, 179
E35, 180
E2, 181
E2, 182
E2, 183
E2, 184
E2, 185
E35, 186
E35, 187
E35, 188
E9, 189
E35, 190
E9, 191
E35, 192
E9, 193
E9, 194
E9, 195
E11, 196
E24, 197
E11, 198
E24, 199
E29, 200
E11, 201
E24, 202
E11, 203
E24, 204
E11, 205
E24, 206
E2, 207
E20, 208
E3, 209
E10, 210
E10, 211
E10, 212
E10, 213
E10, 214
E35, 215
E35, 216
E35, 217
E35, 218
E35, 219
E9, 220
E9, 221
E9, 222
E9, 223
E9, 224
E11, 225
E24, 226
E11, 227
E24, 228
E11, 229
E24, 230
E29, 231
E11, 232
E24, 233
E11, 234
E24, 235
E2, 236
E20, 237
E3, 238
E10, 239
E10, 240
E10, 241
E10, 242
E10, 243
E35, 244
E35, 245
E35, 246
E35, 247
E35, 248
E9, 249
E9, 250
E9, 251
E9, 252
E9, 253
E11, 254
E24, 255
E11, 256
E24, 257
E11, 258
E24, 259
E29, 260
E11, 261
E24, 262
E11, 263
E24, 264
E2, 265
E20, 266
E3, 267
E10, 268
E10, 269
E10, 270
E10, 271
E10, 272
E35, 273
E35, 274
E35, 275
E35, 276
E35, 277
E9, 278
E9, 279
E9, 280
E9, 281
E9, 282
E11, 283
E24, 284
E11, 285
E24, 286
E11, 287
E24, 288
E11, 289
E24, 290
E29, 291
E11, 292
E24, 293
E2, 294
E20, 295
E3, 296
E19, 297
E19, 298
E19, 299
E19, 300
E19, 301
E10, 302
E10, 303
E10, 304
E10, 305
E10, 306
E35, 307
E35, 308
E35, 309
E35, 310
E35, 311
E2, 312
E2, 313
E2, 314
E2, 315
E2, 316
E35, 317
E35, 318
E35, 319
E35, 320
E35, 321
E9, 322
E9, 323
E9, 324
E9, 325
E9, 326
E11, 327
E24, 328
E11, 329
E24, 330
E11, 331
E24, 332
E29, 333
E11, 334
E24, 335
E11, 336
E24, 337
E2, 338
E20, 339
E3, 340
E10, 341
E10, 342
E10, 343
E10, 344
E10, 345
E35, 346
E35, 347
E35, 348
E35, 349
E35, 350
E9, 351
E9, 352
E9, 353
E9, 354
E9, 355
E11, 356
E24, 357
E11, 358
E24, 359
E11, 360
E24, 361
E11, 362
E29, 363
E24, 364
E11, 365
E24, 366
E2, 367
E20, 368
E3, 369
E10, 370
E10, 371
E10, 372
E10, 373
E10, 374
E35, 375
E35, 376
E35, 377
E35, 378
E35, 379
E9, 380
E9, 381
E9, 382
E9, 383
E9, 384
E11, 385
E24, 386
E11, 387
E24, 388
E11, 389
E24, 390
E11, 391
E24, 392
E29, 393
E11, 394
E24, 395
E2, 396
E20, 397
E3, 398
E10, 399
E10, 400
E10, 401
E10, 402
E10, 403
E35, 404
E35, 405
E35, 406
E35, 407
E35, 408
E9, 409
E9, 410
E9, 411
E9, 412
E9, 413
E11, 414
E24, 415
E11, 416
E24, 417
E11, 418
E24, 419
E11, 420
E29, 421
E24, 422
E11, 423
E24, 424
E2, 425
E20, 426
E3, 427
E19, 428
E19, 429
E19, 430
E19, 431
E19, 432
E10, 433
E10, 434
E10, 435
E10, 436
E10, 437
E35, 438
E35, 439
E35, 440
E35, 441
E35, 442
E2, 443
E2, 444
E2, 445
E2, 446
E2, 447
E35, 448
E35, 449
E35, 450
E9, 451
E35, 452
E35, 453
E9, 454
E9, 455
E9, 456
E9, 457
E11, 458
E24, 459
E11, 460
E24, 461
E11, 462
E29, 463
E24, 464
E11, 465
E24, 466
E11, 467
E24, 468
E2, 469
E20, 470
E3, 471
E10, 472
E10, 473
E10, 474
E10, 475
E10, 476
E35, 477
E35, 478
E35, 479
E35, 480
E35, 481
E9, 482
E9, 483
E9, 484
E9, 485
E9, 486
E11, 487
E24, 488
E11, 489
E24, 490
E11, 491
E24, 492
E29, 493
E11, 494
E24, 495
E11, 496
E24, 497
E2, 498
E20, 499
E3, 500
E10, 501
E10, 502
E10, 503
E10, 504
E10, 505
E35, 506
E35, 507
E35, 508
E35, 509
E35, 510
E9, 511
E9, 512
E9, 513
E9, 514
E9, 515
E11, 516
E24, 517
E11, 518
E24, 519
E11, 520
E24, 521
E29, 522
E11, 523
E24, 524
E11, 525
E24, 526
E2, 527
E20, 528
E3, 529
E10, 530
E10, 531
E10, 532
E10, 533
E10, 534
E35, 535
E35, 536
E35, 537
E35, 538
E35, 539
E9, 540
E9, 541
E9, 542
E9, 543
E9, 544
E11, 545
E24, 546
E11, 547
E24, 548
E11, 549
E24, 550
E11, 551
E24, 552
E11, 553
E24, 554
E29, 555
E2, 556
E20, 557
E3, 558
E19, 559
E19, 560
E19, 561
E19, 562
E19, 563
E10, 564
E10, 565
E10, 566
E10, 567
E10, 568
E35, 569
E35, 570
E35, 571
E35, 572
E35, 573
E2, 574
E2, 575
E2, 576
E2, 577
E2, 578
E35, 579
E35, 580
E35, 581
E35, 582
E9, 583
E35, 584
E9, 585
E9, 586
E9, 587
E9, 588
E11, 589
E24, 590
E11, 591
E24, 592
E11, 593
E24, 594
E11, 595
E29, 596
E24, 597
E11, 598
E24, 599
E2, 600
E20, 601
E3, 602
E10, 603
E10, 604
E10, 605
E10, 606
E10, 607
E35, 608
E35, 609
E35, 610
E35, 611
E35, 612
E9, 613
E9, 614
E9, 615
E9, 616
E9, 617
E11, 618
E24, 619
E11, 620
E24, 621
E11, 622
E24, 623
E11, 624
E29, 625
E24, 626
E11, 627
E24, 628
E2, 629
E20, 630
E3, 631
E10, 632
E10, 633
E10, 634
E10, 635
E10, 636
E35, 637
E35, 638
E35, 639
E35, 640
E35, 641
E9, 642
E9, 643
E9, 644
E9, 645
E9, 646
E11, 647
E24, 648
E11, 649
E24, 650
E11, 651
E24, 652
E11, 653
E24, 654
E29, 655
E11, 656
E24, 657
E2, 658
E20, 659
E3, 660
E10, 661
E10, 662
E10, 663
E10, 664
E10, 665
E35, 666
E35, 667
E35, 668
E35, 669
E9, 670
E9, 671
E9, 672
E9, 673
E35, 674
E9, 675
E11, 676
E24, 677
E11, 678
E24, 679
E11, 680
E24, 681
E11, 682
E24, 683
E29, 684
E11, 685
E24, 686
E2, 687
E20, 688
E3, 689
E19, 690
E19, 691
E19, 692
E19, 693
E19, 694
E10, 695
E10, 696
E10, 697
E10, 698
E10, 699
E35, 700
E35, 701
E35, 702
E2, 703
E2, 704
E2, 705
E35, 706
E35, 707
E2, 708
E2, 709
E35, 710
E9, 711
E35, 712
E35, 713
E9, 714
E9, 715
E35, 716
E35, 717
E9, 718
E9, 719
E11, 720
E24, 721
E11, 722
E24, 723
E11, 724
E24, 725
E11, 726
E29, 727
E24, 728
E11, 729
E24, 730
E2, 731
E20, 732
E3, 733
E10, 734
E10, 735
E10, 736
E10, 737
E10, 738
E35, 739
E35, 740
E35, 741
E35, 742
E35, 743
E9, 744
E9, 745
E9, 746
E9, 747
E9, 748
E11, 749
E24, 750
E11, 751
E24, 752
E11, 753
E24, 754
E11, 755
E24, 756
E29, 757
E11, 758
E24, 759
E2, 760
E20, 761
E3, 762
E10, 763
E10, 764
E10, 765
E10, 766
E10, 767
E35, 768
E35, 769
E35, 770
E35, 771
E9, 772
E35, 773
E9, 774
E9, 775
E9, 776
E9, 777
E11, 778
E24, 779
E11, 780
E24, 781
E11, 782
E24, 783
E11, 784
E24, 785
E11, 786
E24, 787
E29, 788
E2, 789
E20, 790
E3, 791
E19, 792
E19, 793
E19, 794
E19, 795
E19, 796
E10, 797
E10, 798
E10, 799
E10, 800
E10, 801
E35, 802
E35, 803
E2, 804
E35, 805
E35, 806
E35, 807
E2, 808
E2, 809
E2, 810
E2, 811
E35, 812
E35, 813
E35, 814
E9, 815
E35, 816
E35, 817
E9, 818
E9, 819
E9, 820
E9, 821
E11, 822
E24, 823
E11, 824
E24, 825
E29, 826
E11, 827
E24, 828
E11, 829
E24, 830
E11, 831
E24, 832
E2, 833
E20, 834
E3, 835
E10, 836
E10, 837
E10, 838
E10, 839
E10, 840
E35, 841
E35, 842
E35, 843
E35, 844
E35, 845
E9, 846
E9, 847
E9, 848
E9, 849
E9, 850
E11, 851
E24, 852
E11, 853
E24, 854
E11, 855
E24, 856
E11, 857
E24, 858
E11, 859
E24, 860
E29, 861
E2, 862
E20, 863
E3, 864
E10, 865
E10, 866
E10, 867
E10, 868
E10, 869
E8, 870
E8, 871
E8, 872
E8, 873
E8, 874
E35, 875
E35, 876
E35, 877
E35, 878
E35, 879
E25, 880
E25, 881
E25, 882
E25, 883
E25, 884
E1, 885
E1, 886
E1, 887
E1, 888
E1, 889
E9, 890
E9, 891
E9, 892
E9, 893
E9, 894
E11, 895
E24, 896
E11, 897
E24, 898
E11, 899
E24, 900
E11, 901
E24, 902
E11, 903
E24, 904
E10, 905
E10, 906
E10, 907
E10, 908
E10, 909
E8, 910
E8, 911
E8, 912
E8, 913
E8, 914
E35, 915
E35, 916
E35, 917
E35, 918
E35, 919
E25, 920
E1, 921
E25, 922
E25, 923
E1, 924
E1, 925
E25, 926
E1, 927
E25, 928
E1, 929
E9, 930
E9, 931
E9, 932
E9, 933
E9, 934
E11, 935
E24, 936
E11, 937
E24, 938
E11, 939
E24, 940
E11, 941
E24, 942
E11, 943
E24, 944
E10, 945
E10, 946
E10, 947
E10, 948
E10, 949
E8, 950
E8, 951
E8, 952
E8, 953
E8, 954
E35, 955
E35, 956
E35, 957
E35, 958
E35, 959
E25, 960
E1, 961
E25, 962
E25, 963
E1, 964
E1, 965
E25, 966
E1, 967
E25, 968
E1, 969
E9, 970
E9, 971
E9, 972
E9, 973
E9, 974
E11, 975
E24, 976
E11, 977
E24, 978
E11, 979
E24, 980
E11, 981
E24, 982
E11, 983
E24, 984
E10, 985
E10, 986
E10, 987
E10, 988
E10, 989
E8, 990
E35, 991
E25, 992
E1, 993
E9, 994
E8, 995
E8, 996
E8, 997
E8, 998
E11, 999
E24, 1000
E35, 1001
E35, 1002
E35, 1003
E35, 1004
E25, 1005
E1, 1006
E25, 1007
E25, 1008
E1, 1009
E25, 1010
E1, 1011
E1, 1012
E9, 1013
E9, 1014
E9, 1015
E9, 1016
E11, 1017
E24, 1018
E11, 1019
E11, 1020
E24, 1021
E24, 1022
E11, 1023
E24, 1024
E10, 1025
E10, 1026
E10, 1027
E10, 1028
E10, 1029
E35, 1030
E8, 1031
E25, 1032
E1, 1033
E9, 1034
E35, 1035
E35, 1036
E8, 1037
E8, 1038
E25, 1039
E1, 1040
E25, 1041
E1, 1042
E9, 1043
E9, 1044
E35, 1045
E35, 1046
E8, 1047
E8, 1048
E25, 1049
E1, 1050
E25, 1051
E1, 1052
E9, 1053
E9, 1054
E11, 1055
E11, 1056
E24, 1057
E24, 1058
E11, 1059
E24, 1060
E11, 1061
E24, 1062
E11, 1063
E24, 1064
E29, 1065
E2, 1066
E20, 1067
E3, 1068
E10, 1069
E10, 1070
E10, 1071
E10, 1072
E10, 1073
E8, 1074
E8, 1075
E8, 1076
E35, 1077
E8, 1078
E8, 1079
E35, 1080
E35, 1081
E35, 1082
E35, 1083
E25, 1084
E1, 1085
E9, 1086
E25, 1087
E1, 1088
E25, 1089
E1, 1090
E25, 1091
E25, 1092
E1, 1093
E1, 1094
E9, 1095
E9, 1096
E9, 1097
E9, 1098
E11, 1099
E11, 1100
E24, 1101
E24, 1102
E11, 1103
E24, 1104
E11, 1105
E24, 1106
E11, 1107
E24, 1108
E29, 1109
E2, 1110
E20, 1111
E3, 1112
E19, 1113
E12, 1114
E29, 1115
E19, 1116
E12, 1117
E19, 1118
E12, 1119
E19, 1120
E12, 1121
E19, 1122
E12, 1123
E2, 1124
E20, 1125
E3, 1126
E35, 1127
E2, 1128
E35, 1129
E35, 1130
E35, 1131
E35, 1132
E2, 1133
E2, 1134
E2, 1135
E2, 1136
E35, 1137
E9, 1138
E11, 1139
E24, 1140
E35, 1141
E35, 1142
E19, 1143
E12, 1144
E35, 1145
E35, 1146
E9, 1147
E9, 1148
E9, 1149
E9, 1150
E11, 1151
E24, 1152
E11, 1153
E24, 1154
E11, 1155
E24, 1156
E11, 1157
E24, 1158
E19, 1159
E12, 1160
E19, 1161
E12, 1162
E19, 1163
E12, 1164
E19, 1165
E12, 1166
E35, 1167
E2, 1168
E35, 1169
E35, 1170
E35, 1171
E2, 1172
E2, 1173
E35, 1174
E2, 1175
E2, 1176
E35, 1177
E9, 1178
E11, 1179
E24, 1180
E19, 1181
E12, 1182
E35, 1183
E35, 1184
E35, 1185
E9, 1186
E9, 1187
E9, 1188
E35, 1189
E11, 1190
E24, 1191
E11, 1192
E24, 1193
E9, 1194
E11, 1195
E24, 1196
E19, 1197
E12, 1198
E11, 1199
E24, 1200
E19, 1201
E12, 1202
E19, 1203
E12, 1204
E19, 1205
E12, 1206
E35, 1207
E2, 1208
E35, 1209
E2, 1210
E35, 1211
E2, 1212
E35, 1213
E35, 1214
E2, 1215
E2, 1216
E35, 1217
E9, 1218
E11, 1219
E24, 1220
E19, 1221
E12, 1222
E35, 1223
E35, 1224
E9, 1225
E9, 1226
E11, 1227
E24, 1228
E35, 1229
E11, 1230
E35, 1231
E24, 1232
E19, 1233
E12, 1234
E9, 1235
E9, 1236
E19, 1237
E12, 1238
E11, 1239
E24, 1240
E11, 1241
E24, 1242
E19, 1243
E12, 1244
E19, 1245
E12, 1246
E35, 1247
E2, 1248
E35, 1249
E35, 1250
E2, 1251
E2, 1252
E35, 1253
E35, 1254
E2, 1255
E2, 1256
E35, 1257
E9, 1258
E11, 1259
E24, 1260
E19, 1261
E12, 1262
E35, 1263
E35, 1264
E9, 1265
E9, 1266
E11, 1267
E24, 1268
E11, 1269
E24, 1270
E19, 1271
E12, 1272
E19, 1273
E12, 1274
E35, 1275
E35, 1276
E9, 1277
E9, 1278
E11, 1279
E24, 1280
E11, 1281
E24, 1282
E19, 1283
E12, 1284
E19, 1285
E12, 1286
E35, 1287
E2, 1288
E35, 1289
E35, 1290
E2, 1291
E2, 1292
E35, 1293
E35, 1294
E2, 1295
E35, 1296
E2, 1297
E9, 1298
E11, 1299
E24, 1300
E19, 1301
E12, 1302
E35, 1303
E35, 1304
E9, 1305
E9, 1306
E11, 1307
E24, 1308
E11, 1309
E24, 1310
E19, 1311
E12, 1312
E35, 1313
E35, 1314
E19, 1315
E12, 1316
E9, 1317
E9, 1318
E11, 1319
E24, 1320
E11, 1321
E24, 1322
E19, 1323
E12, 1324
E19, 1325
E12, 1326
E35, 1327
E2, 1328
E35, 1329
E35, 1330
E2, 1331
E2, 1332
E35, 1333
E35, 1334
E35, 1335
E2, 1336
E9, 1337
E2, 1338
E11, 1339
E24, 1340
E19, 1341
E12, 1342
E35, 1343
E35, 1344
E9, 1345
E9, 1346
E11, 1347
E24, 1348
E11, 1349
E24, 1350
E35, 1351
E19, 1352
E12, 1353
E19, 1354
E12, 1355
E35, 1356
E9, 1357
E9, 1358
E11, 1359
E24, 1360
E11, 1361
E24, 1362
E19, 1363
E12, 1364
E19, 1365
E12, 1366
E35, 1367
E2, 1368
E35, 1369
E35, 1370
E2, 1371
E2, 1372
E35, 1373
E9, 1374
E35, 1375
E11, 1376
E24, 1377
E35, 1378
E2, 1379
E19, 1380
E12, 1381
E2, 1382
E35, 1383
E35, 1384
E9, 1385
E9, 1386
E11, 1387
E24, 1388
E11, 1389
E24, 1390
E19, 1391
E12, 1392
E19, 1393
E35, 1394
E12, 1395
E35, 1396
E9, 1397
E9, 1398
E11, 1399
E24, 1400
E11, 1401
E24, 1402
E35, 1403
E19, 1404
E12, 1405
E19, 1406
E12, 1407
E2, 1408
E35, 1409
E35, 1410
E2, 1411
E2, 1412
E35, 1413
E9, 1414
E35, 1415
E35, 1416
E2, 1417
E2, 1418
E35, 1419
E35, 1420
E9, 1421
E9, 1422
E35, 1423
E35, 1424
E9, 1425
E9, 1426
E11, 1427
E24, 1428
E11, 1429
E24, 1430
E11, 1431
E29, 1432
E24, 1433
E11, 1434
E24, 1435
E11, 1436
E24, 1437
E2, 1438
E20, 1439
E3, 1440
E10, 1441
E10, 1442
E10, 1443
E10, 1444
E10, 1445
E35, 1446
E35, 1447
E9, 1448
E35, 1449
E35, 1450
E9, 1451
E35, 1452
E9, 1453
E11, 1454
E24, 1455
E9, 1456
E11, 1457
E9, 1458
E24, 1459
E11, 1460
E24, 1461
E10, 1462
E11, 1463
E24, 1464
E11, 1465
E24, 1466
E10, 1467
E10, 1468
E10, 1469
E10, 1470
E35, 1471
E9, 1472
E35, 1473
E35, 1474
E35, 1475
E11, 1476
E24, 1477
E35, 1478
E9, 1479
E9, 1480
E9, 1481
E10, 1482
E9, 1483
E11, 1484
E24, 1485
E11, 1486
E24, 1487
E11, 1488
E24, 1489
E11, 1490
E24, 1491
E10, 1492
E10, 1493
E10, 1494
E10, 1495
E35, 1496
E9, 1497
E11, 1498
E24, 1499
E35, 1500
E35, 1501
E35, 1502
E9, 1503
E9, 1504
E35, 1505
E10, 1506
E9, 1507
E11, 1508
E24, 1509
E11, 1510
E9, 1511
E24, 1512
E11, 1513
E24, 1514
E11, 1515
E24, 1516
E10, 1517
E10, 1518
E10, 1519
E10, 1520
E35, 1521
E9, 1522
E35, 1523
E11, 1524
E24, 1525
E9, 1526
E35, 1527
E35, 1528
E10, 1529
E11, 1530
E24, 1531
E9, 1532
E9, 1533
E35, 1534
E9, 1535
E11, 1536
E24, 1537
E11, 1538
E10, 1539
E24, 1540
E11, 1541
E24, 1542
E10, 1543
E10, 1544
E10, 1545
E35, 1546
E9, 1547
E35, 1548
E11, 1549
E24, 1550
E9, 1551
E35, 1552
E35, 1553
E11, 1554
E24, 1555
E35, 1556
E10, 1557
E9, 1558
E9, 1559
E9, 1560
E10, 1561
E11, 1562
E24, 1563
E11, 1564
E24, 1565
E11, 1566
E24, 1567
E10, 1568
E10, 1569
E10, 1570
E35, 1571
E35, 1572
E35, 1573
E35, 1574
E9, 1575
E9, 1576
E9, 1577
E9, 1578
E11, 1579
E24, 1580
E11, 1581
E24, 1582
E11, 1583
E24, 1584
E11, 1585
E24, 1586
E10, 1587
E10, 1588
E10, 1589
E10, 1590
E35, 1591
E9, 1592
E11, 1593
E24, 1594
E10, 1595
E35, 1596
E9, 1597
E35, 1598
E35, 1599
E35, 1600
E9, 1601
E9, 1602
E11, 1603
E24, 1604
E9, 1605
E11, 1606
E24, 1607
E11, 1608
E24, 1609
E11, 1610
E24, 1611
E10, 1612
E10, 1613
E10, 1614
E10, 1615
E35, 1616
E9, 1617
E11, 1618
E24, 1619
E10, 1620
E35, 1621
E35, 1622
E9, 1623
E35, 1624
E9, 1625
E35, 1626
E9, 1627
E9, 1628
E35, 1629
E9, 1630
E11, 1631
E24, 1632
E11, 1633
E24, 1634
E11, 1635
E24, 1636
E11, 1637
E24, 1638
E11, 1639
E24, 1640
E29, 1641
E2, 1642
E20, 1643
E3, 1644
E10, 1645
E10, 1646
E10, 1647
E10, 1648
E10, 1649
E35, 1650
E35, 1651
E35, 1652
E9, 1653
E35, 1654
E9, 1655
E9, 1656
E35, 1657
E11, 1658
E24, 1659
E9, 1660
E11, 1661
E24, 1662
E11, 1663
E9, 1664
E24, 1665
E11, 1666
E24, 1667
E10, 1668
E10, 1669
E11, 1670
E24, 1671
E10, 1672
E10, 1673
E10, 1674
E35, 1675
E35, 1676
E9, 1677
E35, 1678
E9, 1679
E35, 1680
E35, 1681
E9, 1682
E11, 1683
E24, 1684
E11, 1685
E24, 1686
E11, 1687
E9, 1688
E9, 1689
E24, 1690
E10, 1691
E11, 1692
E24, 1693
E10, 1694
E11, 1695
E24, 1696
E10, 1697
E10, 1698
E10, 1699
E35, 1700
E35, 1701
E35, 1702
E9, 1703
E9, 1704
E11, 1705
E24, 1706
E9, 1707
E11, 1708
E24, 1709
E35, 1710
E35, 1711
E11, 1712
E24, 1713
E10, 1714
E9, 1715
E9, 1716
E10, 1717
E11, 1718
E10, 1719
E24, 1720
E11, 1721
E24, 1722
E10, 1723
E10, 1724
E35, 1725
E35, 1726
E35, 1727
E9, 1728
E9, 1729
E9, 1730
E11, 1731
E24, 1732
E35, 1733
E11, 1734
E35, 1735
E24, 1736
E11, 1737
E24, 1738
E10, 1739
E9, 1740
E9, 1741
E11, 1742
E10, 1743
E24, 1744
E10, 1745
E11, 1746
E24, 1747
E10, 1748
E10, 1749
E35, 1750
E35, 1751
E9, 1752
E9, 1753
E35, 1754
E11, 1755
E24, 1756
E11, 1757
E9, 1758
E24, 1759
E35, 1760
E10, 1761
E11, 1762
E24, 1763
E9, 1764
E35, 1765
E10, 1766
E9, 1767
E11, 1768
E24, 1769
E10, 1770
E11, 1771
E24, 1772
E10, 1773
E10, 1774
E35, 1775
E35, 1776
E9, 1777
E9, 1778
E35, 1779
E11, 1780
E24, 1781
E11, 1782
E24, 1783
E35, 1784
E9, 1785
E10, 1786
E9, 1787
E11, 1788
E35, 1789
E24, 1790
E10, 1791
E11, 1792
E24, 1793
E9, 1794
E10, 1795
E11, 1796
E24, 1797
E10, 1798
E10, 1799
E35, 1800
E35, 1801
E9, 1802
E9, 1803
E35, 1804
E11, 1805
E24, 1806
E11, 1807
E24, 1808
E9, 1809
E35, 1810
E10, 1811
E9, 1812
E11, 1813
E24, 1814
E35, 1815
E10, 1816
E11, 1817
E9, 1818
E24, 1819
E10, 1820
E11, 1821
E24, 1822
E10, 1823
E10, 1824
E35, 1825
E35, 1826
E9, 1827
E9, 1828
E35, 1829
E9, 1830
E35, 1831
E35, 1832
E9, 1833
E9, 1834
E11, 1835
E11, 1836
E24, 1837
E24, 1838
E11, 1839
E24, 1840
E11, 1841
E24, 1842
E11, 1843
E24, 1844
E29, 1845
E2, 1846
E20, 1847
E3, 1848
E10, 1849
E10, 1850
E10, 1851
E10, 1852
E10, 1853
E35, 1854
E35, 1855
E35, 1856
E35, 1857
E9, 1858
E35, 1859
E9, 1860
E9, 1861
E9, 1862
E9, 1863
E11, 1864
E24, 1865
E11, 1866
E24, 1867
E11, 1868
E24, 1869
E11, 1870
E24, 1871
E11, 1872
E24, 1873
E10, 1874
E10, 1875
E10, 1876
E10, 1877
E10, 1878
E35, 1879
E35, 1880
E35, 1881
E35, 1882
E35, 1883
E9, 1884
E9, 1885
E9, 1886
E9, 1887
E9, 1888
E11, 1889
E24, 1890
E11, 1891
E24, 1892
E11, 1893
E24, 1894
E11, 1895
E24, 1896
E10, 1897
E11, 1898
E24, 1899
E10, 1900
E10, 1901
E10, 1902
E10, 1903
E35, 1904
E35, 1905
E9, 1906
E35, 1907
E35, 1908
E9, 1909
E35, 1910
E11, 1911
E24, 1912
E11, 1913
E9, 1914
E9, 1915
E24, 1916
E9, 1917
E11, 1918
E24, 1919
E11, 1920
E24, 1921
E10, 1922
E11, 1923
E24, 1924
E10, 1925
E10, 1926
E10, 1927
E10, 1928
E35, 1929
E35, 1930
E35, 1931
E35, 1932
E9, 1933
E9, 1934
E9, 1935
E35, 1936
E9, 1937
E11, 1938
E24, 1939
E11, 1940
E24, 1941
E9, 1942
E11, 1943
E24, 1944
E11, 1945
E24, 1946
E11, 1947
E10, 1948
E24, 1949
E10, 1950
E10, 1951
E10, 1952
E10, 1953
E35, 1954
E35, 1955
E35, 1956
E9, 1957
E35, 1958
E9, 1959
E9, 1960
E35, 1961
E11, 1962
E24, 1963
E9, 1964
E9, 1965
E11, 1966
E24, 1967
E11, 1968
E24, 1969
E11, 1970
E10, 1971
E24, 1972
E11, 1973
E24, 1974
E10, 1975
E10, 1976
E10, 1977
E10, 1978
E35, 1979
E35, 1980
E35, 1981
E35, 1982
E9, 1983
E9, 1984
E9, 1985
E9, 1986
E11, 1987
E24, 1988
E35, 1989
E11, 1990
E24, 1991
E11, 1992
E24, 1993
E11, 1994
E24, 1995
E10, 1996
E9, 1997
E11, 1998
E24, 1999
E10, 2000
