symbol: s1
template: <*> open through proxy <*> HTTPS
1,proxy.cse.cuhk.edu.hk:5070,proxy.cse.cuhk.edu.hk:5070,
2,proxy.cse.cuhk.edu.hk:5070,proxy.cse.cuhk.edu.hk:5070,
3,proxy.cse.cuhk.edu.hk:5070,proxy.cse.cuhk.edu.hk:5070,
5,proxy.cse.cuhk.edu.hk:5070,proxy.cse.cuhk.edu.hk:5070,
6,proxy.cse.cuhk.edu.hk:5070,proxy.cse.cuhk.edu.hk:5070,
7,proxy.cse.cuhk.edu.hk:5070,proxy.cse.cuhk.edu.hk:5070,
9,proxy.cse.cuhk.edu.hk:5070,proxy.cse.cuhk.edu.hk:5070,
10,proxy.cse.cuhk.edu.hk:5070,proxy.cse.cuhk.edu.hk:5070,
13,proxy.cse.cuhk.edu.hk:5070,proxy.cse.cuhk.edu.hk:5070,
15,proxy.cse.cuhk.edu.hk:5070,proxy.cse.cuhk.edu.hk:5070,
18,proxy.cse.cuhk.edu.hk:5070,proxy.cse.cuhk.edu.hk:5070,
20,proxy.cse.cuhk.edu.hk:5070,proxy.cse.cuhk.edu.hk:5070,
25,proxy.cse.cuhk.edu.hk:5070,proxy.cse.cuhk.edu.hk:5070,
26,proxy.cse.cuhk.edu.hk:5070,proxy.cse.cuhk.edu.hk:5070,
29,proxy.cse.cuhk.edu.hk:5070,proxy.cse.cuhk.edu.hk:5070,
31,proxy.cse.cuhk.edu.hk:5070,proxy.cse.cuhk.edu.hk:5070,
32,proxy.cse.cuhk.edu.hk:5070,proxy.cse.cuhk.edu.hk:5070,
36,proxy.cse.cuhk.edu.hk:5070,proxy.cse.cuhk.edu.hk:5070,
37,proxy.cse.cuhk.edu.hk:5070,proxy.cse.cuhk.edu.hk:5070,
41,proxy.cse.cuhk.edu.hk:5070,proxy.cse.cuhk.edu.hk:5070,
42,proxy.cse.cuhk.edu.hk:5070,proxy.cse.cuhk.edu.hk:5070,
43,proxy.cse.cuhk.edu.hk:5070,proxy.cse.cuhk.edu.hk:5070,
44,proxy.cse.cuhk.edu.hk:5070,proxy.cse.cuhk.edu.hk:5070,
45,proxy.cse.cuhk.edu.hk:5070,proxy.cse.cuhk.edu.hk:5070,
46,proxy.cse.cuhk.edu.hk:5070,proxy.cse.cuhk.edu.hk:5070,
49,proxy.cse.cuhk.edu.hk:5070,proxy.cse.cuhk.edu.hk:5070,
50,proxy.cse.cuhk.edu.hk:5070,proxy.cse.cuhk.edu.hk:5070,
51,proxy.cse.cuhk.edu.hk:5070,proxy.cse.cuhk.edu.hk:5070,
53,proxy.cse.cuhk.edu.hk:5070,proxy.cse.cuhk.edu.hk:5070,
56,proxy.cse.cuhk.edu.hk:5070,proxy.cse.cuhk.edu.hk:5070,
58,proxy.cse.cuhk.edu.hk:5070,proxy.cse.cuhk.edu.hk:5070,
60,proxy.cse.cuhk.edu.hk:5070,proxy.cse.cuhk.edu.hk:5070,
61,proxy.cse.cuhk.edu.hk:5070,proxy.cse.cuhk.edu.hk:5070,
63,proxy.cse.cuhk.edu.hk:5070,proxy.cse.cuhk.edu.hk:5070,
64,proxy.cse.cuhk.edu.hk:5070,proxy.cse.cuhk.edu.hk:5070,
65,proxy.cse.cuhk.edu.hk:5070,proxy.cse.cuhk.edu.hk:5070,
66,proxy.cse.cuhk.edu.hk:5070,proxy.cse.cuhk.edu.hk:5070,
67,proxy.cse.cuhk.edu.hk:5070,proxy.cse.cuhk.edu.hk:5070,
69,proxy.cse.cuhk.edu.hk:5070,proxy.cse.cuhk.edu.hk:5070,
72,proxy.cse.cuhk.edu.hk:5070,proxy.cse.cuhk.edu.hk:5070,
79,proxy.cse.cuhk.edu.hk:5070,proxy.cse.cuhk.edu.hk:5070,
80,proxy.cse.cuhk.edu.hk:5070,proxy.cse.cuhk.edu.hk:5070,
81,proxy.cse.cuhk.edu.hk:5070,proxy.cse.cuhk.edu.hk:5070,
82,proxy.cse.cuhk.edu.hk:5070,proxy.cse.cuhk.edu.hk:5070,
83,proxy.cse.cuhk.edu.hk:5070,proxy.cse.cuhk.edu.hk:5070,
85,proxy.cse.cuhk.edu.hk:5070,proxy.cse.cuhk.edu.hk:5070,
88,proxy.cse.cuhk.edu.hk:5070,proxy.cse.cuhk.edu.hk:5070,
89,proxy.cse.cuhk.edu.hk:5070,proxy.cse.cuhk.edu.hk:5070,
90,proxy.cse.cuhk.edu.hk:5070,proxy.cse.cuhk.edu.hk:5070,
91,proxy.cse.cuhk.edu.hk:5070,proxy.cse.cuhk.edu.hk:5070,
96,proxy.cse.cuhk.edu.hk:5070,proxy.cse.cuhk.edu.hk:5070,
97,proxy.cse.cuhk.edu.hk:5070,proxy.cse.cuhk.edu.hk:5070,
99,proxy.cse.cuhk.edu.hk:5070,proxy.cse.cuhk.edu.hk:5070,
103,proxy.cse.cuhk.edu.hk:5070,proxy.cse.cuhk.edu.hk:5070,
106,proxy.cse.cuhk.edu.hk:5070,proxy.cse.cuhk.edu.hk:5070,
113,proxy.cse.cuhk.edu.hk:5070,proxy.cse.cuhk.edu.hk:5070,
114,proxy.cse.cuhk.edu.hk:5070,proxy.cse.cuhk.edu.hk:5070,
121,proxy.cse.cuhk.edu.hk:5070,proxy.cse.cuhk.edu.hk:5070,
122,proxy.cse.cuhk.edu.hk:5070,proxy.cse.cuhk.edu.hk:5070,
124,proxy.cse.cuhk.edu.hk:5070,proxy.cse.cuhk.edu.hk:5070,
126,proxy.cse.cuhk.edu.hk:5070,proxy.cse.cuhk.edu.hk:5070,
127,proxy.cse.cuhk.edu.hk:5070,proxy.cse.cuhk.edu.hk:5070,
131,proxy.cse.cuhk.edu.hk:5070,proxy.cse.cuhk.edu.hk:5070,
134,proxy.cse.cuhk.edu.hk:5070,proxy.cse.cuhk.edu.hk:5070,
135,proxy.cse.cuhk.edu.hk:5070,proxy.cse.cuhk.edu.hk:5070,
136,proxy.cse.cuhk.edu.hk:5070,proxy.cse.cuhk.edu.hk:5070,
137,proxy.cse.cuhk.edu.hk:5070,proxy.cse.cuhk.edu.hk:5070,
140,proxy.cse.cuhk.edu.hk:5070,proxy.cse.cuhk.edu.hk:5070,
141,proxy.cse.cuhk.edu.hk:5070,proxy.cse.cuhk.edu.hk:5070,
142,proxy.cse.cuhk.edu.hk:5070,proxy.cse.cuhk.edu.hk:5070,
143,proxy.cse.cuhk.edu.hk:5070,proxy.cse.cuhk.edu.hk:5070,
144,proxy.cse.cuhk.edu.hk:5070,proxy.cse.cuhk.edu.hk:5070,
145,proxy.cse.cuhk.edu.hk:5070,proxy.cse.cuhk.edu.hk:5070,
146,proxy.cse.cuhk.edu.hk:5070,proxy.cse.cuhk.edu.hk:5070,
147,proxy.cse.cuhk.edu.hk:5070,proxy.cse.cuhk.edu.hk:5070,
148,proxy.cse.cuhk.edu.hk:5070,proxy.cse.cuhk.edu.hk:5070,
150,proxy.cse.cuhk.edu.hk:5070,proxy.cse.cuhk.edu.hk:5070,
151,proxy.cse.cuhk.edu.hk:5070,proxy.cse.cuhk.edu.hk:5070,
164,proxy.cse.cuhk.edu.hk:5070,proxy.cse.cuhk.edu.hk:5070,
165,proxy.cse.cuhk.edu.hk:5070,proxy.cse.cuhk.edu.hk:5070,
166,proxy.cse.cuhk.edu.hk:5070,proxy.cse.cuhk.edu.hk:5070,
167,proxy.cse.cuhk.edu.hk:5070,proxy.cse.cuhk.edu.hk:5070,
168,proxy.cse.cuhk.edu.hk:5070,proxy.cse.cuhk.edu.hk:5070,
169,proxy.cse.cuhk.edu.hk:5070,proxy.cse.cuhk.edu.hk:5070,
170,proxy.cse.cuhk.edu.hk:5070,proxy.cse.cuhk.edu.hk:5070,
171,proxy.cse.cuhk.edu.hk:5070,proxy.cse.cuhk.edu.hk:5070,
172,proxy.cse.cuhk.edu.hk:5070,proxy.cse.cuhk.edu.hk:5070,
174,proxy.cse.cuhk.edu.hk:5070,proxy.cse.cuhk.edu.hk:5070,
175,proxy.cse.cuhk.edu.hk:5070,proxy.cse.cuhk.edu.hk:5070,
176,proxy.cse.cuhk.edu.hk:5070,proxy.cse.cuhk.edu.hk:5070,
178,proxy.cse.cuhk.edu.hk:5070,proxy.cse.cuhk.edu.hk:5070,
180,proxy.cse.cuhk.edu.hk:5070,proxy.cse.cuhk.edu.hk:5070,
181,proxy.cse.cuhk.edu.hk:5070,proxy.cse.cuhk.edu.hk:5070,
182,proxy.cse.cuhk.edu.hk:5070,proxy.cse.cuhk.edu.hk:5070,
183,proxy.cse.cuhk.edu.hk:5070,proxy.cse.cuhk.edu.hk:5070,
185,proxy.cse.cuhk.edu.hk:5070,proxy.cse.cuhk.edu.hk:5070,
187,proxy.cse.cuhk.edu.hk:5070,proxy.cse.cuhk.edu.hk:5070,
189,proxy.cse.cuhk.edu.hk:5070,proxy.cse.cuhk.edu.hk:5070,
190,proxy.cse.cuhk.edu.hk:5070,proxy.cse.cuhk.edu.hk:5070,
191,proxy.cse.cuhk.edu.hk:5070,proxy.cse.cuhk.edu.hk:5070,
193,proxy.cse.cuhk.edu.hk:5070,proxy.cse.cuhk.edu.hk:5070,
194,proxy.cse.cuhk.edu.hk:5070,proxy.cse.cuhk.edu.hk:5070,
196,proxy.cse.cuhk.edu.hk:5070,proxy.cse.cuhk.edu.hk:5070,
197,proxy.cse.cuhk.edu.hk:5070,proxy.cse.cuhk.edu.hk:5070,
200,proxy.cse.cuhk.edu.hk:5070,proxy.cse.cuhk.edu.hk:5070,
201,proxy.cse.cuhk.edu.hk:5070,proxy.cse.cuhk.edu.hk:5070,
204,proxy.cse.cuhk.edu.hk:5070,proxy.cse.cuhk.edu.hk:5070,
207,proxy.cse.cuhk.edu.hk:5070,proxy.cse.cuhk.edu.hk:5070,
209,proxy.cse.cuhk.edu.hk:5070,proxy.cse.cuhk.edu.hk:5070,
210,proxy.cse.cuhk.edu.hk:5070,proxy.cse.cuhk.edu.hk:5070,
211,proxy.cse.cuhk.edu.hk:5070,proxy.cse.cuhk.edu.hk:5070,
212,proxy.cse.cuhk.edu.hk:5070,proxy.cse.cuhk.edu.hk:5070,
213,proxy.cse.cuhk.edu.hk:5070,proxy.cse.cuhk.edu.hk:5070,
215,proxy.cse.cuhk.edu.hk:5070,proxy.cse.cuhk.edu.hk:5070,
216,proxy.cse.cuhk.edu.hk:5070,proxy.cse.cuhk.edu.hk:5070,
217,proxy.cse.cuhk.edu.hk:5070,proxy.cse.cuhk.edu.hk:5070,
218,proxy.cse.cuhk.edu.hk:5070,proxy.cse.cuhk.edu.hk:5070,
219,proxy.cse.cuhk.edu.hk:5070,proxy.cse.cuhk.edu.hk:5070,
226,proxy.cse.cuhk.edu.hk:5070,proxy.cse.cuhk.edu.hk:5070,
227,proxy.cse.cuhk.edu.hk:5070,proxy.cse.cuhk.edu.hk:5070,
231,proxy.cse.cuhk.edu.hk:5070,proxy.cse.cuhk.edu.hk:5070,
232,proxy.cse.cuhk.edu.hk:5070,proxy.cse.cuhk.edu.hk:5070,
233,proxy.cse.cuhk.edu.hk:5070,proxy.cse.cuhk.edu.hk:5070,
238,proxy.cse.cuhk.edu.hk:5070,proxy.cse.cuhk.edu.hk:5070,
240,proxy.cse.cuhk.edu.hk:5070,proxy.cse.cuhk.edu.hk:5070,
242,proxy.cse.cuhk.edu.hk:5070,proxy.cse.cuhk.edu.hk:5070,
243,proxy.cse.cuhk.edu.hk:5070,proxy.cse.cuhk.edu.hk:5070,
244,proxy.cse.cuhk.edu.hk:5070,proxy.cse.cuhk.edu.hk:5070,
247,proxy.cse.cuhk.edu.hk:5070,proxy.cse.cuhk.edu.hk:5070,
251,proxy.cse.cuhk.edu.hk:5070,proxy.cse.cuhk.edu.hk:5070,
256,proxy.cse.cuhk.edu.hk:5070,proxy.cse.cuhk.edu.hk:5070,
257,proxy.cse.cuhk.edu.hk:5070,proxy.cse.cuhk.edu.hk:5070,
258,proxy.cse.cuhk.edu.hk:5070,proxy.cse.cuhk.edu.hk:5070,
261,proxy.cse.cuhk.edu.hk:5070,proxy.cse.cuhk.edu.hk:5070,
262,proxy.cse.cuhk.edu.hk:5070,proxy.cse.cuhk.edu.hk:5070,
267,proxy.cse.cuhk.edu.hk:5070,proxy.cse.cuhk.edu.hk:5070,
269,proxy.cse.cuhk.edu.hk:5070,proxy.cse.cuhk.edu.hk:5070,
272,proxy.cse.cuhk.edu.hk:5070,proxy.cse.cuhk.edu.hk:5070,
277,proxy.cse.cuhk.edu.hk:5070,proxy.cse.cuhk.edu.hk:5070,
280,proxy.cse.cuhk.edu.hk:5070,proxy.cse.cuhk.edu.hk:5070,
283,proxy.cse.cuhk.edu.hk:5070,proxy.cse.cuhk.edu.hk:5070,
285,proxy.cse.cuhk.edu.hk:5070,proxy.cse.cuhk.edu.hk:5070,
288,proxy.cse.cuhk.edu.hk:5070,proxy.cse.cuhk.edu.hk:5070,
289,proxy.cse.cuhk.edu.hk:5070,proxy.cse.cuhk.edu.hk:5070,
292,proxy.cse.cuhk.edu.hk:5070,proxy.cse.cuhk.edu.hk:5070,
293,proxy.cse.cuhk.edu.hk:5070,proxy.cse.cuhk.edu.hk:5070,
294,proxy.cse.cuhk.edu.hk:5070,proxy.cse.cuhk.edu.hk:5070,
297,proxy.cse.cuhk.edu.hk:5070,proxy.cse.cuhk.edu.hk:5070,
300,proxy.cse.cuhk.edu.hk:5070,proxy.cse.cuhk.edu.hk:5070,
301,proxy.cse.cuhk.edu.hk:5070,proxy.cse.cuhk.edu.hk:5070,
303,proxy.cse.cuhk.edu.hk:5070,proxy.cse.cuhk.edu.hk:5070,
305,proxy.cse.cuhk.edu.hk:5070,proxy.cse.cuhk.edu.hk:5070,
306,proxy.cse.cuhk.edu.hk:5070,proxy.cse.cuhk.edu.hk:5070,
309,proxy.cse.cuhk.edu.hk:5070,proxy.cse.cuhk.edu.hk:5070,
314,proxy.cse.cuhk.edu.hk:5070,proxy.cse.cuhk.edu.hk:5070,
317,proxy.cse.cuhk.edu.hk:5070,proxy.cse.cuhk.edu.hk:5070,
318,proxy.cse.cuhk.edu.hk:5070,proxy.cse.cuhk.edu.hk:5070,
319,proxy.cse.cuhk.edu.hk:5070,proxy.cse.cuhk.edu.hk:5070,
321,proxy.cse.cuhk.edu.hk:5070,proxy.cse.cuhk.edu.hk:5070,
322,proxy.cse.cuhk.edu.hk:5070,proxy.cse.cuhk.edu.hk:5070,
325,proxy.cse.cuhk.edu.hk:5070,proxy.cse.cuhk.edu.hk:5070,
326,proxy.cse.cuhk.edu.hk:5070,proxy.cse.cuhk.edu.hk:5070,
327,proxy.cse.cuhk.edu.hk:5070,proxy.cse.cuhk.edu.hk:5070,
328,proxy.cse.cuhk.edu.hk:5070,proxy.cse.cuhk.edu.hk:5070,
332,proxy.cse.cuhk.edu.hk:5070,proxy.cse.cuhk.edu.hk:5070,
333,proxy.cse.cuhk.edu.hk:5070,proxy.cse.cuhk.edu.hk:5070,
334,proxy.cse.cuhk.edu.hk:5070,proxy.cse.cuhk.edu.hk:5070,
337,proxy.cse.cuhk.edu.hk:5070,proxy.cse.cuhk.edu.hk:5070,
338,proxy.cse.cuhk.edu.hk:5070,proxy.cse.cuhk.edu.hk:5070,
343,proxy.cse.cuhk.edu.hk:5070,proxy.cse.cuhk.edu.hk:5070,
345,proxy.cse.cuhk.edu.hk:5070,proxy.cse.cuhk.edu.hk:5070,
346,proxy.cse.cuhk.edu.hk:5070,proxy.cse.cuhk.edu.hk:5070,
347,proxy.cse.cuhk.edu.hk:5070,proxy.cse.cuhk.edu.hk:5070,
348,proxy.cse.cuhk.edu.hk:5070,proxy.cse.cuhk.edu.hk:5070,
349,proxy.cse.cuhk.edu.hk:5070,proxy.cse.cuhk.edu.hk:5070,
354,proxy.cse.cuhk.edu.hk:5070,proxy.cse.cuhk.edu.hk:5070,
355,proxy.cse.cuhk.edu.hk:5070,proxy.cse.cuhk.edu.hk:5070,
356,proxy.cse.cuhk.edu.hk:5070,proxy.cse.cuhk.edu.hk:5070,
357,proxy.cse.cuhk.edu.hk:5070,proxy.cse.cuhk.edu.hk:5070,
358,proxy.cse.cuhk.edu.hk:5070,proxy.cse.cuhk.edu.hk:5070,
359,proxy.cse.cuhk.edu.hk:5070,proxy.cse.cuhk.edu.hk:5070,
362,proxy.cse.cuhk.edu.hk:5070,proxy.cse.cuhk.edu.hk:5070,
363,proxy.cse.cuhk.edu.hk:5070,proxy.cse.cuhk.edu.hk:5070,
364,proxy.cse.cuhk.edu.hk:5070,proxy.cse.cuhk.edu.hk:5070,
365,proxy.cse.cuhk.edu.hk:5070,proxy.cse.cuhk.edu.hk:5070,
366,proxy.cse.cuhk.edu.hk:5070,proxy.cse.cuhk.edu.hk:5070,
369,proxy.cse.cuhk.edu.hk:5070,proxy.cse.cuhk.edu.hk:5070,
371,proxy.cse.cuhk.edu.hk:5070,proxy.cse.cuhk.edu.hk:5070,
372,proxy.cse.cuhk.edu.hk:5070,proxy.cse.cuhk.edu.hk:5070,
373,proxy.cse.cuhk.edu.hk:5070,proxy.cse.cuhk.edu.hk:5070,
374,proxy.cse.cuhk.edu.hk:5070,proxy.cse.cuhk.edu.hk:5070,
376,proxy.cse.cuhk.edu.hk:5070,proxy.cse.cuhk.edu.hk:5070,
378,proxy.cse.cuhk.edu.hk:5070,proxy.cse.cuhk.edu.hk:5070,
379,proxy.cse.cuhk.edu.hk:5070,proxy.cse.cuhk.edu.hk:5070,
380,proxy.cse.cuhk.edu.hk:5070,proxy.cse.cuhk.edu.hk:5070,
384,182.254.114.110:80,proxy.cse.cuhk.edu.hk:5070,
385,tcpconn.tencent.com:80,proxy.cse.cuhk.edu.hk:5070,
387,183.60.49.182:443,proxy.cse.cuhk.edu.hk:5070,
389,tcpconn3.tencent.com:443,proxy.cse.cuhk.edu.hk:5070,
391,tcpconn6.tencent.com:80,proxy.cse.cuhk.edu.hk:5070,
392,tcpconn6.tencent.com:443,proxy.cse.cuhk.edu.hk:5070,
394,proxy.cse.cuhk.edu.hk:5070,proxy.cse.cuhk.edu.hk:5070,
395,proxy.cse.cuhk.edu.hk:5070,proxy.cse.cuhk.edu.hk:5070,
397,cgi.qqweb.qq.com:80,proxy.cse.cuhk.edu.hk:5070,
398,proxy.cse.cuhk.edu.hk:5070,proxy.cse.cuhk.edu.hk:5070,
399,proxy.cse.cuhk.edu.hk:5070,proxy.cse.cuhk.edu.hk:5070,
401,get.sogou.com:80,proxy.cse.cuhk.edu.hk:5070,
403,proxy.cse.cuhk.edu.hk:5070,proxy.cse.cuhk.edu.hk:5070,
406,proxy.cse.cuhk.edu.hk:5070,proxy.cse.cuhk.edu.hk:5070,
407,proxy.cse.cuhk.edu.hk:5070,proxy.cse.cuhk.edu.hk:5070,
411,proxy.cse.cuhk.edu.hk:5070,proxy.cse.cuhk.edu.hk:5070,
412,proxy.cse.cuhk.edu.hk:5070,proxy.cse.cuhk.edu.hk:5070,
413,proxy.cse.cuhk.edu.hk:5070,proxy.cse.cuhk.edu.hk:5070,
415,cidian.youdao.com:80,proxy.cse.cuhk.edu.hk:5070,
418,proxy.cse.cuhk.edu.hk:5070,proxy.cse.cuhk.edu.hk:5070,
419,proxy.cse.cuhk.edu.hk:5070,proxy.cse.cuhk.edu.hk:5070,
420,proxy.cse.cuhk.edu.hk:5070,proxy.cse.cuhk.edu.hk:5070,
421,proxy.cse.cuhk.edu.hk:5070,proxy.cse.cuhk.edu.hk:5070,
424,proxy.cse.cuhk.edu.hk:5070,proxy.cse.cuhk.edu.hk:5070,
426,proxy.cse.cuhk.edu.hk:5070,proxy.cse.cuhk.edu.hk:5070,
430,proxy.cse.cuhk.edu.hk:5070,proxy.cse.cuhk.edu.hk:5070,
431,proxy.cse.cuhk.edu.hk:5070,proxy.cse.cuhk.edu.hk:5070,
432,proxy.cse.cuhk.edu.hk:5070,proxy.cse.cuhk.edu.hk:5070,
433,proxy.cse.cuhk.edu.hk:5070,proxy.cse.cuhk.edu.hk:5070,
434,proxy.cse.cuhk.edu.hk:5070,proxy.cse.cuhk.edu.hk:5070,
435,proxy.cse.cuhk.edu.hk:5070,proxy.cse.cuhk.edu.hk:5070,
436,proxy.cse.cuhk.edu.hk:5070,proxy.cse.cuhk.edu.hk:5070,
437,proxy.cse.cuhk.edu.hk:5070,proxy.cse.cuhk.edu.hk:5070,
438,proxy.cse.cuhk.edu.hk:5070,proxy.cse.cuhk.edu.hk:5070,
440,proxy.cse.cuhk.edu.hk:5070,proxy.cse.cuhk.edu.hk:5070,
444,proxy.cse.cuhk.edu.hk:5070,proxy.cse.cuhk.edu.hk:5070,
445,proxy.cse.cuhk.edu.hk:5070,proxy.cse.cuhk.edu.hk:5070,
446,proxy.cse.cuhk.edu.hk:5070,proxy.cse.cuhk.edu.hk:5070,
448,proxy.cse.cuhk.edu.hk:5070,proxy.cse.cuhk.edu.hk:5070,
454,proxy.cse.cuhk.edu.hk:5070,proxy.cse.cuhk.edu.hk:5070,
455,proxy.cse.cuhk.edu.hk:5070,proxy.cse.cuhk.edu.hk:5070,
456,proxy.cse.cuhk.edu.hk:5070,proxy.cse.cuhk.edu.hk:5070,
457,proxy.cse.cuhk.edu.hk:5070,proxy.cse.cuhk.edu.hk:5070,
462,oimagec7.ydstatic.com:80,proxy.cse.cuhk.edu.hk:5070,
467,proxy.cse.cuhk.edu.hk:5070,proxy.cse.cuhk.edu.hk:5070,
469,proxy.cse.cuhk.edu.hk:5070,proxy.cse.cuhk.edu.hk:5070,
472,proxy.cse.cuhk.edu.hk:5070,proxy.cse.cuhk.edu.hk:5070,
474,proxy.cse.cuhk.edu.hk:5070,proxy.cse.cuhk.edu.hk:5070,
477,proxy.cse.cuhk.edu.hk:5070,proxy.cse.cuhk.edu.hk:5070,
478,proxy.cse.cuhk.edu.hk:5070,proxy.cse.cuhk.edu.hk:5070,
479,proxy.cse.cuhk.edu.hk:5070,proxy.cse.cuhk.edu.hk:5070,
480,proxy.cse.cuhk.edu.hk:5070,proxy.cse.cuhk.edu.hk:5070,
481,proxy.cse.cuhk.edu.hk:5070,proxy.cse.cuhk.edu.hk:5070,
486,proxy.cse.cuhk.edu.hk:5070,proxy.cse.cuhk.edu.hk:5070,
487,proxy.cse.cuhk.edu.hk:5070,proxy.cse.cuhk.edu.hk:5070,
488,proxy.cse.cuhk.edu.hk:5070,proxy.cse.cuhk.edu.hk:5070,
489,proxy.cse.cuhk.edu.hk:5070,proxy.cse.cuhk.edu.hk:5070,
490,proxy.cse.cuhk.edu.hk:5070,proxy.cse.cuhk.edu.hk:5070,
493,proxy.cse.cuhk.edu.hk:5070,proxy.cse.cuhk.edu.hk:5070,
495,proxy.cse.cuhk.edu.hk:5070,proxy.cse.cuhk.edu.hk:5070,
496,proxy.cse.cuhk.edu.hk:5070,proxy.cse.cuhk.edu.hk:5070,
498,proxy.cse.cuhk.edu.hk:5070,proxy.cse.cuhk.edu.hk:5070,
499,proxy.cse.cuhk.edu.hk:5070,proxy.cse.cuhk.edu.hk:5070,
500,proxy.cse.cuhk.edu.hk:5070,proxy.cse.cuhk.edu.hk:5070,
503,proxy.cse.cuhk.edu.hk:5070,proxy.cse.cuhk.edu.hk:5070,
504,proxy.cse.cuhk.edu.hk:5070,proxy.cse.cuhk.edu.hk:5070,
506,proxy.cse.cuhk.edu.hk:5070,proxy.cse.cuhk.edu.hk:5070,
511,proxy.cse.cuhk.edu.hk:5070,proxy.cse.cuhk.edu.hk:5070,
514,proxy.cse.cuhk.edu.hk:5070,proxy.cse.cuhk.edu.hk:5070,
515,proxy.cse.cuhk.edu.hk:5070,proxy.cse.cuhk.edu.hk:5070,
516,proxy.cse.cuhk.edu.hk:5070,proxy.cse.cuhk.edu.hk:5070,
517,proxy.cse.cuhk.edu.hk:5070,proxy.cse.cuhk.edu.hk:5070,
518,proxy.cse.cuhk.edu.hk:5070,proxy.cse.cuhk.edu.hk:5070,
521,proxy.cse.cuhk.edu.hk:5070,proxy.cse.cuhk.edu.hk:5070,
522,proxy.cse.cuhk.edu.hk:5070,proxy.cse.cuhk.edu.hk:5070,
523,proxy.cse.cuhk.edu.hk:5070,proxy.cse.cuhk.edu.hk:5070,
524,proxy.cse.cuhk.edu.hk:5070,proxy.cse.cuhk.edu.hk:5070,
526,proxy.cse.cuhk.edu.hk:5070,proxy.cse.cuhk.edu.hk:5070,
528,proxy.cse.cuhk.edu.hk:5070,proxy.cse.cuhk.edu.hk:5070,
531,proxy.cse.cuhk.edu.hk:5070,proxy.cse.cuhk.edu.hk:5070,
532,proxy.cse.cuhk.edu.hk:5070,proxy.cse.cuhk.edu.hk:5070,
533,proxy.cse.cuhk.edu.hk:5070,proxy.cse.cuhk.edu.hk:5070,
535,proxy.cse.cuhk.edu.hk:5070,proxy.cse.cuhk.edu.hk:5070,
536,proxy.cse.cuhk.edu.hk:5070,proxy.cse.cuhk.edu.hk:5070,
537,proxy.cse.cuhk.edu.hk:5070,proxy.cse.cuhk.edu.hk:5070,
540,proxy.cse.cuhk.edu.hk:5070,proxy.cse.cuhk.edu.hk:5070,
541,proxy.cse.cuhk.edu.hk:5070,proxy.cse.cuhk.edu.hk:5070,
543,proxy.cse.cuhk.edu.hk:5070,proxy.cse.cuhk.edu.hk:5070,
549,proxy.cse.cuhk.edu.hk:5070,proxy.cse.cuhk.edu.hk:5070,
551,proxy.cse.cuhk.edu.hk:5070,proxy.cse.cuhk.edu.hk:5070,
556,proxy.cse.cuhk.edu.hk:5070,proxy.cse.cuhk.edu.hk:5070,
557,proxy.cse.cuhk.edu.hk:5070,proxy.cse.cuhk.edu.hk:5070,
563,proxy.cse.cuhk.edu.hk:5070,proxy.cse.cuhk.edu.hk:5070,
566,proxy.cse.cuhk.edu.hk:5070,proxy.cse.cuhk.edu.hk:5070,
568,proxy.cse.cuhk.edu.hk:5070,proxy.cse.cuhk.edu.hk:5070,
571,proxy.cse.cuhk.edu.hk:5070,proxy.cse.cuhk.edu.hk:5070,
573,proxy.cse.cuhk.edu.hk:5070,proxy.cse.cuhk.edu.hk:5070,
574,proxy.cse.cuhk.edu.hk:5070,proxy.cse.cuhk.edu.hk:5070,
578,proxy.cse.cuhk.edu.hk:5070,proxy.cse.cuhk.edu.hk:5070,
580,proxy.cse.cuhk.edu.hk:5070,proxy.cse.cuhk.edu.hk:5070,
581,proxy.cse.cuhk.edu.hk:5070,proxy.cse.cuhk.edu.hk:5070,
582,proxy.cse.cuhk.edu.hk:5070,proxy.cse.cuhk.edu.hk:5070,
585,proxy.cse.cuhk.edu.hk:5070,proxy.cse.cuhk.edu.hk:5070,
587,proxy.cse.cuhk.edu.hk:5070,proxy.cse.cuhk.edu.hk:5070,
589,proxy.cse.cuhk.edu.hk:5070,proxy.cse.cuhk.edu.hk:5070,
592,proxy.cse.cuhk.edu.hk:5070,proxy.cse.cuhk.edu.hk:5070,
593,proxy.cse.cuhk.edu.hk:5070,proxy.cse.cuhk.edu.hk:5070,
595,proxy.cse.cuhk.edu.hk:5070,proxy.cse.cuhk.edu.hk:5070,
596,proxy.cse.cuhk.edu.hk:5070,proxy.cse.cuhk.edu.hk:5070,
598,proxy.cse.cuhk.edu.hk:5070,proxy.cse.cuhk.edu.hk:5070,
599,proxy.cse.cuhk.edu.hk:5070,proxy.cse.cuhk.edu.hk:5070,
600,proxy.cse.cuhk.edu.hk:5070,proxy.cse.cuhk.edu.hk:5070,
601,proxy.cse.cuhk.edu.hk:5070,proxy.cse.cuhk.edu.hk:5070,
605,proxy.cse.cuhk.edu.hk:5070,proxy.cse.cuhk.edu.hk:5070,
607,proxy.cse.cuhk.edu.hk:5070,proxy.cse.cuhk.edu.hk:5070,
609,proxy.cse.cuhk.edu.hk:5070,proxy.cse.cuhk.edu.hk:5070,
611,proxy.cse.cuhk.edu.hk:5070,proxy.cse.cuhk.edu.hk:5070,
614,proxy.cse.cuhk.edu.hk:5070,proxy.cse.cuhk.edu.hk:5070,
615,proxy.cse.cuhk.edu.hk:5070,proxy.cse.cuhk.edu.hk:5070,
617,proxy.cse.cuhk.edu.hk:5070,proxy.cse.cuhk.edu.hk:5070,
618,proxy.cse.cuhk.edu.hk:5070,proxy.cse.cuhk.edu.hk:5070,
619,proxy.cse.cuhk.edu.hk:5070,proxy.cse.cuhk.edu.hk:5070,
620,proxy.cse.cuhk.edu.hk:5070,proxy.cse.cuhk.edu.hk:5070,
621,proxy.cse.cuhk.edu.hk:5070,proxy.cse.cuhk.edu.hk:5070,
622,proxy.cse.cuhk.edu.hk:5070,proxy.cse.cuhk.edu.hk:5070,
624,proxy.cse.cuhk.edu.hk:5070,proxy.cse.cuhk.edu.hk:5070,
629,proxy.cse.cuhk.edu.hk:5070,proxy.cse.cuhk.edu.hk:5070,
632,proxy.cse.cuhk.edu.hk:5070,proxy.cse.cuhk.edu.hk:5070,
633,proxy.cse.cuhk.edu.hk:5070,proxy.cse.cuhk.edu.hk:5070,
637,proxy.cse.cuhk.edu.hk:5070,proxy.cse.cuhk.edu.hk:5070,
639,proxy.cse.cuhk.edu.hk:5070,proxy.cse.cuhk.edu.hk:5070,
643,proxy.cse.cuhk.edu.hk:5070,proxy.cse.cuhk.edu.hk:5070,
644,proxy.cse.cuhk.edu.hk:5070,proxy.cse.cuhk.edu.hk:5070,
649,proxy.cse.cuhk.edu.hk:5070,proxy.cse.cuhk.edu.hk:5070,
651,proxy.cse.cuhk.edu.hk:5070,proxy.cse.cuhk.edu.hk:5070,
652,proxy.cse.cuhk.edu.hk:5070,proxy.cse.cuhk.edu.hk:5070,
654,proxy.cse.cuhk.edu.hk:5070,proxy.cse.cuhk.edu.hk:5070,
657,proxy.cse.cuhk.edu.hk:5070,proxy.cse.cuhk.edu.hk:5070,
660,proxy.cse.cuhk.edu.hk:5070,proxy.cse.cuhk.edu.hk:5070,
661,proxy.cse.cuhk.edu.hk:5070,proxy.cse.cuhk.edu.hk:5070,
664,proxy.cse.cuhk.edu.hk:5070,proxy.cse.cuhk.edu.hk:5070,
665,proxy.cse.cuhk.edu.hk:5070,proxy.cse.cuhk.edu.hk:5070,
667,proxy.cse.cuhk.edu.hk:5070,proxy.cse.cuhk.edu.hk:5070,
669,proxy.cse.cuhk.edu.hk:5070,proxy.cse.cuhk.edu.hk:5070,
670,proxy.cse.cuhk.edu.hk:5070,proxy.cse.cuhk.edu.hk:5070,
673,proxy.cse.cuhk.edu.hk:5070,proxy.cse.cuhk.edu.hk:5070,
677,proxy.cse.cuhk.edu.hk:5070,proxy.cse.cuhk.edu.hk:5070,
678,proxy.cse.cuhk.edu.hk:5070,proxy.cse.cuhk.edu.hk:5070,
680,proxy.cse.cuhk.edu.hk:5070,proxy.cse.cuhk.edu.hk:5070,
685,proxy.cse.cuhk.edu.hk:5070,proxy.cse.cuhk.edu.hk:5070,
688,proxy.cse.cuhk.edu.hk:5070,proxy.cse.cuhk.edu.hk:5070,
690,proxy.cse.cuhk.edu.hk:5070,proxy.cse.cuhk.edu.hk:5070,
692,proxy.cse.cuhk.edu.hk:5070,proxy.cse.cuhk.edu.hk:5070,
693,proxy.cse.cuhk.edu.hk:5070,proxy.cse.cuhk.edu.hk:5070,
695,proxy.cse.cuhk.edu.hk:5070,proxy.cse.cuhk.edu.hk:5070,
696,proxy.cse.cuhk.edu.hk:5070,proxy.cse.cuhk.edu.hk:5070,
697,proxy.cse.cuhk.edu.hk:5070,proxy.cse.cuhk.edu.hk:5070,
698,proxy.cse.cuhk.edu.hk:5070,proxy.cse.cuhk.edu.hk:5070,
701,proxy.cse.cuhk.edu.hk:5070,proxy.cse.cuhk.edu.hk:5070,
708,proxy.cse.cuhk.edu.hk:5070,proxy.cse.cuhk.edu.hk:5070,
709,proxy.cse.cuhk.edu.hk:5070,proxy.cse.cuhk.edu.hk:5070,
710,proxy.cse.cuhk.edu.hk:5070,proxy.cse.cuhk.edu.hk:5070,
711,proxy.cse.cuhk.edu.hk:5070,proxy.cse.cuhk.edu.hk:5070,
713,proxy.cse.cuhk.edu.hk:5070,proxy.cse.cuhk.edu.hk:5070,
721,proxy.cse.cuhk.edu.hk:5070,proxy.cse.cuhk.edu.hk:5070,
725,proxy.cse.cuhk.edu.hk:5070,proxy.cse.cuhk.edu.hk:5070,
728,proxy.cse.cuhk.edu.hk:5070,proxy.cse.cuhk.edu.hk:5070,
729,proxy.cse.cuhk.edu.hk:5070,proxy.cse.cuhk.edu.hk:5070,
730,proxy.cse.cuhk.edu.hk:5070,proxy.cse.cuhk.edu.hk:5070,
732,proxy.cse.cuhk.edu.hk:5070,proxy.cse.cuhk.edu.hk:5070,
734,proxy.cse.cuhk.edu.hk:5070,proxy.cse.cuhk.edu.hk:5070,
736,proxy.cse.cuhk.edu.hk:5070,proxy.cse.cuhk.edu.hk:5070,
742,proxy.cse.cuhk.edu.hk:5070,proxy.cse.cuhk.edu.hk:5070,
743,proxy.cse.cuhk.edu.hk:5070,proxy.cse.cuhk.edu.hk:5070,
745,proxy.cse.cuhk.edu.hk:5070,proxy.cse.cuhk.edu.hk:5070,
753,proxy.cse.cuhk.edu.hk:5070,proxy.cse.cuhk.edu.hk:5070,
754,proxy.cse.cuhk.edu.hk:5070,proxy.cse.cuhk.edu.hk:5070,
763,proxy.cse.cuhk.edu.hk:5070,proxy.cse.cuhk.edu.hk:5070,
769,proxy.cse.cuhk.edu.hk:5070,proxy.cse.cuhk.edu.hk:5070,
771,proxy.cse.cuhk.edu.hk:5070,proxy.cse.cuhk.edu.hk:5070,
772,proxy.cse.cuhk.edu.hk:5070,proxy.cse.cuhk.edu.hk:5070,
773,proxy.cse.cuhk.edu.hk:5070,proxy.cse.cuhk.edu.hk:5070,
774,proxy.cse.cuhk.edu.hk:5070,proxy.cse.cuhk.edu.hk:5070,
776,proxy.cse.cuhk.edu.hk:5070,proxy.cse.cuhk.edu.hk:5070,
777,proxy.cse.cuhk.edu.hk:5070,proxy.cse.cuhk.edu.hk:5070,
778,proxy.cse.cuhk.edu.hk:5070,proxy.cse.cuhk.edu.hk:5070,
779,proxy.cse.cuhk.edu.hk:5070,proxy.cse.cuhk.edu.hk:5070,
780,proxy.cse.cuhk.edu.hk:5070,proxy.cse.cuhk.edu.hk:5070,
783,proxy.cse.cuhk.edu.hk:5070,proxy.cse.cuhk.edu.hk:5070,
788,proxy.cse.cuhk.edu.hk:5070,proxy.cse.cuhk.edu.hk:5070,
789,proxy.cse.cuhk.edu.hk:5070,proxy.cse.cuhk.edu.hk:5070,
790,proxy.cse.cuhk.edu.hk:5070,proxy.cse.cuhk.edu.hk:5070,
795,proxy.cse.cuhk.edu.hk:5070,proxy.cse.cuhk.edu.hk:5070,
801,proxy.cse.cuhk.edu.hk:5070,proxy.cse.cuhk.edu.hk:5070,
804,proxy.cse.cuhk.edu.hk:5070,proxy.cse.cuhk.edu.hk:5070,
805,proxy.cse.cuhk.edu.hk:5070,proxy.cse.cuhk.edu.hk:5070,
806,proxy.cse.cuhk.edu.hk:5070,proxy.cse.cuhk.edu.hk:5070,
808,proxy.cse.cuhk.edu.hk:5070,proxy.cse.cuhk.edu.hk:5070,
810,proxy.cse.cuhk.edu.hk:5070,proxy.cse.cuhk.edu.hk:5070,
813,proxy.cse.cuhk.edu.hk:5070,proxy.cse.cuhk.edu.hk:5070,
816,proxy.cse.cuhk.edu.hk:5070,proxy.cse.cuhk.edu.hk:5070,
821,proxy.cse.cuhk.edu.hk:5070,proxy.cse.cuhk.edu.hk:5070,
823,proxy.cse.cuhk.edu.hk:5070,proxy.cse.cuhk.edu.hk:5070,
824,proxy.cse.cuhk.edu.hk:5070,proxy.cse.cuhk.edu.hk:5070,
825,proxy.cse.cuhk.edu.hk:5070,proxy.cse.cuhk.edu.hk:5070,
827,proxy.cse.cuhk.edu.hk:5070,proxy.cse.cuhk.edu.hk:5070,
829,proxy.cse.cuhk.edu.hk:5070,proxy.cse.cuhk.edu.hk:5070,
831,proxy.cse.cuhk.edu.hk:5070,proxy.cse.cuhk.edu.hk:5070,
832,proxy.cse.cuhk.edu.hk:5070,proxy.cse.cuhk.edu.hk:5070,
838,proxy.cse.cuhk.edu.hk:5070,proxy.cse.cuhk.edu.hk:5070,
840,proxy.cse.cuhk.edu.hk:5070,proxy.cse.cuhk.edu.hk:5070,
841,proxy.cse.cuhk.edu.hk:5070,proxy.cse.cuhk.edu.hk:5070,
844,proxy.cse.cuhk.edu.hk:5070,proxy.cse.cuhk.edu.hk:5070,
845,proxy.cse.cuhk.edu.hk:5070,proxy.cse.cuhk.edu.hk:5070,
852,proxy.cse.cuhk.edu.hk:5070,proxy.cse.cuhk.edu.hk:5070,
853,proxy.cse.cuhk.edu.hk:5070,proxy.cse.cuhk.edu.hk:5070,
854,proxy.cse.cuhk.edu.hk:5070,proxy.cse.cuhk.edu.hk:5070,
855,proxy.cse.cuhk.edu.hk:5070,proxy.cse.cuhk.edu.hk:5070,
856,proxy.cse.cuhk.edu.hk:5070,proxy.cse.cuhk.edu.hk:5070,
859,proxy.cse.cuhk.edu.hk:5070,proxy.cse.cuhk.edu.hk:5070,
861,proxy.cse.cuhk.edu.hk:5070,proxy.cse.cuhk.edu.hk:5070,
867,proxy.cse.cuhk.edu.hk:5070,proxy.cse.cuhk.edu.hk:5070,
868,proxy.cse.cuhk.edu.hk:5070,proxy.cse.cuhk.edu.hk:5070,
872,proxy.cse.cuhk.edu.hk:5070,proxy.cse.cuhk.edu.hk:5070,
873,proxy.cse.cuhk.edu.hk:5070,proxy.cse.cuhk.edu.hk:5070,
874,proxy.cse.cuhk.edu.hk:5070,proxy.cse.cuhk.edu.hk:5070,
877,proxy.cse.cuhk.edu.hk:5070,proxy.cse.cuhk.edu.hk:5070,
879,proxy.cse.cuhk.edu.hk:5070,proxy.cse.cuhk.edu.hk:5070,
880,proxy.cse.cuhk.edu.hk:5070,proxy.cse.cuhk.edu.hk:5070,
883,proxy.cse.cuhk.edu.hk:5070,proxy.cse.cuhk.edu.hk:5070,
884,proxy.cse.cuhk.edu.hk:5070,proxy.cse.cuhk.edu.hk:5070,
886,proxy.cse.cuhk.edu.hk:5070,proxy.cse.cuhk.edu.hk:5070,
888,proxy.cse.cuhk.edu.hk:5070,proxy.cse.cuhk.edu.hk:5070,
890,proxy.cse.cuhk.edu.hk:5070,proxy.cse.cuhk.edu.hk:5070,
891,proxy.cse.cuhk.edu.hk:5070,proxy.cse.cuhk.edu.hk:5070,
893,proxy.cse.cuhk.edu.hk:5070,proxy.cse.cuhk.edu.hk:5070,
894,proxy.cse.cuhk.edu.hk:5070,proxy.cse.cuhk.edu.hk:5070,
896,proxy.cse.cuhk.edu.hk:5070,proxy.cse.cuhk.edu.hk:5070,
900,proxy.cse.cuhk.edu.hk:5070,proxy.cse.cuhk.edu.hk:5070,
901,proxy.cse.cuhk.edu.hk:5070,proxy.cse.cuhk.edu.hk:5070,
902,proxy.cse.cuhk.edu.hk:5070,proxy.cse.cuhk.edu.hk:5070,
903,proxy.cse.cuhk.edu.hk:5070,proxy.cse.cuhk.edu.hk:5070,
904,proxy.cse.cuhk.edu.hk:5070,proxy.cse.cuhk.edu.hk:5070,
906,proxy.cse.cuhk.edu.hk:5070,proxy.cse.cuhk.edu.hk:5070,
913,proxy.cse.cuhk.edu.hk:5070,proxy.cse.cuhk.edu.hk:5070,
914,proxy.cse.cuhk.edu.hk:5070,proxy.cse.cuhk.edu.hk:5070,
918,proxy.cse.cuhk.edu.hk:5070,proxy.cse.cuhk.edu.hk:5070,
921,oimagea5.ydstatic.com:80,proxy.cse.cuhk.edu.hk:5070,
928,oimagec4.ydstatic.com:80,proxy.cse.cuhk.edu.hk:5070,
932,proxy.cse.cuhk.edu.hk:5070,proxy.cse.cuhk.edu.hk:5070,
938,proxy.cse.cuhk.edu.hk:5070,proxy.cse.cuhk.edu.hk:5070,
939,proxy.cse.cuhk.edu.hk:5070,proxy.cse.cuhk.edu.hk:5070,
940,proxy.cse.cuhk.edu.hk:5070,proxy.cse.cuhk.edu.hk:5070,
941,proxy.cse.cuhk.edu.hk:5070,proxy.cse.cuhk.edu.hk:5070,
943,proxy.cse.cuhk.edu.hk:5070,proxy.cse.cuhk.edu.hk:5070,
945,proxy.cse.cuhk.edu.hk:5070,proxy.cse.cuhk.edu.hk:5070,
946,proxy.cse.cuhk.edu.hk:5070,proxy.cse.cuhk.edu.hk:5070,
948,proxy.cse.cuhk.edu.hk:5070,proxy.cse.cuhk.edu.hk:5070,
951,proxy.cse.cuhk.edu.hk:5070,proxy.cse.cuhk.edu.hk:5070,
952,proxy.cse.cuhk.edu.hk:5070,proxy.cse.cuhk.edu.hk:5070,
953,proxy.cse.cuhk.edu.hk:5070,proxy.cse.cuhk.edu.hk:5070,
957,proxy.cse.cuhk.edu.hk:5070,proxy.cse.cuhk.edu.hk:5070,
960,proxy.cse.cuhk.edu.hk:5070,proxy.cse.cuhk.edu.hk:5070,
964,proxy.cse.cuhk.edu.hk:5070,proxy.cse.cuhk.edu.hk:5070,
965,proxy.cse.cuhk.edu.hk:5070,proxy.cse.cuhk.edu.hk:5070,
966,proxy.cse.cuhk.edu.hk:5070,proxy.cse.cuhk.edu.hk:5070,
967,proxy.cse.cuhk.edu.hk:5070,proxy.cse.cuhk.edu.hk:5070,
968,proxy.cse.cuhk.edu.hk:5070,proxy.cse.cuhk.edu.hk:5070,
970,proxy.cse.cuhk.edu.hk:5070,proxy.cse.cuhk.edu.hk:5070,
972,proxy.cse.cuhk.edu.hk:5070,proxy.cse.cuhk.edu.hk:5070,
973,proxy.cse.cuhk.edu.hk:5070,proxy.cse.cuhk.edu.hk:5070,
974,www.baidu.com:80,proxy.cse.cuhk.edu.hk:5070,
975,c.baidu.com:80,proxy.cse.cuhk.edu.hk:5070,
976,sclick.baidu.com:80,proxy.cse.cuhk.edu.hk:5070,
978,timg.baidu.com:80,proxy.cse.cuhk.edu.hk:5070,
984,comment.5054399.com:80,proxy.cse.cuhk.edu.hk:5070,
985,www.4399.cn:80,proxy.cse.cuhk.edu.hk:5070,
986,cbjs.baidu.com:80,proxy.cse.cuhk.edu.hk:5070,
987,ubmcmm.baidustatic.com:80,proxy.cse.cuhk.edu.hk:5070,
988,dup.baidustatic.com:443,proxy.cse.cuhk.edu.hk:5070,
989,eclick.baidu.com:443,proxy.cse.cuhk.edu.hk:5070,
990,dup.baidustatic.com:80,proxy.cse.cuhk.edu.hk:5070,
991,dup.baidustatic.com:80,proxy.cse.cuhk.edu.hk:5070,
1001,api.share.baidu.com:80,proxy.cse.cuhk.edu.hk:5070,
1007,pubads.g.doubleclick.net:443,proxy.cse.cuhk.edu.hk:5070,
1008,d.agkn.com:443,proxy.cse.cuhk.edu.hk:5070,
1015,d.agkn.com:443,proxy.cse.cuhk.edu.hk:5070,
1018,odr.mookie1.com:443,proxy.cse.cuhk.edu.hk:5070,
1019,static.doubleclick.net:443,proxy.cse.cuhk.edu.hk:5070,
1020,d.dropbox.com:443,proxy.cse.cuhk.edu.hk:5070,
1021,fonts.gstatic.com:443,proxy.cse.cuhk.edu.hk:5070,
1022,static.doubleclick.net:443,proxy.cse.cuhk.edu.hk:5070,
1024,t12.baidu.com:80,proxy.cse.cuhk.edu.hk:5070,
1025,t12.baidu.com:80,proxy.cse.cuhk.edu.hk:5070,
1026,t12.baidu.com:80,proxy.cse.cuhk.edu.hk:5070,
1027,timg.baidu.com:80,proxy.cse.cuhk.edu.hk:5070,
1028,sclick.baidu.com:80,proxy.cse.cuhk.edu.hk:5070,
1029,sclick.baidu.com:80,proxy.cse.cuhk.edu.hk:5070,
1030,ecmb.bdimg.com:80,proxy.cse.cuhk.edu.hk:5070,
1035,cpro.baidustatic.com:80,proxy.cse.cuhk.edu.hk:5070,
1036,ubmcmm.baidustatic.com:80,proxy.cse.cuhk.edu.hk:5070,
1037,dup.baidustatic.com:80,proxy.cse.cuhk.edu.hk:5070,
1042,eclick.baidu.com:80,proxy.cse.cuhk.edu.hk:5070,
1047,news.4399.com:80,proxy.cse.cuhk.edu.hk:5070,
1048,app.4399.cn:80,proxy.cse.cuhk.edu.hk:5070,
1049,app.4399.cn:80,proxy.cse.cuhk.edu.hk:5070,
1050,video.5054399.com:80,proxy.cse.cuhk.edu.hk:5070,
1051,video.5054399.com:80,proxy.cse.cuhk.edu.hk:5070,
1052,comment.5054399.com:80,proxy.cse.cuhk.edu.hk:5070,
1053,a.img4399.com:80,proxy.cse.cuhk.edu.hk:5070,
1054,w.cnzz.com:80,proxy.cse.cuhk.edu.hk:5070,
1055,www.4399.com:80,proxy.cse.cuhk.edu.hk:5070,
1066,client-lb.dropbox.com:443,proxy.cse.cuhk.edu.hk:5070,
1068,short.weixin.qq.com:80,proxy.cse.cuhk.edu.hk:5070,
1070,www.google.com.hk:443,proxy.cse.cuhk.edu.hk:5070,
1072,apis.google.com:443,proxy.cse.cuhk.edu.hk:5070,
1073,csi.gstatic.com:443,proxy.cse.cuhk.edu.hk:5070,
1074,clients6.google.com:443,proxy.cse.cuhk.edu.hk:5070,
1075,block.dropbox.com:443,proxy.cse.cuhk.edu.hk:5070,
1077,get.sogou.com:80,proxy.cse.cuhk.edu.hk:5070,
1078,get.sogou.com:80,proxy.cse.cuhk.edu.hk:5070,
1079,cidian.youdao.com:80,proxy.cse.cuhk.edu.hk:5070,
1084,client-cf.dropbox.com:443,proxy.cse.cuhk.edu.hk:5070,
1086,203.205.146.15:80,proxy.cse.cuhk.edu.hk:5070,
1089,people-pa.clients6.google.com:443,proxy.cse.cuhk.edu.hk:5070,
1090,f-log-extension.grammarly.io:443,proxy.cse.cuhk.edu.hk:5070,
1093,d.dropbox.com:443,proxy.cse.cuhk.edu.hk:5070,
1096,mail-attachment.googleusercontent.com:443,proxy.cse.cuhk.edu.hk:5070,
1097,ssl.gstatic.com:443,proxy.cse.cuhk.edu.hk:5070,
1100,cidian.youdao.com:80,proxy.cse.cuhk.edu.hk:5070,
1101,dict.youdao.com:80,proxy.cse.cuhk.edu.hk:5070,
1102,impservice.dictapp.youdao.com:80,proxy.cse.cuhk.edu.hk:5070,
1104,ogs.google.com:443,proxy.cse.cuhk.edu.hk:5070,
1105,ssl.gstatic.com:443,proxy.cse.cuhk.edu.hk:5070,
1106,ssl.gstatic.com:443,proxy.cse.cuhk.edu.hk:5070,
1109,lh3.googleusercontent.com:443,proxy.cse.cuhk.edu.hk:5070,
1110,www.google.com:443,proxy.cse.cuhk.edu.hk:5070,
1111,t12.baidu.com:80,proxy.cse.cuhk.edu.hk:5070,
1112,t12.baidu.com:80,proxy.cse.cuhk.edu.hk:5070,
1113,t12.baidu.com:80,proxy.cse.cuhk.edu.hk:5070,
1114,www.baidu.com:80,proxy.cse.cuhk.edu.hk:5070,
1115,sestat.baidu.com:80,proxy.cse.cuhk.edu.hk:5070,
1116,sestat.baidu.com:80,proxy.cse.cuhk.edu.hk:5070,
1117,suggestion.baidu.com:80,proxy.cse.cuhk.edu.hk:5070,
1118,d3cv4a9a9wh0bt.cloudfront.net:443,proxy.cse.cuhk.edu.hk:5070,
1119,i9.baidu.com:80,proxy.cse.cuhk.edu.hk:5070,
1123,news.4399.com:80,proxy.cse.cuhk.edu.hk:5070,
1127,comment.5054399.com:80,proxy.cse.cuhk.edu.hk:5070,
1128,xin.4399.cn:80,proxy.cse.cuhk.edu.hk:5070,
1129,newsapp.5054399.com:80,proxy.cse.cuhk.edu.hk:5070,
1142,clients2.google.com:443,proxy.cse.cuhk.edu.hk:5070,
1143,mtalk.google.com:443,proxy.cse.cuhk.edu.hk:5070,
1144,qbwup.imtt.qq.com:80,proxy.cse.cuhk.edu.hk:5070,
1145,www.google.com.hk:443,proxy.cse.cuhk.edu.hk:5070,
1146,sestat.baidu.com:80,proxy.cse.cuhk.edu.hk:5070,
1147,t12.baidu.com:80,proxy.cse.cuhk.edu.hk:5070,
1148,t12.baidu.com:80,proxy.cse.cuhk.edu.hk:5070,
1149,t12.baidu.com:80,proxy.cse.cuhk.edu.hk:5070,
1150,t12.baidu.com:80,proxy.cse.cuhk.edu.hk:5070,
1151,suggestion.baidu.com:80,proxy.cse.cuhk.edu.hk:5070,
1152,suggestion.baidu.com:80,proxy.cse.cuhk.edu.hk:5070,
1153,sclick.baidu.com:80,proxy.cse.cuhk.edu.hk:5070,
1154,ss.bdimg.com:80,proxy.cse.cuhk.edu.hk:5070,
1156,dj1.baidu.com:80,proxy.cse.cuhk.edu.hk:5070,
1159,ss0.baidu.com:443,proxy.cse.cuhk.edu.hk:5070,
1160,hpd.baidu.com:443,proxy.cse.cuhk.edu.hk:5070,
1161,ubmcmm.baidustatic.com:443,proxy.cse.cuhk.edu.hk:5070,
1162,eclick.baidu.com:443,proxy.cse.cuhk.edu.hk:5070,
1167,clients5.google.com:443,proxy.cse.cuhk.edu.hk:5070,
1168,www.google.com:443,proxy.cse.cuhk.edu.hk:5070,
1169,s1.bdstatic.com:80,proxy.cse.cuhk.edu.hk:5070,
1170,t12.baidu.com:80,proxy.cse.cuhk.edu.hk:5070,
1171,ss.bdimg.com:80,proxy.cse.cuhk.edu.hk:5070,
1172,i7.baidu.com:80,proxy.cse.cuhk.edu.hk:5070,
1173,i7.baidu.com:80,proxy.cse.cuhk.edu.hk:5070,
1174,www.evernote.com:443,proxy.cse.cuhk.edu.hk:5070,
1175,dj1.baidu.com:80,proxy.cse.cuhk.edu.hk:5070,
1176,sestat.baidu.com:80,proxy.cse.cuhk.edu.hk:5070,
1178,clients4.google.com:443,proxy.cse.cuhk.edu.hk:5070,
1180,sclick.baidu.com:80,proxy.cse.cuhk.edu.hk:5070,
1181,www.3367.com:80,proxy.cse.cuhk.edu.hk:5070,
1182,img.3367.com:80,proxy.cse.cuhk.edu.hk:5070,
1183,assets.changyan.sohu.com:80,proxy.cse.cuhk.edu.hk:5070,
1184,bdimg.share.baidu.com:80,proxy.cse.cuhk.edu.hk:5070,
1185,clients1.google.com:443,proxy.cse.cuhk.edu.hk:5070,
1186,s.360.cn:80,proxy.cse.cuhk.edu.hk:5070,
1187,long.open.weixin.qq.com:443,proxy.cse.cuhk.edu.hk:5070,
1200,long.open.weixin.qq.com:443,proxy.cse.cuhk.edu.hk:5070,
1203,long.open.weixin.qq.com:443,proxy.cse.cuhk.edu.hk:5070,
1205,qbwup.imtt.qq.com:80,proxy.cse.cuhk.edu.hk:5070,
1207,long.open.weixin.qq.com:443,proxy.cse.cuhk.edu.hk:5070,
1209,long.open.weixin.qq.com:443,proxy.cse.cuhk.edu.hk:5070,
1213,www.google.com:443,proxy.cse.cuhk.edu.hk:5070,
1214,fonts.gstatic.com:443,proxy.cse.cuhk.edu.hk:5070,
1216,csi.gstatic.com:443,proxy.cse.cuhk.edu.hk:5070,
1217,lh4.googleusercontent.com:443,proxy.cse.cuhk.edu.hk:5070,
1218,avatars3.githubusercontent.com:443,proxy.cse.cuhk.edu.hk:5070,
1219,api.github.com:443,proxy.cse.cuhk.edu.hk:5070,
1220,collector.githubapp.com:443,proxy.cse.cuhk.edu.hk:5070,
1221,clients1.google.com:443,proxy.cse.cuhk.edu.hk:5070,
1222,config.pinyin.sogou.com:80,proxy.cse.cuhk.edu.hk:5070,
1228,apis.google.com:443,proxy.cse.cuhk.edu.hk:5070,
1229,www.gstatic.com:443,proxy.cse.cuhk.edu.hk:5070,
1231,www.google-analytics.com:443,proxy.cse.cuhk.edu.hk:5070,
1232,api.github.com:443,proxy.cse.cuhk.edu.hk:5070,
1236,api.github.com:443,proxy.cse.cuhk.edu.hk:5070,
1237,github.com:443,proxy.cse.cuhk.edu.hk:5070,
1240,dict.youdao.com:80,proxy.cse.cuhk.edu.hk:5070,
1242,collector.githubapp.com:443,proxy.cse.cuhk.edu.hk:5070,
1243,www.gmail.com:443,proxy.cse.cuhk.edu.hk:5070,
1244,people-pa.clients6.google.com:443,proxy.cse.cuhk.edu.hk:5070,
1245,11.client-channel.google.com:443,proxy.cse.cuhk.edu.hk:5070,
1250,csi.gstatic.com:443,proxy.cse.cuhk.edu.hk:5070,
1251,client-cf.dropbox.com:443,proxy.cse.cuhk.edu.hk:5070,
1252,block-edge.dropbox.com:443,proxy.cse.cuhk.edu.hk:5070,
1253,3.client-channel.google.com:443,proxy.cse.cuhk.edu.hk:5070,
1254,avatars.githubusercontent.com:443,proxy.cse.cuhk.edu.hk:5070,
1255,avatars3.githubusercontent.com:443,proxy.cse.cuhk.edu.hk:5070,
1256,api.github.com:443,proxy.cse.cuhk.edu.hk:5070,
1257,api.github.com:443,proxy.cse.cuhk.edu.hk:5070,
1258,github-windows.s3.amazonaws.com:443,proxy.cse.cuhk.edu.hk:5070,
1261,www.zhihu.com:80,proxy.cse.cuhk.edu.hk:5070,
1262,pic4.zhimg.com:443,proxy.cse.cuhk.edu.hk:5070,
1263,clients1.google.com:443,proxy.cse.cuhk.edu.hk:5070,
1269,www.google.com:443,proxy.cse.cuhk.edu.hk:5070,
1270,notifications.google.com:443,proxy.cse.cuhk.edu.hk:5070,
1271,avatars3.githubusercontent.com:443,proxy.cse.cuhk.edu.hk:5070,
1272,www.google-analytics.com:443,proxy.cse.cuhk.edu.hk:5070,
1273,user-images.githubusercontent.com:443,proxy.cse.cuhk.edu.hk:5070,
1274,api.github.com:443,proxy.cse.cuhk.edu.hk:5070,
1279,lh6.googleusercontent.com:443,proxy.cse.cuhk.edu.hk:5070,
1284,csi.gstatic.com:443,proxy.cse.cuhk.edu.hk:5070,
1287,tvax1.sinaimg.cn:80,proxy.cse.cuhk.edu.hk:5070,
1288,tvax1.sinaimg.cn:80,proxy.cse.cuhk.edu.hk:5070,
1289,js.t.sinajs.cn:80,proxy.cse.cuhk.edu.hk:5070,
1290,dslb.cdn.krcom.cn:80,proxy.cse.cuhk.edu.hk:5070,
1291,wx3.sinaimg.cn:80,proxy.cse.cuhk.edu.hk:5070,
1292,wx1.sinaimg.cn:80,proxy.cse.cuhk.edu.hk:5070,
1293,wx2.sinaimg.cn:80,proxy.cse.cuhk.edu.hk:5070,
1294,tva1.sinaimg.cn:80,proxy.cse.cuhk.edu.hk:5070,
1295,mu1.sinaimg.cn:80,proxy.cse.cuhk.edu.hk:5070,
1296,s.weibo.com:80,proxy.cse.cuhk.edu.hk:5070,
1297,d0.sina.com.cn:443,proxy.cse.cuhk.edu.hk:5070,
1298,api.weibo.com:80,proxy.cse.cuhk.edu.hk:5070,
1302,strip.alicdn.com:443,proxy.cse.cuhk.edu.hk:5070,
1303,strip.alicdn.com:80,proxy.cse.cuhk.edu.hk:5070,
1304,show.re.taobao.com:443,proxy.cse.cuhk.edu.hk:5070,
1307,gtms03.alicdn.com:80,proxy.cse.cuhk.edu.hk:5070,
1310,rm.api.weibo.com:80,proxy.cse.cuhk.edu.hk:5070,
1316,www.weibo.com:80,proxy.cse.cuhk.edu.hk:5070,
1321,rm.api.weibo.com:80,proxy.cse.cuhk.edu.hk:5070,
1323,www.google.com:443,proxy.cse.cuhk.edu.hk:5070,
1324,www.google.com:443,proxy.cse.cuhk.edu.hk:5070,
1325,clients6.google.com:443,proxy.cse.cuhk.edu.hk:5070,
1328,live.github.com:443,proxy.cse.cuhk.edu.hk:5070,
1332,ssl.gstatic.com:443,proxy.cse.cuhk.edu.hk:5070,
1335,proxy.cse.cuhk.edu.hk:5070,proxy.cse.cuhk.edu.hk:5070,
1340,api.github.com:443,proxy.cse.cuhk.edu.hk:5070,
1342,short.weixin.qq.com:80,proxy.cse.cuhk.edu.hk:5070,
1343,mmbiz.qpic.cn:80,proxy.cse.cuhk.edu.hk:5070,
1347,proxy.cse.cuhk.edu.hk:5070,proxy.cse.cuhk.edu.hk:5070,
1349,tools.google.com:443,proxy.cse.cuhk.edu.hk:5070,
1350,short.weixin.qq.com:80,proxy.cse.cuhk.edu.hk:5070,
1352,block.dropbox.com:443,proxy.cse.cuhk.edu.hk:5070,
1353,www.evernote.com:443,proxy.cse.cuhk.edu.hk:5070,
1356,api.github.com:443,proxy.cse.cuhk.edu.hk:5070,
1360,avatars3.githubusercontent.com:443,proxy.cse.cuhk.edu.hk:5070,
1361,api.github.com:443,proxy.cse.cuhk.edu.hk:5070,
1364,notifications.google.com:443,proxy.cse.cuhk.edu.hk:5070,
1367,short.weixin.qq.com:80,proxy.cse.cuhk.edu.hk:5070,
1370,gm1.ggpht.com:443,proxy.cse.cuhk.edu.hk:5070,
1371,api.github.com:443,proxy.cse.cuhk.edu.hk:5070,
1372,api.github.com:443,proxy.cse.cuhk.edu.hk:5070,
1374,assets-cdn.github.com:443,proxy.cse.cuhk.edu.hk:5070,
1375,notifications.google.com:443,proxy.cse.cuhk.edu.hk:5070,
1379,www.google.com:443,proxy.cse.cuhk.edu.hk:5070,
1380,www.google.com.hk:443,proxy.cse.cuhk.edu.hk:5070,
1381,f-log-extension.grammarly.io:443,proxy.cse.cuhk.edu.hk:5070,
1382,f-log-extension.grammarly.io:443,proxy.cse.cuhk.edu.hk:5070,
1383,video-hkg3-2.xx.fbcdn.net:443,proxy.cse.cuhk.edu.hk:5070,
1384,pixel.facebook.com:443,proxy.cse.cuhk.edu.hk:5070,
1387,get.sogou.com:80,proxy.cse.cuhk.edu.hk:5070,
1390,proxy.cse.cuhk.edu.hk:5070,proxy.cse.cuhk.edu.hk:5070,
1394,auth.grammarly.com:443,proxy.cse.cuhk.edu.hk:5070,
1395,live.github.com:443,proxy.cse.cuhk.edu.hk:5070,
1396,clients6.google.com:443,proxy.cse.cuhk.edu.hk:5070,
1397,bolt.dropbox.com:443,proxy.cse.cuhk.edu.hk:5070,
1399,github.com:443,proxy.cse.cuhk.edu.hk:5070,
1400,collector.githubapp.com:443,proxy.cse.cuhk.edu.hk:5070,
1402,trello.com:443,proxy.cse.cuhk.edu.hk:5070,
1403,apis.google.com:443,proxy.cse.cuhk.edu.hk:5070,
1404,csi.gstatic.com:443,proxy.cse.cuhk.edu.hk:5070,
1406,avatars2.githubusercontent.com:443,proxy.cse.cuhk.edu.hk:5070,
1407,collector.githubapp.com:443,proxy.cse.cuhk.edu.hk:5070,
1409,user-images.githubusercontent.com:443,proxy.cse.cuhk.edu.hk:5070,
1410,www.evernote.com:443,proxy.cse.cuhk.edu.hk:5070,
1415,www.ieeeconfpublishing.org:80,proxy.cse.cuhk.edu.hk:5070,
1417,block-edge.dropbox.com:443,proxy.cse.cuhk.edu.hk:5070,
1421,qbwup.imtt.qq.com:80,proxy.cse.cuhk.edu.hk:5070,
1424,dict.youdao.com:80,proxy.cse.cuhk.edu.hk:5070,
1426,clients4.google.com:443,proxy.cse.cuhk.edu.hk:5070,
1427,log.getdropbox.com:80,proxy.cse.cuhk.edu.hk:5070,
1429,security.ie.sogou.com:80,proxy.cse.cuhk.edu.hk:5070,
1430,s.youtube.com:443,proxy.cse.cuhk.edu.hk:5070,
1431,yt3.ggpht.com:443,proxy.cse.cuhk.edu.hk:5070,
1432,client-cf.dropbox.com:443,proxy.cse.cuhk.edu.hk:5070,
1433,api.github.com:443,proxy.cse.cuhk.edu.hk:5070,
1434,avatars.githubusercontent.com:443,proxy.cse.cuhk.edu.hk:5070,
1435,avatars.githubusercontent.com:443,proxy.cse.cuhk.edu.hk:5070,
1436,api.github.com:443,proxy.cse.cuhk.edu.hk:5070,
1442,qbwup.imtt.qq.com:80,proxy.cse.cuhk.edu.hk:5070,
1443,api.github.com:443,proxy.cse.cuhk.edu.hk:5070,
1447,config.pinyin.sogou.com:80,proxy.cse.cuhk.edu.hk:5070,
1448,short.weixin.qq.com:80,proxy.cse.cuhk.edu.hk:5070,
1449,p3p.sogou.com:80,proxy.cse.cuhk.edu.hk:5070,
1450,dict.youdao.com:80,proxy.cse.cuhk.edu.hk:5070,
1451,trello.com:443,proxy.cse.cuhk.edu.hk:5070,
1452,secure.quantserve.com:443,proxy.cse.cuhk.edu.hk:5070,
1453,c.trello.com:443,proxy.cse.cuhk.edu.hk:5070,
1454,www.googletagmanager.com:443,proxy.cse.cuhk.edu.hk:5070,
1455,trello.com:443,proxy.cse.cuhk.edu.hk:5070,
1456,ssl.gstatic.com:443,proxy.cse.cuhk.edu.hk:5070,
1460,clients4.google.com:443,proxy.cse.cuhk.edu.hk:5070,
1461,server26401.teamviewer.com:443,proxy.cse.cuhk.edu.hk:5070,
1464,t12.baidu.com:80,proxy.cse.cuhk.edu.hk:5070,
1465,t12.baidu.com:80,proxy.cse.cuhk.edu.hk:5070,
1466,t12.baidu.com:80,proxy.cse.cuhk.edu.hk:5070,
1467,t12.baidu.com:80,proxy.cse.cuhk.edu.hk:5070,
1468,s1.bdstatic.com:80,proxy.cse.cuhk.edu.hk:5070,
1469,c.baidu.com:80,proxy.cse.cuhk.edu.hk:5070,
1470,c.baidu.com:80,proxy.cse.cuhk.edu.hk:5070,
1471,suggestion.baidu.com:80,proxy.cse.cuhk.edu.hk:5070,
1472,ss.bdimg.com:80,proxy.cse.cuhk.edu.hk:5070,
1494,dict.youdao.com:80,proxy.cse.cuhk.edu.hk:5070,
1496,t11.baidu.com:80,proxy.cse.cuhk.edu.hk:5070,
1497,b1.bdstatic.com:80,proxy.cse.cuhk.edu.hk:5070,
1500,clients6.google.com:443,proxy.cse.cuhk.edu.hk:5070,
1501,www.baidu.com:80,proxy.cse.cuhk.edu.hk:5070,
1503,t12.baidu.com:80,proxy.cse.cuhk.edu.hk:5070,
1504,t12.baidu.com:80,proxy.cse.cuhk.edu.hk:5070,
1505,sclick.baidu.com:80,proxy.cse.cuhk.edu.hk:5070,
1507,cpro.baidustatic.com:80,proxy.cse.cuhk.edu.hk:5070,
1508,cpro.baidustatic.com:80,proxy.cse.cuhk.edu.hk:5070,
1509,cpro.baidustatic.com:80,proxy.cse.cuhk.edu.hk:5070,
1510,bdimg.share.baidu.com:80,proxy.cse.cuhk.edu.hk:5070,
1523,csdnimg.cn:80,proxy.cse.cuhk.edu.hk:5070,
1524,dc.csdn.net:80,proxy.cse.cuhk.edu.hk:5070,
1525,dc.csdn.net:80,proxy.cse.cuhk.edu.hk:5070,
1526,dc.csdn.net:80,proxy.cse.cuhk.edu.hk:5070,
1531,ubmcmm.baidustatic.com:443,proxy.cse.cuhk.edu.hk:5070,
1532,cpro.baidustatic.com:443,proxy.cse.cuhk.edu.hk:5070,
1533,beacon.tingyun.com:80,proxy.cse.cuhk.edu.hk:5070,
1542,block-edge.dropbox.com:443,proxy.cse.cuhk.edu.hk:5070,
1544,mail.google.com:443,proxy.cse.cuhk.edu.hk:5070,
1545,mtalk.google.com:443,proxy.cse.cuhk.edu.hk:5070,
1546,lh3.googleusercontent.com:443,proxy.cse.cuhk.edu.hk:5070,
1555,www.google.com:443,proxy.cse.cuhk.edu.hk:5070,
1558,www.evernote.com:443,proxy.cse.cuhk.edu.hk:5070,
1564,get.sogou.com:80,proxy.cse.cuhk.edu.hk:5070,
1565,short.weixin.qq.com:80,proxy.cse.cuhk.edu.hk:5070,
1567,c.trello.com:443,proxy.cse.cuhk.edu.hk:5070,
1568,secure.quantserve.com:443,proxy.cse.cuhk.edu.hk:5070,
1569,trello.com:443,proxy.cse.cuhk.edu.hk:5070,
1573,security.ie.sogou.com:80,proxy.cse.cuhk.edu.hk:5070,
1584,info.pinyin.sogou.com:80,proxy.cse.cuhk.edu.hk:5070,
1585,s.youtube.com:443,proxy.cse.cuhk.edu.hk:5070,
1586,f-log-extension.grammarly.io:443,proxy.cse.cuhk.edu.hk:5070,
1593,r1---sn-i3beln7k.googlevideo.com:443,proxy.cse.cuhk.edu.hk:5070,
1594,fonts.gstatic.com:443,proxy.cse.cuhk.edu.hk:5070,
1595,r3---sn-i3b7kn7r.googlevideo.com:443,proxy.cse.cuhk.edu.hk:5070,
1596,odr.mookie1.com:443,proxy.cse.cuhk.edu.hk:5070,
1598,client-cf.dropbox.com:443,proxy.cse.cuhk.edu.hk:5070,
1599,play.google.com:443,proxy.cse.cuhk.edu.hk:5070,
1601,203.205.151.204:80,proxy.cse.cuhk.edu.hk:5070,
1602,short.weixin.qq.com:80,proxy.cse.cuhk.edu.hk:5070,
1604,qbwup.imtt.qq.com:80,proxy.cse.cuhk.edu.hk:5070,
1605,203.205.150.89:443,proxy.cse.cuhk.edu.hk:5070,
1606,xf-com-update-doctor.qq.com:443,proxy.cse.cuhk.edu.hk:5070,
1607,pdlxf-doctor.qq.com:443,proxy.cse.cuhk.edu.hk:5070,
1608,puui.qpic.cn:80,proxy.cse.cuhk.edu.hk:5070,
1609,fs-conn-doctor.qq.com:443,proxy.cse.cuhk.edu.hk:5070,
1610,puui.qpic.cn:80,proxy.cse.cuhk.edu.hk:5070,
1611,fs-conn-doctor.qq.com:443,proxy.cse.cuhk.edu.hk:5070,
1614,fs-conn-doctor.qq.com:443,proxy.cse.cuhk.edu.hk:5070,
1615,puui.qpic.cn:80,proxy.cse.cuhk.edu.hk:5070,
1616,fs-conn-doctor.qq.com:443,proxy.cse.cuhk.edu.hk:5070,
1617,fs-conn-doctor.qq.com:443,proxy.cse.cuhk.edu.hk:5070,
1618,puui.qpic.cn:80,proxy.cse.cuhk.edu.hk:5070,
1621,puui.qpic.cn:80,proxy.cse.cuhk.edu.hk:5070,
1625,btrace.qq.com:80,proxy.cse.cuhk.edu.hk:5070,
1626,btrace.qq.com:80,proxy.cse.cuhk.edu.hk:5070,
1631,get.sogou.com:80,proxy.cse.cuhk.edu.hk:5070,
1632,cm.g.doubleclick.net:443,proxy.cse.cuhk.edu.hk:5070,
1635,eclick.baidu.com:80,proxy.cse.cuhk.edu.hk:5070,
1637,safebrowsing.googleapis.com:443,proxy.cse.cuhk.edu.hk:5070,
1639,input.shouji.sogou.com:80,proxy.cse.cuhk.edu.hk:5070,
1640,203.205.150.89:443,proxy.cse.cuhk.edu.hk:5070,
1642,www.googleadservices.com:443,proxy.cse.cuhk.edu.hk:5070,
1643,fonts.gstatic.com:443,proxy.cse.cuhk.edu.hk:5070,
1649,clients6.google.com:443,proxy.cse.cuhk.edu.hk:5070,
1656,tc.dl.pinyin.sogoucdn.com:80,proxy.cse.cuhk.edu.hk:5070,
1659,short.weixin.qq.com:80,proxy.cse.cuhk.edu.hk:5070,
1663,mtalk.google.com:443,proxy.cse.cuhk.edu.hk:5070,
1666,203.205.151.164:443,proxy.cse.cuhk.edu.hk:5070,
1667,qbwup.imtt.qq.com:80,proxy.cse.cuhk.edu.hk:5070,
1668,short.weixin.qq.com:80,proxy.cse.cuhk.edu.hk:5070,
1669,203.205.148.84:443,proxy.cse.cuhk.edu.hk:5070,
1676,s.youtube.com:443,proxy.cse.cuhk.edu.hk:5070,
1677,www.google.com:443,proxy.cse.cuhk.edu.hk:5070,
1679,mtalk.google.com:443,proxy.cse.cuhk.edu.hk:5070,
1682,r2---sn-i3b7kne6.googlevideo.com:443,proxy.cse.cuhk.edu.hk:5070,
1684,www.evernote.com:443,proxy.cse.cuhk.edu.hk:5070,
1685,clients1.google.com:443,proxy.cse.cuhk.edu.hk:5070,
1686,r3---sn-i3beln7k.googlevideo.com:443,proxy.cse.cuhk.edu.hk:5070,
1687,r17---sn-p5qlsn67.googlevideo.com:443,proxy.cse.cuhk.edu.hk:5070,
1690,d.dropbox.com:443,proxy.cse.cuhk.edu.hk:5070,
1691,f-log-extension.grammarly.io:443,proxy.cse.cuhk.edu.hk:5070,
1696,r3---sn-i3belnez.googlevideo.com:443,proxy.cse.cuhk.edu.hk:5070,
1698,securepubads.g.doubleclick.net:443,proxy.cse.cuhk.edu.hk:5070,
1699,tpc.googlesyndication.com:443,proxy.cse.cuhk.edu.hk:5070,
1700,i1.ytimg.com:443,proxy.cse.cuhk.edu.hk:5070,
1702,r3---sn-i3b7kn7s.googlevideo.com:443,proxy.cse.cuhk.edu.hk:5070,
1703,r3---sn-i3b7kn7s.googlevideo.com:443,proxy.cse.cuhk.edu.hk:5070,
1704,mtalk.google.com:443,proxy.cse.cuhk.edu.hk:5070,
1705,static.zhihu.com:443,proxy.cse.cuhk.edu.hk:5070,
1706,0-edge-chat.facebook.com:443,proxy.cse.cuhk.edu.hk:5070,
1710,www.evernote.com:443,proxy.cse.cuhk.edu.hk:5070,
1713,github.com:443,proxy.cse.cuhk.edu.hk:5070,
1714,avatars0.githubusercontent.com:443,proxy.cse.cuhk.edu.hk:5070,
1715,collector.githubapp.com:443,proxy.cse.cuhk.edu.hk:5070,
1721,github.com:443,proxy.cse.cuhk.edu.hk:5070,
1722,avatars0.githubusercontent.com:443,proxy.cse.cuhk.edu.hk:5070,
1723,collector.githubapp.com:443,proxy.cse.cuhk.edu.hk:5070,
1728,d.dropbox.com:443,proxy.cse.cuhk.edu.hk:5070,
1729,go.microsoft.com:80,proxy.cse.cuhk.edu.hk:5070,
1730,rssgov.windows.microsoft.com:80,proxy.cse.cuhk.edu.hk:5070,
1733,www.google.com.hk:443,proxy.cse.cuhk.edu.hk:5070,
1734,clients5.google.com:443,proxy.cse.cuhk.edu.hk:5070,
1735,www.google.com:443,proxy.cse.cuhk.edu.hk:5070,
1736,clients4.google.com:443,proxy.cse.cuhk.edu.hk:5070,
1739,security.ie.sogou.com:80,proxy.cse.cuhk.edu.hk:5070,
1747,bolt.dropbox.com:443,proxy.cse.cuhk.edu.hk:5070,
1748,get.sogou.com:80,proxy.cse.cuhk.edu.hk:5070,
1749,clients5.google.com:443,proxy.cse.cuhk.edu.hk:5070,
1750,clients5.google.com:443,proxy.cse.cuhk.edu.hk:5070,
1751,clients5.google.com:443,proxy.cse.cuhk.edu.hk:5070,
1752,hangouts.google.com:443,proxy.cse.cuhk.edu.hk:5070,
1753,clientservices.googleapis.com:443,proxy.cse.cuhk.edu.hk:5070,
1754,clients5.google.com:443,proxy.cse.cuhk.edu.hk:5070,
1755,clients5.google.com:443,proxy.cse.cuhk.edu.hk:5070,
1756,play.google.com:443,proxy.cse.cuhk.edu.hk:5070,
1758,ssl.gstatic.com:443,proxy.cse.cuhk.edu.hk:5070,
1760,get.sogou.com:80,proxy.cse.cuhk.edu.hk:5070,
1761,get.sogou.com:80,proxy.cse.cuhk.edu.hk:5070,
1766,clients6.google.com:443,proxy.cse.cuhk.edu.hk:5070,
1767,mtalk.google.com:443,proxy.cse.cuhk.edu.hk:5070,
1768,clients2.google.com:443,proxy.cse.cuhk.edu.hk:5070,
1769,play.google.com:443,proxy.cse.cuhk.edu.hk:5070,
1770,mail.google.com:443,proxy.cse.cuhk.edu.hk:5070,
1774,d.dropbox.com:443,proxy.cse.cuhk.edu.hk:5070,
1776,qdun-data.qq.com:443,proxy.cse.cuhk.edu.hk:5070,
1778,clients6.google.com:443,proxy.cse.cuhk.edu.hk:5070,
1786,play.google.com:443,proxy.cse.cuhk.edu.hk:5070,
1790,info.pinyin.sogou.com:80,proxy.cse.cuhk.edu.hk:5070,
1791,tc.dl.pinyin.sogoucdn.com:80,proxy.cse.cuhk.edu.hk:5070,
1792,tc.dl.pinyin.sogoucdn.com:80,proxy.cse.cuhk.edu.hk:5070,
1793,tc.dl.pinyin.sogoucdn.com:80,proxy.cse.cuhk.edu.hk:5070,
1796,get.sogou.com:80,proxy.cse.cuhk.edu.hk:5070,
1826,clients6.google.com:443,proxy.cse.cuhk.edu.hk:5070,
1827,clients4.google.com:443,proxy.cse.cuhk.edu.hk:5070,
1829,p3p.sogou.com:80,proxy.cse.cuhk.edu.hk:5070,
1830,clients6.google.com:443,proxy.cse.cuhk.edu.hk:5070,
1832,client-cf.dropbox.com:443,proxy.cse.cuhk.edu.hk:5070,
1836,www.evernote.com:443,proxy.cse.cuhk.edu.hk:5070,
1837,block.dropbox.com:443,proxy.cse.cuhk.edu.hk:5070,
1838,cidian.youdao.com:80,proxy.cse.cuhk.edu.hk:5070,
1846,client-lb.dropbox.com:443,proxy.cse.cuhk.edu.hk:5070,
1848,clients6.google.com:443,proxy.cse.cuhk.edu.hk:5070,
1851,get.sogou.com:80,proxy.cse.cuhk.edu.hk:5070,
1852,p5.ssl.qhimg.com:443,proxy.cse.cuhk.edu.hk:5070,
1854,get.sogou.com:80,proxy.cse.cuhk.edu.hk:5070,
1856,get.sogou.com:80,proxy.cse.cuhk.edu.hk:5070,
1860,play.google.com:443,proxy.cse.cuhk.edu.hk:5070,
1861,info.pinyin.sogou.com:80,proxy.cse.cuhk.edu.hk:5070,
1862,info.pinyin.sogou.com:80,proxy.cse.cuhk.edu.hk:5070,
1865,play.google.com:443,proxy.cse.cuhk.edu.hk:5070,
1867,clients6.google.com:443,proxy.cse.cuhk.edu.hk:5070,
1868,www.googleapis.com:443,proxy.cse.cuhk.edu.hk:5070,
1869,client-lb.dropbox.com:443,proxy.cse.cuhk.edu.hk:5070,
1871,client-cf.dropbox.com:443,proxy.cse.cuhk.edu.hk:5070,
1876,block.dropbox.com:443,proxy.cse.cuhk.edu.hk:5070,
1877,clients4.google.com:443,proxy.cse.cuhk.edu.hk:5070,
1878,safebrowsing.googleapis.com:443,proxy.cse.cuhk.edu.hk:5070,
1879,client-cf.dropbox.com:443,proxy.cse.cuhk.edu.hk:5070,
1880,block.dropbox.com:443,proxy.cse.cuhk.edu.hk:5070,
1884,pki.google.com:80,proxy.cse.cuhk.edu.hk:5070,
1885,client-cf.dropbox.com:443,proxy.cse.cuhk.edu.hk:5070,
1889,safebrowsing.googleapis.com:443,proxy.cse.cuhk.edu.hk:5070,
1890,cidian.youdao.com:80,proxy.cse.cuhk.edu.hk:5070,
1891,clientservices.googleapis.com:443,proxy.cse.cuhk.edu.hk:5070,
1893,info.pinyin.sogou.com:80,proxy.cse.cuhk.edu.hk:5070,
1895,www.evernote.com:443,proxy.cse.cuhk.edu.hk:5070,
1896,clients6.google.com:443,proxy.cse.cuhk.edu.hk:5070,
1899,clients4.google.com:443,proxy.cse.cuhk.edu.hk:5070,
1900,block.dropbox.com:443,proxy.cse.cuhk.edu.hk:5070,
1902,log.getdropbox.com:80,proxy.cse.cuhk.edu.hk:5070,
1905,css.sohu.com:80,proxy.cse.cuhk.edu.hk:5070,
1906,xy.brand.sogou.com:80,proxy.cse.cuhk.edu.hk:5070,
1907,pv.mini.sohu.com:80,proxy.cse.cuhk.edu.hk:5070,
1908,src.wei.focus.cn:80,proxy.cse.cuhk.edu.hk:5070,
1909,mini.cpc.sogou.com:80,proxy.cse.cuhk.edu.hk:5070,
1910,mini.cpc.sogou.com:80,proxy.cse.cuhk.edu.hk:5070,
1911,bx.optimix.asia:443,proxy.cse.cuhk.edu.hk:5070,
1920,crl.microsoft.com:80,proxy.cse.cuhk.edu.hk:5070,
1922,pv.mini.sohu.com:80,proxy.cse.cuhk.edu.hk:5070,
1923,v.admaster.com.cn:80,proxy.cse.cuhk.edu.hk:5070,
1926,at.mct01.com:80,proxy.cse.cuhk.edu.hk:5070,
1927,ping.pinyin.sogou.com:80,proxy.cse.cuhk.edu.hk:5070,
1929,mail.google.com:443,proxy.cse.cuhk.edu.hk:5070,
1930,s2.googleusercontent.com:443,proxy.cse.cuhk.edu.hk:5070,
1931,www.youtube.com:443,proxy.cse.cuhk.edu.hk:5070,
1932,r6---sn-i3b7knl6.googlevideo.com:443,proxy.cse.cuhk.edu.hk:5070,
1934,r18---sn-vgqsenes.googlevideo.com:443,proxy.cse.cuhk.edu.hk:5070,
1935,r5---sn-i3b7kn7z.googlevideo.com:443,proxy.cse.cuhk.edu.hk:5070,
1936,r13---sn-vgqsenee.googlevideo.com:443,proxy.cse.cuhk.edu.hk:5070,
1939,r5---sn-i3b7kn7r.googlevideo.com:443,proxy.cse.cuhk.edu.hk:5070,
1940,r2---sn-i3b7kn7r.googlevideo.com:443,proxy.cse.cuhk.edu.hk:5070,
1945,bolt.dropbox.com:443,proxy.cse.cuhk.edu.hk:5070,
1948,block.dropbox.com:443,proxy.cse.cuhk.edu.hk:5070,
1949,notifications.google.com:443,proxy.cse.cuhk.edu.hk:5070,
1956,r8---sn-i3b7knez.googlevideo.com:443,proxy.cse.cuhk.edu.hk:5070,
1958,yt3.ggpht.com:443,proxy.cse.cuhk.edu.hk:5070,
1960,www.gstatic.com:443,proxy.cse.cuhk.edu.hk:5070,
1962,clients1.google.com:443,proxy.cse.cuhk.edu.hk:5070,
1963,clients5.google.com:443,proxy.cse.cuhk.edu.hk:5070,
1964,www.google.com:443,proxy.cse.cuhk.edu.hk:5070,
1965,f-log-extension.grammarly.io:443,proxy.cse.cuhk.edu.hk:5070,
1966,f-log-extension.grammarly.io:443,proxy.cse.cuhk.edu.hk:5070,
1967,d3cv4a9a9wh0bt.cloudfront.net:443,proxy.cse.cuhk.edu.hk:5070,
1968,drive-thirdparty.googleusercontent.com:443,proxy.cse.cuhk.edu.hk:5070,
1969,www.evernote.com:443,proxy.cse.cuhk.edu.hk:5070,
1970,drive.google.com:443,proxy.cse.cuhk.edu.hk:5070,
1975,www.baidu.com:80,proxy.cse.cuhk.edu.hk:5070,
1976,s1.bdstatic.com:80,proxy.cse.cuhk.edu.hk:5070,
1977,t12.baidu.com:80,proxy.cse.cuhk.edu.hk:5070,
1978,t12.baidu.com:80,proxy.cse.cuhk.edu.hk:5070,
1980,suggestion.baidu.com:80,proxy.cse.cuhk.edu.hk:5070,
1982,xueshu.baidu.com:80,proxy.cse.cuhk.edu.hk:5070,
1984,t12.baidu.com:80,proxy.cse.cuhk.edu.hk:5070,
1985,pagead2.googlesyndication.com:80,proxy.cse.cuhk.edu.hk:5070,
1986,pic01.ishuhui.com:80,proxy.cse.cuhk.edu.hk:5070,
1987,pic01.ishuhui.com:80,proxy.cse.cuhk.edu.hk:5070,
1988,tpc.googlesyndication.com:443,proxy.cse.cuhk.edu.hk:5070,
1989,eclick.baidu.com:443,proxy.cse.cuhk.edu.hk:5070,
1991,xueshu.baidu.com:80,proxy.cse.cuhk.edu.hk:5070,
1992,fclick.baidu.com:80,proxy.cse.cuhk.edu.hk:5070,
1993,mhfm5.us.cdndm5.com:80,proxy.cse.cuhk.edu.hk:5070,
1994,mhfm7.us.cdndm5.com:80,proxy.cse.cuhk.edu.hk:5070,
1997,q1.cnzz.com:80,proxy.cse.cuhk.edu.hk:5070,
