symbol: s2
template: <*> close, <*> bytes sent, <*> bytes received, lifetime <*>
4,proxy.cse.cuhk.edu.hk:5070,0,0,00:01,
8,proxy.cse.cuhk.edu.hk:5070,403,426,<1,
11,proxy.cse.cuhk.edu.hk:5070,451,18846,(18.4,KB),received,,
12,proxy.cse.cuhk.edu.hk:5070,445,5174,(5.05,KB),received,,
14,proxy.cse.cuhk.edu.hk:5070,1190,(1.16,KB),sent,,1671,bytes,(1.63,
16,proxy.cse.cuhk.edu.hk:5070,0,0,<1,
17,proxy.cse.cuhk.edu.hk:5070,1165,(1.13,KB),sent,,3098,bytes,(3.02,
19,proxy.cse.cuhk.edu.hk:5070,1165,(1.13,KB),sent,,815,bytes,received,,
21,proxy.cse.cuhk.edu.hk:5070,1165,(1.13,KB),sent,,783,bytes,received,,
22,proxy.cse.cuhk.edu.hk:5070,850,10547,(10.2,KB),received,,
23,proxy.cse.cuhk.edu.hk:5070,408,421,00:03,
24,proxy.cse.cuhk.edu.hk:5070,1165,(1.13,KB),sent,,0,bytes,received,,
27,proxy.cse.cuhk.edu.hk:5070,0,0,<1,
28,proxy.cse.cuhk.edu.hk:5070,19904,(19.4,KB),sent,,27629,bytes,(26.9,
30,proxy.cse.cuhk.edu.hk:5070,1118,(1.09,KB),sent,,340,bytes,received,,
33,proxy.cse.cuhk.edu.hk:5070,1143,(1.11,KB),sent,,365,bytes,received,,
34,proxy.cse.cuhk.edu.hk:5070,1093,(1.06,KB),sent,,1006,bytes,received,,
35,proxy.cse.cuhk.edu.hk:5070,428,5365,(5.23,KB),received,,
38,proxy.cse.cuhk.edu.hk:5070,0,0,<1,
39,proxy.cse.cuhk.edu.hk:5070,1268,(1.23,KB),sent,,6274,bytes,(6.12,
40,proxy.cse.cuhk.edu.hk:5070,845,12076,(11.7,KB),received,,
47,proxy.cse.cuhk.edu.hk:5070,431,7896,(7.71,KB),received,,
48,proxy.cse.cuhk.edu.hk:5070,431,9780,(9.55,KB),received,,
52,proxy.cse.cuhk.edu.hk:5070,1590,(1.55,KB),sent,,472,bytes,received,,
54,proxy.cse.cuhk.edu.hk:5070,416,10670,(10.4,KB),received,,
55,proxy.cse.cuhk.edu.hk:5070,0,0,<1,
57,proxy.cse.cuhk.edu.hk:5070,1327,(1.29,KB),sent,,3250,bytes,(3.17,
59,proxy.cse.cuhk.edu.hk:5070,1107,(1.08,KB),sent,,29322,bytes,(28.6,
62,proxy.cse.cuhk.edu.hk:5070,0,0,00:17,
68,proxy.cse.cuhk.edu.hk:5070,1133,(1.10,KB),sent,,11393,bytes,(11.1,
70,proxy.cse.cuhk.edu.hk:5070,483,342,<1,
71,proxy.cse.cuhk.edu.hk:5070,1210,(1.18,KB),sent,,366,bytes,received,,
73,proxy.cse.cuhk.edu.hk:5070,0,0,<1,
74,proxy.cse.cuhk.edu.hk:5070,697,324,<1,
75,proxy.cse.cuhk.edu.hk:5070,704,2476,(2.41,KB),received,,
76,proxy.cse.cuhk.edu.hk:5070,7829,(7.64,KB),sent,,578548,bytes,(564,
77,proxy.cse.cuhk.edu.hk:5070,3425,(3.34,KB),sent,,212164,bytes,(207,
78,proxy.cse.cuhk.edu.hk:5070,0,0,<1,
84,proxy.cse.cuhk.edu.hk:5070,934,5869,(5.73,KB),received,,
86,proxy.cse.cuhk.edu.hk:5070,1325,(1.29,KB),sent,,514,bytes,received,,
87,proxy.cse.cuhk.edu.hk:5070,1293,(1.26,KB),sent,,2439,bytes,(2.38,
92,proxy.cse.cuhk.edu.hk:5070,508,29786,(29.0,KB),received,,
93,proxy.cse.cuhk.edu.hk:5070,508,47293,(46.1,KB),received,,
94,proxy.cse.cuhk.edu.hk:5070,0,0,00:01,
95,proxy.cse.cuhk.edu.hk:5070,1190,(1.16,KB),sent,,367,bytes,received,,
98,proxy.cse.cuhk.edu.hk:5070,0,0,<1,
100,proxy.cse.cuhk.edu.hk:5070,1293,(1.26,KB),sent,,2247,bytes,(2.19,
101,proxy.cse.cuhk.edu.hk:5070,1033,(1.00,KB),sent,,46810,bytes,(45.7,
102,proxy.cse.cuhk.edu.hk:5070,2380,(2.32,KB),sent,,678,bytes,received,,
104,proxy.cse.cuhk.edu.hk:5070,974,9624,(9.39,KB),received,,
105,proxy.cse.cuhk.edu.hk:5070,4512,(4.40,KB),sent,,82166,bytes,(80.2,
107,proxy.cse.cuhk.edu.hk:5070,1119,(1.09,KB),sent,,3210,bytes,(3.13,
108,proxy.cse.cuhk.edu.hk:5070,458,1781,(1.73,KB),received,,
109,proxy.cse.cuhk.edu.hk:5070,1188,(1.16,KB),sent,,421,bytes,received,,
110,proxy.cse.cuhk.edu.hk:5070,1257,(1.22,KB),sent,,421,bytes,received,,
111,proxy.cse.cuhk.edu.hk:5070,1257,(1.22,KB),sent,,421,bytes,received,,
112,proxy.cse.cuhk.edu.hk:5070,0,0,00:02,
115,proxy.cse.cuhk.edu.hk:5070,0,0,00:02,
116,proxy.cse.cuhk.edu.hk:5070,1301,(1.27,KB),sent,,434,bytes,received,,
117,proxy.cse.cuhk.edu.hk:5070,0,0,00:01,
118,proxy.cse.cuhk.edu.hk:5070,1034,(1.00,KB),sent,,17383,bytes,(16.9,
119,proxy.cse.cuhk.edu.hk:5070,0,0,00:04,
120,proxy.cse.cuhk.edu.hk:5070,0,0,00:17,
123,proxy.cse.cuhk.edu.hk:5070,1248,(1.21,KB),sent,,334,bytes,received,,
125,proxy.cse.cuhk.edu.hk:5070,1682,(1.64,KB),sent,,472,bytes,received,,
128,proxy.cse.cuhk.edu.hk:5070,2473,(2.41,KB),sent,,1926,bytes,(1.88,
129,proxy.cse.cuhk.edu.hk:5070,1293,(1.26,KB),sent,,2459,bytes,(2.40,
130,proxy.cse.cuhk.edu.hk:5070,1293,(1.26,KB),sent,,2460,bytes,(2.40,
132,proxy.cse.cuhk.edu.hk:5070,1293,(1.26,KB),sent,,2440,bytes,(2.38,
133,proxy.cse.cuhk.edu.hk:5070,1133,(1.10,KB),sent,,3274,bytes,(3.19,
138,proxy.cse.cuhk.edu.hk:5070,489,566,<1,
139,proxy.cse.cuhk.edu.hk:5070,1372,(1.33,KB),sent,,1224,bytes,(1.19,
149,proxy.cse.cuhk.edu.hk:5070,0,0,<1,
152,proxy.cse.cuhk.edu.hk:5070,1198,(1.16,KB),sent,,344,bytes,received,,
153,proxy.cse.cuhk.edu.hk:5070,0,0,00:19,
154,proxy.cse.cuhk.edu.hk:5070,303,275,<1,
155,proxy.cse.cuhk.edu.hk:5070,1180,(1.15,KB),sent,,421,bytes,received,,
156,proxy.cse.cuhk.edu.hk:5070,2437,(2.37,KB),sent,,842,bytes,received,,
157,proxy.cse.cuhk.edu.hk:5070,952,782,00:10,
158,proxy.cse.cuhk.edu.hk:5070,301,278,<1,
159,proxy.cse.cuhk.edu.hk:5070,1853,(1.80,KB),sent,,4179,bytes,(4.08,
160,proxy.cse.cuhk.edu.hk:5070,1166,(1.13,KB),sent,,336,bytes,received,,
161,proxy.cse.cuhk.edu.hk:5070,1180,(1.15,KB),sent,,337,bytes,received,,
162,proxy.cse.cuhk.edu.hk:5070,2035,(1.98,KB),sent,,469,bytes,received,,
163,proxy.cse.cuhk.edu.hk:5070,3690,(3.60,KB),sent,,1306,bytes,(1.27,
173,proxy.cse.cuhk.edu.hk:5070,1325,(1.29,KB),sent,,511,bytes,received,,
177,proxy.cse.cuhk.edu.hk:5070,896,375,<1,
179,proxy.cse.cuhk.edu.hk:5070,0,0,<1,
184,proxy.cse.cuhk.edu.hk:5070,1248,(1.21,KB),sent,,331,bytes,received,,
186,proxy.cse.cuhk.edu.hk:5070,0,0,00:17,
188,proxy.cse.cuhk.edu.hk:5070,1166,(1.13,KB),sent,,363,bytes,received,,
192,proxy.cse.cuhk.edu.hk:5070,2455,(2.39,KB),sent,,727,bytes,received,,
195,proxy.cse.cuhk.edu.hk:5070,0,0,<1,
198,proxy.cse.cuhk.edu.hk:5070,1292,(1.26,KB),sent,,2457,bytes,(2.39,
199,proxy.cse.cuhk.edu.hk:5070,0,0,<1,
202,proxy.cse.cuhk.edu.hk:5070,1292,(1.26,KB),sent,,1500,bytes,(1.46,
203,proxy.cse.cuhk.edu.hk:5070,1292,(1.26,KB),sent,,1490,bytes,(1.45,
205,proxy.cse.cuhk.edu.hk:5070,1292,(1.26,KB),sent,,429,bytes,received,,
206,proxy.cse.cuhk.edu.hk:5070,1285,(1.25,KB),sent,,1490,bytes,(1.45,
208,proxy.cse.cuhk.edu.hk:5070,3637,(3.55,KB),sent,,1432,bytes,(1.39,
214,proxy.cse.cuhk.edu.hk:5070,0,0,00:05,
220,proxy.cse.cuhk.edu.hk:5070,939,4231,(4.13,KB),received,,
221,proxy.cse.cuhk.edu.hk:5070,469,1617,(1.57,KB),received,,
222,proxy.cse.cuhk.edu.hk:5070,2636,(2.57,KB),sent,,2279,bytes,(2.22,
223,proxy.cse.cuhk.edu.hk:5070,435,353,<1,
224,proxy.cse.cuhk.edu.hk:5070,451,353,<1,
228,proxy.cse.cuhk.edu.hk:5070,3684,(3.59,KB),sent,,8009,bytes,(7.82,
229,proxy.cse.cuhk.edu.hk:5070,946,783,<1,
230,proxy.cse.cuhk.edu.hk:5070,946,783,<1,
234,proxy.cse.cuhk.edu.hk:5070,2818,(2.75,KB),sent,,1460,bytes,(1.42,
235,proxy.cse.cuhk.edu.hk:5070,16493,(16.1,KB),sent,,315731,bytes,(308,
236,proxy.cse.cuhk.edu.hk:5070,1769,(1.72,KB),sent,,61234,bytes,(59.7,
237,proxy.cse.cuhk.edu.hk:5070,791,778,00:10,
239,proxy.cse.cuhk.edu.hk:5070,1578,(1.54,KB),sent,,392726,bytes,(383,
241,proxy.cse.cuhk.edu.hk:5070,809,186,00:06,
245,proxy.cse.cuhk.edu.hk:5070,2933,(2.86,KB),sent,,11721005,bytes,(11.1,
246,proxy.cse.cuhk.edu.hk:5070,1432,(1.39,KB),sent,,44376,bytes,(43.3,
248,proxy.cse.cuhk.edu.hk:5070,451,353,<1,
249,get.sogou.com:80,859,316,<1,
250,proxy.cse.cuhk.edu.hk:5070,35850,(35.0,KB),sent,,13903,bytes,(13.5,
252,tcpconn.tencent.com:80,133,0,<1,
255,get.sogou.com:80,651,346,<1,
259,get.sogou.com:80,651,346,<1,
260,proxy.cse.cuhk.edu.hk:5070,1237,(1.20,KB),sent,,676064,bytes,(660,
263,proxy.cse.cuhk.edu.hk:5070,1222,(1.19,KB),sent,,604,bytes,received,,
264,proxy.cse.cuhk.edu.hk:5070,3553,(3.46,KB),sent,,71424,bytes,(69.7,
265,proxy.cse.cuhk.edu.hk:5070,3585,(3.50,KB),sent,,56498,bytes,(55.1,
266,proxy.cse.cuhk.edu.hk:5070,2636,(2.57,KB),sent,,2279,bytes,(2.22,
268,proxy.cse.cuhk.edu.hk:5070,745,4661,(4.55,KB),received,,
270,proxy.cse.cuhk.edu.hk:5070,1840,(1.79,KB),sent,,1212,bytes,(1.18,
271,proxy.cse.cuhk.edu.hk:5070,18242,(17.8,KB),sent,,10525,bytes,(10.2,
273,proxy.cse.cuhk.edu.hk:5070,1396,(1.36,KB),sent,,5669,bytes,(5.53,
274,proxy.cse.cuhk.edu.hk:5070,2087,(2.03,KB),sent,,4643,bytes,(4.53,
275,proxy.cse.cuhk.edu.hk:5070,2123,(2.07,KB),sent,,11355,bytes,(11.0,
276,proxy.cse.cuhk.edu.hk:5070,2034,(1.98,KB),sent,,4206,bytes,(4.10,
278,proxy.cse.cuhk.edu.hk:5070,18965,(18.5,KB),sent,,9771,bytes,(9.54,
279,proxy.cse.cuhk.edu.hk:5070,14623,(14.2,KB),sent,,124877,bytes,(121,
281,proxy.cse.cuhk.edu.hk:5070,2717,(2.65,KB),sent,,1911,bytes,(1.86,
282,proxy.cse.cuhk.edu.hk:5070,451,353,<1,
284,proxy.cse.cuhk.edu.hk:5070,451,353,<1,
286,proxy.cse.cuhk.edu.hk:5070,397,3558,(3.47,KB),received,,
287,proxy.cse.cuhk.edu.hk:5070,519,313,00:01,
290,proxy.cse.cuhk.edu.hk:5070,415,599,00:04,
291,proxy.cse.cuhk.edu.hk:5070,5248,(5.12,KB),sent,,1114,bytes,(1.08,
295,proxy.cse.cuhk.edu.hk:5070,1006,6198,(6.05,KB),received,,
296,proxy.cse.cuhk.edu.hk:5070,811,186,00:01,
298,proxy.cse.cuhk.edu.hk:5070,0,0,<1,
299,proxy.cse.cuhk.edu.hk:5070,811,186,00:02,
302,proxy.cse.cuhk.edu.hk:5070,860,3314,(3.23,KB),received,,
304,proxy.cse.cuhk.edu.hk:5070,1986,(1.93,KB),sent,,1180,bytes,(1.15,
307,proxy.cse.cuhk.edu.hk:5070,463,426,00:09,
308,proxy.cse.cuhk.edu.hk:5070,1060,(1.03,KB),sent,,358,bytes,received,,
310,proxy.cse.cuhk.edu.hk:5070,592,4760,(4.64,KB),received,,
311,proxy.cse.cuhk.edu.hk:5070,592,4760,(4.64,KB),received,,
312,proxy.cse.cuhk.edu.hk:5070,435,353,<1,
313,proxy.cse.cuhk.edu.hk:5070,2800,(2.73,KB),sent,,17757,bytes,(17.3,
315,proxy.cse.cuhk.edu.hk:5070,1457,(1.42,KB),sent,,5146,bytes,(5.02,
316,proxy.cse.cuhk.edu.hk:5070,494,2218,(2.16,KB),received,,
320,proxy.cse.cuhk.edu.hk:5070,4567,(4.45,KB),sent,,1432,bytes,(1.39,
323,proxy.cse.cuhk.edu.hk:5070,492,2898,(2.83,KB),received,,
324,proxy.cse.cuhk.edu.hk:5070,0,0,00:01,
329,proxy.cse.cuhk.edu.hk:5070,0,0,<1,
330,proxy.cse.cuhk.edu.hk:5070,0,0,00:03,
331,proxy.cse.cuhk.edu.hk:5070,0,0,00:03,
335,proxy.cse.cuhk.edu.hk:5070,1736,(1.69,KB),sent,,48536,bytes,(47.3,
336,proxy.cse.cuhk.edu.hk:5070,793,180,00:20,
339,proxy.cse.cuhk.edu.hk:5070,2017,(1.96,KB),sent,,52284,bytes,(51.0,
340,proxy.cse.cuhk.edu.hk:5070,595,269,00:01,
341,proxy.cse.cuhk.edu.hk:5070,0,0,00:01,
342,proxy.cse.cuhk.edu.hk:5070,1987,(1.94,KB),sent,,51801,bytes,(50.5,
344,proxy.cse.cuhk.edu.hk:5070,1990,(1.94,KB),sent,,23862,bytes,(23.3,
350,proxy.cse.cuhk.edu.hk:5070,5065,(4.94,KB),sent,,2368,bytes,(2.31,
351,proxy.cse.cuhk.edu.hk:5070,877,507,00:48,
352,proxy.cse.cuhk.edu.hk:5070,1714,(1.67,KB),sent,,865,bytes,received,,
353,proxy.cse.cuhk.edu.hk:5070,2697,(2.63,KB),sent,,14638,bytes,(14.2,
360,proxy.cse.cuhk.edu.hk:5070,0,0,00:01,
361,proxy.cse.cuhk.edu.hk:5070,574,4489,(4.38,KB),received,,
367,proxy.cse.cuhk.edu.hk:5070,0,0,<1,
368,183.62.156.108:22,89652,(87.5,KB),sent,,599249,bytes,(585,
370,proxy.cse.cuhk.edu.hk:5070,0,0,00:02,
375,proxy.cse.cuhk.edu.hk:5070,1015,590,00:01,
377,proxy.cse.cuhk.edu.hk:5070,1417,(1.38,KB),sent,,4631,bytes,(4.52,
381,proxy.cse.cuhk.edu.hk:5070,715,4417,(4.31,KB),received,,
382,proxy.cse.cuhk.edu.hk:5070,8673,(8.46,KB),sent,,116640,bytes,(113,
383,proxy.cse.cuhk.edu.hk:5070,1731,(1.69,KB),sent,,864,bytes,received,,
386,tcpconn3.tencent.com:80,0,0,<1,
388,tcpconn6.tencent.com:443,0,0,<1,
390,tcpconn6.tencent.com:80,0,0,<1,
393,tcpconn3.tencent.com:443,149,121,<1,
396,cgi.qqweb.qq.com:80,477,448,<1,
400,qqmail.tencent.com:80,336,2854,(2.78,KB),received,,
402,get.sogou.com:80,724,516,<1,
404,showxml.qq.com:80,600,1716,(1.67,KB),received,,
405,2052.flash2-http.qq.com:80,466,125682,(122,KB),received,,
408,proxy.cse.cuhk.edu.hk:5070,493,523,00:01,
409,proxy.cse.cuhk.edu.hk:5070,1002,12309,(12.0,KB),received,,
410,proxy.cse.cuhk.edu.hk:5070,493,523,<1,
414,proxy.cse.cuhk.edu.hk:5070,1417,(1.38,KB),sent,,4631,bytes,(4.52,
416,proxy.cse.cuhk.edu.hk:5070,2553,(2.49,KB),sent,,2221,bytes,(2.16,
417,impservice.dictapp.youdao.com:80,666,709,00:10,
422,proxy.cse.cuhk.edu.hk:5070,1644,(1.60,KB),sent,,388,bytes,received,,
423,proxy.cse.cuhk.edu.hk:5070,3319,(3.24,KB),sent,,2402,bytes,(2.34,
425,proxy.cse.cuhk.edu.hk:5070,451,353,<1,
427,proxy.cse.cuhk.edu.hk:5070,451,353,<1,
429,proxy.cse.cuhk.edu.hk:5070,293,514,<1,
439,proxy.cse.cuhk.edu.hk:5070,1555,(1.51,KB),sent,,457464,bytes,(446,
441,proxy.cse.cuhk.edu.hk:5070,950,3559,(3.47,KB),received,,
443,proxy.cse.cuhk.edu.hk:5070,1212,(1.18,KB),sent,,11440,bytes,(11.1,
447,proxy.cse.cuhk.edu.hk:5070,47856,(46.7,KB),sent,,4090387,bytes,(3.90,
449,proxy.cse.cuhk.edu.hk:5070,877,3806,(3.71,KB),received,,
450,proxy.cse.cuhk.edu.hk:5070,451,353,<1,
451,get.sogou.com:80,967,316,<1,
452,proxy.cse.cuhk.edu.hk:5070,101,3449,(3.36,KB),received,,
453,proxy.cse.cuhk.edu.hk:5070,2928,(2.85,KB),sent,,567520,bytes,(554,
458,proxy.cse.cuhk.edu.hk:5070,388,2501,(2.44,KB),received,,
459,proxy.cse.cuhk.edu.hk:5070,1309,(1.27,KB),sent,,34052,bytes,(33.2,
460,proxy.cse.cuhk.edu.hk:5070,2531,(2.47,KB),sent,,59451,bytes,(58.0,
461,proxy.cse.cuhk.edu.hk:5070,2813,(2.74,KB),sent,,11743,bytes,(11.4,
463,91.190.218.40:443,497,302,00:12,
464,proxy.cse.cuhk.edu.hk:5070,1318,(1.28,KB),sent,,5380,bytes,(5.25,
465,91.190.218.125:80,5,0,00:05,
466,91.190.216.125:443,5,0,00:04,
468,proxy.cse.cuhk.edu.hk:5070,287,2229,(2.17,KB),received,,
470,proxy.cse.cuhk.edu.hk:5070,429,318,<1,
471,proxy.cse.cuhk.edu.hk:5070,1028,(1.00,KB),sent,,4559,bytes,(4.45,
473,24.135.95.248:443,131,153,00:12,
475,BAYMSGR2012806.gateway.messenger.live.com:443,13155,(12.8,KB),sent,,21737,bytes,(21.2,
476,91.190.216.212:443,5,5,00:04,
483,proxy.cse.cuhk.edu.hk:5070,983,308385,(301,KB),received,,
484,proxy.cse.cuhk.edu.hk:5070,983,268665,(262,KB),received,,
485,proxy.cse.cuhk.edu.hk:5070,1535,(1.49,KB),sent,,972,bytes,received,,
491,proxy.cse.cuhk.edu.hk:5070,715,4417,(4.31,KB),received,,
492,proxy.cse.cuhk.edu.hk:5070,1368,(1.33,KB),sent,,20811,bytes,(20.3,
494,proxy.cse.cuhk.edu.hk:5070,1277,(1.24,KB),sent,,15408,bytes,(15.0,
497,proxy.cse.cuhk.edu.hk:5070,1312,(1.28,KB),sent,,2783,bytes,(2.71,
501,proxy.cse.cuhk.edu.hk:5070,705,492,00:01,
502,proxy.cse.cuhk.edu.hk:5070,1398,(1.36,KB),sent,,11654,bytes,(11.3,
505,proxy.cse.cuhk.edu.hk:5070,2501,(2.44,KB),sent,,4848,bytes,(4.73,
507,proxy.cse.cuhk.edu.hk:5070,326,103039,(100,KB),received,,
508,proxy.cse.cuhk.edu.hk:5070,849,9333,(9.11,KB),received,,
509,proxy.cse.cuhk.edu.hk:5070,952,13595,(13.2,KB),received,,
510,proxy.cse.cuhk.edu.hk:5070,960,8386,(8.18,KB),received,,
512,proxy.cse.cuhk.edu.hk:5070,0,0,00:01,
513,proxy.cse.cuhk.edu.hk:5070,0,0,00:01,
519,proxy.cse.cuhk.edu.hk:5070,0,0,00:13,
520,proxy.cse.cuhk.edu.hk:5070,0,0,00:03,
525,proxy.cse.cuhk.edu.hk:5070,576,649,00:01,
527,proxy.cse.cuhk.edu.hk:5070,2279,(2.22,KB),sent,,279,bytes,received,,
529,proxy.cse.cuhk.edu.hk:5070,3115,(3.04,KB),sent,,1252,bytes,(1.22,
530,proxy.cse.cuhk.edu.hk:5070,31257,(30.5,KB),sent,,1846301,bytes,(1.76,
534,proxy.cse.cuhk.edu.hk:5070,0,0,<1,
538,proxy.cse.cuhk.edu.hk:5070,468,3515,(3.43,KB),received,,
539,proxy.cse.cuhk.edu.hk:5070,780,1401,(1.36,KB),received,,
542,proxy.cse.cuhk.edu.hk:5070,409,52645,(51.4,KB),received,,
544,proxy.cse.cuhk.edu.hk:5070,1119,(1.09,KB),sent,,417,bytes,received,,
545,proxy.cse.cuhk.edu.hk:5070,474,1047,(1.02,KB),received,,
546,proxy.cse.cuhk.edu.hk:5070,675,7178,(7.00,KB),received,,
547,proxy.cse.cuhk.edu.hk:5070,628,466,00:01,
548,proxy.cse.cuhk.edu.hk:5070,513,22162,(21.6,KB),received,,
550,proxy.cse.cuhk.edu.hk:5070,530,546,00:02,
552,proxy.cse.cuhk.edu.hk:5070,2177,(2.12,KB),sent,,279,bytes,received,,
553,proxy.cse.cuhk.edu.hk:5070,534,388,00:05,
554,proxy.cse.cuhk.edu.hk:5070,1069,(1.04,KB),sent,,776,bytes,received,,
555,proxy.cse.cuhk.edu.hk:5070,542,388,00:05,
558,proxy.cse.cuhk.edu.hk:5070,1010,5219,(5.09,KB),received,,
559,proxy.cse.cuhk.edu.hk:5070,1127,(1.10,KB),sent,,4317,bytes,(4.21,
560,proxy.cse.cuhk.edu.hk:5070,0,0,00:14,
561,proxy.cse.cuhk.edu.hk:5070,1477,(1.44,KB),sent,,1431,bytes,(1.39,
562,proxy.cse.cuhk.edu.hk:5070,2413,(2.35,KB),sent,,324,bytes,received,,
564,proxy.cse.cuhk.edu.hk:5070,1400,(1.36,KB),sent,,3900,bytes,(3.80,
565,proxy.cse.cuhk.edu.hk:5070,2464,(2.40,KB),sent,,1010,bytes,received,,
569,proxy.cse.cuhk.edu.hk:5070,1299,(1.26,KB),sent,,1029,bytes,(1.00,
570,proxy.cse.cuhk.edu.hk:5070,1007,355,00:08,
572,proxy.cse.cuhk.edu.hk:5070,1354,(1.32,KB),sent,,902,bytes,received,,
575,proxy.cse.cuhk.edu.hk:5070,1481,(1.44,KB),sent,,1804,bytes,(1.76,
576,proxy.cse.cuhk.edu.hk:5070,453,352,00:02,
577,proxy.cse.cuhk.edu.hk:5070,4186,(4.08,KB),sent,,2888,bytes,(2.82,
579,proxy.cse.cuhk.edu.hk:5070,1318,(1.28,KB),sent,,427,bytes,received,,
583,proxy.cse.cuhk.edu.hk:5070,0,0,00:02,
584,proxy.cse.cuhk.edu.hk:5070,0,0,00:03,
586,proxy.cse.cuhk.edu.hk:5070,0,0,00:03,
588,proxy.cse.cuhk.edu.hk:5070,555,400,00:04,
590,proxy.cse.cuhk.edu.hk:5070,935,6675,(6.51,KB),received,,
591,proxy.cse.cuhk.edu.hk:5070,1205,(1.17,KB),sent,,391,bytes,received,,
594,proxy.cse.cuhk.edu.hk:5070,7437,(7.26,KB),sent,,2235596,bytes,(2.13,
597,proxy.cse.cuhk.edu.hk:5070,634,538,00:01,
602,proxy.cse.cuhk.edu.hk:5070,3254,(3.17,KB),sent,,5295,bytes,(5.17,
603,proxy.cse.cuhk.edu.hk:5070,553,1424,(1.39,KB),received,,
604,proxy.cse.cuhk.edu.hk:5070,3205,(3.12,KB),sent,,15704,bytes,(15.3,
606,proxy.cse.cuhk.edu.hk:5070,1341,(1.30,KB),sent,,290,bytes,received,,
608,proxy.cse.cuhk.edu.hk:5070,1023,4076,(3.98,KB),received,,
610,proxy.cse.cuhk.edu.hk:5070,553,28794,(28.1,KB),received,,
612,proxy.cse.cuhk.edu.hk:5070,996,367,00:01,
613,proxy.cse.cuhk.edu.hk:5070,1536,(1.50,KB),sent,,5325,bytes,(5.20,
616,proxy.cse.cuhk.edu.hk:5070,0,0,<1,
623,proxy.cse.cuhk.edu.hk:5070,0,0,00:02,
625,proxy.cse.cuhk.edu.hk:5070,2735,(2.67,KB),sent,,79708,bytes,(77.8,
626,proxy.cse.cuhk.edu.hk:5070,6996,(6.83,KB),sent,,2055,bytes,(2.00,
627,proxy.cse.cuhk.edu.hk:5070,1522,(1.48,KB),sent,,1765,bytes,(1.72,
628,proxy.cse.cuhk.edu.hk:5070,5992,(5.85,KB),sent,,74512,bytes,(72.7,
630,proxy.cse.cuhk.edu.hk:5070,0,0,<1,
631,proxy.cse.cuhk.edu.hk:5070,1236,(1.20,KB),sent,,408,bytes,received,,
634,proxy.cse.cuhk.edu.hk:5070,0,0,<1,
635,proxy.cse.cuhk.edu.hk:5070,1680,(1.64,KB),sent,,935,bytes,received,,
636,proxy.cse.cuhk.edu.hk:5070,1730,(1.68,KB),sent,,4796,bytes,(4.68,
638,proxy.cse.cuhk.edu.hk:5070,2737,(2.67,KB),sent,,1375,bytes,(1.34,
640,proxy.cse.cuhk.edu.hk:5070,902,15242,(14.8,KB),received,,
641,proxy.cse.cuhk.edu.hk:5070,1845,(1.80,KB),sent,,402,bytes,received,,
642,proxy.cse.cuhk.edu.hk:5070,0,0,00:10,
645,proxy.cse.cuhk.edu.hk:5070,2018,(1.97,KB),sent,,1298,bytes,(1.26,
646,proxy.cse.cuhk.edu.hk:5070,806,1407,(1.37,KB),received,,
647,proxy.cse.cuhk.edu.hk:5070,383,1303,(1.27,KB),received,,
648,proxy.cse.cuhk.edu.hk:5070,1584,(1.54,KB),sent,,256548,bytes,(250,
650,proxy.cse.cuhk.edu.hk:5070,1616,(1.57,KB),sent,,42950,bytes,(41.9,
653,proxy.cse.cuhk.edu.hk:5070,0,0,00:01,
655,proxy.cse.cuhk.edu.hk:5070,0,0,00:01,
656,proxy.cse.cuhk.edu.hk:5070,0,0,00:01,
658,proxy.cse.cuhk.edu.hk:5070,0,0,00:01,
659,proxy.cse.cuhk.edu.hk:5070,848,310,00:01,
662,proxy.cse.cuhk.edu.hk:5070,1920,(1.87,KB),sent,,338,bytes,received,,
663,proxy.cse.cuhk.edu.hk:5070,0,0,00:02,
666,proxy.cse.cuhk.edu.hk:5070,1501,(1.46,KB),sent,,601,bytes,received,,
668,proxy.cse.cuhk.edu.hk:5070,1808,(1.76,KB),sent,,346,bytes,received,,
671,proxy.cse.cuhk.edu.hk:5070,1672,(1.63,KB),sent,,771,bytes,received,,
672,proxy.cse.cuhk.edu.hk:5070,4272,(4.17,KB),sent,,20283,bytes,(19.8,
674,proxy.cse.cuhk.edu.hk:5070,1624,(1.58,KB),sent,,375,bytes,received,,
675,proxy.cse.cuhk.edu.hk:5070,1104,(1.07,KB),sent,,406,bytes,received,,
676,proxy.cse.cuhk.edu.hk:5070,726,310,00:01,
679,proxy.cse.cuhk.edu.hk:5070,0,0,<1,
681,proxy.cse.cuhk.edu.hk:5070,0,0,<1,
682,proxy.cse.cuhk.edu.hk:5070,2442,(2.38,KB),sent,,9401,bytes,(9.18,
683,proxy.cse.cuhk.edu.hk:5070,2587,(2.52,KB),sent,,317,bytes,received,,
684,proxy.cse.cuhk.edu.hk:5070,0,0,<1,
686,proxy.cse.cuhk.edu.hk:5070,939,398,<1,
687,proxy.cse.cuhk.edu.hk:5070,0,0,<1,
689,proxy.cse.cuhk.edu.hk:5070,0,0,00:07,
691,proxy.cse.cuhk.edu.hk:5070,2126,(2.07,KB),sent,,816,bytes,received,,
694,proxy.cse.cuhk.edu.hk:5070,0,0,00:08,
699,proxy.cse.cuhk.edu.hk:5070,786,348,00:03,
700,proxy.cse.cuhk.edu.hk:5070,0,0,<1,
702,proxy.cse.cuhk.edu.hk:5070,968,272,<1,
703,proxy.cse.cuhk.edu.hk:5070,0,0,00:01,
704,proxy.cse.cuhk.edu.hk:5070,0,0,00:01,
705,proxy.cse.cuhk.edu.hk:5070,2224,(2.17,KB),sent,,659,bytes,received,,
706,proxy.cse.cuhk.edu.hk:5070,787,348,00:03,
707,proxy.cse.cuhk.edu.hk:5070,0,0,00:03,
712,proxy.cse.cuhk.edu.hk:5070,0,0,00:01,
714,proxy.cse.cuhk.edu.hk:5070,1448,(1.41,KB),sent,,1794,bytes,(1.75,
715,proxy.cse.cuhk.edu.hk:5070,722,310,00:01,
716,proxy.cse.cuhk.edu.hk:5070,1173,(1.14,KB),sent,,375,bytes,received,,
717,proxy.cse.cuhk.edu.hk:5070,0,0,00:13,
718,proxy.cse.cuhk.edu.hk:5070,0,0,00:13,
719,proxy.cse.cuhk.edu.hk:5070,0,0,00:13,
720,proxy.cse.cuhk.edu.hk:5070,10069,(9.83,KB),sent,,4062,bytes,(3.96,
723,proxy.cse.cuhk.edu.hk:5070,694,892,<1,
724,proxy.cse.cuhk.edu.hk:5070,0,0,00:15,
726,proxy.cse.cuhk.edu.hk:5070,0,0,00:16,
727,proxy.cse.cuhk.edu.hk:5070,0,0,00:01,
731,proxy.cse.cuhk.edu.hk:5070,0,0,00:01,
733,proxy.cse.cuhk.edu.hk:5070,941,401,00:01,
735,proxy.cse.cuhk.edu.hk:5070,2842,(2.77,KB),sent,,282,bytes,received,,
737,proxy.cse.cuhk.edu.hk:5070,0,0,00:20,
738,proxy.cse.cuhk.edu.hk:5070,0,0,00:20,
739,proxy.cse.cuhk.edu.hk:5070,0,0,00:20,
740,proxy.cse.cuhk.edu.hk:5070,0,0,00:20,
741,proxy.cse.cuhk.edu.hk:5070,1008,21970,(21.4,KB),received,,
744,proxy.cse.cuhk.edu.hk:5070,1572,(1.53,KB),sent,,696,bytes,received,,
746,proxy.cse.cuhk.edu.hk:5070,0,0,<1,
747,proxy.cse.cuhk.edu.hk:5070,1155,(1.12,KB),sent,,378,bytes,received,,
748,proxy.cse.cuhk.edu.hk:5070,0,0,<1,
749,proxy.cse.cuhk.edu.hk:5070,1359,(1.32,KB),sent,,378,bytes,received,,
750,proxy.cse.cuhk.edu.hk:5070,0,0,<1,
751,proxy.cse.cuhk.edu.hk:5070,2842,(2.77,KB),sent,,282,bytes,received,,
752,proxy.cse.cuhk.edu.hk:5070,2842,(2.77,KB),sent,,282,bytes,received,,
755,proxy.cse.cuhk.edu.hk:5070,2862,(2.79,KB),sent,,282,bytes,received,,
756,proxy.cse.cuhk.edu.hk:5070,0,0,00:17,
757,proxy.cse.cuhk.edu.hk:5070,0,0,00:17,
758,proxy.cse.cuhk.edu.hk:5070,0,0,00:18,
759,proxy.cse.cuhk.edu.hk:5070,0,0,00:17,
760,proxy.cse.cuhk.edu.hk:5070,1173,(1.14,KB),sent,,375,bytes,received,,
761,proxy.cse.cuhk.edu.hk:5070,2132,(2.08,KB),sent,,822,bytes,received,,
762,proxy.cse.cuhk.edu.hk:5070,722,310,<1,
764,proxy.cse.cuhk.edu.hk:5070,2842,(2.77,KB),sent,,279,bytes,received,,
765,proxy.cse.cuhk.edu.hk:5070,588,215882,(210,KB),received,,
766,proxy.cse.cuhk.edu.hk:5070,941,398,<1,
767,proxy.cse.cuhk.edu.hk:5070,5280,(5.15,KB),sent,,6808,bytes,(6.64,
768,proxy.cse.cuhk.edu.hk:5070,2842,(2.77,KB),sent,,279,bytes,received,,
770,proxy.cse.cuhk.edu.hk:5070,4126,(4.02,KB),sent,,43096,bytes,(42.0,
775,proxy.cse.cuhk.edu.hk:5070,696,889,<1,
781,proxy.cse.cuhk.edu.hk:5070,2844,(2.77,KB),sent,,279,bytes,received,,
782,proxy.cse.cuhk.edu.hk:5070,0,0,00:05,
784,proxy.cse.cuhk.edu.hk:5070,3029,(2.95,KB),sent,,65994,bytes,(64.4,
785,proxy.cse.cuhk.edu.hk:5070,5510,(5.38,KB),sent,,2436,bytes,(2.37,
786,proxy.cse.cuhk.edu.hk:5070,0,0,00:08,
787,proxy.cse.cuhk.edu.hk:5070,0,0,00:08,
791,proxy.cse.cuhk.edu.hk:5070,1376,(1.34,KB),sent,,13653,bytes,(13.3,
792,proxy.cse.cuhk.edu.hk:5070,2756,(2.69,KB),sent,,39055,bytes,(38.1,
793,proxy.cse.cuhk.edu.hk:5070,0,0,00:05,
794,proxy.cse.cuhk.edu.hk:5070,0,0,00:05,
797,proxy.cse.cuhk.edu.hk:5070,0,0,00:12,
798,proxy.cse.cuhk.edu.hk:5070,1107,(1.08,KB),sent,,406,bytes,received,,
799,proxy.cse.cuhk.edu.hk:5070,2532,(2.47,KB),sent,,750,bytes,received,,
800,proxy.cse.cuhk.edu.hk:5070,618,3235,(3.15,KB),received,,
802,proxy.cse.cuhk.edu.hk:5070,725,310,<1,
803,proxy.cse.cuhk.edu.hk:5070,0,0,00:01,
807,proxy.cse.cuhk.edu.hk:5070,0,0,00:03,
809,proxy.cse.cuhk.edu.hk:5070,942,398,<1,
811,proxy.cse.cuhk.edu.hk:5070,2844,(2.77,KB),sent,,279,bytes,received,,
812,proxy.cse.cuhk.edu.hk:5070,2844,(2.77,KB),sent,,279,bytes,received,,
814,proxy.cse.cuhk.edu.hk:5070,1010,21976,(21.4,KB),received,,
815,proxy.cse.cuhk.edu.hk:5070,1455,(1.42,KB),sent,,1794,bytes,(1.75,
817,proxy.cse.cuhk.edu.hk:5070,2535,(2.47,KB),sent,,750,bytes,received,,
818,proxy.cse.cuhk.edu.hk:5070,4528,(4.42,KB),sent,,648,bytes,received,,
819,proxy.cse.cuhk.edu.hk:5070,0,0,00:15,
820,proxy.cse.cuhk.edu.hk:5070,0,0,<1,
822,proxy.cse.cuhk.edu.hk:5070,0,0,00:02,
826,proxy.cse.cuhk.edu.hk:5070,0,0,00:01,
828,proxy.cse.cuhk.edu.hk:5070,697,889,<1,
830,proxy.cse.cuhk.edu.hk:5070,2230,(2.17,KB),sent,,659,bytes,received,,
833,proxy.cse.cuhk.edu.hk:5070,4496,(4.39,KB),sent,,648,bytes,received,,
834,proxy.cse.cuhk.edu.hk:5070,0,0,00:01,
835,proxy.cse.cuhk.edu.hk:5070,0,0,00:01,
836,proxy.cse.cuhk.edu.hk:5070,0,0,00:18,
837,proxy.cse.cuhk.edu.hk:5070,0,0,00:20,
839,proxy.cse.cuhk.edu.hk:5070,0,0,00:11,
842,proxy.cse.cuhk.edu.hk:5070,0,0,00:19,
843,proxy.cse.cuhk.edu.hk:5070,0,0,00:19,
846,proxy.cse.cuhk.edu.hk:5070,952,782,00:10,
847,proxy.cse.cuhk.edu.hk:5070,1576,(1.53,KB),sent,,702,bytes,received,,
848,proxy.cse.cuhk.edu.hk:5070,1578,(1.54,KB),sent,,702,bytes,received,,
849,proxy.cse.cuhk.edu.hk:5070,4498,(4.39,KB),sent,,654,bytes,received,,
850,proxy.cse.cuhk.edu.hk:5070,6409,(6.25,KB),sent,,2466,bytes,(2.40,
851,proxy.cse.cuhk.edu.hk:5070,4763,(4.65,KB),sent,,1421,bytes,(1.38,
858,proxy.cse.cuhk.edu.hk:5070,2798,(2.73,KB),sent,,15599,bytes,(15.2,
860,proxy.cse.cuhk.edu.hk:5070,435,356,<1,
864,proxy.cse.cuhk.edu.hk:5070,259,5197,(5.07,KB),received,,
866,proxy.cse.cuhk.edu.hk:5070,3090,(3.01,KB),sent,,1093,bytes,(1.06,
869,proxy.cse.cuhk.edu.hk:5070,0,0,00:01,
870,proxy.cse.cuhk.edu.hk:5070,1408,(1.37,KB),sent,,0,bytes,received,,
871,proxy.cse.cuhk.edu.hk:5070,0,0,00:04,
875,proxy.cse.cuhk.edu.hk:5070,1065,(1.04,KB),sent,,11966,bytes,(11.6,
876,proxy.cse.cuhk.edu.hk:5070,1905,(1.86,KB),sent,,11087,bytes,(10.8,
878,proxy.cse.cuhk.edu.hk:5070,1080,(1.05,KB),sent,,4111,bytes,(4.01,
881,proxy.cse.cuhk.edu.hk:5070,1036,(1.01,KB),sent,,4343,bytes,(4.24,
882,proxy.cse.cuhk.edu.hk:5070,1054,(1.02,KB),sent,,366,bytes,received,,
885,proxy.cse.cuhk.edu.hk:5070,1077,(1.05,KB),sent,,2610,bytes,(2.54,
887,proxy.cse.cuhk.edu.hk:5070,0,0,00:04,
889,proxy.cse.cuhk.edu.hk:5070,1081,(1.05,KB),sent,,401,bytes,received,,
892,proxy.cse.cuhk.edu.hk:5070,643,442,00:45,
895,proxy.cse.cuhk.edu.hk:5070,3094,(3.02,KB),sent,,1014,bytes,received,,
897,proxy.cse.cuhk.edu.hk:5070,2813,(2.74,KB),sent,,1241,bytes,(1.21,
898,proxy.cse.cuhk.edu.hk:5070,2301,(2.24,KB),sent,,9442,bytes,(9.22,
899,proxy.cse.cuhk.edu.hk:5070,948,782,<1,
907,proxy.cse.cuhk.edu.hk:5070,441,687,<1,
908,proxy.cse.cuhk.edu.hk:5070,1237,(1.20,KB),sent,,1164,bytes,(1.13,
909,proxy.cse.cuhk.edu.hk:5070,2001,(1.95,KB),sent,,18018,bytes,(17.5,
920,oimageb7.ydstatic.com:80,357,24275,(23.7,KB),received,,
927,oimageb6.ydstatic.com:80,358,38960,(38.0,KB),received,,
929,oimagea7.ydstatic.com:80,414,41182,(40.2,KB),received,,
930,oimagec3.ydstatic.com:80,358,48647,(47.5,KB),received,,
931,proxy.cse.cuhk.edu.hk:5070,7685,(7.50,KB),sent,,51839,bytes,(50.6,
942,proxy.cse.cuhk.edu.hk:5070,1225,(1.19,KB),sent,,1093,bytes,(1.06,
944,proxy.cse.cuhk.edu.hk:5070,0,0,<1,
947,proxy.cse.cuhk.edu.hk:5070,964,848,<1,
949,proxy.cse.cuhk.edu.hk:5070,948,782,<1,
950,proxy.cse.cuhk.edu.hk:5070,5349,(5.22,KB),sent,,1767,bytes,(1.72,
954,proxy.cse.cuhk.edu.hk:5070,1066,(1.04,KB),sent,,3042,bytes,(2.97,
955,proxy.cse.cuhk.edu.hk:5070,0,0,00:13,
956,proxy.cse.cuhk.edu.hk:5070,3757,(3.66,KB),sent,,1307,bytes,(1.27,
958,proxy.cse.cuhk.edu.hk:5070,0,0,00:01,
959,proxy.cse.cuhk.edu.hk:5070,1978,(1.93,KB),sent,,29237,bytes,(28.5,
961,proxy.cse.cuhk.edu.hk:5070,1217,(1.18,KB),sent,,592,bytes,received,,
962,proxy.cse.cuhk.edu.hk:5070,0,0,<1,
963,proxy.cse.cuhk.edu.hk:5070,1770,(1.72,KB),sent,,1297,bytes,(1.26,
969,proxy.cse.cuhk.edu.hk:5070,0,0,00:02,
971,proxy.cse.cuhk.edu.hk:5070,564,28902,(28.2,KB),received,,
977,www.baidu.com:80,6719,(6.56,KB),sent,,644545,bytes,(629,
979,get.sogou.com:80,899,348,00:03,
980,ss.bdimg.com:80,0,0,00:11,
981,t11.baidu.com:80,0,0,00:11,
982,sestat.baidu.com:80,0,0,00:11,
983,ss.bdimg.com:80,0,0,00:11,
992,b1.bdstatic.com:80,389,409,00:21,
993,pos.baidu.com:80,1822,(1.77,KB),sent,,1370,bytes,(1.33,
994,i9.baidu.com:80,0,0,00:27,
995,xin.4399.cn:80,0,0,00:21,
996,newsimg.5054399.com:80,0,0,00:19,
997,comment.5054399.com:80,0,0,00:21,
998,i9.baidu.com:80,0,0,00:27,
999,m.news.4399.com:80,0,0,00:19,
1000,www.4399.cn:80,0,0,00:21,
1002,timg.baidu.com:80,1299,(1.26,KB),sent,,4993,bytes,(4.87,
1003,www.googletagservices.com:443,1257,(1.22,KB),sent,,540,bytes,received,,
1004,yt3.ggpht.com:443,10542,(10.2,KB),sent,,356545,bytes,(348,
1005,www.google.com:443,1740,(1.69,KB),sent,,21911,bytes,(21.3,
1006,dup.baidustatic.com:443,814,4145,(4.04,KB),received,,
1009,odr.mookie1.com:443,361,4839,(4.72,KB),received,,
1010,safebrowsing.googleapis.com:443,1344,(1.31,KB),sent,,1170,bytes,(1.14,
1011,clients6.google.com:443,1891,(1.84,KB),sent,,811,bytes,received,,
1012,d.dropbox.com:443,1021,4906,(4.79,KB),received,,
1013,clients6.google.com:443,3216,(3.14,KB),sent,,2391,bytes,(2.33,
1014,i.ytimg.com:443,2836,(2.76,KB),sent,,125622,bytes,(122,
1016,r6---sn-i3b7kn7d.googlevideo.com:443,12789,(12.4,KB),sent,,13833013,bytes,(13.1,
1017,odr.mookie1.com:443,1045,(1.02,KB),sent,,5662,bytes,(5.52,
1023,r6---sn-i3b7knez.googlevideo.com:443,13118,(12.8,KB),sent,,3242984,bytes,(3.09,
1031,c.baidu.com:80,1052,(1.02,KB),sent,,113,bytes,received,,
1032,t12.baidu.com:80,0,0,00:10,
1033,t12.baidu.com:80,0,0,00:10,
1034,timg.baidu.com:80,0,0,00:10,
1038,ss.bdimg.com:80,0,0,00:10,
1039,pos.baidu.com:80,3783,(3.69,KB),sent,,38448,bytes,(37.5,
1040,i9.baidu.com:80,1915,(1.87,KB),sent,,12764,bytes,(12.4,
1041,z13.cnzz.com:80,0,0,00:19,
1043,f10.baidu.com:80,6956,(6.79,KB),sent,,101059,bytes,(98.6,
1044,suggestion.baidu.com:80,1829,(1.78,KB),sent,,1039,bytes,(1.01,
1045,eclick.baidu.com:80,1037,(1.01,KB),sent,,311,bytes,received,,
1046,cm.g.doubleclick.net:443,2197,(2.14,KB),sent,,1527,bytes,(1.49,
1056,cpro.baidustatic.com:443,334,3713,(3.62,KB),received,,
1057,www.4399.com:80,0,0,00:21,
1058,cnzz.mmstat.com:80,686,579,<1,
1060,app.4399.cn:80,1381,(1.34,KB),sent,,38524,bytes,(37.6,
1061,www.google.com:443,9034,(8.82,KB),sent,,3696,bytes,(3.60,
1062,www.youtube.com:443,30789,(30.0,KB),sent,,164940,bytes,(161,
1063,www.qulishi.com:80,1581,(1.54,KB),sent,,79427,bytes,(77.5,
1064,q7.cnzz.com:80,0,0,01:00,
1065,w.cnzz.com:80,570,11519,(11.2,KB),received,,
1067,block.dropbox.com:443,0,0,<1,
1069,qbwup.imtt.qq.com:80,494,208,00:33,
1071,notifications.google.com:443,470,4856,(4.74,KB),received,,
1076,get.sogou.com:80,759,51462,(50.2,KB),received,,
1080,clientservices.googleapis.com:443,1051,(1.02,KB),sent,,592,bytes,received,,
1081,qbwup.imtt.qq.com:80,494,208,00:32,
1082,short.weixin.qq.com:80,425,161,<1,
1083,info.pinyin.sogou.com:80,1020,607,00:30,
1087,client-cf.dropbox.com:443,3934,(3.84,KB),sent,,5647,bytes,(5.51,
1088,client-cf.dropbox.com:443,4478,(4.37,KB),sent,,16913,bytes,(16.5,
1091,lh6.googleusercontent.com:443,471,4694,(4.58,KB),received,,
1092,qbwup.imtt.qq.com:80,494,208,00:32,
1094,www.google.com.hk:443,2411,(2.35,KB),sent,,2093,bytes,(2.04,
1095,ocsp.digicert.com:80,942,3184,(3.10,KB),received,,
1098,static.adobelogin.com:443,356,3523,(3.44,KB),received,,
1099,block-edge.dropbox.com:443,861480,(841,KB),sent,,5464,bytes,(5.33,
1103,capi.grammarly.com:443,4974,(4.85,KB),sent,,8661,bytes,(8.45,
1107,cidian.youdao.com:80,2369,(2.31,KB),sent,,1583,bytes,(1.54,
1108,3.client-channel.google.com:443,27694,(27.0,KB),sent,,165991,bytes,(162,
1120,s1.bdstatic.com:80,0,0,00:11,
1121,www.baidu.com:80,0,0,00:11,
1122,ss.bdimg.com:80,0,0,00:11,
1124,i9.baidu.com:80,1671,(1.63,KB),sent,,4659,bytes,(4.54,
1125,i9.baidu.com:80,0,0,00:27,
1126,i9.baidu.com:80,0,0,00:27,
1130,cbjs.baidu.com:80,0,0,00:19,
1131,bdimg.share.baidu.com:80,0,0,00:19,
1132,ubmcmm.baidustatic.com:80,0,0,00:19,
1133,s1.img4399.com:80,0,0,00:21,
1134,ubmcmm.baidustatic.com:80,0,0,00:19,
1135,c.cnzz.com:80,0,0,00:30,
1136,www.evernote.com:443,4733,(4.62,KB),sent,,8179,bytes,(7.98,
1137,qbwup.imtt.qq.com:80,494,208,00:32,
1138,block.dropbox.com:443,0,0,<1,
1139,clients4.google.com:443,11736,(11.4,KB),sent,,8496,bytes,(8.29,
1140,clients6.google.com:443,3025,(2.95,KB),sent,,6726,bytes,(6.56,
1155,www.baidu.com:80,9987,(9.75,KB),sent,,148343,bytes,(144,
1157,t12.baidu.com:80,0,0,00:11,
1158,t12.baidu.com:80,0,0,00:11,
1163,dup.baidustatic.com:443,333,3697,(3.61,KB),received,,
1164,dj1.baidu.com:80,1369,(1.33,KB),sent,,289,bytes,received,,
1165,client-lb.dropbox.com:443,0,0,<1,
1166,short.weixin.qq.com:80,785,145,<1,
1177,sclick.baidu.com:80,1971,(1.92,KB),sent,,401,bytes,received,,
1179,s1.bdstatic.com:80,0,0,00:13,
1188,changyan.sohu.com:80,6361,(6.21,KB),sent,,6197,bytes,(6.05,
1189,t12.baidu.com:80,837,4059,(3.96,KB),received,,
1190,i7.baidu.com:80,2813,(2.74,KB),sent,,23975,bytes,(23.4,
1191,js.passport.qihucdn.com:80,496,426,00:16,
1192,js.passport.qihucdn.com:80,0,0,00:21,
1193,www.baidu.com:80,2590,(2.52,KB),sent,,621,bytes,received,,
1195,upload.3367.com:80,2331,(2.27,KB),sent,,440133,bytes,(429,
1196,long.open.weixin.qq.com:443,1910,(1.86,KB),sent,,276,bytes,received,,
1197,res.wx.qq.com:443,1582,(1.54,KB),sent,,40194,bytes,(39.2,
1198,www.google.com:443,2020,(1.97,KB),sent,,17986,bytes,(17.5,
1199,long.open.weixin.qq.com:443,1910,(1.86,KB),sent,,276,bytes,received,,
1201,long.open.weixin.qq.com:443,1910,(1.86,KB),sent,,276,bytes,received,,
1202,mtalk.google.com:443,985,447,14:59,
1204,long.open.weixin.qq.com:443,1910,(1.86,KB),sent,,276,bytes,received,,
1206,update.googleapis.com:443,298,4250,(4.15,KB),received,,
1208,dl-debug.dropbox.com:443,163539,(159,KB),sent,,4712,bytes,(4.60,
1210,long.open.weixin.qq.com:443,1910,(1.86,KB),sent,,276,bytes,received,,
1211,long.open.weixin.qq.com:443,1985,(1.93,KB),sent,,4832,bytes,(4.71,
1212,www.google.com.hk:443,734,160,<1,
1215,lh4.googleusercontent.com:443,471,4692,(4.58,KB),received,,
1223,info.pinyin.sogou.com:80,1020,607,00:30,
1224,ping.pinyin.sogou.com:80,1109,(1.08,KB),sent,,332,bytes,received,,
1225,api.github.com:443,0,0,02:02,
1226,clients6.google.com:443,4318,(4.21,KB),sent,,1951,bytes,(1.90,
1227,www.google.com:443,2564,(2.50,KB),sent,,2035,bytes,(1.98,
1230,www.google-analytics.com:443,1770,(1.72,KB),sent,,5146,bytes,(5.02,
1233,notifications.google.com:443,470,4794,(4.68,KB),received,,
1234,notifications.google.com:443,733,229,00:13,
1235,live.github.com:443,1207,(1.17,KB),sent,,452,bytes,received,,
1238,www.googleapis.com:443,1733,(1.69,KB),sent,,1288,bytes,(1.25,
1239,www.google.com.hk:443,24256,(23.6,KB),sent,,434160,bytes,(423,
1241,play.google.com:443,33864,(33.0,KB),sent,,22082,bytes,(21.5,
1246,lh6.googleusercontent.com:443,471,4693,(4.58,KB),received,,
1247,www.gmail.com:443,459,4187,(4.08,KB),received,,
1248,lh6.googleusercontent.com:443,471,4694,(4.58,KB),received,,
1249,plus.google.com:443,470,4793,(4.68,KB),received,,
1259,api.github.com:443,674,2132,(2.08,KB),received,,
1260,apis.google.com:443,2498,(2.43,KB),sent,,5835,bytes,(5.69,
1264,pic4.zhimg.com:443,330,3763,(3.67,KB),received,,
1265,zhihu-web-analytics.zhihu.com:443,343,3122,(3.04,KB),received,,
1266,content.googleapis.com:443,2094,(2.04,KB),sent,,623,bytes,received,,
1267,pubads.g.doubleclick.net:443,476,4417,(4.31,KB),received,,
1268,short.weixin.qq.com:80,425,161,<1,
1275,api.github.com:443,328,3642,(3.55,KB),received,,
1276,clients1.google.com:443,939,5532,(5.40,KB),received,,
1277,user-images.githubusercontent.com:443,335,4369,(4.26,KB),received,,
1278,user-images.githubusercontent.com:443,335,4369,(4.26,KB),received,,
1280,clients6.google.com:443,568,156,<1,
1281,12.client-channel.google.com:443,474,4042,(3.94,KB),received,,
1282,csi.gstatic.com:443,733,229,00:13,
1283,lh6.googleusercontent.com:443,471,4693,(4.58,KB),received,,
1285,csi.gstatic.com:443,0,0,00:11,
1286,fonts.gstatic.com:443,463,4786,(4.67,KB),received,,
1299,www.zhihu.com:443,1685,(1.64,KB),sent,,10151,bytes,(9.91,
1300,d0.sina.com.cn:443,328,3654,(3.56,KB),received,,
1301,contentrecommend-out.uve.weibo.com:443,0,0,00:10,
1305,tvax1.sinaimg.cn:80,909,3467,(3.38,KB),received,,
1306,rs.sinajs.cn:80,1187,(1.15,KB),sent,,472,bytes,received,,
1308,news.sina.com.cn:80,0,0,00:21,
1309,m.simba.taobao.com:443,0,0,00:26,
1311,strip.alicdn.com:443,330,3332,(3.25,KB),received,,
1312,dslb.cdn.krcom.cn:80,446,195160,(190,KB),received,,
1313,strip.alicdn.com:80,1596,(1.55,KB),sent,,29034,bytes,(28.3,
1314,gtms03.alicdn.com:80,399,498,02:06,
1315,rm.api.weibo.com:80,0,0,00:05,
1317,www.weibo.com:80,11058,(10.7,KB),sent,,451,bytes,received,,
1318,www.weibo.com:80,2741,(2.67,KB),sent,,4016,bytes,(3.92,
1319,www.google.com:443,2285,(2.23,KB),sent,,1184,bytes,(1.15,
1320,people-pa.clients6.google.com:443,4301,(4.20,KB),sent,,15401,bytes,(15.0,
1322,api.github.com:443,797,4670,(4.56,KB),received,,
1326,notifications.google.com:443,19334,(18.8,KB),sent,,8031,bytes,(7.84,
1327,collector.githubapp.com:443,0,0,00:16,
1329,data.grammarly.com:443,1277,(1.24,KB),sent,,3833,bytes,(3.74,
1330,github.com:443,9626,(9.40,KB),sent,,287127,bytes,(280,
1331,github.com:443,0,0,00:30,
1333,13.client-channel.google.com:443,474,4464,(4.35,KB),received,,
1336,people-pa.clients6.google.com:443,5267,(5.14,KB),sent,,17802,bytes,(17.3,
1337,assets-cdn.github.com:443,1227,(1.19,KB),sent,,4890,bytes,(4.77,
1338,lh3.googleusercontent.com:443,2694,(2.63,KB),sent,,8050,bytes,(7.86,
1339,icauh.youdao.com:80,413,534,00:05,
1341,api.github.com:443,797,4814,(4.70,KB),received,,
1344,api.github.com:443,797,4814,(4.70,KB),received,,
1345,www.evernote.com:443,2487,(2.42,KB),sent,,2361,bytes,(2.30,
1346,safebrowsing.googleapis.com:443,1848,(1.80,KB),sent,,3191,bytes,(3.11,
1348,api.github.com:443,781,6147,(6.00,KB),received,,
1351,security.ie.sogou.com:80,691,184,<1,
1354,qbwup.imtt.qq.com:80,494,208,00:38,
1355,www.evernote.com:443,2486,(2.42,KB),sent,,2336,bytes,(2.28,
1357,api.github.com:443,781,6147,(6.00,KB),received,,
1358,dict.youdao.com:80,447,2122,(2.07,KB),received,,
1359,p3p.sogou.com:80,441,139,01:05,
1362,collector.githubapp.com:443,0,0,01:01,
1363,assets-cdn.github.com:443,335,4369,(4.26,KB),received,,
1365,api.github.com:443,781,6147,(6.00,KB),received,,
1366,www.google-analytics.com:443,1430,(1.39,KB),sent,,4938,bytes,(4.82,
1368,clients2.google.com:443,154863,(151,KB),sent,,321609,bytes,(314,
1369,apis.google.com:443,461,4217,(4.11,KB),received,,
1373,live.github.com:443,2931,(2.86,KB),sent,,2089,bytes,(2.04,
1376,drive-thirdparty.googleusercontent.com:443,484,4707,(4.59,KB),received,,
1377,csi.gstatic.com:443,1397,(1.36,KB),sent,,5154,bytes,(5.03,
1378,api.github.com:443,781,6147,(6.00,KB),received,,
1385,f-log-extension.grammarly.io:443,1364,(1.33,KB),sent,,3626,bytes,(3.54,
1386,pixel.facebook.com:443,1491,(1.45,KB),sent,,5027,bytes,(4.90,
1388,www.google.com:443,1227,(1.19,KB),sent,,2561,bytes,(2.50,
1389,www.google.com.hk:443,3443,(3.36,KB),sent,,67897,bytes,(66.3,
1391,proxy.cse.cuhk.edu.hk:5070,999,4582,(4.47,KB),received,,
1392,clients6.google.com:443,1915,(1.87,KB),sent,,842,bytes,received,,
1393,github.com:443,2774,(2.70,KB),sent,,27608,bytes,(26.9,
1398,api.github.com:443,781,6147,(6.00,KB),received,,
1401,qbwup.imtt.qq.com:80,494,208,00:38,
1405,avatars1.githubusercontent.com:443,1145,(1.11,KB),sent,,666,bytes,received,,
1408,ssl.gstatic.com:443,461,4784,(4.67,KB),received,,
1411,clients6.google.com:443,2242,(2.18,KB),sent,,1014,bytes,received,,
1412,clients6.google.com:443,3504,(3.42,KB),sent,,7037,bytes,(6.87,
1413,user-images.githubusercontent.com:443,335,4369,(4.26,KB),received,,
1414,user-images.githubusercontent.com:443,335,4369,(4.26,KB),received,,
1416,dblp.uni-trier.de:80,0,0,00:15,
1418,www.googleapis.com:443,1792,(1.75,KB),sent,,6591,bytes,(6.43,
1419,avatars3.githubusercontent.com:443,2194,(2.14,KB),sent,,11695,bytes,(11.4,
1420,accounts.google.com:443,2834,(2.76,KB),sent,,1881,bytes,(1.83,
1422,clients4.google.com:443,3547,(3.46,KB),sent,,918,bytes,received,,
1423,safebrowsing.googleapis.com:443,1848,(1.80,KB),sent,,2419,bytes,(2.36,
1425,d.dropbox.com:443,1337,(1.30,KB),sent,,4946,bytes,(4.83,
1428,security.ie.sogou.com:80,735,184,<1,
1437,api.github.com:443,845,4814,(4.70,KB),received,,
1438,api.github.com:443,754,3108,(3.03,KB),received,,
1439,f-log-extension.grammarly.io:443,1364,(1.33,KB),sent,,3597,bytes,(3.51,
1440,avatars.githubusercontent.com:443,620,33814,(33.0,KB),received,,
1441,www.google.com:443,4012,(3.91,KB),sent,,6761,bytes,(6.60,
1444,api.github.com:443,781,6728,(6.57,KB),received,,
1445,clients4.google.com:443,3548,(3.46,KB),sent,,919,bytes,received,,
1446,qbwup.imtt.qq.com:80,494,208,00:33,
1457,secure.quantserve.com:443,643,3323,(3.24,KB),received,,
1458,c.trello.com:443,568,156,00:12,
1459,c.trello.com:443,568,156,00:11,
1462,c.trello.com:443,18252,(17.8,KB),sent,,4768,bytes,(4.65,
1463,clients6.google.com:443,16089,(15.7,KB),sent,,12420,bytes,(12.1,
1473,t12.baidu.com:80,0,0,00:48,
1474,t12.baidu.com:80,0,0,00:48,
1475,play.google.com:443,35212,(34.3,KB),sent,,22125,bytes,(21.6,
1476,clients4.google.com:443,8395,(8.19,KB),sent,,4455,bytes,(4.35,
1478,mtalk.google.com:443,696,5005,(4.88,KB),received,,
1493,short.weixin.qq.com:80,357,468,<1,
1495,dj1.baidu.com:80,0,0,00:33,
1498,www.google.com:443,1747,(1.70,KB),sent,,1218,bytes,(1.18,
1499,b1.bdstatic.com:80,0,0,00:23,
1502,www.baidu.com:80,11662,(11.3,KB),sent,,7986,bytes,(7.79,
1506,t12.baidu.com:80,0,0,00:11,
1511,t12.baidu.com:80,1915,(1.87,KB),sent,,4198,bytes,(4.09,
1513,suggestion.baidu.com:80,3808,(3.71,KB),sent,,2035,bytes,(1.98,
1514,f12.baidu.com:80,1634,(1.59,KB),sent,,15284,bytes,(14.9,
1515,f12.baidu.com:80,1640,(1.60,KB),sent,,17802,bytes,(17.3,
1516,f12.baidu.com:80,3281,(3.20,KB),sent,,102173,bytes,(99.7,
1517,c.csdnimg.cn:80,0,0,00:30,
1518,avatar.csdn.net:80,0,0,00:30,
1521,cpro.baidustatic.com:80,0,0,01:00,
1522,intf.zsall.mobilem.360.cn:80,314,1035,(1.01,KB),received,,
1527,csdnimg.cn:80,0,0,00:11,
1528,csdnimg.cn:80,0,0,00:11,
1529,dc.csdn.net:80,0,0,00:10,
1534,blog.csdn.net:80,670,421,00:29,
1535,static.blog.csdn.net:80,2188,(2.13,KB),sent,,41402,bytes,(40.4,
1536,dc.csdn.net:80,1822,(1.77,KB),sent,,754,bytes,received,,
1537,eclick.baidu.com:443,338,3597,(3.51,KB),received,,
1538,wn.pos.baidu.com:443,0,0,00:48,
1539,beacon.tingyun.com:80,42307,(41.3,KB),sent,,279,bytes,received,,
1540,c.csdnimg.cn:80,1314,(1.28,KB),sent,,27289,bytes,(26.6,
1541,csdnimg.cn:80,1278,(1.24,KB),sent,,6854,bytes,(6.69,
1543,clients4.google.com:443,20249,(19.7,KB),sent,,20243,bytes,(19.7,
1547,www.gstatic.com:443,461,4784,(4.67,KB),received,,
1548,www.gstatic.com:443,461,4784,(4.67,KB),received,,
1549,fonts.gstatic.com:443,461,4786,(4.67,KB),received,,
1550,engine.adzerk.net:443,0,0,01:00,
1551,engine.adzerk.net:443,2508,(2.44,KB),sent,,7073,bytes,(6.90,
1552,clients6.google.com:443,6703,(6.54,KB),sent,,5167,bytes,(5.04,
1553,qbwup.imtt.qq.com:80,494,208,00:39,
1554,www.evernote.com:443,7238,(7.06,KB),sent,,12813,bytes,(12.5,
1556,googleads.g.doubleclick.net:443,749,229,00:11,
1557,pubads.g.doubleclick.net:443,476,4417,(4.31,KB),received,,
1559,engine.adzerk.net:443,2419,(2.36,KB),sent,,4742,bytes,(4.63,
1560,short.weixin.qq.com:80,357,484,<1,
1561,ogs.google.com:443,2476,(2.41,KB),sent,,2643,bytes,(2.58,
1562,sb.scorecardresearch.com:443,3818,(3.72,KB),sent,,6276,bytes,(6.12,
1563,client-cf.dropbox.com:443,3460,(3.37,KB),sent,,5211,bytes,(5.08,
1566,short.weixin.qq.com:80,409,161,<1,
1570,security.ie.sogou.com:80,735,184,<1,
1571,c.trello.com:443,326,5710,(5.57,KB),received,,
1572,www.google.com.hk:443,734,229,00:12,
1574,play.google.com:443,2130,(2.08,KB),sent,,1009,bytes,received,,
1575,f-log-extension.grammarly.io:443,1363,(1.33,KB),sent,,3549,bytes,(3.46,
1576,clients4.google.com:443,7063,(6.89,KB),sent,,15399,bytes,(15.0,
1577,trello.com:443,2168,(2.11,KB),sent,,605,bytes,received,,
1578,qa.sockets.stackexchange.com:443,1603,(1.56,KB),sent,,527,bytes,received,,
1583,short.weixin.qq.com:80,484,30152,(29.4,KB),received,,
1587,lh6.googleusercontent.com:443,471,4693,(4.58,KB),received,,
1588,ssl.gstatic.com:443,461,4786,(4.67,KB),received,,
1589,www.gstatic.com:443,461,4785,(4.67,KB),received,,
1590,ping.pinyin.sogou.com:80,561,166,00:30,
1591,fonts.gstatic.com:443,463,4786,(4.67,KB),received,,
1592,securepubads.g.doubleclick.net:443,476,4417,(4.31,KB),received,,
1597,d.agkn.com:443,324,2764,(2.69,KB),received,,
1600,log.getdropbox.com:80,739,404,<1,
1603,hangouts.google.com:443,13281,(12.9,KB),sent,,19539,bytes,(19.0,
1612,fs-conn-doctor.qq.com:443,184,134,<1,
1613,puui.qpic.cn:80,379,7852,(7.66,KB),received,,
1619,puui.qpic.cn:80,384,8537,(8.33,KB),received,,
1620,puui.qpic.cn:80,379,9409,(9.18,KB),received,,
1622,puui.qpic.cn:80,379,6983,(6.81,KB),received,,
1623,puui.qpic.cn:80,384,8601,(8.39,KB),received,,
1624,fs-conn-doctor.qq.com:443,184,134,00:01,
1627,pubads.g.doubleclick.net:443,6044,(5.90,KB),sent,,22964,bytes,(22.4,
1628,fonts.gstatic.com:443,909,12593,(12.2,KB),received,,
1633,suggestion.baidu.com:80,1383,(1.35,KB),sent,,392,bytes,received,,
1634,security.ie.sogou.com:80,735,184,00:01,
1636,eclick.baidu.com:80,1065,(1.04,KB),sent,,311,bytes,received,,
1638,safebrowsing.googleapis.com:443,1571,(1.53,KB),sent,,7822,bytes,(7.63,
1641,short.weixin.qq.com:80,425,161,<1,
1644,r1---sn-i3beln7k.googlevideo.com:443,733,151,00:12,
1645,f-log-extension.grammarly.io:443,0,0,00:11,
1646,r16---sn-i3b7knez.googlevideo.com:443,6014,(5.87,KB),sent,,904350,bytes,(883,
1647,fonts.gstatic.com:443,463,4787,(4.67,KB),received,,
1648,qbwup.imtt.qq.com:80,494,208,00:37,
1650,block.dropbox.com:443,0,0,<1,
1651,www.evernote.com:443,2487,(2.42,KB),sent,,2361,bytes,(2.30,
1652,client-cf.dropbox.com:443,1573,(1.53,KB),sent,,16743,bytes,(16.3,
1653,client-cf.dropbox.com:443,5129,(5.00,KB),sent,,17057,bytes,(16.6,
1654,s.youtube.com:443,733,292,04:00,
1655,block.dropbox.com:443,0,0,<1,
1657,tc.dl.pinyin.sogoucdn.com:80,1537,(1.50,KB),sent,,7856,bytes,(7.67,
1658,tc.dl.pinyin.sogoucdn.com:80,799,346,01:00,
1660,p3p.sogou.com:80,441,139,<1,
1661,client-lb.dropbox.com:443,0,0,<1,
1662,mtalk.google.com:443,696,5004,(4.88,KB),received,,
1664,g.msn.com:80,170,370,00:01,
1665,play.google.com:443,4837,(4.72,KB),sent,,7412,bytes,(7.23,
1670,clients5.google.com:443,465,4790,(4.67,KB),received,,
1671,www.google.com:443,3218,(3.14,KB),sent,,24541,bytes,(23.9,
1672,www.googleapis.com:443,1736,(1.69,KB),sent,,1052,bytes,(1.02,
1673,www.googleapis.com:443,1106,(1.08,KB),sent,,1167,bytes,(1.13,
1674,qbwup.imtt.qq.com:80,494,208,00:34,
1675,block.dropbox.com:443,0,0,<1,
1680,ogs.google.com:443,461,4217,(4.11,KB),received,,
1681,lh3.googleusercontent.com:443,471,4694,(4.58,KB),received,,
1683,r2---sn-i3b7kne6.googlevideo.com:443,17742,(17.3,KB),sent,,11581393,bytes,(11.0,
1688,r17---sn-p5qlsn67.googlevideo.com:443,1173,(1.14,KB),sent,,11041,bytes,(10.7,
1689,www.googletagservices.com:443,983,4752,(4.64,KB),received,,
1692,d.dropbox.com:443,1021,4906,(4.79,KB),received,,
1693,qbwup.imtt.qq.com:80,494,208,00:35,
1694,static.doubleclick.net:443,2553,(2.49,KB),sent,,641,bytes,received,,
1695,yt3.ggpht.com:443,7886,(7.70,KB),sent,,69275,bytes,(67.6,
1697,pagead2.googlesyndication.com:443,8439,(8.24,KB),sent,,41643,bytes,(40.6,
1701,plus.google.com:443,2130,(2.08,KB),sent,,1035,bytes,(1.01,
1707,fonts.gstatic.com:443,733,229,00:17,
1708,www.zhihu.com:443,327,3699,(3.61,KB),received,,
1709,zhihu-web-analytics.zhihu.com:443,343,3122,(3.04,KB),received,,
1711,www.google.com:443,13303,(12.9,KB),sent,,2325,bytes,(2.27,
1712,scontent-hkg3-2.xx.fbcdn.net:443,3732,(3.64,KB),sent,,804155,bytes,(785,
1716,pagead2.googlesyndication.com:443,16398,(16.0,KB),sent,,93642,bytes,(91.4,
1717,video-hkg3-2.xx.fbcdn.net:443,58373,(57.0,KB),sent,,8896991,bytes,(8.48,
1718,ssl.google-analytics.com:443,974,4680,(4.57,KB),received,,
1719,client-cf.dropbox.com:443,9985,(9.75,KB),sent,,9719,bytes,(9.49,
1720,client-cf.dropbox.com:443,22083,(21.5,KB),sent,,71944,bytes,(70.2,
1724,api.github.com:443,328,3642,(3.55,KB),received,,
1725,avatars0.githubusercontent.com:443,335,4369,(4.26,KB),received,,
1726,avatars0.githubusercontent.com:443,568,160,00:39,
1727,203.205.151.204:80,357,484,<1,
1731,go.microsoft.com:80,717,357,00:01,
1732,d.dropbox.com:443,6579,(6.42,KB),sent,,5944,bytes,(5.80,
1737,15.client-channel.google.com:443,474,4464,(4.35,KB),received,,
1740,play.google.com:443,40925,(39.9,KB),sent,,33398,bytes,(32.6,
1741,people-pa.clients6.google.com:443,1836,(1.79,KB),sent,,4868,bytes,(4.75,
1742,www.google.com.hk:443,4710,(4.59,KB),sent,,71939,bytes,(70.2,
1743,info.pinyin.sogou.com:80,1041,(1.01,KB),sent,,607,bytes,received,,
1757,bolt.dropbox.com:443,0,0,<1,
1759,get.sogou.com:80,651,328,<1,
1762,get.sogou.com:80,671,328,<1,
1763,client-lb.dropbox.com:443,1531,(1.49,KB),sent,,16765,bytes,(16.3,
1764,dict.youdao.com:80,941,163,05:00,
1765,clients2.google.com:443,733,292,04:00,
1771,client-cf.dropbox.com:443,5129,(5.00,KB),sent,,17049,bytes,(16.6,
1772,security.ie.sogou.com:80,735,184,00:01,
1773,client-cf.dropbox.com:443,0,0,<1,
1775,config.pinyin.sogou.com:80,545,278,01:05,
1777,play.google.com:443,8399,(8.20,KB),sent,,9521,bytes,(9.29,
1780,www.evernote.com:443,2214,(2.16,KB),sent,,5451,bytes,(5.32,
1781,d.dropbox.com:443,1821,(1.77,KB),sent,,4970,bytes,(4.85,
1782,play.google.com:443,6339,(6.19,KB),sent,,3969,bytes,(3.87,
1783,www.googleadservices.com:443,1188,(1.16,KB),sent,,5007,bytes,(4.88,
1785,clients4.google.com:443,1738,(1.69,KB),sent,,487,bytes,received,,
1787,clients6.google.com:443,2867,(2.79,KB),sent,,1014,bytes,received,,
1788,security.ie.sogou.com:80,691,184,<1,
1789,block.dropbox.com:443,0,0,<1,
1794,tc.dl.pinyin.sogoucdn.com:80,158,33899,(33.1,KB),received,,
1795,tc.dl.pinyin.sogoucdn.com:80,158,46624,(45.5,KB),received,,
1797,qa.sockets.stackexchange.com:443,4755,(4.64,KB),sent,,4917,bytes,(4.80,
1798,www.evernote.com:443,2485,(2.42,KB),sent,,2359,bytes,(2.30,
1799,13.client-channel.google.com:443,14267,(13.9,KB),sent,,36698,bytes,(35.8,
1828,clients6.google.com:443,3215,(3.13,KB),sent,,1174,bytes,(1.14,
1831,bolt.dropbox.com:443,15427,(15.0,KB),sent,,8268,bytes,(8.07,
1833,client-cf.dropbox.com:443,0,0,<1,
1834,clients6.google.com:443,6895,(6.73,KB),sent,,3475,bytes,(3.39,
1835,clients4.google.com:443,2302,(2.24,KB),sent,,5187,bytes,(5.06,
1839,security.ie.sogou.com:80,691,184,<1,
1840,client-cf.dropbox.com:443,0,0,<1,
1841,info.pinyin.sogou.com:80,1035,(1.01,KB),sent,,40820,bytes,(39.8,
1842,client-cf.dropbox.com:443,913,3881,(3.79,KB),received,,
1843,block.dropbox.com:443,0,0,<1,
1847,clients6.google.com:443,5304,(5.17,KB),sent,,4396,bytes,(4.29,
1849,get.sogou.com:80,651,328,00:01,
1850,get.sogou.com:80,651,328,<1,
1853,get.sogou.com:80,651,328,<1,
1855,p2.qhimg.com:80,230,1125,(1.09,KB),received,,
1857,get.sogou.com:80,651,328,<1,
1858,safebrowsing.googleapis.com:443,1848,(1.80,KB),sent,,2305,bytes,(2.25,
1859,www.evernote.com:443,2486,(2.42,KB),sent,,2337,bytes,(2.28,
1863,info.pinyin.sogou.com:80,561,166,00:30,
1864,d.dropbox.com:443,2560,(2.50,KB),sent,,4976,bytes,(4.85,
1866,13.client-channel.google.com:443,16473,(16.0,KB),sent,,42641,bytes,(41.6,
1870,clients6.google.com:443,5015,(4.89,KB),sent,,2599,bytes,(2.53,
1872,client-cf.dropbox.com:443,1573,(1.53,KB),sent,,16750,bytes,(16.3,
1873,block.dropbox.com:443,0,0,<1,
1874,www.evernote.com:443,2486,(2.42,KB),sent,,2337,bytes,(2.28,
1875,clients4.google.com:443,2570,(2.50,KB),sent,,626,bytes,received,,
1881,block.dropbox.com:443,0,0,<1,
1882,play.google.com:443,3874,(3.78,KB),sent,,2186,bytes,(2.13,
1883,clients6.google.com:443,7738,(7.55,KB),sent,,8620,bytes,(8.41,
1886,client-cf.dropbox.com:443,5129,(5.00,KB),sent,,17049,bytes,(16.6,
1887,client-cf.dropbox.com:443,1573,(1.53,KB),sent,,16743,bytes,(16.3,
1888,mtalk.google.com:443,985,463,15:00,
1892,block.dropbox.com:443,0,0,<1,
1894,info.pinyin.sogou.com:80,548,166,00:30,
1897,www.evernote.com:443,0,0,00:10,
1898,clients6.google.com:443,2867,(2.79,KB),sent,,1014,bytes,received,,
1901,block.dropbox.com:443,0,0,<1,
1903,clients6.google.com:443,2987,(2.91,KB),sent,,5913,bytes,(5.77,
1904,block.dropbox.com:443,0,0,<1,
1912,txt.go.sohu.com:80,606,857,00:07,
1913,pv.mini.sohu.com:80,1941,(1.89,KB),sent,,1363,bytes,(1.33,
1914,pv.mini.sohu.com:80,512,15495,(15.1,KB),received,,
1915,pv.mini.sohu.com:80,816,264,00:05,
1916,pv.mini.sohu.com:80,1510,(1.47,KB),sent,,1293,bytes,(1.26,
1917,css.sohu.com:80,3549,(3.46,KB),sent,,108371,bytes,(105,
1918,p.inte.sogou.com:80,5061,(4.94,KB),sent,,1248,bytes,(1.21,
1919,i2.itc.cn:80,1330,(1.29,KB),sent,,62141,bytes,(60.6,
1921,cdn.e9377f.com:80,575,243,00:30,
1925,v.admaster.com.cn:80,4121,(4.02,KB),sent,,4104,bytes,(4.00,
1928,ping.pinyin.sogou.com:80,634,166,00:01,
1933,s2.googleusercontent.com:443,470,4691,(4.58,KB),received,,
1937,d3cv4a9a9wh0bt.cloudfront.net:443,820,5619,(5.48,KB),received,,
1938,r1---sn-i3belnez.googlevideo.com:443,10046,(9.81,KB),sent,,5657896,bytes,(5.39,
1941,r6---sn-p5qs7n7s.googlevideo.com:443,1175,(1.14,KB),sent,,11041,bytes,(10.7,
1942,r2---sn-i3b7kn7r.googlevideo.com:443,2883,(2.81,KB),sent,,90785,bytes,(88.6,
1943,mtalk.google.com:443,985,463,14:59,
1944,bolt.dropbox.com:443,0,0,<1,
1946,www.googleapis.com:443,1046,(1.02,KB),sent,,5463,bytes,(5.33,
1947,cidian.youdao.com:80,923,456,09:53,
1950,lh3.googleusercontent.com:443,745,229,00:14,
1951,qdun-data.qq.com:443,261,70,<1,
1954,www.gstatic.com:443,1239,(1.20,KB),sent,,20185,bytes,(19.7,
1955,pubads.g.doubleclick.net:443,22150,(21.6,KB),sent,,60543,bytes,(59.1,
1957,clients4.google.com:443,4552,(4.44,KB),sent,,1616,bytes,(1.57,
1959,yt3.ggpht.com:443,733,229,<1,
1961,r6---sn-i3b7knl6.googlevideo.com:443,733,151,00:15,
1971,f-log-extension.grammarly.io:443,643,3276,(3.19,KB),received,,
1972,clients4.google.com:443,733,229,00:13,
1973,www.zhihu.com:443,568,152,00:18,
1974,zhstatic.zhihu.com:443,332,3763,(3.67,KB),received,,
1979,www.baidu.com:80,0,0,00:06,
1981,b1.bdstatic.com:80,0,0,00:14,
1983,imgsrc.baidu.com:80,867,23546,(22.9,KB),received,,
1990,googleads.g.doubleclick.net:80,0,0,00:12,
1995,wn.pos.baidu.com:443,330,4169,(4.07,KB),received,,
1996,cpro.baidustatic.com:443,334,3713,(3.62,KB),received,,
1998,t12.baidu.com:80,0,0,00:17,
1999,mhfm9.us.cdndm5.com:80,0,0,00:12,
2000,t12.baidu.com:80,0,0,00:17,
