symbol: s4
template: <*> error : A connection request was canceled before the completion.
253,tcpconn6.tencent.com:443,
428,oimagec7.ydstatic.com:80,
567,oimagea5.ydstatic.com:80,
722,oimagea5.ydstatic.com:80,
796,oimagea5.ydstatic.com:80,
857,oimagea5.ydstatic.com:80,
862,oimagea5.ydstatic.com:80,
863,oimagea5.ydstatic.com:80,
865,oimagea5.ydstatic.com:80,
910,oimageb3.ydstatic.com:80,
911,oimagea5.ydstatic.com:80,
912,oimageb1.ydstatic.com:80,
915,oimagea3.ydstatic.com:80,
916,oimagec1.ydstatic.com:80,
917,oimageb5.ydstatic.com:80,
922,oimageb2.ydstatic.com:80,
923,oimageb4.ydstatic.com:80,
924,oimagec7.ydstatic.com:80,
925,oimagec4.ydstatic.com:80,
926,oimageb8.ydstatic.com:80,
933,oimagea5.ydstatic.com:80,
934,oimagea5.ydstatic.com:80,
935,oimageb8.ydstatic.com:80,
936,oimagec1.ydstatic.com:80,
937,oimagea5.ydstatic.com:80,
1059,hm.baidu.com:80,
1194,hm.baidu.com:443,
1519,csdnimg.cn:80,
1520,hm.baidu.com:443,
1530,csdnimg.cn:80,
1746,client-cf.dropbox.com:443,
