symbol: s7
template: <*> error : Could not connect to proxy <*> <?> Could not resolve <*> error <*>
1477,223.167.104.147:80,proxy.cse.cuhk.edu.hk:5070,-,proxy.cse.cuhk.edu.hk,11001,
1479,mtalk.google.com:5228,proxy.cse.cuhk.edu.hk:5070,-,proxy.cse.cuhk.edu.hk,11001,
1480,www.google.com:443,proxy.cse.cuhk.edu.hk:5070,-,proxy.cse.cuhk.edu.hk,11001,
1481,awqiizxequsixgr:80,proxy.cse.cuhk.edu.hk:5070,-,proxy.cse.cuhk.edu.hk,11001,
1482,www.baidu.com:80,proxy.cse.cuhk.edu.hk:5070,-,proxy.cse.cuhk.edu.hk,11001,
1483,c.baidu.com:80,proxy.cse.cuhk.edu.hk:5070,-,proxy.cse.cuhk.edu.hk,11001,
1484,s1.bdstatic.com:80,proxy.cse.cuhk.edu.hk:5070,-,proxy.cse.cuhk.edu.hk,11001,
1485,s1.bdstatic.com:80,proxy.cse.cuhk.edu.hk:5070,-,proxy.cse.cuhk.edu.hk,11001,
1486,ss.bdimg.com:80,proxy.cse.cuhk.edu.hk:5070,-,proxy.cse.cuhk.edu.hk,11001,
1487,ss.bdimg.com:80,proxy.cse.cuhk.edu.hk:5070,-,proxy.cse.cuhk.edu.hk,11001,
1488,ss.bdimg.com:80,proxy.cse.cuhk.edu.hk:5070,-,proxy.cse.cuhk.edu.hk,11001,
1489,clients4.google.com:443,proxy.cse.cuhk.edu.hk:5070,-,proxy.cse.cuhk.edu.hk,11001,
1490,bolt.dropbox.com:443,proxy.cse.cuhk.edu.hk:5070,-,proxy.cse.cuhk.edu.hk,11001,
1491,wpad:80,proxy.cse.cuhk.edu.hk:5070,-,proxy.cse.cuhk.edu.hk,11001,
1492,www.qq.com:80,proxy.cse.cuhk.edu.hk:5070,-,proxy.cse.cuhk.edu.hk,11001,
1579,203.205.151.204:80,proxy.cse.cuhk.edu.hk:5070,-,proxy.cse.cuhk.edu.hk,11001,
1580,get.sogou.com:80,proxy.cse.cuhk.edu.hk:5070,-,proxy.cse.cuhk.edu.hk,11001,
1581,120.204.0.139:8080,proxy.cse.cuhk.edu.hk:5070,-,proxy.cse.cuhk.edu.hk,11001,
1582,101.226.211.46:8080,proxy.cse.cuhk.edu.hk:5070,-,proxy.cse.cuhk.edu.hk,11001,
1745,client.dropbox.com:443,proxy.cse.cuhk.edu.hk:5070,-,proxy.cse.cuhk.edu.hk,11001,
