symbol: s8
template: <*> error : Could not connect to proxy <*> <?> connection attempt failed with error <*>
1800,qa.sockets.stackexchange.com:443,proxy.cse.cuhk.edu.hk:5070,-,10061,
1801,13.client-channel.google.com:443,proxy.cse.cuhk.edu.hk:5070,-,10061,
1802,13.client-channel.google.com:443,proxy.cse.cuhk.edu.hk:5070,-,10061,
1803,13.client-channel.google.com:443,proxy.cse.cuhk.edu.hk:5070,-,10061,
1804,www.google.com:443,proxy.cse.cuhk.edu.hk:5070,-,10061,
1805,client-cf.dropbox.com:443,proxy.cse.cuhk.edu.hk:5070,-,10061,
1806,qa.sockets.stackexchange.com:443,proxy.cse.cuhk.edu.hk:5070,-,10061,
1807,16.client-channel.google.com:443,proxy.cse.cuhk.edu.hk:5070,-,10061,
1808,bolt.dropbox.com:443,proxy.cse.cuhk.edu.hk:5070,-,10061,
1809,bolt.dropbox.com:443,proxy.cse.cuhk.edu.hk:5070,-,10061,
1810,www.google.com:443,proxy.cse.cuhk.edu.hk:5070,-,10061,
1811,bolt.dropbox.com:443,proxy.cse.cuhk.edu.hk:5070,-,10061,
1812,16.client-channel.google.com:443,proxy.cse.cuhk.edu.hk:5070,-,10061,
1813,www.google.com:443,proxy.cse.cuhk.edu.hk:5070,-,10061,
1814,mtalk.google.com:5228,proxy.cse.cuhk.edu.hk:5070,-,10061,
1815,www.google.com:443,proxy.cse.cuhk.edu.hk:5070,-,10061,
1816,client-lb.dropbox.com:443,proxy.cse.cuhk.edu.hk:5070,-,10061,
1817,bolt.dropbox.com:443,proxy.cse.cuhk.edu.hk:5070,-,10061,
1818,16.client-channel.google.com:443,proxy.cse.cuhk.edu.hk:5070,-,10061,
1819,bolt.dropbox.com:443,proxy.cse.cuhk.edu.hk:5070,-,10061,
1820,bolt.dropbox.com:443,proxy.cse.cuhk.edu.hk:5070,-,10061,
1821,bolt.dropbox.com:443,proxy.cse.cuhk.edu.hk:5070,-,10061,
1822,bolt.dropbox.com:443,proxy.cse.cuhk.edu.hk:5070,-,10061,
1823,bolt.dropbox.com:443,proxy.cse.cuhk.edu.hk:5070,-,10061,
1824,16.client-channel.google.com:443,proxy.cse.cuhk.edu.hk:5070,-,10061,
1825,bolt.dropbox.com:443,proxy.cse.cuhk.edu.hk:5070,-,10061,
