E13, 1
E13, 2
E13, 3
E13, 4
E13, 5
E13, 6
E13, 7
E13, 8
E13, 9
E13, 10
E13, 11
E13, 12
E8, 13
E8, 14
E36, 15
E6, 16
E4, 17
E4, 18
E4, 19
E4, 20
E45, 21
E4, 22
E19, 23
E4, 24
E4, 25
E45, 26
E45, 27
E4, 28
E45, 29
E4, 30
E4, 31
E4, 32
E19, 33
E45, 34
E45, 35
E45, 36
E45, 37
E4, 38
E45, 39
E45, 40
E45, 41
E45, 42
E4, 43
E4, 44
E4, 45
E45, 46
E45, 47
E45, 48
E4, 49
E4, 50
E4, 51
E4, 52
E4, 53
E45, 54
E45, 55
E4, 56
E45, 57
E4, 58
E45, 59
E4, 60
E45, 61
E45, 62
E4, 63
E45, 64
E4, 65
E45, 66
E4, 67
E4, 68
E4, 69
E4, 70
E4, 71
E45, 72
E4, 73
E45, 74
E4, 75
E4, 76
E4, 77
E45, 78
E4, 79
E45, 80
E45, 81
E45, 82
E4, 83
E45, 84
E45, 85
E45, 86
E45, 87
E45, 88
E45, 89
E4, 90
E45, 91
E4, 92
E19, 93
E45, 94
E45, 95
E45, 96
E45, 97
E4, 98
E4, 99
E4, 100
E4, 101
E4, 102
E4, 103
E4, 104
E45, 105
E45, 106
E4, 107
E45, 108
E4, 109
E4, 110
E45, 111
E45, 112
E45, 113
E4, 114
E4, 115
E4, 116
E4, 117
E4, 118
E45, 119
E4, 120
E45, 121
E4, 122
E45, 123
E4, 124
E45, 125
E4, 126
E45, 127
E45, 128
E45, 129
E45, 130
E4, 131
E4, 132
E4, 133
E4, 134
E45, 135
E45, 136
E45, 137
E4, 138
E45, 139
E45, 140
E4, 141
E45, 142
E45, 143
E4, 144
E45, 145
E4, 146
E4, 147
E45, 148
E45, 149
E6, 150
E4, 151
E45, 152
E45, 153
E12, 154
E12, 155
E12, 156
E12, 157
E12, 158
E12, 159
E12, 160
E12, 161
E12, 162
E12, 163
E42, 164
E42, 165
E43, 166
E42, 167
E42, 168
E43, 169
E43, 170
E42, 171
E43, 172
E35, 173
E35, 174
E35, 175
E35, 176
E35, 177
E44, 178
E44, 179
E10, 180
E10, 181
E10, 182
E10, 183
E10, 184
E10, 185
E10, 186
E10, 187
E10, 188
E10, 189
E10, 190
E10, 191
E10, 192
E10, 193
E10, 194
E10, 195
E10, 196
E10, 197
E10, 198
E10, 199
E10, 200
E10, 201
E10, 202
E10, 203
E10, 204
E10, 205
E10, 206
E10, 207
E10, 208
E10, 209
E10, 210
E10, 211
E27, 212
E27, 213
E39, 214
E17, 215
E17, 216
E17, 217
E17, 218
E18, 219
E17, 220
E18, 221
E17, 222
E17, 223
E18, 224
E17, 225
E17, 226
E17, 227
E18, 228
E17, 229
E17, 230
E17, 231
E17, 232
E17, 233
E17, 234
E17, 235
E17, 236
E17, 237
E17, 238
E17, 239
E17, 240
E17, 241
E17, 242
E17, 243
E17, 244
E17, 245
E17, 246
E17, 247
E17, 248
E17, 249
E17, 250
E17, 251
E17, 252
E18, 253
E17, 254
E17, 255
E17, 256
E17, 257
E17, 258
E17, 259
E17, 260
E17, 261
E17, 262
E17, 263
E17, 264
E17, 265
E17, 266
E18, 267
E17, 268
E17, 269
E17, 270
E17, 271
E18, 272
E17, 273
E17, 274
E17, 275
E17, 276
E17, 277
E17, 278
E17, 279
E17, 280
E17, 281
E17, 282
E17, 283
E17, 284
E17, 285
E18, 286
E17, 287
E17, 288
E17, 289
E17, 290
E17, 291
E17, 292
E17, 293
E18, 294
E18, 295
E17, 296
E17, 297
E17, 298
E17, 299
E17, 300
E18, 301
E17, 302
E17, 303
E17, 304
E11, 305
E34, 306
E21, 307
E21, 308
E21, 309
E21, 310
E24, 311
E21, 312
E21, 313
E21, 314
E21, 315
E21, 316
E24, 317
E25, 318
E22, 319
E22, 320
E22, 321
E22, 322
E40, 323
E40, 324
E40, 325
E40, 326
E40, 327
E40, 328
E40, 329
E40, 330
E40, 331
E40, 332
E40, 333
E40, 334
E9, 335
E9, 336
E9, 337
E9, 338
E9, 339
E9, 340
E9, 341
E9, 342
E9, 343
E9, 344
E9, 345
E9, 346
E9, 347
E9, 348
E9, 349
E9, 350
E9, 351
E9, 352
E9, 353
E9, 354
E9, 355
E9, 356
E9, 357
E9, 358
E9, 359
E9, 360
E9, 361
E9, 362
E9, 363
E9, 364
E9, 365
E9, 366
E9, 367
E9, 368
E9, 369
E9, 370
E38, 371
E38, 372
E38, 373
E38, 374
E38, 375
E38, 376
E38, 377
E3, 378
E3, 379
E38, 380
E38, 381
E32, 382
E32, 383
E14, 384
E38, 385
E38, 386
E38, 387
E32, 388
E32, 389
E38, 390
E32, 391
E32, 392
E14, 393
E32, 394
E38, 395
E38, 396
E38, 397
E38, 398
E32, 399
E32, 400
E32, 401
E20, 402
E38, 403
E38, 404
E38, 405
E38, 406
E38, 407
E38, 408
E38, 409
E14, 410
E38, 411
E1, 412
E14, 413
E38, 414
E38, 415
E14, 416
E14, 417
E14, 418
E38, 419
E14, 420
E32, 421
E38, 422
E38, 423
E14, 424
E32, 425
E38, 426
E14, 427
E32, 428
E20, 429
E14, 430
E32, 431
E38, 432
E14, 433
E14, 434
E14, 435
E32, 436
E14, 437
E14, 438
E38, 439
E38, 440
E38, 441
E14, 442
E14, 443
E32, 444
E32, 445
E14, 446
E38, 447
E14, 448
E14, 449
E38, 450
E32, 451
E1, 452
E38, 453
E38, 454
E14, 455
E38, 456
E14, 457
E38, 458
E38, 459
E3, 460
E32, 461
E32, 462
E38, 463
E32, 464
E32, 465
E32, 466
E38, 467
E38, 468
E38, 469
E32, 470
E38, 471
E38, 472
E14, 473
E14, 474
E38, 475
E38, 476
E32, 477
E38, 478
E38, 479
E32, 480
E14, 481
E14, 482
E14, 483
E14, 484
E14, 485
E32, 486
E32, 487
E32, 488
E38, 489
E38, 490
E14, 491
E14, 492
E14, 493
E14, 494
E38, 495
E38, 496
E14, 497
E38, 498
E32, 499
E32, 500
E32, 501
E38, 502
E38, 503
E14, 504
E32, 505
E38, 506
E32, 507
E38, 508
E14, 509
E38, 510
E38, 511
E32, 512
E32, 513
E14, 514
E14, 515
E38, 516
E38, 517
E38, 518
E14, 519
E38, 520
E38, 521
E14, 522
E14, 523
E14, 524
E38, 525
E38, 526
E38, 527
E3, 528
E3, 529
E32, 530
E38, 531
E38, 532
E14, 533
E38, 534
E38, 535
E38, 536
E38, 537
E38, 538
E14, 539
E14, 540
E33, 541
E38, 542
E38, 543
E1, 544
E38, 545
E38, 546
E38, 547
E38, 548
E38, 549
E38, 550
E32, 551
E14, 552
E14, 553
E32, 554
E38, 555
E38, 556
E14, 557
E14, 558
E38, 559
E38, 560
E38, 561
E14, 562
E20, 563
E14, 564
E3, 565
E14, 566
E38, 567
E38, 568
E38, 569
E14, 570
E32, 571
E14, 572
E32, 573
E38, 574
E1, 575
E32, 576
E14, 577
E14, 578
E38, 579
E38, 580
E14, 581
E32, 582
E38, 583
E14, 584
E3, 585
E38, 586
E14, 587
E32, 588
E14, 589
E14, 590
E14, 591
E14, 592
E38, 593
E14, 594
E14, 595
E38, 596
E38, 597
E38, 598
E38, 599
E38, 600
E14, 601
E14, 602
E38, 603
E3, 604
E14, 605
E38, 606
E38, 607
E38, 608
E38, 609
E3, 610
E14, 611
E38, 612
E32, 613
E38, 614
E38, 615
E38, 616
E38, 617
E14, 618
E14, 619
E32, 620
E38, 621
E38, 622
E38, 623
E32, 624
E38, 625
E38, 626
E32, 627
E41, 628
E14, 629
E14, 630
E14, 631
E14, 632
E38, 633
E14, 634
E32, 635
E32, 636
E14, 637
E38, 638
E38, 639
E14, 640
E32, 641
E38, 642
E14, 643
E38, 644
E14, 645
E3, 646
E38, 647
E38, 648
E38, 649
E38, 650
E3, 651
E38, 652
E38, 653
E38, 654
E14, 655
E7, 656
E38, 657
E38, 658
E38, 659
E38, 660
E38, 661
E38, 662
E38, 663
E38, 664
E38, 665
E38, 666
E38, 667
E14, 668
E32, 669
E32, 670
E3, 671
E38, 672
E32, 673
E38, 674
E1, 675
E32, 676
E14, 677
E32, 678
E38, 679
E38, 680
E3, 681
E38, 682
E32, 683
E32, 684
E38, 685
E38, 686
E3, 687
E32, 688
E14, 689
E14, 690
E38, 691
E38, 692
E38, 693
E14, 694
E14, 695
E14, 696
E38, 697
E38, 698
E38, 699
E20, 700
E14, 701
E38, 702
E3, 703
E38, 704
E32, 705
E14, 706
E38, 707
E38, 708
E38, 709
E38, 710
E31, 711
E31, 712
E46, 713
E31, 714
E31, 715
E46, 716
E2, 717
E31, 718
E2, 719
E31, 720
E31, 721
E15, 722
E31, 723
E31, 724
E15, 725
E31, 726
E2, 727
E31, 728
E31, 729
E2, 730
E2, 731
E31, 732
E2, 733
E2, 734
E46, 735
E15, 736
E31, 737
E2, 738
E2, 739
E31, 740
E2, 741
E2, 742
E2, 743
E2, 744
E31, 745
E46, 746
E46, 747
E46, 748
E2, 749
E46, 750
E31, 751
E2, 752
E2, 753
E31, 754
E2, 755
E46, 756
E46, 757
E31, 758
E46, 759
E31, 760
E2, 761
E46, 762
E2, 763
E2, 764
E31, 765
E46, 766
E31, 767
E2, 768
E46, 769
E46, 770
E46, 771
E2, 772
E2, 773
E2, 774
E46, 775
E46, 776
E31, 777
E46, 778
E31, 779
E31, 780
E31, 781
E31, 782
E46, 783
E46, 784
E31, 785
E46, 786
E31, 787
E31, 788
E31, 789
E2, 790
E46, 791
E46, 792
E31, 793
E46, 794
E31, 795
E46, 796
E2, 797
E31, 798
E46, 799
E46, 800
E46, 801
E2, 802
E31, 803
E2, 804
E46, 805
E46, 806
E46, 807
E46, 808
E2, 809
E2, 810
E2, 811
E2, 812
E2, 813
E2, 814
E2, 815
E46, 816
E31, 817
E2, 818
E31, 819
E46, 820
E31, 821
E2, 822
E31, 823
E2, 824
E46, 825
E15, 826
E2, 827
E2, 828
E2, 829
E46, 830
E2, 831
E2, 832
E2, 833
E31, 834
E2, 835
E2, 836
E2, 837
E46, 838
E46, 839
E31, 840
E31, 841
E46, 842
E2, 843
E2, 844
E2, 845
E2, 846
E2, 847
E46, 848
E2, 849
E31, 850
E46, 851
E31, 852
E31, 853
E31, 854
E31, 855
E2, 856
E31, 857
E2, 858
E46, 859
E31, 860
E46, 861
E46, 862
E46, 863
E46, 864
E2, 865
E46, 866
E31, 867
E46, 868
E46, 869
E31, 870
E31, 871
E46, 872
E31, 873
E46, 874
E31, 875
E31, 876
E31, 877
E46, 878
E46, 879
E31, 880
E31, 881
E46, 882
E46, 883
E46, 884
E46, 885
E2, 886
E31, 887
E31, 888
E2, 889
E2, 890
E2, 891
E2, 892
E31, 893
E2, 894
E46, 895
E31, 896
E31, 897
E2, 898
E31, 899
E46, 900
E2, 901
E46, 902
E31, 903
E31, 904
E31, 905
E46, 906
E2, 907
E46, 908
E46, 909
E31, 910
E46, 911
E2, 912
E2, 913
E31, 914
E2, 915
E2, 916
E2, 917
E46, 918
E2, 919
E31, 920
E2, 921
E2, 922
E2, 923
E2, 924
E2, 925
E2, 926
E31, 927
E2, 928
E31, 929
E2, 930
E2, 931
E2, 932
E15, 933
E31, 934
E2, 935
E31, 936
E2, 937
E31, 938
E2, 939
E31, 940
E46, 941
E31, 942
E46, 943
E31, 944
E2, 945
E2, 946
E2, 947
E2, 948
E31, 949
E46, 950
E46, 951
E2, 952
E2, 953
E46, 954
E31, 955
E2, 956
E31, 957
E2, 958
E2, 959
E46, 960
E46, 961
E46, 962
E46, 963
E46, 964
E31, 965
E46, 966
E2, 967
E2, 968
E2, 969
E31, 970
E46, 971
E31, 972
E46, 973
E46, 974
E31, 975
E46, 976
E31, 977
E46, 978
E46, 979
E31, 980
E46, 981
E31, 982
E2, 983
E31, 984
E2, 985
E2, 986
E46, 987
E2, 988
E2, 989
E2, 990
E31, 991
E2, 992
E31, 993
E31, 994
E46, 995
E46, 996
E31, 997
E31, 998
E31, 999
E46, 1000
E46, 1001
E46, 1002
E46, 1003
E31, 1004
E46, 1005
E31, 1006
E46, 1007
E2, 1008
E31, 1009
E31, 1010
E46, 1011
E31, 1012
E31, 1013
E46, 1014
E46, 1015
E46, 1016
E46, 1017
E31, 1018
E31, 1019
E31, 1020
E31, 1021
E2, 1022
E31, 1023
E31, 1024
E31, 1025
E31, 1026
E31, 1027
E46, 1028
E15, 1029
E46, 1030
E46, 1031
E46, 1032
E46, 1033
E2, 1034
E46, 1035
E31, 1036
E2, 1037
E31, 1038
E31, 1039
E31, 1040
E46, 1041
E31, 1042
E2, 1043
E46, 1044
E31, 1045
E46, 1046
E31, 1047
E31, 1048
E2, 1049
E31, 1050
E31, 1051
E46, 1052
E46, 1053
E46, 1054
E46, 1055
E31, 1056
E46, 1057
E2, 1058
E2, 1059
E2, 1060
E2, 1061
E2, 1062
E15, 1063
E46, 1064
E46, 1065
E31, 1066
E46, 1067
E46, 1068
E46, 1069
E2, 1070
E31, 1071
E2, 1072
E31, 1073
E31, 1074
E31, 1075
E46, 1076
E2, 1077
E46, 1078
E2, 1079
E31, 1080
E46, 1081
E46, 1082
E46, 1083
E31, 1084
E15, 1085
E46, 1086
E46, 1087
E46, 1088
E15, 1089
E2, 1090
E46, 1091
E2, 1092
E31, 1093
E46, 1094
E2, 1095
E31, 1096
E46, 1097
E31, 1098
E2, 1099
E31, 1100
E2, 1101
E2, 1102
E31, 1103
E2, 1104
E2, 1105
E2, 1106
E46, 1107
E2, 1108
E2, 1109
E15, 1110
E31, 1111
E2, 1112
E2, 1113
E2, 1114
E2, 1115
E2, 1116
E2, 1117
E2, 1118
E2, 1119
E2, 1120
E46, 1121
E15, 1122
E31, 1123
E46, 1124
E31, 1125
E46, 1126
E31, 1127
E31, 1128
E31, 1129
E31, 1130
E46, 1131
E31, 1132
E31, 1133
E31, 1134
E31, 1135
E46, 1136
E31, 1137
E31, 1138
E31, 1139
E46, 1140
E31, 1141
E46, 1142
E15, 1143
E31, 1144
E46, 1145
E46, 1146
E46, 1147
E15, 1148
E46, 1149
E31, 1150
E46, 1151
E2, 1152
E46, 1153
E46, 1154
E46, 1155
E2, 1156
E2, 1157
E2, 1158
E2, 1159
E2, 1160
E2, 1161
E46, 1162
E15, 1163
E2, 1164
E31, 1165
E46, 1166
E2, 1167
E46, 1168
E46, 1169
E46, 1170
E46, 1171
E31, 1172
E2, 1173
E31, 1174
E31, 1175
E2, 1176
E2, 1177
E2, 1178
E2, 1179
E46, 1180
E46, 1181
E46, 1182
E46, 1183
E31, 1184
E46, 1185
E2, 1186
E46, 1187
E2, 1188
E2, 1189
E2, 1190
E2, 1191
E46, 1192
E31, 1193
E46, 1194
E31, 1195
E31, 1196
E46, 1197
E46, 1198
E46, 1199
E46, 1200
E31, 1201
E46, 1202
E46, 1203
E31, 1204
E31, 1205
E2, 1206
E31, 1207
E2, 1208
E2, 1209
E2, 1210
E2, 1211
E31, 1212
E46, 1213
E31, 1214
E46, 1215
E46, 1216
E46, 1217
E2, 1218
E31, 1219
E2, 1220
E2, 1221
E31, 1222
E46, 1223
E46, 1224
E46, 1225
E2, 1226
E2, 1227
E46, 1228
E2, 1229
E31, 1230
E2, 1231
E2, 1232
E46, 1233
E2, 1234
E2, 1235
E2, 1236
E2, 1237
E2, 1238
E2, 1239
E2, 1240
E2, 1241
E2, 1242
E46, 1243
E2, 1244
E2, 1245
E46, 1246
E46, 1247
E2, 1248
E2, 1249
E31, 1250
E31, 1251
E2, 1252
E2, 1253
E2, 1254
E2, 1255
E46, 1256
E2, 1257
E46, 1258
E2, 1259
E31, 1260
E2, 1261
E2, 1262
E46, 1263
E2, 1264
E31, 1265
E31, 1266
E46, 1267
E2, 1268
E46, 1269
E31, 1270
E2, 1271
E2, 1272
E2, 1273
E31, 1274
E2, 1275
E2, 1276
E2, 1277
E31, 1278
E2, 1279
E46, 1280
E31, 1281
E2, 1282
E31, 1283
E31, 1284
E2, 1285
E2, 1286
E46, 1287
E2, 1288
E2, 1289
E2, 1290
E31, 1291
E2, 1292
E2, 1293
E46, 1294
E46, 1295
E2, 1296
E2, 1297
E46, 1298
E2, 1299
E31, 1300
E2, 1301
E2, 1302
E2, 1303
E2, 1304
E31, 1305
E2, 1306
E46, 1307
E2, 1308
E2, 1309
E2, 1310
E2, 1311
E46, 1312
E2, 1313
E2, 1314
E46, 1315
E31, 1316
E31, 1317
E46, 1318
E2, 1319
E2, 1320
E2, 1321
E2, 1322
E2, 1323
E46, 1324
E2, 1325
E2, 1326
E2, 1327
E2, 1328
E2, 1329
E2, 1330
E31, 1331
E31, 1332
E31, 1333
E46, 1334
E2, 1335
E31, 1336
E31, 1337
E2, 1338
E2, 1339
E46, 1340
E2, 1341
E2, 1342
E2, 1343
E2, 1344
E2, 1345
E46, 1346
E31, 1347
E2, 1348
E31, 1349
E2, 1350
E2, 1351
E2, 1352
E2, 1353
E2, 1354
E2, 1355
E2, 1356
E2, 1357
E2, 1358
E15, 1359
E2, 1360
E2, 1361
E2, 1362
E2, 1363
E2, 1364
E2, 1365
E2, 1366
E2, 1367
E2, 1368
E15, 1369
E2, 1370
E31, 1371
E2, 1372
E31, 1373
E2, 1374
E2, 1375
E2, 1376
E2, 1377
E2, 1378
E2, 1379
E2, 1380
E31, 1381
E2, 1382
E31, 1383
E2, 1384
E2, 1385
E46, 1386
E15, 1387
E31, 1388
E31, 1389
E2, 1390
E46, 1391
E31, 1392
E2, 1393
E2, 1394
E31, 1395
E2, 1396
E2, 1397
E2, 1398
E2, 1399
E2, 1400
E2, 1401
E46, 1402
E31, 1403
E2, 1404
E2, 1405
E2, 1406
E2, 1407
E15, 1408
E31, 1409
E2, 1410
E2, 1411
E2, 1412
E31, 1413
E31, 1414
E31, 1415
E46, 1416
E46, 1417
E2, 1418
E31, 1419
E15, 1420
E46, 1421
E46, 1422
E31, 1423
E46, 1424
E31, 1425
E46, 1426
E2, 1427
E2, 1428
E2, 1429
E46, 1430
E46, 1431
E15, 1432
E46, 1433
E25, 1434
E25, 1435
E25, 1436
E25, 1437
E21, 1438
E21, 1439
E24, 1440
E25, 1441
E25, 1442
E24, 1443
E25, 1444
E21, 1445
E25, 1446
E25, 1447
E25, 1448
E21, 1449
E24, 1450
E25, 1451
E25, 1452
E24, 1453
E24, 1454
E24, 1455
E24, 1456
E26, 1457
E26, 1458
E37, 1459
E26, 1460
E26, 1461
E26, 1462
E26, 1463
E26, 1464
E26, 1465
E26, 1466
E26, 1467
E26, 1468
E26, 1469
E26, 1470
E26, 1471
E26, 1472
E26, 1473
E26, 1474
E26, 1475
E26, 1476
E26, 1477
E26, 1478
E26, 1479
E26, 1480
E26, 1481
E26, 1482
E26, 1483
E26, 1484
E26, 1485
E26, 1486
E26, 1487
E26, 1488
E26, 1489
E26, 1490
E26, 1491
E26, 1492
E26, 1493
E26, 1494
E26, 1495
E26, 1496
E26, 1497
E26, 1498
E26, 1499
E26, 1500
E26, 1501
E26, 1502
E26, 1503
E26, 1504
E26, 1505
E26, 1506
E26, 1507
E26, 1508
E26, 1509
E26, 1510
E26, 1511
E26, 1512
E26, 1513
E26, 1514
E26, 1515
E26, 1516
E26, 1517
E26, 1518
E26, 1519
E26, 1520
E26, 1521
E26, 1522
E26, 1523
E26, 1524
E26, 1525
E26, 1526
E26, 1527
E26, 1528
E26, 1529
E26, 1530
E26, 1531
E26, 1532
E26, 1533
E26, 1534
E26, 1535
E26, 1536
E26, 1537
E26, 1538
E26, 1539
E26, 1540
E26, 1541
E5, 1542
E26, 1543
E26, 1544
E26, 1545
E26, 1546
E26, 1547
E26, 1548
E26, 1549
E26, 1550
E26, 1551
E26, 1552
E26, 1553
E26, 1554
E26, 1555
E26, 1556
E26, 1557
E26, 1558
E26, 1559
E26, 1560
E26, 1561
E26, 1562
E26, 1563
E26, 1564
E26, 1565
E26, 1566
E26, 1567
E26, 1568
E26, 1569
E26, 1570
E26, 1571
E26, 1572
E26, 1573
E26, 1574
E26, 1575
E26, 1576
E26, 1577
E26, 1578
E26, 1579
E26, 1580
E26, 1581
E26, 1582
E26, 1583
E26, 1584
E26, 1585
E26, 1586
E26, 1587
E26, 1588
E26, 1589
E26, 1590
E26, 1591
E26, 1592
E26, 1593
E26, 1594
E26, 1595
E26, 1596
E26, 1597
E26, 1598
E26, 1599
E26, 1600
E26, 1601
E26, 1602
E26, 1603
E26, 1604
E26, 1605
E26, 1606
E26, 1607
E26, 1608
E26, 1609
E26, 1610
E26, 1611
E26, 1612
E26, 1613
E26, 1614
E26, 1615
E26, 1616
E26, 1617
E26, 1618
E26, 1619
E26, 1620
E26, 1621
E26, 1622
E26, 1623
E26, 1624
E26, 1625
E26, 1626
E26, 1627
E26, 1628
E26, 1629
E26, 1630
E26, 1631
E26, 1632
E26, 1633
E26, 1634
E26, 1635
E26, 1636
E26, 1637
E26, 1638
E26, 1639
E26, 1640
E26, 1641
E26, 1642
E26, 1643
E26, 1644
E26, 1645
E26, 1646
E26, 1647
E26, 1648
E26, 1649
E26, 1650
E26, 1651
E26, 1652
E26, 1653
E26, 1654
E26, 1655
E26, 1656
E26, 1657
E26, 1658
E26, 1659
E26, 1660
E26, 1661
E26, 1662
E26, 1663
E26, 1664
E26, 1665
E26, 1666
E26, 1667
E26, 1668
E26, 1669
E26, 1670
E26, 1671
E26, 1672
E26, 1673
E26, 1674
E26, 1675
E26, 1676
E26, 1677
E26, 1678
E26, 1679
E26, 1680
E26, 1681
E26, 1682
E26, 1683
E26, 1684
E26, 1685
E26, 1686
E26, 1687
E26, 1688
E26, 1689
E26, 1690
E26, 1691
E26, 1692
E26, 1693
E26, 1694
E26, 1695
E26, 1696
E26, 1697
E26, 1698
E26, 1699
E26, 1700
E26, 1701
E26, 1702
E26, 1703
E26, 1704
E26, 1705
E26, 1706
E26, 1707
E26, 1708
E26, 1709
E26, 1710
E26, 1711
E26, 1712
E26, 1713
E26, 1714
E26, 1715
E26, 1716
E26, 1717
E26, 1718
E26, 1719
E26, 1720
E26, 1721
E26, 1722
E26, 1723
E26, 1724
E26, 1725
E26, 1726
E26, 1727
E26, 1728
E26, 1729
E26, 1730
E26, 1731
E26, 1732
E26, 1733
E26, 1734
E26, 1735
E26, 1736
E26, 1737
E26, 1738
E26, 1739
E26, 1740
E26, 1741
E26, 1742
E26, 1743
E26, 1744
E26, 1745
E26, 1746
E26, 1747
E26, 1748
E26, 1749
E26, 1750
E26, 1751
E26, 1752
E26, 1753
E26, 1754
E26, 1755
E26, 1756
E26, 1757
E26, 1758
E26, 1759
E26, 1760
E26, 1761
E26, 1762
E26, 1763
E26, 1764
E26, 1765
E26, 1766
E26, 1767
E26, 1768
E26, 1769
E26, 1770
E26, 1771
E26, 1772
E26, 1773
E26, 1774
E26, 1775
E26, 1776
E26, 1777
E26, 1778
E26, 1779
E26, 1780
E26, 1781
E26, 1782
E26, 1783
E26, 1784
E26, 1785
E26, 1786
E26, 1787
E26, 1788
E26, 1789
E26, 1790
E26, 1791
E26, 1792
E26, 1793
E26, 1794
E26, 1795
E26, 1796
E26, 1797
E26, 1798
E26, 1799
E26, 1800
E26, 1801
E26, 1802
E26, 1803
E26, 1804
E26, 1805
E26, 1806
E26, 1807
E26, 1808
E26, 1809
E26, 1810
E26, 1811
E26, 1812
E26, 1813
E26, 1814
E26, 1815
E26, 1816
E26, 1817
E26, 1818
E26, 1819
E26, 1820
E26, 1821
E26, 1822
E26, 1823
E26, 1824
E26, 1825
E26, 1826
E26, 1827
E26, 1828
E26, 1829
E26, 1830
E26, 1831
E26, 1832
E26, 1833
E26, 1834
E26, 1835
E26, 1836
E26, 1837
E26, 1838
E26, 1839
E26, 1840
E16, 1841
E26, 1842
E26, 1843
E26, 1844
E26, 1845
E26, 1846
E26, 1847
E26, 1848
E26, 1849
E26, 1850
E26, 1851
E26, 1852
E26, 1853
E23, 1854
E23, 1855
E23, 1856
E23, 1857
E23, 1858
E23, 1859
E23, 1860
E23, 1861
E23, 1862
E23, 1863
E23, 1864
E23, 1865
E23, 1866
E23, 1867
E23, 1868
E23, 1869
E23, 1870
E23, 1871
E23, 1872
E23, 1873
E23, 1874
E23, 1875
E23, 1876
E23, 1877
E23, 1878
E23, 1879
E23, 1880
E23, 1881
E23, 1882
E23, 1883
E23, 1884
E23, 1885
E23, 1886
E23, 1887
E23, 1888
E23, 1889
E23, 1890
E23, 1891
E23, 1892
E23, 1893
E23, 1894
E23, 1895
E23, 1896
E23, 1897
E23, 1898
E23, 1899
E23, 1900
E23, 1901
E23, 1902
E23, 1903
E23, 1904
E23, 1905
E23, 1906
E23, 1907
E23, 1908
E23, 1909
E29, 1910
E28, 1911
E29, 1912
E29, 1913
E29, 1914
E29, 1915
E28, 1916
E28, 1917
E28, 1918
E28, 1919
E28, 1920
E29, 1921
E29, 1922
E28, 1923
E28, 1924
E29, 1925
E29, 1926
E28, 1927
E29, 1928
E29, 1929
E28, 1930
E29, 1931
E28, 1932
E29, 1933
E29, 1934
E29, 1935
E28, 1936
E29, 1937
E29, 1938
E29, 1939
E29, 1940
E29, 1941
E30, 1942
E28, 1943
E29, 1944
E28, 1945
E29, 1946
E29, 1947
E28, 1948
E28, 1949
E28, 1950
E29, 1951
E28, 1952
E29, 1953
E28, 1954
E29, 1955
E28, 1956
E28, 1957
E28, 1958
E29, 1959
E28, 1960
E28, 1961
E29, 1962
E29, 1963
E29, 1964
E29, 1965
E29, 1966
E29, 1967
E29, 1968
E28, 1969
E29, 1970
E28, 1971
E28, 1972
E28, 1973
E29, 1974
E28, 1975
E29, 1976
E28, 1977
E28, 1978
E29, 1979
E30, 1980
E28, 1981
E29, 1982
E28, 1983
E28, 1984
E28, 1985
E29, 1986
E29, 1987
E28, 1988
E28, 1989
E28, 1990
E28, 1991
E28, 1992
E29, 1993
E29, 1994
E28, 1995
E29, 1996
E28, 1997
E28, 1998
E28, 1999
E29, 2000
