E77, 1
E77, 2
E77, 3
E77, 4
E3, 5
E3, 6
E3, 7
E18, 8
E33, 9
E33, 10
E18, 11
E67, 12
E67, 13
E67, 14
E67, 15
E67, 16
E67, 17
E67, 18
E67, 19
E67, 20
E67, 21
E67, 22
E67, 23
E67, 24
E67, 25
E67, 26
E67, 27
E67, 28
E67, 29
E67, 30
E67, 31
E64, 32
E67, 33
E67, 34
E67, 35
E67, 36
E67, 37
E67, 38
E67, 39
E67, 40
E67, 41
E67, 42
E67, 43
E67, 44
E67, 45
E67, 46
E67, 47
E67, 48
E67, 49
E67, 50
E67, 51
E67, 52
E67, 53
E67, 54
E67, 55
E67, 56
E18, 57
E18, 58
E77, 59
E77, 60
E77, 61
E77, 62
E77, 63
E77, 64
E77, 65
E77, 66
E67, 67
E67, 68
E19, 69
E67, 70
E67, 71
E67, 72
E67, 73
E67, 74
E67, 75
E67, 76
E67, 77
E67, 78
E67, 79
E67, 80
E67, 81
E67, 82
E67, 83
E67, 84
E37, 85
E67, 86
E67, 87
E18, 88
E2, 89
E18, 90
E67, 91
E67, 92
E67, 93
E67, 94
E67, 95
E67, 96
E67, 97
E18, 98
E67, 99
E67, 100
E18, 101
E67, 102
E67, 103
E55, 104
E55, 105
E55, 106
E55, 107
E55, 108
E55, 109
E55, 110
E55, 111
E55, 112
E55, 113
E55, 114
E55, 115
E55, 116
E55, 117
E55, 118
E55, 119
E55, 120
E55, 121
E55, 122
E55, 123
E55, 124
E55, 125
E55, 126
E55, 127
E55, 128
E55, 129
E55, 130
E55, 131
E55, 132
E55, 133
E55, 134
E55, 135
E55, 136
E55, 137
E55, 138
E55, 139
E55, 140
E55, 141
E55, 142
E55, 143
E55, 144
E55, 145
E55, 146
E55, 147
E55, 148
E55, 149
E55, 150
E55, 151
E55, 152
E55, 153
E55, 154
E55, 155
E55, 156
E55, 157
E55, 158
E55, 159
E55, 160
E55, 161
E55, 162
E55, 163
E18, 164
E38, 165
E52, 166
E52, 167
E52, 168
E52, 169
E52, 170
E52, 171
E52, 172
E52, 173
E76, 174
E76, 175
E76, 176
E76, 177
E76, 178
E76, 179
E76, 180
E67, 181
E67, 182
E67, 183
E67, 184
E67, 185
E52, 186
E52, 187
E52, 188
E52, 189
E52, 190
E52, 191
E52, 192
E52, 193
E76, 194
E76, 195
E76, 196
E76, 197
E76, 198
E76, 199
E76, 200
E76, 201
E52, 202
E76, 203
E76, 204
E50, 205
E50, 206
E84, 207
E84, 208
E101, 209
E52, 210
E52, 211
E52, 212
E52, 213
E52, 214
E76, 215
E52, 216
E76, 217
E52, 218
E50, 219
E52, 220
E50, 221
E50, 222
E52, 223
E50, 224
E84, 225
E52, 226
E52, 227
E52, 228
E52, 229
E50, 230
E76, 231
E61, 232
E61, 233
E61, 234
E61, 235
E101, 236
E101, 237
E50, 238
E61, 239
E84, 240
E53, 241
E84, 242
E53, 243
E101, 244
E101, 245
E103, 246
E103, 247
E104, 248
E102, 249
E116, 250
E116, 251
E85, 252
E54, 253
E97, 254
E54, 255
E54, 256
E62, 257
E62, 258
E62, 259
E15, 260
E83, 261
E83, 262
E63, 263
E105, 264
E57, 265
E63, 266
E16, 267
E16, 268
E49, 269
E49, 270
E102, 271
E43, 272
E102, 273
E100, 274
E69, 275
E69, 276
E99, 277
E99, 278
E99, 279
E68, 280
E99, 281
E64, 282
E71, 283
E85, 284
E85, 285
E72, 286
E72, 287
E85, 288
E120, 289
E48, 290
E97, 291
E97, 292
E62, 293
E115, 294
E79, 295
E107, 296
E63, 297
E63, 298
E58, 299
E63, 300
E75, 301
E49, 302
E49, 303
E49, 304
E43, 305
E43, 306
E43, 307
E43, 308
E43, 309
E43, 310
E59, 311
E59, 312
E59, 313
E67, 314
E118, 315
E67, 316
E77, 317
E77, 318
E77, 319
E77, 320
E77, 321
E77, 322
E67, 323
E67, 324
E67, 325
E77, 326
E77, 327
E77, 328
E77, 329
E77, 330
E77, 331
E77, 332
E67, 333
E77, 334
E77, 335
E67, 336
E67, 337
E67, 338
E67, 339
E67, 340
E67, 341
E67, 342
E67, 343
E67, 344
E67, 345
E33, 346
E77, 347
E67, 348
E18, 349
E67, 350
E67, 351
E67, 352
E67, 353
E67, 354
E67, 355
E67, 356
E67, 357
E67, 358
E67, 359
E67, 360
E67, 361
E28, 362
E23, 363
E18, 364
E67, 365
E67, 366
E67, 367
E67, 368
E67, 369
E2, 370
E77, 371
E28, 372
E77, 373
E3, 374
E3, 375
E3, 376
E3, 377
E3, 378
E3, 379
E3, 380
E3, 381
E3, 382
E3, 383
E18, 384
E18, 385
E18, 386
E3, 387
E3, 388
E3, 389
E3, 390
E67, 391
E67, 392
E67, 393
E67, 394
E67, 395
E67, 396
E67, 397
E67, 398
E67, 399
E67, 400
E67, 401
E67, 402
E67, 403
E67, 404
E67, 405
E67, 406
E67, 407
E67, 408
E67, 409
E67, 410
E67, 411
E67, 412
E67, 413
E67, 414
E67, 415
E67, 416
E67, 417
E67, 418
E67, 419
E67, 420
E67, 421
E67, 422
E67, 423
E67, 424
E67, 425
E67, 426
E67, 427
E67, 428
E28, 429
E18, 430
E77, 431
E67, 432
E98, 433
E67, 434
E101, 435
E101, 436
E103, 437
E53, 438
E54, 439
E54, 440
E15, 441
E15, 442
E15, 443
E105, 444
E102, 445
E102, 446
E67, 447
E98, 448
E98, 449
E76, 450
E61, 451
E101, 452
E103, 453
E53, 454
E53, 455
E15, 456
E18, 457
E90, 458
E18, 459
E67, 460
E67, 461
E67, 462
E67, 463
E67, 464
E67, 465
E67, 466
E67, 467
E67, 468
E3, 469
E3, 470
E3, 471
E67, 472
E67, 473
E67, 474
E67, 475
E67, 476
E67, 477
E67, 478
E67, 479
E67, 480
E67, 481
E67, 482
E67, 483
E67, 484
E67, 485
E67, 486
E67, 487
E67, 488
E67, 489
E67, 490
E67, 491
E67, 492
E67, 493
E67, 494
E67, 495
E18, 496
E21, 497
E18, 498
E18, 499
E67, 500
E67, 501
E67, 502
E67, 503
E67, 504
E67, 505
E67, 506
E67, 507
E67, 508
E67, 509
E67, 510
E67, 511
E67, 512
E67, 513
E67, 514
E67, 515
E67, 516
E67, 517
E67, 518
E67, 519
E67, 520
E67, 521
E73, 522
E17, 523
E3, 524
E3, 525
E3, 526
E3, 527
E3, 528
E3, 529
E3, 530
E3, 531
E3, 532
E3, 533
E3, 534
E3, 535
E3, 536
E3, 537
E3, 538
E3, 539
E3, 540
E3, 541
E3, 542
E3, 543
E3, 544
E3, 545
E3, 546
E3, 547
E3, 548
E3, 549
E3, 550
E3, 551
E3, 552
E3, 553
E3, 554
E3, 555
E3, 556
E3, 557
E3, 558
E67, 559
E67, 560
E67, 561
E67, 562
E67, 563
E67, 564
E67, 565
E67, 566
E67, 567
E67, 568
E67, 569
E67, 570
E67, 571
E67, 572
E67, 573
E67, 574
E67, 575
E67, 576
E67, 577
E67, 578
E67, 579
E67, 580
E67, 581
E67, 582
E67, 583
E67, 584
E67, 585
E67, 586
E67, 587
E67, 588
E67, 589
E67, 590
E67, 591
E67, 592
E67, 593
E67, 594
E67, 595
E67, 596
E39, 597
E10, 598
E67, 599
E67, 600
E67, 601
E67, 602
E67, 603
E67, 604
E67, 605
E67, 606
E67, 607
E67, 608
E3, 609
E3, 610
E3, 611
E3, 612
E67, 613
E67, 614
E67, 615
E67, 616
E67, 617
E67, 618
E67, 619
E67, 620
E90, 621
E20, 622
E22, 623
E67, 624
E67, 625
E67, 626
E67, 627
E67, 628
E67, 629
E67, 630
E67, 631
E67, 632
E67, 633
E67, 634
E67, 635
E67, 636
E67, 637
E67, 638
E67, 639
E67, 640
E67, 641
E67, 642
E67, 643
E67, 644
E67, 645
E67, 646
E67, 647
E67, 648
E67, 649
E67, 650
E67, 651
E67, 652
E67, 653
E67, 654
E67, 655
E67, 656
E67, 657
E67, 658
E67, 659
E67, 660
E67, 661
E67, 662
E67, 663
E67, 664
E67, 665
E67, 666
E67, 667
E67, 668
E67, 669
E67, 670
E67, 671
E67, 672
E67, 673
E67, 674
E67, 675
E67, 676
E67, 677
E67, 678
E67, 679
E67, 680
E67, 681
E67, 682
E67, 683
E67, 684
E67, 685
E67, 686
E67, 687
E67, 688
E67, 689
E67, 690
E67, 691
E67, 692
E67, 693
E67, 694
E67, 695
E67, 696
E67, 697
E67, 698
E67, 699
E67, 700
E67, 701
E67, 702
E67, 703
E67, 704
E67, 705
E67, 706
E67, 707
E67, 708
E67, 709
E67, 710
E67, 711
E67, 712
E67, 713
E67, 714
E67, 715
E67, 716
E67, 717
E67, 718
E67, 719
E67, 720
E67, 721
E67, 722
E67, 723
E67, 724
E67, 725
E67, 726
E67, 727
E67, 728
E67, 729
E67, 730
E67, 731
E67, 732
E67, 733
E67, 734
E67, 735
E67, 736
E67, 737
E67, 738
E67, 739
E67, 740
E67, 741
E67, 742
E67, 743
E67, 744
E67, 745
E67, 746
E67, 747
E67, 748
E67, 749
E67, 750
E67, 751
E3, 752
E3, 753
E3, 754
E67, 755
E67, 756
E67, 757
E67, 758
E67, 759
E67, 760
E67, 761
E67, 762
E67, 763
E67, 764
E67, 765
E67, 766
E67, 767
E67, 768
E67, 769
E67, 770
E67, 771
E67, 772
E67, 773
E67, 774
E67, 775
E67, 776
E67, 777
E67, 778
E67, 779
E67, 780
E67, 781
E67, 782
E67, 783
E67, 784
E67, 785
E67, 786
E67, 787
E67, 788
E67, 789
E67, 790
E67, 791
E67, 792
E67, 793
E67, 794
E67, 795
E67, 796
E67, 797
E67, 798
E67, 799
E67, 800
E67, 801
E67, 802
E67, 803
E67, 804
E67, 805
E67, 806
E67, 807
E67, 808
E67, 809
E67, 810
E67, 811
E67, 812
E67, 813
E67, 814
E67, 815
E67, 816
E67, 817
E67, 818
E67, 819
E67, 820
E18, 821
E28, 822
E108, 823
E108, 824
E67, 825
E67, 826
E67, 827
E67, 828
E67, 829
E67, 830
E67, 831
E67, 832
E67, 833
E67, 834
E67, 835
E67, 836
E67, 837
E118, 838
E3, 839
E3, 840
E3, 841
E3, 842
E3, 843
E3, 844
E3, 845
E3, 846
E3, 847
E3, 848
E3, 849
E3, 850
E3, 851
E3, 852
E3, 853
E3, 854
E3, 855
E3, 856
E3, 857
E67, 858
E67, 859
E67, 860
E67, 861
E67, 862
E67, 863
E67, 864
E67, 865
E67, 866
E67, 867
E67, 868
E67, 869
E67, 870
E18, 871
E67, 872
E67, 873
E67, 874
E67, 875
E67, 876
E67, 877
E67, 878
E67, 879
E67, 880
E67, 881
E67, 882
E67, 883
E67, 884
E67, 885
E67, 886
E67, 887
E67, 888
E67, 889
E67, 890
E67, 891
E67, 892
E67, 893
E67, 894
E67, 895
E67, 896
E67, 897
E67, 898
E67, 899
E67, 900
E67, 901
E67, 902
E67, 903
E67, 904
E67, 905
E67, 906
E67, 907
E67, 908
E67, 909
E67, 910
E67, 911
E67, 912
E67, 913
E67, 914
E67, 915
E67, 916
E67, 917
E67, 918
E67, 919
E67, 920
E67, 921
E67, 922
E67, 923
E67, 924
E67, 925
E67, 926
E67, 927
E67, 928
E67, 929
E67, 930
E67, 931
E67, 932
E67, 933
E67, 934
E67, 935
E67, 936
E67, 937
E67, 938
E67, 939
E67, 940
E67, 941
E67, 942
E67, 943
E67, 944
E67, 945
E24, 946
E42, 947
E67, 948
E67, 949
E67, 950
E67, 951
E67, 952
E67, 953
E2, 954
E67, 955
E67, 956
E67, 957
E67, 958
E67, 959
E67, 960
E67, 961
E67, 962
E67, 963
E67, 964
E67, 965
E67, 966
E67, 967
E67, 968
E67, 969
E67, 970
E67, 971
E67, 972
E67, 973
E67, 974
E67, 975
E67, 976
E67, 977
E67, 978
E67, 979
E67, 980
E67, 981
E67, 982
E67, 983
E67, 984
E67, 985
E67, 986
E67, 987
E67, 988
E67, 989
E67, 990
E67, 991
E67, 992
E67, 993
E67, 994
E67, 995
E67, 996
E67, 997
E67, 998
E67, 999
E67, 1000
E67, 1001
E67, 1002
E67, 1003
E67, 1004
E67, 1005
E67, 1006
E67, 1007
E67, 1008
E67, 1009
E67, 1010
E67, 1011
E67, 1012
E67, 1013
E67, 1014
E67, 1015
E67, 1016
E67, 1017
E67, 1018
E67, 1019
E67, 1020
E67, 1021
E67, 1022
E67, 1023
E67, 1024
E67, 1025
E67, 1026
E67, 1027
E67, 1028
E67, 1029
E112, 1030
E58, 1031
E67, 1032
E4, 1033
E4, 1034
E4, 1035
E4, 1036
E4, 1037
E4, 1038
E4, 1039
E4, 1040
E4, 1041
E4, 1042
E4, 1043
E4, 1044
E4, 1045
E4, 1046
E4, 1047
E4, 1048
E4, 1049
E4, 1050
E4, 1051
E4, 1052
E4, 1053
E4, 1054
E4, 1055
E4, 1056
E4, 1057
E4, 1058
E4, 1059
E4, 1060
E4, 1061
E4, 1062
E4, 1063
E4, 1064
E4, 1065
E4, 1066
E4, 1067
E4, 1068
E4, 1069
E118, 1070
E67, 1071
E67, 1072
E67, 1073
E67, 1074
E67, 1075
E67, 1076
E67, 1077
E67, 1078
E67, 1079
E67, 1080
E4, 1081
E4, 1082
E4, 1083
E4, 1084
E67, 1085
E67, 1086
E67, 1087
E67, 1088
E67, 1089
E67, 1090
E67, 1091
E67, 1092
E67, 1093
E67, 1094
E67, 1095
E67, 1096
E67, 1097
E67, 1098
E67, 1099
E4, 1100
E2, 1101
E118, 1102
E4, 1103
E4, 1104
E4, 1105
E4, 1106
E4, 1107
E4, 1108
E4, 1109
E4, 1110
E4, 1111
E4, 1112
E4, 1113
E4, 1114
E67, 1115
E67, 1116
E4, 1117
E4, 1118
E4, 1119
E4, 1120
E4, 1121
E4, 1122
E4, 1123
E4, 1124
E4, 1125
E4, 1126
E4, 1127
E4, 1128
E67, 1129
E67, 1130
E67, 1131
E67, 1132
E67, 1133
E4, 1134
E67, 1135
E4, 1136
E4, 1137
E4, 1138
E4, 1139
E4, 1140
E4, 1141
E4, 1142
E4, 1143
E4, 1144
E4, 1145
E4, 1146
E4, 1147
E4, 1148
E4, 1149
E4, 1150
E18, 1151
E67, 1152
E67, 1153
E67, 1154
E67, 1155
E67, 1156
E67, 1157
E67, 1158
E67, 1159
E67, 1160
E67, 1161
E67, 1162
E67, 1163
E67, 1164
E67, 1165
E67, 1166
E67, 1167
E67, 1168
E67, 1169
E67, 1170
E67, 1171
E67, 1172
E67, 1173
E67, 1174
E67, 1175
E67, 1176
E67, 1177
E67, 1178
E67, 1179
E67, 1180
E67, 1181
E67, 1182
E67, 1183
E67, 1184
E67, 1185
E67, 1186
E67, 1187
E67, 1188
E67, 1189
E67, 1190
E67, 1191
E67, 1192
E67, 1193
E67, 1194
E67, 1195
E67, 1196
E67, 1197
E67, 1198
E2, 1199
E88, 1200
E88, 1201
E94, 1202
E91, 1203
E93, 1204
E17, 1205
E88, 1206
E17, 1207
E74, 1208
E74, 1209
E74, 1210
E74, 1211
E74, 1212
E74, 1213
E74, 1214
E74, 1215
E74, 1216
E92, 1217
E93, 1218
E90, 1219
E92, 1220
E73, 1221
E73, 1222
E18, 1223
E96, 1224
E73, 1225
E17, 1226
E17, 1227
E90, 1228
E17, 1229
E90, 1230
E92, 1231
E109, 1232
E18, 1233
E13, 1234
E118, 1235
E18, 1236
E18, 1237
E18, 1238
E25, 1239
E25, 1240
E25, 1241
E25, 1242
E25, 1243
E25, 1244
E25, 1245
E25, 1246
E25, 1247
E25, 1248
E25, 1249
E25, 1250
E25, 1251
E25, 1252
E25, 1253
E37, 1254
E37, 1255
E28, 1256
E29, 1257
E39, 1258
E111, 1259
E111, 1260
E18, 1261
E118, 1262
E37, 1263
E34, 1264
E34, 1265
E34, 1266
E2, 1267
E34, 1268
E34, 1269
E18, 1270
E18, 1271
E37, 1272
E34, 1273
E34, 1274
E34, 1275
E34, 1276
E34, 1277
E34, 1278
E37, 1279
E34, 1280
E34, 1281
E118, 1282
E70, 1283
E70, 1284
E70, 1285
E70, 1286
E3, 1287
E3, 1288
E70, 1289
E70, 1290
E3, 1291
E70, 1292
E70, 1293
E70, 1294
E70, 1295
E70, 1296
E70, 1297
E70, 1298
E70, 1299
E70, 1300
E3, 1301
E70, 1302
E70, 1303
E70, 1304
E70, 1305
E3, 1306
E70, 1307
E70, 1308
E70, 1309
E70, 1310
E70, 1311
E70, 1312
E70, 1313
E70, 1314
E3, 1315
E3, 1316
E3, 1317
E70, 1318
E70, 1319
E70, 1320
E70, 1321
E70, 1322
E70, 1323
E70, 1324
E70, 1325
E70, 1326
E18, 1327
E2, 1328
E18, 1329
E92, 1330
E18, 1331
E3, 1332
E3, 1333
E3, 1334
E3, 1335
E70, 1336
E70, 1337
E70, 1338
E3, 1339
E3, 1340
E3, 1341
E3, 1342
E3, 1343
E3, 1344
E3, 1345
E3, 1346
E3, 1347
E3, 1348
E3, 1349
E3, 1350
E3, 1351
E3, 1352
E3, 1353
E3, 1354
E70, 1355
E70, 1356
E70, 1357
E70, 1358
E70, 1359
E70, 1360
E70, 1361
E70, 1362
E70, 1363
E70, 1364
E70, 1365
E70, 1366
E70, 1367
E70, 1368
E70, 1369
E70, 1370
E89, 1371
E89, 1372
E18, 1373
E2, 1374
E34, 1375
E18, 1376
E81, 1377
E81, 1378
E2, 1379
E37, 1380
E81, 1381
E81, 1382
E81, 1383
E93, 1384
E8, 1385
E37, 1386
E81, 1387
E18, 1388
E18, 1389
E81, 1390
E18, 1391
E81, 1392
E40, 1393
E35, 1394
E9, 1395
E2, 1396
E18, 1397
E28, 1398
E29, 1399
E117, 1400
E29, 1401
E29, 1402
E118, 1403
E81, 1404
E29, 1405
E18, 1406
E73, 1407
E92, 1408
E18, 1409
E37, 1410
E37, 1411
E18, 1412
E37, 1413
E93, 1414
E74, 1415
E74, 1416
E74, 1417
E74, 1418
E74, 1419
E74, 1420
E74, 1421
E74, 1422
E74, 1423
E74, 1424
E74, 1425
E74, 1426
E74, 1427
E74, 1428
E74, 1429
E74, 1430
E74, 1431
E74, 1432
E74, 1433
E74, 1434
E74, 1435
E74, 1436
E74, 1437
E74, 1438
E93, 1439
E93, 1440
E74, 1441
E74, 1442
E28, 1443
E28, 1444
E28, 1445
E28, 1446
E28, 1447
E110, 1448
E28, 1449
E28, 1450
E37, 1451
E37, 1452
E37, 1453
E37, 1454
E37, 1455
E18, 1456
E118, 1457
E2, 1458
E18, 1459
E118, 1460
E18, 1461
E18, 1462
E18, 1463
E18, 1464
E29, 1465
E34, 1466
E18, 1467
E34, 1468
E44, 1469
E18, 1470
E18, 1471
E18, 1472
E18, 1473
E26, 1474
E18, 1475
E34, 1476
E18, 1477
E18, 1478
E26, 1479
E29, 1480
E118, 1481
E18, 1482
E18, 1483
E118, 1484
E2, 1485
E29, 1486
E18, 1487
E26, 1488
E26, 1489
E26, 1490
E26, 1491
E26, 1492
E28, 1493
E18, 1494
E117, 1495
E2, 1496
E13, 1497
E18, 1498
E18, 1499
E34, 1500
E34, 1501
E29, 1502
E51, 1503
E51, 1504
E51, 1505
E51, 1506
E51, 1507
E51, 1508
E18, 1509
E18, 1510
E113, 1511
E25, 1512
E25, 1513
E34, 1514
E118, 1515
E2, 1516
E28, 1517
E45, 1518
E13, 1519
E111, 1520
E60, 1521
E18, 1522
E18, 1523
E26, 1524
E18, 1525
E2, 1526
E77, 1527
E18, 1528
E26, 1529
E28, 1530
E28, 1531
E70, 1532
E4, 1533
E4, 1534
E70, 1535
E70, 1536
E70, 1537
E70, 1538
E70, 1539
E70, 1540
E70, 1541
E4, 1542
E70, 1543
E70, 1544
E70, 1545
E70, 1546
E70, 1547
E70, 1548
E70, 1549
E70, 1550
E70, 1551
E70, 1552
E70, 1553
E70, 1554
E70, 1555
E4, 1556
E4, 1557
E4, 1558
E70, 1559
E70, 1560
E70, 1561
E70, 1562
E70, 1563
E70, 1564
E70, 1565
E70, 1566
E70, 1567
E70, 1568
E70, 1569
E70, 1570
E70, 1571
E70, 1572
E70, 1573
E70, 1574
E70, 1575
E4, 1576
E4, 1577
E70, 1578
E70, 1579
E70, 1580
E70, 1581
E70, 1582
E70, 1583
E70, 1584
E70, 1585
E70, 1586
E70, 1587
E70, 1588
E70, 1589
E70, 1590
E70, 1591
E4, 1592
E70, 1593
E70, 1594
E70, 1595
E70, 1596
E70, 1597
E70, 1598
E70, 1599
E4, 1600
E4, 1601
E4, 1602
E4, 1603
E4, 1604
E4, 1605
E4, 1606
E4, 1607
E4, 1608
E4, 1609
E4, 1610
E4, 1611
E4, 1612
E4, 1613
E4, 1614
E4, 1615
E4, 1616
E70, 1617
E70, 1618
E70, 1619
E70, 1620
E70, 1621
E70, 1622
E70, 1623
E70, 1624
E70, 1625
E70, 1626
E70, 1627
E70, 1628
E70, 1629
E70, 1630
E70, 1631
E70, 1632
E70, 1633
E70, 1634
E70, 1635
E70, 1636
E70, 1637
E4, 1638
E70, 1639
E70, 1640
E70, 1641
E70, 1642
E70, 1643
E70, 1644
E70, 1645
E4, 1646
E4, 1647
E70, 1648
E70, 1649
E70, 1650
E70, 1651
E70, 1652
E70, 1653
E4, 1654
E70, 1655
E70, 1656
E70, 1657
E70, 1658
E70, 1659
E70, 1660
E4, 1661
E70, 1662
E70, 1663
E70, 1664
E4, 1665
E70, 1666
E70, 1667
E70, 1668
E70, 1669
E70, 1670
E70, 1671
E70, 1672
E34, 1673
E70, 1674
E70, 1675
E70, 1676
E70, 1677
E70, 1678
E4, 1679
E70, 1680
E70, 1681
E70, 1682
E4, 1683
E4, 1684
E4, 1685
E70, 1686
E70, 1687
E70, 1688
E18, 1689
E77, 1690
E18, 1691
E2, 1692
E77, 1693
E26, 1694
E26, 1695
E70, 1696
E70, 1697
E18, 1698
E34, 1699
E70, 1700
E70, 1701
E70, 1702
E70, 1703
E70, 1704
E70, 1705
E70, 1706
E70, 1707
E70, 1708
E70, 1709
E70, 1710
E70, 1711
E70, 1712
E70, 1713
E70, 1714
E70, 1715
E70, 1716
E70, 1717
E4, 1718
E60, 1719
E103, 1720
E70, 1721
E70, 1722
E70, 1723
E4, 1724
E70, 1725
E70, 1726
E70, 1727
E18, 1728
E70, 1729
E70, 1730
E70, 1731
E70, 1732
E10, 1733
E18, 1734
E5, 1735
E18, 1736
E18, 1737
E2, 1738
E18, 1739
E111, 1740
E70, 1741
E70, 1742
E70, 1743
E4, 1744
E34, 1745
E2, 1746
E18, 1747
E111, 1748
E60, 1749
E60, 1750
E46, 1751
E34, 1752
E34, 1753
E34, 1754
E93, 1755
E93, 1756
E111, 1757
E60, 1758
E26, 1759
E11, 1760
E11, 1761
E41, 1762
E41, 1763
E41, 1764
E18, 1765
E34, 1766
E34, 1767
E80, 1768
E41, 1769
E82, 1770
E82, 1771
E82, 1772
E82, 1773
E82, 1774
E82, 1775
E82, 1776
E41, 1777
E31, 1778
E30, 1779
E41, 1780
E30, 1781
E41, 1782
E30, 1783
E31, 1784
E30, 1785
E18, 1786
E56, 1787
E32, 1788
E41, 1789
E32, 1790
E41, 1791
E32, 1792
E41, 1793
E41, 1794
E32, 1795
E106, 1796
E41, 1797
E41, 1798
E14, 1799
E41, 1800
E41, 1801
E93, 1802
E41, 1803
E18, 1804
E37, 1805
E37, 1806
E7, 1807
E7, 1808
E7, 1809
E12, 1810
E12, 1811
E12, 1812
E12, 1813
E12, 1814
E7, 1815
E7, 1816
E12, 1817
E12, 1818
E7, 1819
E12, 1820
E7, 1821
E12, 1822
E12, 1823
E7, 1824
E12, 1825
E12, 1826
E12, 1827
E12, 1828
E12, 1829
E12, 1830
E7, 1831
E12, 1832
E12, 1833
E7, 1834
E12, 1835
E12, 1836
E12, 1837
E12, 1838
E12, 1839
E7, 1840
E7, 1841
E7, 1842
E12, 1843
E12, 1844
E7, 1845
E12, 1846
E7, 1847
E7, 1848
E12, 1849
E7, 1850
E7, 1851
E12, 1852
E7, 1853
E12, 1854
E12, 1855
E12, 1856
E7, 1857
E12, 1858
E12, 1859
E7, 1860
E7, 1861
E7, 1862
E12, 1863
E7, 1864
E12, 1865
E7, 1866
E12, 1867
E7, 1868
E12, 1869
E7, 1870
E12, 1871
E7, 1872
E7, 1873
E12, 1874
E12, 1875
E12, 1876
E12, 1877
E7, 1878
E12, 1879
E7, 1880
E12, 1881
E7, 1882
E7, 1883
E12, 1884
E12, 1885
E7, 1886
E7, 1887
E7, 1888
E7, 1889
E7, 1890
E12, 1891
E12, 1892
E12, 1893
E7, 1894
E7, 1895
E12, 1896
E18, 1897
E7, 1898
E12, 1899
E12, 1900
E12, 1901
E12, 1902
E12, 1903
E12, 1904
E12, 1905
E12, 1906
E12, 1907
E7, 1908
E12, 1909
E7, 1910
E12, 1911
E7, 1912
E7, 1913
E12, 1914
E12, 1915
E7, 1916
E12, 1917
E12, 1918
E12, 1919
E12, 1920
E12, 1921
E7, 1922
E7, 1923
E12, 1924
E7, 1925
E7, 1926
E7, 1927
E12, 1928
E12, 1929
E18, 1930
E18, 1931
E18, 1932
E1, 1933
E95, 1934
E78, 1935
E14, 1936
E18, 1937
E18, 1938
E18, 1939
E18, 1940
E18, 1941
E18, 1942
E1, 1943
E18, 1944
E119, 1945
E87, 1946
E80, 1947
E66, 1948
E90, 1949
E47, 1950
E114, 1951
E78, 1952
E78, 1953
E78, 1954
E78, 1955
E78, 1956
E78, 1957
E78, 1958
E78, 1959
E28, 1960
E28, 1961
E1, 1962
E119, 1963
E26, 1964
E26, 1965
E26, 1966
E26, 1967
E26, 1968
E26, 1969
E28, 1970
E28, 1971
E1, 1972
E36, 1973
E32, 1974
E32, 1975
E1, 1976
E26, 1977
E46, 1978
E1, 1979
E1, 1980
E32, 1981
E32, 1982
E119, 1983
E40, 1984
E6, 1985
E119, 1986
E40, 1987
E34, 1988
E27, 1989
E65, 1990
E86, 1991
E77, 1992
E77, 1993
E77, 1994
E77, 1995
E77, 1996
E77, 1997
E77, 1998
E77, 1999
E34, 2000
