E2, 1
E3, 2
E1, 3
E1, 4
E1, 5
E2, 6
E2, 7
E2, 8
E3, 9
E3, 10
E3, 11
E1, 12
E1, 13
E1, 14
E2, 15
E2, 16
E3, 17
E1, 18
E1, 19
E1, 20
E1, 21
E2, 22
E2, 23
E2, 24
E3, 25
E3, 26
E3, 27
E1, 28
E1, 29
E1, 30
E2, 31
E2, 32
E3, 33
E3, 34
E1, 35
E1, 36
E1, 37
E2, 38
E2, 39
E3, 40
E3, 41
E1, 42
E1, 43
E1, 44
E2, 45
E3, 46
E1, 47
E1, 48
E1, 49
E1, 50
E2, 51
E2, 52
E2, 53
E2, 54
E3, 55
E3, 56
E3, 57
E3, 58
E1, 59
E2, 60
E3, 61
E1, 62
E1, 63
E2, 64
E2, 65
E3, 66
E3, 67
E1, 68
E1, 69
E2, 70
E2, 71
E3, 72
E3, 73
E1, 74
E2, 75
E3, 76
E1, 77
E2, 78
E3, 79
E1, 80
E1, 81
E2, 82
E2, 83
E3, 84
E3, 85
E1, 86
E2, 87
E3, 88
E1, 89
E1, 90
E2, 91
E3, 92
E2, 93
E3, 94
E1, 95
E1, 96
E1, 97
E1, 98
E1, 99
E1, 100
E1, 101
E1, 102
E1, 103
E1, 104
E1, 105
E2, 106
E3, 107
E2, 108
E3, 109
E2, 110
E3, 111
E2, 112
E3, 113
E2, 114
E3, 115
E2, 116
E3, 117
E2, 118
E3, 119
E1, 120
E2, 121
E3, 122
E1, 123
E1, 124
E2, 125
E3, 126
E2, 127
E3, 128
E1, 129
E2, 130
E3, 131
E4, 132
E1, 133
E2, 134
E3, 135
E1, 136
E1, 137
E2, 138
E2, 139
E3, 140
E1, 141
E1, 142
E1, 143
E2, 144
E3, 145
E1, 146
E1, 147
E1, 148
E1, 149
E2, 150
E3, 151
E2, 152
E3, 153
E2, 154
E3, 155
E2, 156
E3, 157
E1, 158
E1, 159
E1, 160
E2, 161
E2, 162
E3, 163
E3, 164
E1, 165
E1, 166
E1, 167
E1, 168
E2, 169
E3, 170
E2, 171
E3, 172
E2, 173
E3, 174
E2, 175
E3, 176
E1, 177
E1, 178
E1, 179
E1, 180
E1, 181
E1, 182
E1, 183
E1, 184
E2, 185
E2, 186
E2, 187
E2, 188
E2, 189
E3, 190
E3, 191
E3, 192
E3, 193
E3, 194
E1, 195
E2, 196
E3, 197
E1, 198
E1, 199
E1, 200
E2, 201
E2, 202
E3, 203
E3, 204
E1, 205
E2, 206
E3, 207
E2, 208
E3, 209
E1, 210
E1, 211
E2, 212
E2, 213
E3, 214
E1, 215
E2, 216
E3, 217
E1, 218
E1, 219
E1, 220
E2, 221
E2, 222
E3, 223
E3, 224
E1, 225
E1, 226
E1, 227
E2, 228
E2, 229
E3, 230
E3, 231
E1, 232
E2, 233
E3, 234
E1, 235
E1, 236
E1, 237
E2, 238
E2, 239
E3, 240
E3, 241
E1, 242
E2, 243
E1, 244
E3, 245
E1, 246
E1, 247
E2, 248
E2, 249
E3, 250
E3, 251
E1, 252
E1, 253
E1, 254
E1, 255
E1, 256
E1, 257
E1, 258
E1, 259
E2, 260
E2, 261
E2, 262
E3, 263
E3, 264
E3, 265
E1, 266
E1, 267
E1, 268
E1, 269
E1, 270
E1, 271
E2, 272
E2, 273
E2, 274
E2, 275
E2, 276
E3, 277
E3, 278
E3, 279
E3, 280
E3, 281
E1, 282
E2, 283
E3, 284
E1, 285
E2, 286
E3, 287
E1, 288
E1, 289
E2, 290
E3, 291
E2, 292
E3, 293
E1, 294
E1, 295
E1, 296
E2, 297
E2, 298
E2, 299
E3, 300
E3, 301
E3, 302
E1, 303
E1, 304
E2, 305
E2, 306
E3, 307
E3, 308
E1, 309
E1, 310
E2, 311
E1, 312
E2, 313
E1, 314
E3, 315
E3, 316
E2, 317
E2, 318
E3, 319
E3, 320
E1, 321
E1, 322
E1, 323
E2, 324
E2, 325
E2, 326
E3, 327
E3, 328
E1, 329
E1, 330
E1, 331
E1, 332
E1, 333
E1, 334
E1, 335
E1, 336
E1, 337
E1, 338
E1, 339
E2, 340
E2, 341
E3, 342
E1, 343
E1, 344
E1, 345
E1, 346
E2, 347
E2, 348
E3, 349
E3, 350
E1, 351
E1, 352
E1, 353
E2, 354
E3, 355
E2, 356
E3, 357
E2, 358
E3, 359
E1, 360
E1, 361
E1, 362
E1, 363
E2, 364
E2, 365
E2, 366
E3, 367
E1, 368
E1, 369
E1, 370
E1, 371
E1, 372
E1, 373
E1, 374
E2, 375
E3, 376
E1, 377
E1, 378
E1, 379
E1, 380
E1, 381
E1, 382
E2, 383
E3, 384
E2, 385
E3, 386
E2, 387
E3, 388
E2, 389
E3, 390
E1, 391
E2, 392
E3, 393
E1, 394
E1, 395
E2, 396
E2, 397
E3, 398
E3, 399
E1, 400
E1, 401
E2, 402
E2, 403
E3, 404
E3, 405
E1, 406
E1, 407
E1, 408
E2, 409
E3, 410
E1, 411
E1, 412
E1, 413
E1, 414
E1, 415
E1, 416
E1, 417
E1, 418
E1, 419
E1, 420
E1, 421
E1, 422
E2, 423
E2, 424
E2, 425
E3, 426
E3, 427
E3, 428
E1, 429
E1, 430
E1, 431
E1, 432
E2, 433
E3, 434
E1, 435
E1, 436
E1, 437
E1, 438
E1, 439
E1, 440
E1, 441
E2, 442
E2, 443
E3, 444
E3, 445
E2, 446
E3, 447
E2, 448
E3, 449
E2, 450
E3, 451
E1, 452
E1, 453
E1, 454
E1, 455
E2, 456
E2, 457
E3, 458
E3, 459
E2, 460
E3, 461
E1, 462
E1, 463
E1, 464
E1, 465
E1, 466
E1, 467
E1, 468
E2, 469
E3, 470
E2, 471
E2, 472
E3, 473
E3, 474
E1, 475
E1, 476
E1, 477
E1, 478
E1, 479
E1, 480
E1, 481
E1, 482
E1, 483
E1, 484
E1, 485
E1, 486
E2, 487
E2, 488
E2, 489
E2, 490
E2, 491
E3, 492
E3, 493
E3, 494
E3, 495
E3, 496
E1, 497
E1, 498
E1, 499
E1, 500
E1, 501
E1, 502
E1, 503
E1, 504
E1, 505
E1, 506
E1, 507
E1, 508
E1, 509
E2, 510
E2, 511
E2, 512
E3, 513
E3, 514
E3, 515
E1, 516
E1, 517
E1, 518
E2, 519
E3, 520
E2, 521
E3, 522
E2, 523
E3, 524
E1, 525
E1, 526
E1, 527
E2, 528
E3, 529
E2, 530
E2, 531
E3, 532
E3, 533
E1, 534
E2, 535
E3, 536
E1, 537
E1, 538
E2, 539
E2, 540
E3, 541
E3, 542
E1, 543
E1, 544
E1, 545
E2, 546
E2, 547
E2, 548
E3, 549
E3, 550
E1, 551
E1, 552
E1, 553
E2, 554
E3, 555
E1, 556
E1, 557
E1, 558
E1, 559
E1, 560
E1, 561
E1, 562
E1, 563
E1, 564
E1, 565
E2, 566
E3, 567
E2, 568
E3, 569
E2, 570
E3, 571
E2, 572
E3, 573
E2, 574
E3, 575
E2, 576
E3, 577
E2, 578
E3, 579
E4, 580
E4, 581
E4, 582
E4, 583
E4, 584
E4, 585
E4, 586
E4, 587
E4, 588
E4, 589
E4, 590
E4, 591
E1, 592
E4, 593
E2, 594
E3, 595
E1, 596
E1, 597
E2, 598
E3, 599
E1, 600
E1, 601
E1, 602
E2, 603
E3, 604
E2, 605
E3, 606
E2, 607
E3, 608
E1, 609
E2, 610
E3, 611
E1, 612
E1, 613
E1, 614
E1, 615
E2, 616
E2, 617
E2, 618
E2, 619
E3, 620
E3, 621
E3, 622
E3, 623
E1, 624
E1, 625
E2, 626
E3, 627
E1, 628
E1, 629
E1, 630
E1, 631
E1, 632
E1, 633
E1, 634
E2, 635
E3, 636
E2, 637
E3, 638
E2, 639
E3, 640
E2, 641
E3, 642
E2, 643
E3, 644
E1, 645
E1, 646
E1, 647
E1, 648
E1, 649
E1, 650
E1, 651
E1, 652
E1, 653
E1, 654
E2, 655
E2, 656
E2, 657
E2, 658
E2, 659
E3, 660
E3, 661
E3, 662
E3, 663
E3, 664
E1, 665
E1, 666
E1, 667
E1, 668
E1, 669
E1, 670
E2, 671
E3, 672
E2, 673
E3, 674
E2, 675
E3, 676
E2, 677
E3, 678
E2, 679
E3, 680
E1, 681
E1, 682
E1, 683
E1, 684
E1, 685
E2, 686
E3, 687
E2, 688
E3, 689
E2, 690
E3, 691
E2, 692
E3, 693
E2, 694
E3, 695
E1, 696
E1, 697
E1, 698
E2, 699
E2, 700
E2, 701
E3, 702
E3, 703
E3, 704
E1, 705
E1, 706
E1, 707
E1, 708
E1, 709
E1, 710
E1, 711
E1, 712
E2, 713
E2, 714
E2, 715
E2, 716
E3, 717
E3, 718
E3, 719
E3, 720
E1, 721
E2, 722
E3, 723
E1, 724
E1, 725
E1, 726
E1, 727
E1, 728
E1, 729
E1, 730
E1, 731
E1, 732
E2, 733
E2, 734
E2, 735
E2, 736
E2, 737
E3, 738
E3, 739
E3, 740
E3, 741
E3, 742
E1, 743
E2, 744
E3, 745
E1, 746
E1, 747
E1, 748
E1, 749
E1, 750
E1, 751
E1, 752
E1, 753
E1, 754
E1, 755
E2, 756
E2, 757
E2, 758
E2, 759
E3, 760
E3, 761
E3, 762
E3, 763
E1, 764
E1, 765
E2, 766
E2, 767
E3, 768
E3, 769
E1, 770
E2, 771
E3, 772
E4, 773
E1, 774
E1, 775
E1, 776
E1, 777
E1, 778
E1, 779
E1, 780
E1, 781
E1, 782
E1, 783
E1, 784
E5, 785
E1, 786
E1, 787
E1, 788
E5, 789
E1, 790
E2, 791
E3, 792
E2, 793
E3, 794
E2, 795
E6, 796
E2, 797
E3, 798
E2, 799
E3, 800
E2, 801
E6, 802
E2, 803
E3, 804
E4, 805
E4, 806
E1, 807
E2, 808
E3, 809
E1, 810
E1, 811
E2, 812
E3, 813
E1, 814
E1, 815
E1, 816
E2, 817
E3, 818
E2, 819
E3, 820
E2, 821
E3, 822
E1, 823
E1, 824
E1, 825
E1, 826
E1, 827
E4, 828
E2, 829
E3, 830
E2, 831
E3, 832
E2, 833
E3, 834
E2, 835
E3, 836
E2, 837
E3, 838
E1, 839
E1, 840
E1, 841
E1, 842
E2, 843
E3, 844
E2, 845
E3, 846
E2, 847
E3, 848
E2, 849
E3, 850
E1, 851
E1, 852
E2, 853
E2, 854
E3, 855
E3, 856
E1, 857
E1, 858
E2, 859
E3, 860
E2, 861
E3, 862
E1, 863
E1, 864
E2, 865
E2, 866
E3, 867
E1, 868
E3, 869
E2, 870
E3, 871
E1, 872
E1, 873
E1, 874
E2, 875
E3, 876
E2, 877
E3, 878
E2, 879
E3, 880
E1, 881
E1, 882
E1, 883
E1, 884
E2, 885
E3, 886
E2, 887
E3, 888
E2, 889
E3, 890
E2, 891
E3, 892
E1, 893
E1, 894
E1, 895
E1, 896
E1, 897
E1, 898
E2, 899
E2, 900
E2, 901
E2, 902
E3, 903
E3, 904
E3, 905
E3, 906
E1, 907
E1, 908
E1, 909
E1, 910
E2, 911
E3, 912
E2, 913
E3, 914
E2, 915
E3, 916
E2, 917
E3, 918
E1, 919
E1, 920
E1, 921
E1, 922
E2, 923
E3, 924
E2, 925
E3, 926
E2, 927
E3, 928
E2, 929
E3, 930
E1, 931
E1, 932
E1, 933
E1, 934
E2, 935
E2, 936
E2, 937
E2, 938
E3, 939
E3, 940
E3, 941
E3, 942
E1, 943
E1, 944
E1, 945
E2, 946
E2, 947
E2, 948
E1, 949
E3, 950
E2, 951
E1, 952
E1, 953
E2, 954
E3, 955
E1, 956
E1, 957
E1, 958
E1, 959
E1, 960
E1, 961
E2, 962
E3, 963
E2, 964
E3, 965
E2, 966
E3, 967
E2, 968
E3, 969
E1, 970
E2, 971
E3, 972
E1, 973
E1, 974
E1, 975
E1, 976
E1, 977
E1, 978
E1, 979
E1, 980
E1, 981
E1, 982
E1, 983
E1, 984
E1, 985
E1, 986
E1, 987
E2, 988
E2, 989
E2, 990
E3, 991
E3, 992
E3, 993
E1, 994
E1, 995
E1, 996
E1, 997
E2, 998
E3, 999
E1, 1000
E1, 1001
E1, 1002
E2, 1003
E3, 1004
E2, 1005
E3, 1006
E2, 1007
E3, 1008
E1, 1009
E1, 1010
E1, 1011
E2, 1012
E2, 1013
E3, 1014
E3, 1015
E1, 1016
E1, 1017
E1, 1018
E2, 1019
E2, 1020
E2, 1021
E3, 1022
E3, 1023
E3, 1024
E1, 1025
E1, 1026
E1, 1027
E1, 1028
E1, 1029
E1, 1030
E1, 1031
E5, 1032
E1, 1033
E2, 1034
E3, 1035
E2, 1036
E6, 1037
E2, 1038
E3, 1039
E5, 1040
E2, 1041
E6, 1042
E5, 1043
E2, 1044
E6, 1045
E5, 1046
E1, 1047
E2, 1048
E3, 1049
E2, 1050
E6, 1051
E4, 1052
E4, 1053
E1, 1054
E2, 1055
E3, 1056
E1, 1057
E2, 1058
E3, 1059
E4, 1060
E1, 1061
E2, 1062
E3, 1063
E1, 1064
E1, 1065
E1, 1066
E1, 1067
E2, 1068
E2, 1069
E2, 1070
E2, 1071
E3, 1072
E3, 1073
E3, 1074
E3, 1075
E1, 1076
E2, 1077
E3, 1078
E1, 1079
E4, 1080
E2, 1081
E3, 1082
E1, 1083
E1, 1084
E1, 1085
E2, 1086
E2, 1087
E1, 1088
E1, 1089
E1, 1090
E1, 1091
E1, 1092
E1, 1093
E1, 1094
E2, 1095
E3, 1096
E2, 1097
E3, 1098
E2, 1099
E3, 1100
E2, 1101
E3, 1102
E1, 1103
E1, 1104
E1, 1105
E1, 1106
E2, 1107
E2, 1108
E2, 1109
E2, 1110
E3, 1111
E3, 1112
E3, 1113
E3, 1114
E1, 1115
E1, 1116
E1, 1117
E1, 1118
E2, 1119
E3, 1120
E2, 1121
E3, 1122
E2, 1123
E3, 1124
E2, 1125
E3, 1126
E1, 1127
E1, 1128
E1, 1129
E1, 1130
E1, 1131
E2, 1132
E3, 1133
E2, 1134
E3, 1135
E2, 1136
E3, 1137
E2, 1138
E3, 1139
E1, 1140
E1, 1141
E1, 1142
E2, 1143
E2, 1144
E3, 1145
E3, 1146
E1, 1147
E1, 1148
E1, 1149
E1, 1150
E1, 1151
E1, 1152
E1, 1153
E1, 1154
E2, 1155
E1, 1156
E1, 1157
E1, 1158
E1, 1159
E1, 1160
E1, 1161
E1, 1162
E1, 1163
E1, 1164
E1, 1165
E1, 1166
E2, 1167
E2, 1168
E3, 1169
E2, 1170
E3, 1171
E2, 1172
E3, 1173
E2, 1174
E3, 1175
E2, 1176
E3, 1177
E2, 1178
E3, 1179
E3, 1180
E1, 1181
E1, 1182
E1, 1183
E2, 1184
E2, 1185
E2, 1186
E3, 1187
E3, 1188
E3, 1189
E1, 1190
E1, 1191
E1, 1192
E1, 1193
E1, 1194
E1, 1195
E1, 1196
E1, 1197
E1, 1198
E1, 1199
E1, 1200
E1, 1201
E1, 1202
E2, 1203
E3, 1204
E2, 1205
E3, 1206
E2, 1207
E3, 1208
E2, 1209
E3, 1210
E1, 1211
E2, 1212
E3, 1213
E1, 1214
E2, 1215
E3, 1216
E4, 1217
E1, 1218
E1, 1219
E2, 1220
E3, 1221
E2, 1222
E3, 1223
E1, 1224
E1, 1225
E1, 1226
E2, 1227
E2, 1228
E3, 1229
E3, 1230
E2, 1231
E3, 1232
E1, 1233
E1, 1234
E1, 1235
E2, 1236
E2, 1237
E2, 1238
E3, 1239
E3, 1240
E3, 1241
E1, 1242
E1, 1243
E1, 1244
E1, 1245
E1, 1246
E2, 1247
E3, 1248
E2, 1249
E3, 1250
E2, 1251
E3, 1252
E2, 1253
E3, 1254
E1, 1255
E1, 1256
E1, 1257
E1, 1258
E1, 1259
E2, 1260
E2, 1261
E2, 1262
E2, 1263
E3, 1264
E3, 1265
E3, 1266
E3, 1267
E1, 1268
E1, 1269
E1, 1270
E1, 1271
E1, 1272
E1, 1273
E1, 1274
E2, 1275
E3, 1276
E2, 1277
E3, 1278
E2, 1279
E3, 1280
E1, 1281
E2, 1282
E3, 1283
E1, 1284
E1, 1285
E1, 1286
E1, 1287
E1, 1288
E1, 1289
E2, 1290
E2, 1291
E1, 1292
E3, 1293
E1, 1294
E3, 1295
E2, 1296
E2, 1297
E3, 1298
E3, 1299
E1, 1300
E1, 1301
E1, 1302
E1, 1303
E2, 1304
E2, 1305
E3, 1306
E3, 1307
E1, 1308
E1, 1309
E2, 1310
E3, 1311
E2, 1312
E3, 1313
E1, 1314
E1, 1315
E1, 1316
E2, 1317
E3, 1318
E1, 1319
E1, 1320
E2, 1321
E2, 1322
E3, 1323
E3, 1324
E1, 1325
E1, 1326
E1, 1327
E1, 1328
E2, 1329
E3, 1330
E2, 1331
E1, 1332
E1, 1333
E1, 1334
E1, 1335
E1, 1336
E1, 1337
E2, 1338
E3, 1339
E2, 1340
E3, 1341
E2, 1342
E3, 1343
E1, 1344
E1, 1345
E1, 1346
E1, 1347
E1, 1348
E5, 1349
E5, 1350
E1, 1351
E2, 1352
E3, 1353
E2, 1354
E3, 1355
E2, 1356
E3, 1357
E2, 1358
E3, 1359
E2, 1360
E3, 1361
E2, 1362
E6, 1363
E2, 1364
E6, 1365
E4, 1366
E1, 1367
E1, 1368
E2, 1369
E3, 1370
E2, 1371
E3, 1372
E1, 1373
E2, 1374
E3, 1375
E1, 1376
E2, 1377
E3, 1378
E1, 1379
E1, 1380
E1, 1381
E1, 1382
E1, 1383
E1, 1384
E1, 1385
E2, 1386
E2, 1387
E2, 1388
E2, 1389
E3, 1390
E3, 1391
E3, 1392
E3, 1393
E1, 1394
E1, 1395
E1, 1396
E1, 1397
E2, 1398
E2, 1399
E2, 1400
E2, 1401
E3, 1402
E3, 1403
E3, 1404
E3, 1405
E1, 1406
E1, 1407
E1, 1408
E1, 1409
E2, 1410
E3, 1411
E2, 1412
E3, 1413
E2, 1414
E3, 1415
E2, 1416
E3, 1417
E1, 1418
E2, 1419
E3, 1420
E4, 1421
E4, 1422
E1, 1423
E1, 1424
E1, 1425
E1, 1426
E1, 1427
E1, 1428
E2, 1429
E3, 1430
E2, 1431
E3, 1432
E2, 1433
E3, 1434
E2, 1435
E3, 1436
E1, 1437
E1, 1438
E1, 1439
E1, 1440
E1, 1441
E1, 1442
E1, 1443
E1, 1444
E1, 1445
E2, 1446
E3, 1447
E2, 1448
E3, 1449
E2, 1450
E3, 1451
E2, 1452
E3, 1453
E1, 1454
E1, 1455
E1, 1456
E1, 1457
E1, 1458
E1, 1459
E1, 1460
E1, 1461
E2, 1462
E2, 1463
E3, 1464
E2, 1465
E3, 1466
E1, 1467
E1, 1468
E2, 1469
E3, 1470
E2, 1471
E3, 1472
E1, 1473
E1, 1474
E1, 1475
E1, 1476
E2, 1477
E2, 1478
E3, 1479
E3, 1480
E1, 1481
E1, 1482
E2, 1483
E2, 1484
E3, 1485
E3, 1486
E1, 1487
E2, 1488
E3, 1489
E1, 1490
E2, 1491
E3, 1492
E4, 1493
E1, 1494
E1, 1495
E2, 1496
E2, 1497
E3, 1498
E3, 1499
E1, 1500
E1, 1501
E2, 1502
E2, 1503
E3, 1504
E1, 1505
E1, 1506
E1, 1507
E1, 1508
E1, 1509
E1, 1510
E1, 1511
E1, 1512
E1, 1513
E1, 1514
E2, 1515
E2, 1516
E2, 1517
E2, 1518
E2, 1519
E2, 1520
E2, 1521
E3, 1522
E3, 1523
E3, 1524
E3, 1525
E3, 1526
E3, 1527
E3, 1528
E1, 1529
E1, 1530
E1, 1531
E1, 1532
E1, 1533
E1, 1534
E2, 1535
E3, 1536
E2, 1537
E3, 1538
E2, 1539
E3, 1540
E5, 1541
E2, 1542
E6, 1543
E5, 1544
E2, 1545
E6, 1546
E5, 1547
E2, 1548
E6, 1549
E5, 1550
E2, 1551
E6, 1552
E1, 1553
E1, 1554
E1, 1555
E1, 1556
E1, 1557
E1, 1558
E2, 1559
E3, 1560
E2, 1561
E3, 1562
E2, 1563
E3, 1564
E2, 1565
E3, 1566
E1, 1567
E2, 1568
E3, 1569
E1, 1570
E1, 1571
E2, 1572
E2, 1573
E3, 1574
E3, 1575
E1, 1576
E1, 1577
E2, 1578
E3, 1579
E2, 1580
E3, 1581
E1, 1582
E1, 1583
E2, 1584
E3, 1585
E2, 1586
E3, 1587
E1, 1588
E2, 1589
E3, 1590
E1, 1591
E2, 1592
E3, 1593
E1, 1594
E1, 1595
E1, 1596
E1, 1597
E2, 1598
E3, 1599
E2, 1600
E3, 1601
E2, 1602
E3, 1603
E2, 1604
E3, 1605
E1, 1606
E1, 1607
E1, 1608
E1, 1609
E1, 1610
E1, 1611
E2, 1612
E3, 1613
E2, 1614
E3, 1615
E2, 1616
E3, 1617
E2, 1618
E3, 1619
E1, 1620
E1, 1621
E1, 1622
E1, 1623
E1, 1624
E1, 1625
E1, 1626
E1, 1627
E1, 1628
E1, 1629
E1, 1630
E2, 1631
E3, 1632
E2, 1633
E3, 1634
E2, 1635
E3, 1636
E2, 1637
E3, 1638
E1, 1639
E1, 1640
E1, 1641
E1, 1642
E1, 1643
E1, 1644
E2, 1645
E2, 1646
E3, 1647
E3, 1648
E2, 1649
E2, 1650
E3, 1651
E3, 1652
E1, 1653
E1, 1654
E2, 1655
E2, 1656
E3, 1657
E3, 1658
E1, 1659
E1, 1660
E1, 1661
E1, 1662
E1, 1663
E1, 1664
E1, 1665
E1, 1666
E1, 1667
E1, 1668
E1, 1669
E1, 1670
E2, 1671
E2, 1672
E3, 1673
E3, 1674
E1, 1675
E1, 1676
E1, 1677
E2, 1678
E2, 1679
E2, 1680
E3, 1681
E3, 1682
E3, 1683
E1, 1684
E1, 1685
E1, 1686
E1, 1687
E1, 1688
E1, 1689
E1, 1690
E1, 1691
E2, 1692
E2, 1693
E2, 1694
E3, 1695
E3, 1696
E3, 1697
E1, 1698
E1, 1699
E2, 1700
E2, 1701
E3, 1702
E3, 1703
E1, 1704
E1, 1705
E1, 1706
E2, 1707
E2, 1708
E2, 1709
E3, 1710
E3, 1711
E3, 1712
E1, 1713
E1, 1714
E1, 1715
E2, 1716
E1, 1717
E1, 1718
E1, 1719
E1, 1720
E2, 1721
E2, 1722
E2, 1723
E2, 1724
E3, 1725
E3, 1726
E3, 1727
E3, 1728
E1, 1729
E1, 1730
E1, 1731
E1, 1732
E1, 1733
E2, 1734
E2, 1735
E3, 1736
E3, 1737
E1, 1738
E1, 1739
E1, 1740
E1, 1741
E1, 1742
E1, 1743
E1, 1744
E2, 1745
E2, 1746
E2, 1747
E2, 1748
E3, 1749
E3, 1750
E3, 1751
E3, 1752
E1, 1753
E1, 1754
E1, 1755
E1, 1756
E1, 1757
E1, 1758
E1, 1759
E1, 1760
E1, 1761
E1, 1762
E1, 1763
E1, 1764
E2, 1765
E3, 1766
E2, 1767
E3, 1768
E2, 1769
E3, 1770
E1, 1771
E4, 1772
E2, 1773
E3, 1774
E1, 1775
E1, 1776
E1, 1777
E2, 1778
E3, 1779
E2, 1780
E3, 1781
E2, 1782
E3, 1783
E1, 1784
E1, 1785
E1, 1786
E1, 1787
E1, 1788
E2, 1789
E3, 1790
E2, 1791
E3, 1792
E2, 1793
E3, 1794
E1, 1795
E2, 1796
E3, 1797
E1, 1798
E1, 1799
E1, 1800
E1, 1801
E1, 1802
E2, 1803
E3, 1804
E2, 1805
E3, 1806
E2, 1807
E3, 1808
E1, 1809
E2, 1810
E3, 1811
E1, 1812
E1, 1813
E1, 1814
E1, 1815
E2, 1816
E2, 1817
E2, 1818
E3, 1819
E3, 1820
E3, 1821
E1, 1822
E1, 1823
E1, 1824
E1, 1825
E1, 1826
E2, 1827
E3, 1828
E2, 1829
E3, 1830
E2, 1831
E3, 1832
E1, 1833
E1, 1834
E2, 1835
E3, 1836
E2, 1837
E3, 1838
E1, 1839
E1, 1840
E1, 1841
E2, 1842
E3, 1843
E2, 1844
E3, 1845
E2, 1846
E3, 1847
E1, 1848
E1, 1849
E1, 1850
E2, 1851
E3, 1852
E2, 1853
E3, 1854
E2, 1855
E3, 1856
E1, 1857
E1, 1858
E1, 1859
E2, 1860
E3, 1861
E2, 1862
E3, 1863
E2, 1864
E3, 1865
E1, 1866
E1, 1867
E1, 1868
E2, 1869
E2, 1870
E2, 1871
E3, 1872
E3, 1873
E3, 1874
E1, 1875
E1, 1876
E1, 1877
E1, 1878
E1, 1879
E1, 1880
E1, 1881
E1, 1882
E1, 1883
E2, 1884
E2, 1885
E2, 1886
E3, 1887
E3, 1888
E3, 1889
E4, 1890
E1, 1891
E4, 1892
E2, 1893
E3, 1894
E1, 1895
E1, 1896
E2, 1897
E3, 1898
E2, 1899
E3, 1900
E1, 1901
E1, 1902
E2, 1903
E3, 1904
E2, 1905
E3, 1906
E1, 1907
E1, 1908
E2, 1909
E2, 1910
E3, 1911
E3, 1912
E1, 1913
E1, 1914
E2, 1915
E3, 1916
E2, 1917
E3, 1918
E1, 1919
E1, 1920
E2, 1921
E2, 1922
E3, 1923
E3, 1924
E1, 1925
E2, 1926
E3, 1927
E1, 1928
E1, 1929
E2, 1930
E3, 1931
E2, 1932
E3, 1933
E1, 1934
E1, 1935
E2, 1936
E2, 1937
E3, 1938
E3, 1939
E1, 1940
E1, 1941
E2, 1942
E3, 1943
E2, 1944
E3, 1945
E1, 1946
E1, 1947
E2, 1948
E3, 1949
E1, 1950
E2, 1951
E3, 1952
E1, 1953
E1, 1954
E2, 1955
E3, 1956
E2, 1957
E3, 1958
E1, 1959
E1, 1960
E2, 1961
E3, 1962
E2, 1963
E3, 1964
E1, 1965
E1, 1966
E2, 1967
E3, 1968
E2, 1969
E3, 1970
E1, 1971
E2, 1972
E3, 1973
E1, 1974
E1, 1975
E2, 1976
E3, 1977
E2, 1978
E3, 1979
E1, 1980
E1, 1981
E2, 1982
E2, 1983
E3, 1984
E3, 1985
E1, 1986
E2, 1987
E3, 1988
E4, 1989
E1, 1990
E2, 1991
E3, 1992
E1, 1993
E4, 1994
E2, 1995
E3, 1996
E1, 1997
E1, 1998
E2, 1999
E3, 2000
