symbol: s27
template: ClusterFileSystem: ServerFileSystem domain <*> is no longer served by node <*>
335,cluster_root_backup,node-96,
336,root_domain,node-160,
337,root3_domain,node-128,
338,root9_domain,node-224,
339,root10_domain,node-224,
340,root28_domain,node-96,
341,root30_domain,node-0,
342,root26_domain,node-57,
343,root29_local,node-28,
344,root12_domain,node-11,
345,root5_domain,node-196,
346,root28_domain,node-187,
347,root5_tmp,node-228,
348,storage1422,node-245,
349,storage343,node-11,
350,root19_domain,node-114,
351,root14_local,node-77,
352,root6_domain,node-37,
353,storage534,node-18,
354,root12_tmp,node-11,
355,root23_local,node-182,
356,root14_tmp,node-45,
357,storage211,node-4,
358,root8_domain,node-167,
359,root25_local,node-216,
360,cluster_usr_backup,node-160,
361,root_domain,node-128,
362,root24_local,node-247,
363,root18_tmp,node-241,
364,root17_domain,node-240,
365,sc_cluster_backup,node-0,
366,cluster_usr_backup,node-192,
367,cluster_var_backup,node-224,
368,root1_tmp_backup,node-96,
369,root1_domain_backup,node-96,
370,root28_domain,node-219,
