symbol: s28
template: running
371,
372,
373,
374,
375,
376,
377,
380,
381,
385,
386,
387,
390,
395,
396,
397,
398,
403,
404,
405,
406,
407,
408,
409,
411,
414,
415,
419,
422,
423,
426,
432,
439,
440,
441,
447,
450,
453,
454,
456,
458,
459,
463,
467,
468,
469,
471,
472,
475,
476,
478,
479,
489,
490,
495,
496,
498,
502,
503,
506,
508,
510,
511,
516,
517,
518,
520,
521,
525,
526,
527,
531,
532,
534,
535,
536,
537,
538,
542,
543,
545,
546,
547,
548,
549,
550,
555,
556,
559,
560,
561,
567,
568,
569,
574,
579,
580,
583,
586,
593,
596,
597,
598,
599,
600,
603,
606,
607,
608,
609,
612,
614,
615,
616,
617,
621,
622,
623,
625,
626,
633,
638,
639,
642,
644,
647,
648,
649,
650,
652,
653,
654,
657,
658,
659,
660,
661,
662,
663,
664,
665,
666,
667,
672,
674,
679,
680,
682,
685,
686,
691,
692,
693,
697,
698,
699,
702,
704,
707,
708,
709,
710,
