symbol: s39
template: normal
711,
712,
714,
715,
718,
720,
721,
723,
724,
726,
728,
729,
732,
737,
740,
745,
751,
754,
758,
760,
765,
767,
777,
779,
780,
781,
782,
785,
787,
788,
789,
793,
795,
798,
803,
817,
819,
821,
823,
834,
840,
841,
850,
852,
853,
854,
855,
857,
860,
867,
870,
871,
873,
875,
876,
877,
880,
881,
887,
888,
893,
896,
897,
899,
903,
904,
905,
910,
914,
920,
927,
929,
934,
936,
938,
940,
942,
944,
949,
955,
957,
965,
970,
972,
975,
977,
980,
982,
984,
991,
993,
994,
997,
998,
999,
1004,
1006,
1009,
1010,
1012,
1013,
1018,
1019,
1020,
1021,
1023,
1024,
1025,
1026,
1027,
1036,
1038,
1039,
1040,
1042,
1045,
1047,
1048,
1050,
1051,
1056,
1066,
1071,
1073,
1074,
1075,
1080,
1084,
1093,
1096,
1098,
1100,
1103,
1111,
1123,
1125,
1127,
1128,
1129,
1130,
1132,
1133,
1134,
1135,
1137,
1138,
1139,
1141,
1144,
1150,
1165,
1172,
1174,
1175,
1184,
1193,
1195,
1196,
1201,
1204,
1205,
1207,
1212,
1214,
1219,
1222,
1230,
1250,
1251,
1260,
1265,
1266,
1270,
1274,
1278,
1281,
1283,
1284,
1291,
1300,
1305,
1316,
1317,
1331,
1332,
1333,
1336,
1337,
1347,
1349,
1371,
1373,
1381,
1383,
1388,
1389,
1392,
1395,
1403,
1409,
1413,
1414,
1415,
1419,
1423,
1425,
