symbol: s40
template: warning
713,
716,
735,
746,
747,
748,
750,
756,
757,
759,
762,
766,
769,
770,
771,
775,
776,
778,
783,
784,
786,
791,
792,
794,
796,
799,
800,
801,
805,
806,
807,
808,
816,
820,
825,
830,
838,
839,
842,
848,
851,
859,
861,
862,
863,
864,
866,
868,
869,
872,
874,
878,
879,
882,
883,
884,
885,
895,
900,
902,
906,
908,
909,
911,
918,
941,
943,
950,
951,
954,
960,
961,
962,
963,
964,
966,
971,
973,
974,
976,
978,
979,
981,
987,
995,
996,
1000,
1001,
1002,
1003,
1005,
1007,
1011,
1014,
1015,
1016,
1017,
1028,
1030,
1031,
1032,
1033,
1035,
1041,
1044,
1046,
1052,
1053,
1054,
1055,
1057,
1064,
1065,
1067,
1068,
1069,
1076,
1078,
1081,
1082,
1083,
1086,
1087,
1088,
1091,
1094,
1097,
1107,
1121,
1124,
1126,
1131,
1136,
1140,
1142,
1145,
1146,
1147,
1149,
1151,
1153,
1154,
1155,
1162,
1166,
1168,
1169,
1170,
1171,
1180,
1181,
1182,
1183,
1185,
1187,
1192,
1194,
1197,
1198,
1199,
1200,
1202,
1203,
1213,
1215,
1216,
1217,
1223,
1224,
1225,
1228,
1233,
1243,
1246,
1247,
1256,
1258,
1263,
1267,
1269,
1280,
1287,
1294,
1295,
1298,
1307,
1312,
1315,
1318,
1324,
1334,
1340,
1346,
1386,
1391,
1402,
1416,
1417,
1421,
1422,
1424,
1426,
1430,
1431,
1433,
