symbol: s2
template: check pass; user unknown
2,
19,
21,
23,
25,
27,
29,
30,
31,
33,
37,
39,
41,
43,
45,
47,
49,
51,
53,
55,
57,
59,
61,
63,
65,
67,
69,
71,
101,
103,
105,
107,
109,
111,
113,
115,
117,
119,
168,
170,
172,
174,
176,
178,
180,
182,
184,
186,
227,
229,
231,
233,
235,
237,
239,
241,
243,
245,
280,
319,
321,
323,
325,
327,
329,
331,
333,
335,
337,
412,
414,
416,
418,
420,
508,
510,
512,
514,
516,
518,
520,
522,
690,
692,
694,
696,
698,
700,
702,
704,
706,
708,
813,
815,
817,
819,
821,
909,
911,
913,
915,
1241,
1574,
1576,
1578,
1580,
1582,
1584,
1586,
1588,
1590,
1592,
1614,
1616,
1618,
1620,
1622,
