symbol: s4
template: session opened for user <*> by <*>
14,cyrus,(uid=0),
17,news,(uid=0),
73,cyrus,(uid=0),
76,news,(uid=0),
78,cyrus,(uid=0),
81,news,(uid=0),
92,test,(uid=509),
137,cyrus,(uid=0),
140,news,(uid=0),
142,cyrus,(uid=0),
148,news,(uid=0),
162,cyrus,(uid=0),
165,news,(uid=0),
188,cyrus,(uid=0),
191,news,(uid=0),
222,cyrus,(uid=0),
225,news,(uid=0),
282,cyrus,(uid=0),
285,news,(uid=0),
296,cyrus,(uid=0),
299,news,(uid=0),
314,cyrus,(uid=0),
317,news,(uid=0),
370,cyrus,(uid=0),
376,news,(uid=0),
378,cyrus,(uid=0),
381,news,(uid=0),
388,cyrus,(uid=0),
391,news,(uid=0),
445,cyrus,(uid=0),
448,news,(uid=0),
503,cyrus,(uid=0),
506,news,(uid=0),
585,test,(uid=509),
586,test,(uid=509),
587,test,(uid=509),
588,test,(uid=509),
589,test,(uid=509),
590,test,(uid=509),
591,test,(uid=509),
592,test,(uid=509),
595,test,(uid=509),
596,test,(uid=509),
615,cyrus,(uid=0),
618,news,(uid=0),
620,test,(uid=509),
622,test,(uid=509),
624,test,(uid=509),
626,test,(uid=509),
651,test,(uid=509),
652,test,(uid=509),
654,test,(uid=509),
656,test,(uid=509),
669,test,(uid=509),
670,test,(uid=509),
671,test,(uid=509),
672,test,(uid=509),
677,test,(uid=509),
679,test,(uid=509),
680,test,(uid=509),
681,test,(uid=509),
685,cyrus,(uid=0),
688,news,(uid=0),
710,cyrus,(uid=0),
716,news,(uid=0),
764,cyrus,(uid=0),
767,news,(uid=0),
808,cyrus,(uid=0),
811,news,(uid=0),
851,cyrus,(uid=0),
854,news,(uid=0),
879,cyrus,(uid=0),
882,news,(uid=0),
884,test,(uid=509),
885,test,(uid=509),
887,test,(uid=509),
890,test,(uid=509),
891,test,(uid=509),
893,test,(uid=509),
948,cyrus,(uid=0),
951,news,(uid=0),
957,cyrus,(uid=0),
960,news,(uid=0),
1082,cyrus,(uid=0),
1088,news,(uid=0),
1236,cyrus,(uid=0),
1239,news,(uid=0),
1254,cyrus,(uid=0),
1257,news,(uid=0),
1269,cyrus,(uid=0),
1272,news,(uid=0),
1274,test,(uid=509),
1275,test,(uid=509),
1278,test,(uid=509),
1280,cyrus,(uid=0),
1283,news,(uid=0),
1303,cyrus,(uid=0),
1306,news,(uid=0),
1330,cyrus,(uid=0),
1333,news,(uid=0),
1360,cyrus,(uid=0),
1366,news,(uid=0),
1569,cyrus,(uid=0),
1572,news,(uid=0),
1594,cyrus,(uid=0),
1597,news,(uid=0),
1609,cyrus,(uid=0),
1612,news,(uid=0),
1628,cyrus,(uid=0),
1631,news,(uid=0),
1658,cyrus,(uid=0),
1661,news,(uid=0),
1709,cyrus,(uid=0),
1712,news,(uid=0),
1750,cyrus,(uid=0),
1756,news,(uid=0),
1782,cyrus,(uid=0),
1785,news,(uid=0),
1851,cyrus,(uid=0),
1854,news,(uid=0),
1902,cyrus,(uid=0),
1905,news,(uid=0),
