symbol: s5
template: session closed for user <*>
15,cyrus,
18,news,
74,cyrus,
77,news,
79,cyrus,
82,news,
93,test,
138,cyrus,
141,news,
143,cyrus,
149,news,
163,cyrus,
166,news,
189,cyrus,
192,news,
223,cyrus,
226,news,
283,cyrus,
286,news,
297,cyrus,
300,news,
315,cyrus,
318,news,
371,cyrus,
377,news,
379,cyrus,
382,news,
389,cyrus,
392,news,
446,cyrus,
449,news,
504,cyrus,
507,news,
593,test,
594,test,
597,test,
598,test,
599,test,
600,test,
601,test,
602,test,
603,test,
604,test,
616,cyrus,
619,news,
621,test,
623,test,
625,test,
627,test,
653,test,
655,test,
657,test,
658,test,
673,test,
674,test,
675,test,
676,test,
678,test,
682,test,
683,test,
684,test,
686,cyrus,
689,news,
711,cyrus,
717,news,
765,cyrus,
768,news,
809,cyrus,
812,news,
852,cyrus,
855,news,
880,cyrus,
883,news,
886,test,
888,test,
889,test,
892,test,
894,test,
895,test,
900,root,
949,cyrus,
952,news,
958,cyrus,
961,news,
1083,cyrus,
1089,news,
1237,cyrus,
1240,news,
1255,cyrus,
1258,news,
1270,cyrus,
1273,news,
1276,test,
1277,test,
1279,test,
1281,cyrus,
1284,news,
1304,cyrus,
1307,news,
1331,cyrus,
1334,news,
1361,cyrus,
1367,news,
1570,cyrus,
1573,news,
1595,cyrus,
1598,news,
1610,cyrus,
1613,news,
1629,cyrus,
1632,news,
1659,cyrus,
1662,news,
1710,cyrus,
1713,news,
1751,cyrus,
1757,news,
1783,cyrus,
1786,news,
1852,cyrus,
1855,news,
1903,cyrus,
1906,news,
