E31, 1
E40, 2
E42, 3
E24, 4
E42, 5
E11, 6
E40, 7
E11, 8
E24, 9
E42, 10
E42, 11
E11, 12
E40, 13
E11, 14
E24, 15
E25, 16
E42, 17
E25, 18
E24, 19
E40, 20
E25, 21
E42, 22
E24, 23
E25, 24
E42, 25
E24, 26
E40, 27
E24, 28
E24, 29
E25, 30
E24, 31
E11, 32
E24, 33
E42, 34
E11, 35
E40, 36
E24, 37
E24, 38
E24, 39
E11, 40
E24, 41
E24, 42
E40, 43
E25, 44
E24, 45
E25, 46
E25, 47
E40, 48
E24, 49
E24, 50
E42, 51
E25, 52
E25, 53
E24, 54
E25, 55
E40, 56
E40, 57
E24, 58
E11, 59
E25, 60
E25, 61
E11, 62
E42, 63
E40, 64
E40, 65
E42, 66
E25, 67
E24, 68
E24, 69
E25, 70
E42, 71
E25, 72
E42, 73
E40, 74
E25, 75
E42, 76
E11, 77
E24, 78
E24, 79
E25, 80
E40, 81
E42, 82
E24, 83
E42, 84
E40, 85
E24, 86
E24, 87
E25, 88
E25, 89
E40, 90
E25, 91
E11, 92
E24, 93
E42, 94
E40, 95
E24, 96
E40, 97
E42, 98
E11, 99
E24, 100
E24, 101
E24, 102
E11, 103
E25, 104
E11, 105
E11, 106
E25, 107
E40, 108
E25, 109
E25, 110
E42, 111
E25, 112
E25, 113
E11, 114
E42, 115
E40, 116
E25, 117
E40, 118
E24, 119
E42, 120
E25, 121
E24, 122
E11, 123
E11, 124
E40, 125
E24, 126
E25, 127
E11, 128
E25, 129
E11, 130
E24, 131
E40, 132
E25, 133
E42, 134
E11, 135
E40, 136
E25, 137
E24, 138
E11, 139
E24, 140
E25, 141
E42, 142
E24, 143
E40, 144
E25, 145
E40, 146
E42, 147
E42, 148
E25, 149
E42, 150
E42, 151
E40, 152
E11, 153
E24, 154
E24, 155
E11, 156
E25, 157
E11, 158
E11, 159
E24, 160
E42, 161
E11, 162
E11, 163
E42, 164
E42, 165
E40, 166
E25, 167
E42, 168
E25, 169
E40, 170
E40, 171
E42, 172
E25, 173
E42, 174
E42, 175
E24, 176
E24, 177
E11, 178
E40, 179
E11, 180
E25, 181
E40, 182
E25, 183
E11, 184
E11, 185
E40, 186
E11, 187
E40, 188
E25, 189
E40, 190
E42, 191
E24, 192
E25, 193
E24, 194
E24, 195
E42, 196
E24, 197
E40, 198
E24, 199
E40, 200
E40, 201
E11, 202
E40, 203
E40, 204
E25, 205
E25, 206
E24, 207
E25, 208
E24, 209
E11, 210
E25, 211
E11, 212
E40, 213
E11, 214
E40, 215
E42, 216
E40, 217
E40, 218
E24, 219
E25, 220
E40, 221
E11, 222
E40, 223
E24, 224
E40, 225
E40, 226
E42, 227
E40, 228
E24, 229
E42, 230
E25, 231
E24, 232
E42, 233
E25, 234
E24, 235
E25, 236
E42, 237
E24, 238
E42, 239
E25, 240
E42, 241
E25, 242
E42, 243
E42, 244
E25, 245
E24, 246
E11, 247
E42, 248
E40, 249
E24, 250
E24, 251
E42, 252
E24, 253
E11, 254
E25, 255
E25, 256
E11, 257
E24, 258
E42, 259
E24, 260
E11, 261
E42, 262
E24, 263
E40, 264
E40, 265
E42, 266
E11, 267
E24, 268
E24, 269
E40, 270
E11, 271
E42, 272
E25, 273
E11, 274
E25, 275
E25, 276
E24, 277
E25, 278
E40, 279
E24, 280
E42, 281
E25, 282
E42, 283
E11, 284
E42, 285
E11, 286
E11, 287
E25, 288
E24, 289
E42, 290
E25, 291
E11, 292
E24, 293
E42, 294
E40, 295
E25, 296
E25, 297
E24, 298
E42, 299
E11, 300
E24, 301
E11, 302
E40, 303
E24, 304
E42, 305
E42, 306
E24, 307
E11, 308
E11, 309
E42, 310
E25, 311
E40, 312
E11, 313
E40, 314
E24, 315
E11, 316
E24, 317
E25, 318
E25, 319
E42, 320
E42, 321
E42, 322
E11, 323
E24, 324
E40, 325
E24, 326
E42, 327
E11, 328
E11, 329
E24, 330
E11, 331
E40, 332
E25, 333
E24, 334
E24, 335
E11, 336
E40, 337
E11, 338
E24, 339
E25, 340
E25, 341
E42, 342
E24, 343
E40, 344
E11, 345
E11, 346
E40, 347
E24, 348
E40, 349
E24, 350
E11, 351
E11, 352
E42, 353
E40, 354
E24, 355
E25, 356
E40, 357
E42, 358
E11, 359
E42, 360
E11, 361
E40, 362
E42, 363
E24, 364
E40, 365
E42, 366
E40, 367
E11, 368
E25, 369
E24, 370
E40, 371
E11, 372
E25, 373
E40, 374
E42, 375
E25, 376
E11, 377
E24, 378
E11, 379
E25, 380
E25, 381
E25, 382
E40, 383
E11, 384
E24, 385
E24, 386
E42, 387
E25, 388
E25, 389
E40, 390
E24, 391
E40, 392
E25, 393
E42, 394
E25, 395
E25, 396
E24, 397
E11, 398
E40, 399
E11, 400
E40, 401
E11, 402
E42, 403
E24, 404
E11, 405
E11, 406
E25, 407
E42, 408
E40, 409
E24, 410
E42, 411
E42, 412
E42, 413
E42, 414
E42, 415
E11, 416
E40, 417
E25, 418
E40, 419
E11, 420
E25, 421
E25, 422
E24, 423
E24, 424
E40, 425
E40, 426
E11, 427
E25, 428
E24, 429
E42, 430
E11, 431
E40, 432
E42, 433
E24, 434
E11, 435
E40, 436
E11, 437
E42, 438
E24, 439
E25, 440
E11, 441
E40, 442
E40, 443
E24, 444
E42, 445
E40, 446
E11, 447
E24, 448
E25, 449
E42, 450
E40, 451
E24, 452
E42, 453
E25, 454
E25, 455
E24, 456
E24, 457
E24, 458
E42, 459
E11, 460
E42, 461
E11, 462
E25, 463
E25, 464
E42, 465
E40, 466
E11, 467
E42, 468
E11, 469
E40, 470
E24, 471
E24, 472
E42, 473
E11, 474
E11, 475
E40, 476
E24, 477
E42, 478
E24, 479
E40, 480
E40, 481
E11, 482
E40, 483
E24, 484
E40, 485
E11, 486
E40, 487
E24, 488
E11, 489
E24, 490
E40, 491
E25, 492
E25, 493
E40, 494
E10, 495
E6, 496
E10, 497
E8, 498
E10, 499
E7, 500
E13, 501
E13, 502
E2, 503
E2, 504
E10, 505
E50, 506
E13, 507
E2, 508
E2, 509
E13, 510
E2, 511
E2, 512
E13, 513
E10, 514
E13, 515
E7, 516
E7, 517
E13, 518
E7, 519
E7, 520
E10, 521
E10, 522
E12, 523
E2, 524
E7, 525
E7, 526
E12, 527
E12, 528
E7, 529
E12, 530
E10, 531
E12, 532
E10, 533
E7, 534
E13, 535
E6, 536
E7, 537
E6, 538
E10, 539
E44, 540
E12, 541
E5, 542
E7, 543
E38, 544
E38, 545
E6, 546
E38, 547
E12, 548
E38, 549
E15, 550
E38, 551
E15, 552
E38, 553
E6, 554
E38, 555
E12, 556
E6, 557
E10, 558
E12, 559
E13, 560
E7, 561
E10, 562
E15, 563
E15, 564
E1, 565
E26, 566
E5, 567
E5, 568
E5, 569
E25, 570
E31, 571
E12, 572
E13, 573
E6, 574
E6, 575
E12, 576
E10, 577
E2, 578
E12, 579
E12, 580
E29, 581
E23, 582
E18, 583
E5, 584
E26, 585
E30, 586
E44, 587
E19, 588
E13, 589
E2, 590
E7, 591
E12, 592
E12, 593
E6, 594
E13, 595
E7, 596
E10, 597
E34, 598
E19, 599
E13, 600
E6, 601
E7, 602
E12, 603
E10, 604
E6, 605
E6, 606
E13, 607
E4, 608
E44, 609
E41, 610
E13, 611
E13, 612
E8, 613
E44, 614
E44, 615
E41, 616
E6, 617
E10, 618
E40, 619
E44, 620
E2, 621
E7, 622
E9, 623
E14, 624
E37, 625
E35, 626
E13, 627
E7, 628
E2, 629
E13, 630
E13, 631
E10, 632
E6, 633
E10, 634
E12, 635
E2, 636
E2, 637
E48, 638
E5, 639
E5, 640
E31, 641
E5, 642
E31, 643
E5, 644
E5, 645
E31, 646
E5, 647
E31, 648
E5, 649
E5, 650
E5, 651
E5, 652
E5, 653
E31, 654
E31, 655
E5, 656
E5, 657
E31, 658
E31, 659
E5, 660
E5, 661
E5, 662
E5, 663
E5, 664
E5, 665
E31, 666
E31, 667
E5, 668
E5, 669
E5, 670
E5, 671
E5, 672
E31, 673
E5, 674
E31, 675
E5, 676
E31, 677
E5, 678
E5, 679
E5, 680
E31, 681
E5, 682
E5, 683
E5, 684
E5, 685
E5, 686
E31, 687
E5, 688
E31, 689
E5, 690
E31, 691
E31, 692
E5, 693
E5, 694
E5, 695
E5, 696
E31, 697
E5, 698
E5, 699
E31, 700
E5, 701
E31, 702
E31, 703
E5, 704
E5, 705
E31, 706
E5, 707
E5, 708
E5, 709
E5, 710
E5, 711
E31, 712
E5, 713
E5, 714
E5, 715
E31, 716
E5, 717
E31, 718
E5, 719
E5, 720
E5, 721
E31, 722
E31, 723
E5, 724
E5, 725
E5, 726
E31, 727
E5, 728
E5, 729
E5, 730
E5, 731
E31, 732
E5, 733
E5, 734
E5, 735
E5, 736
E5, 737
E5, 738
E31, 739
E31, 740
E5, 741
E5, 742
E5, 743
E31, 744
E5, 745
E5, 746
E5, 747
E5, 748
E31, 749
E31, 750
E5, 751
E11, 752
E5, 753
E44, 754
E49, 755
E49, 756
E1, 757
E49, 758
E49, 759
E1, 760
E1, 761
E1, 762
E1, 763
E49, 764
E1, 765
E1, 766
E1, 767
E1, 768
E1, 769
E49, 770
E49, 771
E1, 772
E1, 773
E1, 774
E1, 775
E49, 776
E1, 777
E49, 778
E49, 779
E49, 780
E1, 781
E1, 782
E1, 783
E49, 784
E25, 785
E40, 786
E11, 787
E40, 788
E25, 789
E11, 790
E40, 791
E11, 792
E25, 793
E25, 794
E24, 795
E42, 796
E42, 797
E40, 798
E25, 799
E24, 800
E40, 801
E42, 802
E11, 803
E25, 804
E42, 805
E25, 806
E11, 807
E42, 808
E11, 809
E40, 810
E11, 811
E24, 812
E11, 813
E25, 814
E40, 815
E25, 816
E40, 817
E11, 818
E42, 819
E25, 820
E40, 821
E11, 822
E40, 823
E24, 824
E11, 825
E11, 826
E40, 827
E42, 828
E11, 829
E11, 830
E24, 831
E25, 832
E11, 833
E24, 834
E24, 835
E25, 836
E24, 837
E24, 838
E25, 839
E24, 840
E24, 841
E42, 842
E24, 843
E25, 844
E24, 845
E11, 846
E25, 847
E25, 848
E24, 849
E40, 850
E42, 851
E24, 852
E25, 853
E24, 854
E40, 855
E40, 856
E11, 857
E25, 858
E40, 859
E24, 860
E24, 861
E11, 862
E42, 863
E42, 864
E24, 865
E40, 866
E42, 867
E25, 868
E42, 869
E11, 870
E25, 871
E40, 872
E25, 873
E40, 874
E42, 875
E11, 876
E11, 877
E24, 878
E42, 879
E40, 880
E24, 881
E42, 882
E25, 883
E40, 884
E25, 885
E24, 886
E40, 887
E40, 888
E11, 889
E11, 890
E11, 891
E24, 892
E11, 893
E25, 894
E25, 895
E11, 896
E25, 897
E25, 898
E25, 899
E24, 900
E25, 901
E40, 902
E42, 903
E11, 904
E42, 905
E11, 906
E42, 907
E42, 908
E24, 909
E40, 910
E42, 911
E25, 912
E42, 913
E40, 914
E42, 915
E11, 916
E40, 917
E42, 918
E25, 919
E42, 920
E11, 921
E40, 922
E42, 923
E42, 924
E40, 925
E40, 926
E40, 927
E11, 928
E11, 929
E25, 930
E11, 931
E42, 932
E42, 933
E25, 934
E11, 935
E24, 936
E24, 937
E42, 938
E25, 939
E42, 940
E25, 941
E11, 942
E40, 943
E24, 944
E11, 945
E42, 946
E24, 947
E40, 948
E24, 949
E40, 950
E40, 951
E40, 952
E40, 953
E42, 954
E24, 955
E40, 956
E24, 957
E25, 958
E24, 959
E40, 960
E42, 961
E24, 962
E42, 963
E11, 964
E11, 965
E25, 966
E24, 967
E42, 968
E24, 969
E40, 970
E42, 971
E11, 972
E40, 973
E42, 974
E40, 975
E11, 976
E40, 977
E11, 978
E11, 979
E11, 980
E40, 981
E24, 982
E25, 983
E40, 984
E40, 985
E24, 986
E25, 987
E42, 988
E42, 989
E42, 990
E24, 991
E40, 992
E25, 993
E25, 994
E24, 995
E42, 996
E25, 997
E11, 998
E40, 999
E40, 1000
E24, 1001
E11, 1002
E25, 1003
E24, 1004
E24, 1005
E24, 1006
E11, 1007
E40, 1008
E40, 1009
E11, 1010
E24, 1011
E42, 1012
E42, 1013
E42, 1014
E25, 1015
E25, 1016
E25, 1017
E11, 1018
E25, 1019
E24, 1020
E42, 1021
E40, 1022
E11, 1023
E42, 1024
E40, 1025
E42, 1026
E42, 1027
E25, 1028
E24, 1029
E24, 1030
E25, 1031
E11, 1032
E25, 1033
E40, 1034
E11, 1035
E42, 1036
E25, 1037
E11, 1038
E42, 1039
E25, 1040
E40, 1041
E24, 1042
E40, 1043
E25, 1044
E11, 1045
E11, 1046
E42, 1047
E25, 1048
E42, 1049
E11, 1050
E40, 1051
E25, 1052
E42, 1053
E24, 1054
E11, 1055
E40, 1056
E25, 1057
E40, 1058
E24, 1059
E42, 1060
E11, 1061
E25, 1062
E11, 1063
E42, 1064
E24, 1065
E25, 1066
E24, 1067
E40, 1068
E42, 1069
E25, 1070
E42, 1071
E11, 1072
E40, 1073
E24, 1074
E40, 1075
E25, 1076
E24, 1077
E25, 1078
E40, 1079
E11, 1080
E25, 1081
E25, 1082
E25, 1083
E40, 1084
E25, 1085
E11, 1086
E40, 1087
E42, 1088
E11, 1089
E24, 1090
E40, 1091
E25, 1092
E24, 1093
E11, 1094
E25, 1095
E11, 1096
E24, 1097
E42, 1098
E25, 1099
E11, 1100
E42, 1101
E24, 1102
E24, 1103
E24, 1104
E24, 1105
E11, 1106
E25, 1107
E40, 1108
E42, 1109
E24, 1110
E42, 1111
E24, 1112
E40, 1113
E11, 1114
E11, 1115
E42, 1116
E24, 1117
E11, 1118
E24, 1119
E42, 1120
E24, 1121
E24, 1122
E24, 1123
E25, 1124
E42, 1125
E24, 1126
E24, 1127
E42, 1128
E40, 1129
E42, 1130
E11, 1131
E24, 1132
E42, 1133
E25, 1134
E25, 1135
E24, 1136
E11, 1137
E42, 1138
E42, 1139
E40, 1140
E24, 1141
E24, 1142
E25, 1143
E25, 1144
E24, 1145
E42, 1146
E40, 1147
E40, 1148
E40, 1149
E24, 1150
E11, 1151
E11, 1152
E42, 1153
E11, 1154
E40, 1155
E25, 1156
E11, 1157
E42, 1158
E25, 1159
E25, 1160
E40, 1161
E42, 1162
E40, 1163
E24, 1164
E40, 1165
E11, 1166
E24, 1167
E11, 1168
E11, 1169
E42, 1170
E24, 1171
E11, 1172
E25, 1173
E11, 1174
E40, 1175
E24, 1176
E25, 1177
E24, 1178
E40, 1179
E11, 1180
E42, 1181
E11, 1182
E11, 1183
E24, 1184
E11, 1185
E42, 1186
E11, 1187
E42, 1188
E42, 1189
E40, 1190
E11, 1191
E25, 1192
E25, 1193
E11, 1194
E24, 1195
E25, 1196
E24, 1197
E42, 1198
E24, 1199
E25, 1200
E11, 1201
E11, 1202
E42, 1203
E24, 1204
E24, 1205
E25, 1206
E42, 1207
E42, 1208
E25, 1209
E40, 1210
E24, 1211
E24, 1212
E11, 1213
E40, 1214
E24, 1215
E40, 1216
E25, 1217
E25, 1218
E40, 1219
E40, 1220
E40, 1221
E24, 1222
E40, 1223
E40, 1224
E42, 1225
E11, 1226
E24, 1227
E25, 1228
E25, 1229
E11, 1230
E11, 1231
E40, 1232
E24, 1233
E40, 1234
E40, 1235
E25, 1236
E11, 1237
E40, 1238
E24, 1239
E24, 1240
E42, 1241
E25, 1242
E24, 1243
E42, 1244
E42, 1245
E25, 1246
E24, 1247
E11, 1248
E24, 1249
E24, 1250
E24, 1251
E42, 1252
E40, 1253
E24, 1254
E42, 1255
E24, 1256
E11, 1257
E21, 1258
E6, 1259
E2, 1260
E38, 1261
E38, 1262
E38, 1263
E2, 1264
E42, 1265
E12, 1266
E7, 1267
E36, 1268
E2, 1269
E2, 1270
E38, 1271
E2, 1272
E12, 1273
E7, 1274
E15, 1275
E38, 1276
E15, 1277
E15, 1278
E7, 1279
E38, 1280
E10, 1281
E38, 1282
E15, 1283
E38, 1284
E38, 1285
E2, 1286
E38, 1287
E7, 1288
E15, 1289
E38, 1290
E12, 1291
E2, 1292
E2, 1293
E15, 1294
E38, 1295
E10, 1296
E10, 1297
E6, 1298
E38, 1299
E13, 1300
E15, 1301
E10, 1302
E6, 1303
E2, 1304
E2, 1305
E13, 1306
E13, 1307
E2, 1308
E6, 1309
E38, 1310
E6, 1311
E38, 1312
E38, 1313
E6, 1314
E15, 1315
E15, 1316
E38, 1317
E38, 1318
E13, 1319
E13, 1320
E38, 1321
E10, 1322
E6, 1323
E38, 1324
E15, 1325
E38, 1326
E13, 1327
E12, 1328
E15, 1329
E15, 1330
E15, 1331
E38, 1332
E7, 1333
E12, 1334
E7, 1335
E6, 1336
E40, 1337
E6, 1338
E6, 1339
E13, 1340
E10, 1341
E7, 1342
E13, 1343
E13, 1344
E2, 1345
E7, 1346
E6, 1347
E13, 1348
E47, 1349
E46, 1350
E7, 1351
E10, 1352
E15, 1353
E15, 1354
E12, 1355
E7, 1356
E13, 1357
E15, 1358
E10, 1359
E38, 1360
E2, 1361
E2, 1362
E15, 1363
E38, 1364
E38, 1365
E15, 1366
E10, 1367
E7, 1368
E6, 1369
E10, 1370
E15, 1371
E12, 1372
E7, 1373
E6, 1374
E38, 1375
E38, 1376
E3, 1377
E40, 1378
E46, 1379
E17, 1380
E24, 1381
E10, 1382
E38, 1383
E13, 1384
E15, 1385
E15, 1386
E38, 1387
E38, 1388
E38, 1389
E13, 1390
E13, 1391
E2, 1392
E7, 1393
E15, 1394
E15, 1395
E15, 1396
E15, 1397
E5, 1398
E12, 1399
E12, 1400
E6, 1401
E7, 1402
E13, 1403
E12, 1404
E12, 1405
E41, 1406
E3, 1407
E27, 1408
E40, 1409
E18, 1410
E12, 1411
E2, 1412
E8, 1413
E6, 1414
E10, 1415
E13, 1416
E2, 1417
E44, 1418
E22, 1419
E33, 1420
E15, 1421
E38, 1422
E38, 1423
E7, 1424
E15, 1425
E38, 1426
E15, 1427
E45, 1428
E2, 1429
E14, 1430
E9, 1431
E14, 1432
E16, 1433
E36, 1434
E36, 1435
E15, 1436
E15, 1437
E15, 1438
E10, 1439
E15, 1440
E13, 1441
E38, 1442
E38, 1443
E2, 1444
E13, 1445
E6, 1446
E10, 1447
E10, 1448
E10, 1449
E38, 1450
E7, 1451
E12, 1452
E15, 1453
E3, 1454
E39, 1455
E43, 1456
E15, 1457
E38, 1458
E38, 1459
E26, 1460
E20, 1461
E5, 1462
E37, 1463
E37, 1464
E24, 1465
E11, 1466
E11, 1467
E42, 1468
E42, 1469
E42, 1470
E24, 1471
E25, 1472
E42, 1473
E42, 1474
E40, 1475
E11, 1476
E25, 1477
E40, 1478
E24, 1479
E11, 1480
E40, 1481
E42, 1482
E40, 1483
E42, 1484
E25, 1485
E11, 1486
E42, 1487
E11, 1488
E42, 1489
E11, 1490
E25, 1491
E42, 1492
E40, 1493
E40, 1494
E25, 1495
E25, 1496
E40, 1497
E11, 1498
E42, 1499
E40, 1500
E40, 1501
E11, 1502
E42, 1503
E24, 1504
E11, 1505
E11, 1506
E24, 1507
E24, 1508
E42, 1509
E11, 1510
E25, 1511
E40, 1512
E40, 1513
E24, 1514
E11, 1515
E42, 1516
E40, 1517
E42, 1518
E42, 1519
E40, 1520
E40, 1521
E42, 1522
E42, 1523
E42, 1524
E24, 1525
E24, 1526
E42, 1527
E40, 1528
E42, 1529
E42, 1530
E24, 1531
E11, 1532
E11, 1533
E11, 1534
E24, 1535
E42, 1536
E42, 1537
E25, 1538
E42, 1539
E40, 1540
E11, 1541
E11, 1542
E24, 1543
E25, 1544
E24, 1545
E42, 1546
E25, 1547
E42, 1548
E42, 1549
E25, 1550
E25, 1551
E42, 1552
E40, 1553
E24, 1554
E40, 1555
E42, 1556
E11, 1557
E25, 1558
E24, 1559
E42, 1560
E25, 1561
E25, 1562
E24, 1563
E40, 1564
E11, 1565
E42, 1566
E25, 1567
E40, 1568
E42, 1569
E11, 1570
E11, 1571
E40, 1572
E42, 1573
E24, 1574
E40, 1575
E11, 1576
E40, 1577
E25, 1578
E40, 1579
E24, 1580
E24, 1581
E11, 1582
E40, 1583
E24, 1584
E11, 1585
E40, 1586
E25, 1587
E42, 1588
E11, 1589
E25, 1590
E24, 1591
E24, 1592
E42, 1593
E25, 1594
E25, 1595
E42, 1596
E24, 1597
E42, 1598
E40, 1599
E40, 1600
E40, 1601
E24, 1602
E25, 1603
E24, 1604
E40, 1605
E11, 1606
E42, 1607
E24, 1608
E24, 1609
E25, 1610
E40, 1611
E11, 1612
E42, 1613
E24, 1614
E25, 1615
E11, 1616
E40, 1617
E24, 1618
E25, 1619
E40, 1620
E40, 1621
E11, 1622
E25, 1623
E40, 1624
E25, 1625
E42, 1626
E11, 1627
E24, 1628
E24, 1629
E24, 1630
E40, 1631
E24, 1632
E25, 1633
E11, 1634
E25, 1635
E11, 1636
E40, 1637
E25, 1638
E24, 1639
E42, 1640
E24, 1641
E24, 1642
E42, 1643
E24, 1644
E40, 1645
E11, 1646
E25, 1647
E24, 1648
E40, 1649
E40, 1650
E25, 1651
E25, 1652
E11, 1653
E40, 1654
E25, 1655
E40, 1656
E24, 1657
E24, 1658
E40, 1659
E11, 1660
E25, 1661
E25, 1662
E25, 1663
E40, 1664
E42, 1665
E40, 1666
E24, 1667
E24, 1668
E11, 1669
E24, 1670
E40, 1671
E24, 1672
E40, 1673
E42, 1674
E24, 1675
E42, 1676
E40, 1677
E42, 1678
E40, 1679
E40, 1680
E42, 1681
E25, 1682
E11, 1683
E24, 1684
E42, 1685
E42, 1686
E24, 1687
E40, 1688
E24, 1689
E24, 1690
E11, 1691
E24, 1692
E24, 1693
E25, 1694
E25, 1695
E11, 1696
E24, 1697
E11, 1698
E25, 1699
E25, 1700
E25, 1701
E24, 1702
E40, 1703
E24, 1704
E42, 1705
E40, 1706
E40, 1707
E25, 1708
E25, 1709
E40, 1710
E11, 1711
E11, 1712
E25, 1713
E11, 1714
E25, 1715
E40, 1716
E24, 1717
E40, 1718
E40, 1719
E11, 1720
E42, 1721
E11, 1722
E24, 1723
E40, 1724
E40, 1725
E42, 1726
E25, 1727
E24, 1728
E42, 1729
E24, 1730
E40, 1731
E40, 1732
E24, 1733
E42, 1734
E40, 1735
E42, 1736
E11, 1737
E11, 1738
E24, 1739
E40, 1740
E11, 1741
E40, 1742
E42, 1743
E24, 1744
E11, 1745
E25, 1746
E11, 1747
E11, 1748
E11, 1749
E42, 1750
E24, 1751
E24, 1752
E24, 1753
E25, 1754
E11, 1755
E25, 1756
E11, 1757
E24, 1758
E42, 1759
E40, 1760
E11, 1761
E11, 1762
E25, 1763
E11, 1764
E25, 1765
E42, 1766
E40, 1767
E42, 1768
E24, 1769
E24, 1770
E40, 1771
E24, 1772
E40, 1773
E11, 1774
E40, 1775
E24, 1776
E24, 1777
E25, 1778
E42, 1779
E11, 1780
E42, 1781
E25, 1782
E24, 1783
E24, 1784
E40, 1785
E25, 1786
E40, 1787
E40, 1788
E24, 1789
E40, 1790
E42, 1791
E24, 1792
E11, 1793
E11, 1794
E25, 1795
E25, 1796
E42, 1797
E11, 1798
E11, 1799
E25, 1800
E40, 1801
E24, 1802
E24, 1803
E25, 1804
E40, 1805
E42, 1806
E11, 1807
E11, 1808
E24, 1809
E40, 1810
E42, 1811
E25, 1812
E11, 1813
E11, 1814
E25, 1815
E40, 1816
E42, 1817
E40, 1818
E42, 1819
E11, 1820
E25, 1821
E24, 1822
E24, 1823
E42, 1824
E24, 1825
E40, 1826
E11, 1827
E11, 1828
E25, 1829
E40, 1830
E24, 1831
E11, 1832
E40, 1833
E24, 1834
E11, 1835
E11, 1836
E11, 1837
E42, 1838
E25, 1839
E40, 1840
E11, 1841
E42, 1842
E40, 1843
E24, 1844
E11, 1845
E40, 1846
E11, 1847
E11, 1848
E25, 1849
E25, 1850
E11, 1851
E25, 1852
E24, 1853
E24, 1854
E11, 1855
E11, 1856
E11, 1857
E40, 1858
E42, 1859
E25, 1860
E25, 1861
E11, 1862
E40, 1863
E24, 1864
E11, 1865
E11, 1866
E40, 1867
E24, 1868
E40, 1869
E24, 1870
E11, 1871
E25, 1872
E40, 1873
E11, 1874
E24, 1875
E40, 1876
E11, 1877
E40, 1878
E25, 1879
E24, 1880
E11, 1881
E11, 1882
E40, 1883
E24, 1884
E24, 1885
E40, 1886
E11, 1887
E11, 1888
E25, 1889
E11, 1890
E24, 1891
E40, 1892
E24, 1893
E42, 1894
E40, 1895
E25, 1896
E42, 1897
E40, 1898
E42, 1899
E42, 1900
E40, 1901
E40, 1902
E24, 1903
E40, 1904
E40, 1905
E40, 1906
E11, 1907
E11, 1908
E42, 1909
E11, 1910
E24, 1911
E40, 1912
E40, 1913
E11, 1914
E42, 1915
E25, 1916
E24, 1917
E40, 1918
E11, 1919
E25, 1920
E9, 1921
E37, 1922
E9, 1923
E2, 1924
E2, 1925
E13, 1926
E12, 1927
E2, 1928
E7, 1929
E7, 1930
E6, 1931
E13, 1932
E13, 1933
E7, 1934
E2, 1935
E2, 1936
E6, 1937
E2, 1938
E10, 1939
E6, 1940
E7, 1941
E13, 1942
E12, 1943
E2, 1944
E10, 1945
E10, 1946
E6, 1947
E2, 1948
E12, 1949
E12, 1950
E10, 1951
E2, 1952
E2, 1953
E2, 1954
E6, 1955
E11, 1956
E13, 1957
E26, 1958
E32, 1959
E2, 1960
E12, 1961
E13, 1962
E13, 1963
E13, 1964
E12, 1965
E7, 1966
E2, 1967
E10, 1968
E10, 1969
E7, 1970
E12, 1971
E7, 1972
E13, 1973
E6, 1974
E28, 1975
E44, 1976
E44, 1977
E13, 1978
E2, 1979
E2, 1980
E10, 1981
E6, 1982
E13, 1983
E10, 1984
E13, 1985
E12, 1986
E12, 1987
E40, 1988
E28, 1989
E44, 1990
E20, 1991
E10, 1992
E2, 1993
E13, 1994
E37, 1995
E7, 1996
E10, 1997
E15, 1998
E15, 1999
E38, 2000
