E117, 1
E118, 2
E3, 3
E117, 4
E118, 5
E3, 6
E117, 7
E118, 8
E3, 9
E117, 10
E118, 11
E3, 12
E117, 13
E118, 14
E3, 15
E117, 16
E118, 17
E3, 18
E117, 19
E118, 20
E3, 21
E117, 22
E118, 23
E3, 24
E117, 25
E118, 26
E3, 27
E117, 28
E118, 29
E3, 30
E117, 31
E118, 32
E3, 33
E117, 34
E118, 35
E3, 36
E117, 37
E118, 38
E3, 39
E32, 40
E32, 41
E32, 42
E117, 43
E118, 44
E3, 45
E125, 46
E125, 47
E125, 48
E32, 49
E125, 50
E32, 51
E32, 52
E32, 53
E125, 54
E125, 55
E8, 56
E125, 57
E32, 58
E125, 59
E125, 60
E32, 61
E125, 62
E6, 63
E7, 64
E32, 65
E32, 66
E32, 67
E125, 68
E32, 69
E32, 70
E125, 71
E125, 72
E32, 73
E67, 74
E30, 75
E125, 76
E125, 77
E32, 78
E32, 79
E32, 80
E32, 81
E32, 82
E32, 83
E125, 84
E8, 85
E32, 86
E32, 87
E32, 88
E32, 89
E32, 90
E125, 91
E125, 92
E32, 93
E6, 94
E7, 95
E131, 96
E117, 97
E15, 98
E16, 99
E32, 100
E131, 101
E131, 102
E125, 103
E131, 104
E32, 105
E125, 106
E32, 107
E117, 108
E15, 109
E16, 110
E125, 111
E32, 112
E117, 113
E15, 114
E16, 115
E117, 116
E15, 117
E16, 118
E32, 119
E125, 120
E32, 121
E32, 122
E32, 123
E8, 124
E131, 125
E125, 126
E117, 127
E36, 128
E38, 129
E15, 130
E16, 131
E37, 132
E37, 133
E37, 134
E32, 135
E125, 136
E6, 137
E7, 138
E35, 139
E39, 140
E119, 141
E40, 142
E40, 143
E40, 144
E125, 145
E32, 146
E125, 147
E32, 148
E32, 149
E32, 150
E125, 151
E125, 152
E32, 153
E32, 154
E125, 155
E125, 156
E125, 157
E32, 158
E32, 159
E32, 160
E32, 161
E8, 162
E32, 163
E125, 164
E32, 165
E32, 166
E32, 167
E6, 168
E7, 169
E125, 170
E32, 171
E32, 172
E32, 173
E32, 174
E125, 175
E125, 176
E125, 177
E32, 178
E125, 179
E125, 180
E32, 181
E125, 182
E32, 183
E32, 184
E32, 185
E125, 186
E32, 187
E35, 188
E36, 189
E36, 190
E38, 191
E38, 192
E39, 193
E37, 194
E37, 195
E40, 196
E37, 197
E37, 198
E40, 199
E37, 200
E37, 201
E40, 202
E125, 203
E32, 204
E8, 205
E35, 206
E36, 207
E36, 208
E38, 209
E38, 210
E39, 211
E37, 212
E37, 213
E40, 214
E37, 215
E37, 216
E40, 217
E37, 218
E37, 219
E40, 220
E125, 221
E125, 222
E32, 223
E125, 224
E6, 225
E7, 226
E125, 227
E32, 228
E32, 229
E32, 230
E125, 231
E32, 232
E125, 233
E32, 234
E32, 235
E32, 236
E125, 237
E32, 238
E32, 239
E32, 240
E8, 241
E32, 242
E125, 243
E32, 244
E32, 245
E125, 246
E125, 247
E6, 248
E7, 249
E32, 250
E125, 251
E32, 252
E32, 253
E32, 254
E32, 255
E125, 256
E32, 257
E32, 258
E32, 259
E32, 260
E32, 261
E125, 262
E125, 263
E32, 264
E32, 265
E32, 266
E8, 267
E125, 268
E32, 269
E125, 270
E6, 271
E7, 272
E125, 273
E125, 274
E125, 275
E125, 276
E32, 277
E32, 278
E32, 279
E125, 280
E125, 281
E32, 282
E32, 283
E125, 284
E32, 285
E32, 286
E32, 287
E8, 288
E32, 289
E125, 290
E32, 291
E125, 292
E32, 293
E6, 294
E7, 295
E32, 296
E32, 297
E32, 298
E32, 299
E32, 300
E125, 301
E32, 302
E125, 303
E125, 304
E32, 305
E32, 306
E32, 307
E125, 308
E125, 309
E32, 310
E32, 311
E32, 312
E125, 313
E32, 314
E8, 315
E32, 316
E32, 317
E125, 318
E125, 319
E6, 320
E7, 321
E32, 322
E32, 323
E32, 324
E125, 325
E32, 326
E32, 327
E32, 328
E32, 329
E125, 330
E32, 331
E8, 332
E125, 333
E32, 334
E32, 335
E32, 336
E6, 337
E7, 338
E32, 339
E32, 340
E32, 341
E32, 342
E32, 343
E32, 344
E32, 345
E125, 346
E32, 347
E32, 348
E125, 349
E32, 350
E32, 351
E125, 352
E8, 353
E32, 354
E32, 355
E32, 356
E125, 357
E32, 358
E125, 359
E32, 360
E125, 361
E32, 362
E6, 363
E7, 364
E125, 365
E125, 366
E32, 367
E125, 368
E125, 369
E32, 370
E32, 371
E32, 372
E32, 373
E125, 374
E32, 375
E8, 376
E125, 377
E32, 378
E125, 379
E32, 380
E125, 381
E32, 382
E125, 383
E125, 384
E6, 385
E7, 386
E32, 387
E32, 388
E125, 389
E125, 390
E32, 391
E32, 392
E125, 393
E32, 394
E32, 395
E125, 396
E32, 397
E125, 398
E125, 399
E32, 400
E32, 401
E32, 402
E125, 403
E111, 404
E32, 405
E32, 406
E8, 407
E125, 408
E125, 409
E32, 410
E125, 411
E32, 412
E125, 413
E32, 414
E6, 415
E7, 416
E32, 417
E125, 418
E125, 419
E125, 420
E125, 421
E32, 422
E32, 423
E125, 424
E125, 425
E32, 426
E32, 427
E32, 428
E125, 429
E125, 430
E32, 431
E125, 432
E125, 433
E125, 434
E125, 435
E8, 436
E32, 437
E32, 438
E32, 439
E125, 440
E32, 441
E6, 442
E7, 443
E125, 444
E32, 445
E32, 446
E125, 447
E32, 448
E32, 449
E32, 450
E32, 451
E125, 452
E125, 453
E32, 454
E125, 455
E125, 456
E125, 457
E125, 458
E61, 459
E128, 460
E125, 461
E32, 462
E32, 463
E32, 464
E32, 465
E32, 466
E8, 467
E125, 468
E32, 469
E125, 470
E32, 471
E32, 472
E125, 473
E32, 474
E6, 475
E7, 476
E32, 477
E32, 478
E125, 479
E125, 480
E32, 481
E32, 482
E125, 483
E125, 484
E125, 485
E125, 486
E32, 487
E125, 488
E125, 489
E125, 490
E125, 491
E125, 492
E32, 493
E125, 494
E32, 495
E8, 496
E125, 497
E32, 498
E32, 499
E125, 500
E125, 501
E125, 502
E32, 503
E125, 504
E125, 505
E125, 506
E125, 507
E6, 508
E7, 509
E125, 510
E125, 511
E32, 512
E125, 513
E125, 514
E32, 515
E32, 516
E32, 517
E125, 518
E111, 519
E32, 520
E32, 521
E125, 522
E125, 523
E125, 524
E125, 525
E125, 526
E32, 527
E125, 528
E125, 529
E125, 530
E32, 531
E32, 532
E32, 533
E125, 534
E32, 535
E8, 536
E32, 537
E32, 538
E125, 539
E125, 540
E125, 541
E32, 542
E125, 543
E32, 544
E6, 545
E7, 546
E125, 547
E125, 548
E125, 549
E32, 550
E32, 551
E32, 552
E125, 553
E32, 554
E125, 555
E32, 556
E32, 557
E32, 558
E32, 559
E125, 560
E32, 561
E8, 562
E32, 563
E32, 564
E32, 565
E98, 566
E125, 567
E6, 568
E7, 569
E125, 570
E125, 571
E32, 572
E32, 573
E125, 574
E32, 575
E32, 576
E125, 577
E125, 578
E111, 579
E125, 580
E32, 581
E32, 582
E32, 583
E125, 584
E8, 585
E125, 586
E32, 587
E32, 588
E32, 589
E32, 590
E32, 591
E6, 592
E7, 593
E125, 594
E125, 595
E125, 596
E125, 597
E32, 598
E32, 599
E32, 600
E32, 601
E32, 602
E125, 603
E32, 604
E32, 605
E125, 606
E125, 607
E125, 608
E125, 609
E32, 610
E32, 611
E8, 612
E32, 613
E32, 614
E32, 615
E32, 616
E32, 617
E125, 618
E6, 619
E7, 620
E125, 621
E125, 622
E32, 623
E32, 624
E32, 625
E125, 626
E125, 627
E125, 628
E32, 629
E32, 630
E111, 631
E32, 632
E32, 633
E8, 634
E32, 635
E32, 636
E32, 637
E32, 638
E125, 639
E32, 640
E6, 641
E7, 642
E125, 643
E32, 644
E125, 645
E125, 646
E32, 647
E32, 648
E125, 649
E125, 650
E32, 651
E32, 652
E125, 653
E125, 654
E125, 655
E32, 656
E125, 657
E125, 658
E32, 659
E125, 660
E32, 661
E8, 662
E32, 663
E32, 664
E125, 665
E32, 666
E32, 667
E125, 668
E125, 669
E125, 670
E32, 671
E32, 672
E32, 673
E6, 674
E7, 675
E32, 676
E125, 677
E125, 678
E32, 679
E32, 680
E125, 681
E32, 682
E125, 683
E125, 684
E125, 685
E32, 686
E8, 687
E125, 688
E32, 689
E125, 690
E125, 691
E32, 692
E32, 693
E125, 694
E32, 695
E32, 696
E6, 697
E7, 698
E125, 699
E32, 700
E32, 701
E32, 702
E125, 703
E125, 704
E32, 705
E32, 706
E32, 707
E32, 708
E32, 709
E125, 710
E125, 711
E8, 712
E125, 713
E32, 714
E32, 715
E125, 716
E32, 717
E32, 718
E32, 719
E125, 720
E32, 721
E6, 722
E7, 723
E32, 724
E125, 725
E125, 726
E32, 727
E125, 728
E32, 729
E32, 730
E32, 731
E125, 732
E125, 733
E32, 734
E125, 735
E125, 736
E32, 737
E125, 738
E32, 739
E8, 740
E32, 741
E125, 742
E32, 743
E125, 744
E6, 745
E7, 746
E32, 747
E32, 748
E125, 749
E32, 750
E32, 751
E125, 752
E125, 753
E32, 754
E32, 755
E32, 756
E125, 757
E125, 758
E125, 759
E32, 760
E125, 761
E125, 762
E125, 763
E32, 764
E125, 765
E125, 766
E32, 767
E32, 768
E8, 769
E125, 770
E125, 771
E32, 772
E125, 773
E32, 774
E32, 775
E6, 776
E7, 777
E125, 778
E32, 779
E32, 780
E32, 781
E32, 782
E32, 783
E32, 784
E125, 785
E125, 786
E32, 787
E32, 788
E32, 789
E125, 790
E125, 791
E32, 792
E32, 793
E8, 794
E125, 795
E125, 796
E125, 797
E32, 798
E32, 799
E32, 800
E6, 801
E7, 802
E125, 803
E32, 804
E125, 805
E125, 806
E125, 807
E32, 808
E32, 809
E32, 810
E125, 811
E32, 812
E32, 813
E32, 814
E32, 815
E125, 816
E125, 817
E8, 818
E125, 819
E32, 820
E32, 821
E32, 822
E32, 823
E6, 824
E7, 825
E125, 826
E125, 827
E32, 828
E125, 829
E32, 830
E125, 831
E125, 832
E32, 833
E32, 834
E32, 835
E125, 836
E125, 837
E32, 838
E32, 839
E32, 840
E32, 841
E125, 842
E32, 843
E8, 844
E125, 845
E125, 846
E125, 847
E32, 848
E125, 849
E32, 850
E6, 851
E7, 852
E32, 853
E32, 854
E32, 855
E125, 856
E32, 857
E32, 858
E32, 859
E32, 860
E125, 861
E125, 862
E125, 863
E125, 864
E125, 865
E8, 866
E32, 867
E32, 868
E32, 869
E32, 870
E6, 871
E7, 872
E125, 873
E32, 874
E32, 875
E32, 876
E125, 877
E125, 878
E32, 879
E32, 880
E32, 881
E125, 882
E125, 883
E32, 884
E32, 885
E32, 886
E32, 887
E125, 888
E125, 889
E32, 890
E125, 891
E32, 892
E8, 893
E125, 894
E32, 895
E32, 896
E6, 897
E7, 898
E32, 899
E32, 900
E32, 901
E32, 902
E125, 903
E125, 904
E32, 905
E125, 906
E32, 907
E125, 908
E125, 909
E32, 910
E125, 911
E125, 912
E125, 913
E32, 914
E8, 915
E32, 916
E125, 917
E125, 918
E32, 919
E32, 920
E125, 921
E32, 922
E6, 923
E7, 924
E32, 925
E32, 926
E32, 927
E125, 928
E125, 929
E32, 930
E32, 931
E32, 932
E32, 933
E32, 934
E125, 935
E32, 936
E32, 937
E125, 938
E125, 939
E32, 940
E32, 941
E8, 942
E111, 943
E32, 944
E125, 945
E125, 946
E6, 947
E7, 948
E125, 949
E32, 950
E32, 951
E125, 952
E125, 953
E125, 954
E125, 955
E32, 956
E62, 957
E125, 958
E125, 959
E125, 960
E32, 961
E125, 962
E32, 963
E32, 964
E32, 965
E32, 966
E32, 967
E32, 968
E125, 969
E125, 970
E125, 971
E8, 972
E32, 973
E125, 974
E125, 975
E32, 976
E32, 977
E32, 978
E6, 979
E7, 980
E125, 981
E32, 982
E125, 983
E125, 984
E32, 985
E32, 986
E125, 987
E32, 988
E32, 989
E125, 990
E32, 991
E32, 992
E32, 993
E32, 994
E125, 995
E32, 996
E32, 997
E8, 998
E125, 999
E125, 1000
E125, 1001
E125, 1002
E32, 1003
E125, 1004
E111, 1005
E32, 1006
E32, 1007
E6, 1008
E7, 1009
E125, 1010
E32, 1011
E32, 1012
E32, 1013
E125, 1014
E125, 1015
E32, 1016
E125, 1017
E125, 1018
E32, 1019
E125, 1020
E32, 1021
E32, 1022
E8, 1023
E125, 1024
E32, 1025
E125, 1026
E32, 1027
E125, 1028
E32, 1029
E6, 1030
E7, 1031
E125, 1032
E125, 1033
E125, 1034
E125, 1035
E125, 1036
E125, 1037
E32, 1038
E32, 1039
E32, 1040
E32, 1041
E32, 1042
E125, 1043
E125, 1044
E125, 1045
E32, 1046
E32, 1047
E32, 1048
E125, 1049
E125, 1050
E32, 1051
E32, 1052
E32, 1053
E32, 1054
E32, 1055
E8, 1056
E32, 1057
E125, 1058
E32, 1059
E6, 1060
E7, 1061
E125, 1062
E125, 1063
E125, 1064
E32, 1065
E32, 1066
E32, 1067
E32, 1068
E32, 1069
E125, 1070
E125, 1071
E125, 1072
E8, 1073
E125, 1074
E125, 1075
E125, 1076
E32, 1077
E32, 1078
E32, 1079
E125, 1080
E32, 1081
E6, 1082
E7, 1083
E32, 1084
E125, 1085
E125, 1086
E32, 1087
E32, 1088
E32, 1089
E32, 1090
E32, 1091
E32, 1092
E32, 1093
E32, 1094
E32, 1095
E125, 1096
E32, 1097
E32, 1098
E32, 1099
E118, 1100
E2, 1101
E118, 1102
E2, 1103
E118, 1104
E2, 1105
E118, 1106
E2, 1107
E118, 1108
E2, 1109
E32, 1110
E8, 1111
E125, 1112
E125, 1113
E32, 1114
E32, 1115
E125, 1116
E32, 1117
E6, 1118
E7, 1119
E125, 1120
E32, 1121
E32, 1122
E32, 1123
E32, 1124
E111, 1125
E125, 1126
E32, 1127
E125, 1128
E125, 1129
E8, 1130
E32, 1131
E125, 1132
E125, 1133
E125, 1134
E32, 1135
E125, 1136
E6, 1137
E7, 1138
E125, 1139
E125, 1140
E32, 1141
E32, 1142
E32, 1143
E32, 1144
E32, 1145
E125, 1146
E32, 1147
E32, 1148
E32, 1149
E125, 1150
E125, 1151
E32, 1152
E32, 1153
E125, 1154
E32, 1155
E32, 1156
E32, 1157
E125, 1158
E32, 1159
E32, 1160
E8, 1161
E75, 1162
E75, 1163
E75, 1164
E125, 1165
E32, 1166
E32, 1167
E75, 1168
E125, 1169
E75, 1170
E32, 1171
E32, 1172
E32, 1173
E125, 1174
E6, 1175
E7, 1176
E32, 1177
E125, 1178
E32, 1179
E32, 1180
E125, 1181
E25, 1182
E4, 1183
E10, 1184
E10, 1185
E10, 1186
E50, 1187
E55, 1188
E56, 1189
E59, 1190
E59, 1191
E59, 1192
E60, 1193
E60, 1194
E60, 1195
E58, 1196
E64, 1197
E64, 1198
E64, 1199
E64, 1200
E65, 1201
E65, 1202
E65, 1203
E65, 1204
E66, 1205
E10, 1206
E10, 1207
E82, 1208
E83, 1209
E82, 1210
E84, 1211
E84, 1212
E84, 1213
E84, 1214
E84, 1215
E85, 1216
E85, 1217
E85, 1218
E85, 1219
E85, 1220
E85, 1221
E85, 1222
E85, 1223
E85, 1224
E85, 1225
E86, 1226
E81, 1227
E81, 1228
E81, 1229
E81, 1230
E81, 1231
E81, 1232
E81, 1233
E81, 1234
E81, 1235
E81, 1236
E81, 1237
E90, 1238
E94, 1239
E94, 1240
E94, 1241
E94, 1242
E112, 1243
E10, 1244
E10, 1245
E123, 1246
E139, 1247
E57, 1248
E63, 1249
E63, 1250
E63, 1251
E63, 1252
E63, 1253
E88, 1254
E88, 1255
E88, 1256
E88, 1257
E88, 1258
E129, 1259
E129, 1260
E129, 1261
E129, 1262
E129, 1263
E27, 1264
E71, 1265
E71, 1266
E71, 1267
E11, 1268
E18, 1269
E18, 1270
E18, 1271
E109, 1272
E80, 1273
E108, 1274
E103, 1275
E103, 1276
E103, 1277
E103, 1278
E141, 1279
E93, 1280
E130, 1281
E136, 1282
E140, 1283
E137, 1284
E28, 1285
E42, 1286
E53, 1287
E104, 1288
E121, 1289
E133, 1290
E49, 1291
E41, 1292
E95, 1293
E43, 1294
E72, 1295
E70, 1296
E87, 1297
E51, 1298
E52, 1299
E79, 1300
E14, 1301
E17, 1302
E17, 1303
E77, 1304
E143, 1305
E45, 1306
E46, 1307
E45, 1308
E76, 1309
E107, 1310
E145, 1311
E145, 1312
E145, 1313
E145, 1314
E145, 1315
E145, 1316
E20, 1317
E132, 1318
E1, 1319
E1, 1320
E1, 1321
E1, 1322
E54, 1323
E5, 1324
E5, 1325
E22, 1326
E22, 1327
E23, 1328
E23, 1329
E69, 1330
E9, 1331
E9, 1332
E47, 1333
E91, 1334
E96, 1335
E142, 1336
E110, 1337
E89, 1338
E122, 1339
E144, 1340
E68, 1341
E113, 1342
E114, 1343
E19, 1344
E21, 1345
E115, 1346
E105, 1347
E12, 1348
E13, 1349
E126, 1350
E127, 1351
E33, 1352
E135, 1353
E138, 1354
E31, 1355
E99, 1356
E100, 1357
E101, 1358
E102, 1359
E92, 1360
E125, 1361
E32, 1362
E8, 1363
E32, 1364
E125, 1365
E32, 1366
E125, 1367
E32, 1368
E6, 1369
E7, 1370
E32, 1371
E29, 1372
E125, 1373
E32, 1374
E32, 1375
E134, 1376
E125, 1377
E125, 1378
E32, 1379
E78, 1380
E67, 1381
E30, 1382
E73, 1383
E74, 1384
E32, 1385
E32, 1386
E146, 1387
E146, 1388
E146, 1389
E146, 1390
E146, 1391
E146, 1392
E146, 1393
E146, 1394
E146, 1395
E146, 1396
E146, 1397
E146, 1398
E146, 1399
E146, 1400
E146, 1401
E146, 1402
E29, 1403
E32, 1404
E111, 1405
E111, 1406
E111, 1407
E32, 1408
E32, 1409
E32, 1410
E32, 1411
E32, 1412
E32, 1413
E32, 1414
E32, 1415
E32, 1416
E32, 1417
E32, 1418
E32, 1419
E32, 1420
E32, 1421
E32, 1422
E32, 1423
E32, 1424
E32, 1425
E32, 1426
E32, 1427
E32, 1428
E32, 1429
E32, 1430
E32, 1431
E32, 1432
E32, 1433
E32, 1434
E32, 1435
E146, 1436
E146, 1437
E146, 1438
E146, 1439
E146, 1440
E146, 1441
E146, 1442
E146, 1443
E146, 1444
E146, 1445
E146, 1446
E146, 1447
E146, 1448
E146, 1449
E146, 1450
E146, 1451
E146, 1452
E146, 1453
E147, 1454
E48, 1455
E78, 1456
E134, 1457
E125, 1458
E125, 1459
E32, 1460
E32, 1461
E103, 1462
E77, 1463
E124, 1464
E116, 1465
E44, 1466
E32, 1467
E125, 1468
E32, 1469
E24, 1470
E26, 1471
E125, 1472
E125, 1473
E32, 1474
E32, 1475
E32, 1476
E8, 1477
E125, 1478
E32, 1479
E32, 1480
E32, 1481
E125, 1482
E32, 1483
E124, 1484
E148, 1485
E97, 1486
E97, 1487
E97, 1488
E97, 1489
E97, 1490
E97, 1491
E97, 1492
E97, 1493
E97, 1494
E97, 1495
E97, 1496
E97, 1497
E97, 1498
E97, 1499
E97, 1500
E97, 1501
E97, 1502
E120, 1503
E106, 1504
E106, 1505
E106, 1506
E106, 1507
E106, 1508
E106, 1509
E106, 1510
E106, 1511
E106, 1512
E106, 1513
E106, 1514
E106, 1515
E106, 1516
E106, 1517
E106, 1518
E106, 1519
E149, 1520
E125, 1521
E6, 1522
E7, 1523
E32, 1524
E32, 1525
E32, 1526
E32, 1527
E125, 1528
E125, 1529
E8, 1530
E125, 1531
E125, 1532
E111, 1533
E32, 1534
E32, 1535
E32, 1536
E32, 1537
E6, 1538
E7, 1539
E125, 1540
E125, 1541
E32, 1542
E32, 1543
E125, 1544
E32, 1545
E32, 1546
E32, 1547
E32, 1548
E125, 1549
E32, 1550
E32, 1551
E32, 1552
E125, 1553
E125, 1554
E125, 1555
E32, 1556
E125, 1557
E32, 1558
E32, 1559
E32, 1560
E125, 1561
E32, 1562
E8, 1563
E32, 1564
E32, 1565
E32, 1566
E6, 1567
E7, 1568
E117, 1569
E15, 1570
E16, 1571
E131, 1572
E32, 1573
E131, 1574
E131, 1575
E125, 1576
E131, 1577
E131, 1578
E117, 1579
E15, 1580
E16, 1581
E117, 1582
E15, 1583
E16, 1584
E32, 1585
E32, 1586
E117, 1587
E15, 1588
E16, 1589
E125, 1590
E125, 1591
E117, 1592
E15, 1593
E16, 1594
E32, 1595
E32, 1596
E32, 1597
E125, 1598
E125, 1599
E125, 1600
E125, 1601
E32, 1602
E32, 1603
E8, 1604
E125, 1605
E32, 1606
E125, 1607
E125, 1608
E125, 1609
E125, 1610
E6, 1611
E7, 1612
E32, 1613
E32, 1614
E125, 1615
E125, 1616
E32, 1617
E125, 1618
E32, 1619
E32, 1620
E32, 1621
E32, 1622
E32, 1623
E32, 1624
E32, 1625
E32, 1626
E32, 1627
E125, 1628
E125, 1629
E32, 1630
E8, 1631
E125, 1632
E125, 1633
E125, 1634
E32, 1635
E32, 1636
E32, 1637
E32, 1638
E32, 1639
E6, 1640
E7, 1641
E125, 1642
E32, 1643
E32, 1644
E32, 1645
E125, 1646
E125, 1647
E125, 1648
E32, 1649
E32, 1650
E125, 1651
E125, 1652
E32, 1653
E8, 1654
E32, 1655
E125, 1656
E125, 1657
E32, 1658
E6, 1659
E7, 1660
E32, 1661
E125, 1662
E125, 1663
E32, 1664
E32, 1665
E32, 1666
E125, 1667
E32, 1668
E125, 1669
E32, 1670
E32, 1671
E32, 1672
E32, 1673
E32, 1674
E32, 1675
E8, 1676
E32, 1677
E125, 1678
E32, 1679
E32, 1680
E32, 1681
E125, 1682
E32, 1683
E6, 1684
E7, 1685
E125, 1686
E32, 1687
E32, 1688
E32, 1689
E32, 1690
E125, 1691
E32, 1692
E125, 1693
E32, 1694
E32, 1695
E125, 1696
E8, 1697
E125, 1698
E125, 1699
E125, 1700
E32, 1701
E125, 1702
E32, 1703
E125, 1704
E6, 1705
E7, 1706
E125, 1707
E32, 1708
E125, 1709
E125, 1710
E125, 1711
E32, 1712
E32, 1713
E32, 1714
E32, 1715
E32, 1716
E125, 1717
E32, 1718
E125, 1719
E32, 1720
E125, 1721
E32, 1722
E32, 1723
E8, 1724
E32, 1725
E32, 1726
E32, 1727
E32, 1728
E6, 1729
E7, 1730
E32, 1731
E32, 1732
E125, 1733
E125, 1734
E32, 1735
E32, 1736
E32, 1737
E125, 1738
E125, 1739
E32, 1740
E32, 1741
E32, 1742
E125, 1743
E32, 1744
E125, 1745
E32, 1746
E8, 1747
E125, 1748
E32, 1749
E125, 1750
E125, 1751
E125, 1752
E32, 1753
E125, 1754
E125, 1755
E6, 1756
E7, 1757
E125, 1758
E32, 1759
E32, 1760
E32, 1761
E32, 1762
E125, 1763
E32, 1764
E32, 1765
E32, 1766
E125, 1767
E32, 1768
E8, 1769
E125, 1770
E32, 1771
E32, 1772
E32, 1773
E125, 1774
E125, 1775
E32, 1776
E125, 1777
E32, 1778
E32, 1779
E6, 1780
E7, 1781
E125, 1782
E125, 1783
E125, 1784
E32, 1785
E125, 1786
E125, 1787
E125, 1788
E125, 1789
E125, 1790
E32, 1791
E125, 1792
E32, 1793
E32, 1794
E125, 1795
E125, 1796
E32, 1797
E32, 1798
E125, 1799
E32, 1800
E32, 1801
E125, 1802
E125, 1803
E32, 1804
E32, 1805
E32, 1806
E32, 1807
E8, 1808
E125, 1809
E125, 1810
E125, 1811
E125, 1812
E32, 1813
E32, 1814
E6, 1815
E7, 1816
E32, 1817
E32, 1818
E32, 1819
E125, 1820
E32, 1821
E32, 1822
E125, 1823
E32, 1824
E8, 1825
E32, 1826
E32, 1827
E125, 1828
E32, 1829
E125, 1830
E32, 1831
E6, 1832
E7, 1833
E32, 1834
E125, 1835
E32, 1836
E32, 1837
E32, 1838
E125, 1839
E32, 1840
E32, 1841
E32, 1842
E67, 1843
E30, 1844
E125, 1845
E32, 1846
E32, 1847
E8, 1848
E32, 1849
E32, 1850
E125, 1851
E125, 1852
E125, 1853
E32, 1854
E32, 1855
E125, 1856
E32, 1857
E32, 1858
E6, 1859
E7, 1860
E125, 1861
E32, 1862
E32, 1863
E32, 1864
E32, 1865
E125, 1866
E32, 1867
E32, 1868
E32, 1869
E8, 1870
E125, 1871
E32, 1872
E32, 1873
E125, 1874
E32, 1875
E32, 1876
E6, 1877
E7, 1878
E32, 1879
E32, 1880
E125, 1881
E125, 1882
E125, 1883
E125, 1884
E125, 1885
E32, 1886
E32, 1887
E32, 1888
E125, 1889
E32, 1890
E32, 1891
E32, 1892
E32, 1893
E8, 1894
E125, 1895
E32, 1896
E32, 1897
E125, 1898
E6, 1899
E7, 1900
E32, 1901
E32, 1902
E32, 1903
E32, 1904
E32, 1905
E32, 1906
E32, 1907
E32, 1908
E125, 1909
E32, 1910
E125, 1911
E32, 1912
E8, 1913
E32, 1914
E32, 1915
E32, 1916
E32, 1917
E32, 1918
E6, 1919
E7, 1920
E125, 1921
E125, 1922
E125, 1923
E125, 1924
E125, 1925
E125, 1926
E32, 1927
E32, 1928
E32, 1929
E32, 1930
E125, 1931
E125, 1932
E32, 1933
E125, 1934
E32, 1935
E32, 1936
E32, 1937
E8, 1938
E32, 1939
E125, 1940
E32, 1941
E32, 1942
E32, 1943
E6, 1944
E7, 1945
E32, 1946
E32, 1947
E32, 1948
E125, 1949
E125, 1950
E32, 1951
E32, 1952
E34, 1953
E32, 1954
E32, 1955
E125, 1956
E32, 1957
E32, 1958
E125, 1959
E32, 1960
E32, 1961
E8, 1962
E32, 1963
E32, 1964
E6, 1965
E7, 1966
E32, 1967
E125, 1968
E32, 1969
E125, 1970
E32, 1971
E125, 1972
E32, 1973
E125, 1974
E125, 1975
E125, 1976
E32, 1977
E125, 1978
E32, 1979
E32, 1980
E125, 1981
E32, 1982
E8, 1983
E32, 1984
E32, 1985
E125, 1986
E125, 1987
E32, 1988
E32, 1989
E32, 1990
E6, 1991
E7, 1992
E125, 1993
E125, 1994
E125, 1995
E125, 1996
E32, 1997
E125, 1998
E125, 1999
E125, 2000
