symbol: s106
template: getTasks: caller <*> does not hold REAL_GET_TASKS; limiting output
353,10113,
360,10111,
531,10111,
532,10111,
533,10111,
534,10111,
535,10111,
655,10111,
656,10111,
774,10111,
775,10111,
776,10111,
777,10111,
811,10111,
812,10111,
1014,10111,
1054,10111,
1055,10111,
1056,10111,
1155,10111,
1157,10111,
1211,10111,
1224,10111,
1399,10020,
1403,10020,
1409,10020,
1410,10020,
1520,10111,
1521,10111,
1616,10111,
1886,10111,
1887,10111,
1895,10111,
1896,10111,
1897,10111,
1898,10111,
1899,10111,
