symbol: s11
template: getRunningAppProcesses: caller <*> does not hold REAL_GET_TASKS; limiting output
20,10113,
117,10113,
325,10111,
367,10113,
368,10113,
369,10113,
381,10111,
396,10091,
397,10091,
399,10091,
400,10091,
401,10091,
404,10091,
409,10091,
410,10091,
424,10091,
425,10113,
426,10091,
507,10091,
508,10091,
515,10111,
519,10111,
536,10111,
582,10111,
693,10113,
708,10113,
773,10113,
778,10111,
810,10091,
825,10113,
826,10113,
830,10111,
841,10113,
842,10113,
843,10111,
866,10113,
876,10113,
919,10091,
920,10091,
1000,10111,
1005,10111,
1006,10111,
1028,10111,
1029,10111,
1033,10111,
1037,10113,
1038,10111,
1039,10111,
1040,10111,
1041,10111,
1042,10111,
1043,10111,
1044,10111,
1045,10111,
1046,10111,
1047,10111,
1048,10111,
1049,10113,
1050,10113,
1057,10111,
1154,10027,
1161,10111,
1162,10027,
1163,10027,
1164,10027,
1177,10027,
1178,10027,
1183,10027,
1248,10091,
1324,10113,
1331,10113,
1541,10111,
1605,10113,
1606,10113,
1615,10111,
1808,10091,
1809,10091,
1842,10112,
1892,10111,
1900,10113,
1966,10113,
