symbol: s43
template: <*>
82,querySoundEffectsEnabled...,
105,getRingtonePlayer...,
110,getRingtonePlayer...,
215,querySoundEffectsEnabled...,
232,cancelNotificationLocked:0|com.tencent.mobileqq|121|null|10111,
258,removeNotification:0|com.tencent.mobileqq|121|null|10111,
361,isMusicActive...,
362,isMusicActive...,
379,isMusicActive...,
389,isBluetoothA2dpOn...,
390,isMusicActive...,
391,isBluetoothScoOn...,
421,getMode...,
514,querySoundEffectsEnabled...,
727,isMusicActive...,
755,querySoundEffectsEnabled...,
779,isMusicActive...,
837,isMusicActive...,
844,isMusicActive...,
1001,unregisterAudioFocusListener...,
1015,isMusicActive...,
1071,querySoundEffectsEnabled...,
1089,querySoundEffectsEnabled...,
1090,isMusicActive...,
1103,querySoundEffectsEnabled...,
1231,getRingerMode...,
1260,querySoundEffectsEnabled...,
1344,querySoundEffectsEnabled...,
1365,querySoundEffectsEnabled...,
1411,getRingerMode...,
1424,querySoundEffectsEnabled...,
1435,querySoundEffectsEnabled...,
1469,cancelNotificationLocked:0|com.tencent.mobileqq|121|null|10111,
1491,removeNotification:0|com.tencent.mobileqq|121|null|10111,
1522,isMusicActive...,
1526,querySoundEffectsEnabled...,
1625,isMusicActive...,
1702,querySoundEffectsEnabled...,
1704,isWiredHeadsetOn...,
1756,querySoundEffectsEnabled...,
1825,querySoundEffectsEnabled...,
1869,getRingerMode...,
1925,querySoundEffectsEnabled...,
