symbol: s91
template: setLightsOn(true)
272,
309,
342,
347,
349,
351,
354,
448,
450,
452,
454,
456,
458,
460,
462,
464,
466,
468,
470,
472,
474,
476,
478,
482,
484,
486,
488,
490,
492,
494,
496,
500,
505,
511,
517,
521,
523,
525,
527,
529,
539,
541,
543,
545,
547,
549,
551,
553,
555,
557,
564,
566,
568,
571,
574,
590,
592,
594,
596,
598,
600,
606,
611,
626,
634,
646,
648,
650,
659,
661,
663,
665,
672,
675,
678,
685,
687,
689,
691,
694,
696,
700,
702,
704,
706,
711,
713,
718,
725,
728,
730,
732,
736,
740,
742,
744,
746,
750,
757,
760,
762,
764,
766,
768,
1066,
1072,
1074,
1076,
1078,
1084,
1111,
1116,
1118,
1120,
1448,
1463,
1489,
1506,
1508,
1514,
1516,
1518,
1527,
1550,
1552,
1554,
1556,
1558,
1560,
1562,
1564,
1566,
1568,
1570,
1572,
1574,
1576,
1578,
1580,
1584,
1586,
1588,
1590,
1592,
1594,
1601,
1609,
1611,
1613,
1617,
1621,
1623,
1626,
1628,
1630,
1632,
1636,
1638,
1642,
1649,
1651,
1658,
1660,
1665,
1667,
1674,
1718,
1721,
1723,
1725,
1728,
1730,
1741,
1743,
1745,
1750,
1791,
1833,
1838,
1840,
1843,
