E25, 1
E25, 2
E25, 3
E25, 4
E25, 5
E25, 6
E22, 7
E20, 8
E7, 9
E25, 10
E25, 11
E34, 12
E35, 13
E27, 14
E25, 15
E25, 16
E25, 17
E25, 18
E25, 19
E25, 20
E31, 21
E26, 22
E21, 23
E9, 24
E15, 25
E7, 26
E21, 27
E34, 28
E35, 29
E12, 30
E27, 31
E25, 32
E25, 33
E28, 34
E41, 35
E32, 36
E30, 37
E34, 38
E35, 39
E27, 40
E25, 41
E25, 42
E25, 43
E25, 44
E24, 45
E25, 46
E11, 47
E8, 48
E25, 49
E25, 50
E4, 51
E5, 52
E14, 53
E25, 54
E13, 55
E25, 56
E42, 57
E36, 58
E37, 59
E33, 60
E26, 61
E26, 62
E25, 63
E1, 64
E17, 65
E10, 66
E16, 67
E6, 68
E18, 69
E19, 70
E2, 71
E25, 72
E25, 73
E3, 74
E25, 75
E23, 76
E25, 77
E25, 78
E25, 79
E25, 80
E25, 81
E25, 82
E25, 83
E25, 84
E25, 85
E25, 86
E25, 87
E25, 88
E25, 89
E25, 90
E25, 91
E22, 92
E20, 93
E7, 94
E25, 95
E34, 96
E35, 97
E25, 98
E27, 99
E25, 100
E25, 101
E25, 102
E25, 103
E25, 104
E25, 105
E34, 106
E35, 107
E27, 108
E25, 109
E25, 110
E31, 111
E26, 112
E21, 113
E9, 114
E15, 115
E7, 116
E21, 117
E12, 118
E25, 119
E25, 120
E34, 121
E35, 122
E27, 123
E39, 124
E25, 125
E25, 126
E25, 127
E25, 128
E25, 129
E25, 130
E25, 131
E25, 132
E25, 133
E25, 134
E25, 135
E24, 136
E11, 137
E25, 138
E25, 139
E38, 140
E8, 141
E4, 142
E5, 143
E14, 144
E25, 145
E13, 146
E42, 147
E36, 148
E37, 149
E25, 150
E33, 151
E26, 152
E26, 153
E25, 154
E1, 155
E17, 156
E10, 157
E16, 158
E6, 159
E18, 160
E19, 161
E2, 162
E25, 163
E28, 164
E25, 165
E41, 166
E32, 167
E3, 168
E30, 169
E25, 170
E23, 171
E25, 172
E25, 173
E25, 174
E25, 175
E25, 176
E25, 177
E25, 178
E25, 179
E25, 180
E25, 181
E25, 182
E25, 183
E25, 184
E34, 185
E35, 186
E27, 187
E25, 188
E25, 189
E22, 190
E20, 191
E7, 192
E25, 193
E25, 194
E25, 195
E25, 196
E25, 197
E34, 198
E35, 199
E27, 200
E25, 201
E25, 202
E25, 203
E31, 204
E26, 205
E21, 206
E9, 207
E15, 208
E7, 209
E21, 210
E12, 211
E25, 212
E25, 213
E34, 214
E35, 215
E27, 216
E25, 217
E25, 218
E25, 219
E25, 220
E25, 221
E24, 222
E11, 223
E25, 224
E8, 225
E25, 226
E34, 227
E35, 228
E27, 229
E4, 230
E5, 231
E14, 232
E25, 233
E13, 234
E25, 235
E33, 236
E26, 237
E42, 238
E36, 239
E29, 240
E42, 241
E36, 242
E37, 243
E26, 244
E25, 245
E1, 246
E17, 247
E10, 248
E16, 249
E6, 250
E18, 251
E19, 252
E2, 253
E25, 254
E25, 255
E3, 256
E25, 257
E25, 258
E23, 259
E25, 260
E25, 261
E25, 262
E25, 263
E25, 264
E25, 265
E25, 266
E25, 267
E25, 268
E25, 269
E25, 270
E25, 271
E34, 272
E35, 273
E27, 274
E25, 275
E25, 276
E25, 277
E22, 278
E20, 279
E25, 280
E7, 281
E25, 282
E25, 283
E25, 284
E34, 285
E35, 286
E27, 287
E25, 288
E25, 289
E25, 290
E25, 291
E25, 292
E28, 293
E31, 294
E26, 295
E21, 296
E9, 297
E15, 298
E7, 299
E21, 300
E12, 301
E41, 302
E32, 303
E30, 304
E25, 305
E34, 306
E35, 307
E27, 308
E25, 309
E34, 310
E35, 311
E27, 312
E25, 313
E25, 314
E25, 315
E24, 316
E11, 317
E25, 318
E8, 319
E25, 320
E4, 321
E5, 322
E14, 323
E25, 324
E13, 325
E25, 326
E42, 327
E36, 328
E29, 329
E33, 330
E26, 331
E42, 332
E36, 333
E37, 334
E26, 335
E25, 336
E1, 337
E17, 338
E10, 339
E16, 340
E6, 341
E18, 342
E19, 343
E2, 344
E25, 345
E25, 346
E3, 347
E25, 348
E25, 349
E23, 350
E25, 351
E25, 352
E25, 353
E25, 354
E25, 355
E25, 356
E25, 357
E25, 358
E25, 359
E25, 360
E25, 361
E25, 362
E25, 363
E25, 364
E22, 365
E25, 366
E20, 367
E7, 368
E25, 369
E34, 370
E35, 371
E27, 372
E25, 373
E25, 374
E25, 375
E25, 376
E25, 377
E25, 378
E25, 379
E34, 380
E35, 381
E31, 382
E26, 383
E21, 384
E9, 385
E15, 386
E25, 387
E27, 388
E7, 389
E21, 390
E12, 391
E25, 392
E25, 393
E39, 394
E34, 395
E35, 396
E27, 397
E25, 398
E25, 399
E25, 400
E25, 401
E25, 402
E25, 403
E25, 404
E25, 405
E25, 406
E25, 407
E25, 408
E24, 409
E11, 410
E25, 411
E8, 412
E25, 413
E4, 414
E5, 415
E14, 416
E25, 417
E13, 418
E34, 419
E35, 420
E27, 421
E25, 422
E33, 423
E26, 424
E42, 425
E36, 426
E37, 427
E28, 428
E41, 429
E32, 430
E30, 431
E26, 432
E25, 433
E1, 434
E17, 435
E10, 436
E16, 437
E6, 438
E18, 439
E19, 440
E2, 441
E25, 442
E25, 443
E3, 444
E25, 445
E25, 446
E23, 447
E25, 448
E25, 449
E25, 450
E25, 451
E25, 452
E25, 453
E25, 454
E25, 455
E25, 456
E25, 457
E25, 458
E25, 459
E25, 460
E25, 461
E34, 462
E35, 463
E27, 464
E22, 465
E20, 466
E25, 467
E7, 468
E25, 469
E25, 470
E25, 471
E25, 472
E25, 473
E34, 474
E35, 475
E27, 476
E25, 477
E25, 478
E31, 479
E26, 480
E21, 481
E9, 482
E15, 483
E7, 484
E21, 485
E12, 486
E25, 487
E25, 488
E34, 489
E35, 490
E27, 491
E25, 492
E25, 493
E25, 494
E24, 495
E11, 496
E25, 497
E8, 498
E25, 499
E4, 500
E5, 501
E14, 502
E34, 503
E35, 504
E27, 505
E13, 506
E25, 507
E25, 508
E33, 509
E26, 510
E42, 511
E36, 512
E37, 513
E26, 514
E25, 515
E1, 516
E17, 517
E10, 518
E16, 519
E6, 520
E18, 521
E19, 522
E2, 523
E25, 524
E25, 525
E3, 526
E25, 527
E23, 528
E25, 529
E25, 530
E25, 531
E25, 532
E25, 533
E25, 534
E25, 535
E25, 536
E25, 537
E25, 538
E25, 539
E25, 540
E25, 541
E25, 542
E25, 543
E34, 544
E35, 545
E27, 546
E22, 547
E20, 548
E25, 549
E7, 550
E25, 551
E25, 552
E25, 553
E25, 554
E25, 555
E34, 556
E35, 557
E27, 558
E25, 559
E25, 560
E28, 561
E25, 562
E41, 563
E32, 564
E30, 565
E25, 566
E31, 567
E26, 568
E21, 569
E9, 570
E15, 571
E7, 572
E21, 573
E12, 574
E25, 575
E25, 576
E34, 577
E35, 578
E27, 579
E25, 580
E25, 581
E25, 582
E34, 583
E35, 584
E27, 585
E25, 586
E24, 587
E25, 588
E11, 589
E8, 590
E25, 591
E25, 592
E4, 593
E5, 594
E14, 595
E25, 596
E13, 597
E25, 598
E33, 599
E26, 600
E42, 601
E36, 602
E29, 603
E42, 604
E36, 605
E37, 606
E26, 607
E25, 608
E1, 609
E17, 610
E10, 611
E16, 612
E6, 613
E18, 614
E19, 615
E2, 616
E25, 617
E25, 618
E3, 619
E25, 620
E25, 621
E23, 622
E25, 623
E25, 624
E25, 625
E25, 626
E25, 627
E25, 628
E25, 629
E25, 630
E25, 631
E25, 632
E34, 633
E35, 634
E25, 635
E27, 636
E25, 637
E25, 638
E25, 639
E22, 640
E20, 641
E7, 642
E25, 643
E25, 644
E25, 645
E25, 646
E34, 647
E35, 648
E27, 649
E25, 650
E25, 651
E25, 652
E25, 653
E25, 654
E40, 655
E25, 656
E25, 657
E31, 658
E26, 659
E21, 660
E9, 661
E15, 662
E7, 663
E21, 664
E34, 665
E35, 666
E12, 667
E27, 668
E25, 669
E25, 670
E34, 671
E35, 672
E27, 673
E25, 674
E25, 675
E25, 676
E25, 677
E25, 678
E25, 679
E25, 680
E25, 681
E25, 682
E25, 683
E24, 684
E11, 685
E25, 686
E8, 687
E25, 688
E4, 689
E5, 690
E14, 691
E25, 692
E13, 693
E42, 694
E36, 695
E37, 696
E25, 697
E33, 698
E26, 699
E25, 700
E25, 701
E25, 702
E28, 703
E41, 704
E32, 705
E30, 706
E26, 707
E25, 708
E1, 709
E17, 710
E10, 711
E16, 712
E6, 713
E18, 714
E19, 715
E2, 716
E25, 717
E25, 718
E3, 719
E25, 720
E23, 721
E25, 722
E25, 723
E25, 724
E25, 725
E25, 726
E25, 727
E25, 728
E25, 729
E25, 730
E25, 731
E25, 732
E25, 733
E25, 734
E25, 735
E25, 736
E22, 737
E20, 738
E7, 739
E34, 740
E35, 741
E25, 742
E27, 743
E25, 744
E25, 745
E25, 746
E25, 747
E25, 748
E25, 749
E34, 750
E35, 751
E27, 752
E25, 753
E31, 754
E26, 755
E21, 756
E9, 757
E15, 758
E7, 759
E21, 760
E12, 761
E25, 762
E25, 763
E34, 764
E35, 765
E27, 766
E25, 767
E25, 768
E25, 769
E25, 770
E25, 771
E24, 772
E11, 773
E25, 774
E8, 775
E25, 776
E25, 777
E4, 778
E5, 779
E14, 780
E25, 781
E13, 782
E42, 783
E36, 784
E29, 785
E25, 786
E33, 787
E26, 788
E42, 789
E36, 790
E37, 791
E26, 792
E25, 793
E1, 794
E17, 795
E10, 796
E16, 797
E6, 798
E18, 799
E19, 800
E2, 801
E25, 802
E25, 803
E3, 804
E25, 805
E25, 806
E23, 807
E25, 808
E25, 809
E25, 810
E25, 811
E25, 812
E25, 813
E25, 814
E25, 815
E25, 816
E25, 817
E25, 818
E25, 819
E25, 820
E25, 821
E34, 822
E35, 823
E27, 824
E25, 825
E25, 826
E22, 827
E20, 828
E7, 829
E25, 830
E25, 831
E28, 832
E41, 833
E32, 834
E30, 835
E25, 836
E25, 837
E34, 838
E35, 839
E25, 840
E27, 841
E25, 842
E25, 843
E25, 844
E31, 845
E26, 846
E21, 847
E9, 848
E15, 849
E7, 850
E21, 851
E12, 852
E25, 853
E25, 854
E34, 855
E35, 856
E27, 857
E25, 858
E25, 859
E25, 860
E25, 861
E25, 862
E25, 863
E24, 864
E11, 865
E25, 866
E34, 867
E35, 868
E8, 869
E25, 870
E27, 871
E4, 872
E5, 873
E14, 874
E25, 875
E13, 876
E25, 877
E33, 878
E26, 879
E42, 880
E36, 881
E37, 882
E26, 883
E25, 884
E1, 885
E17, 886
E10, 887
E16, 888
E6, 889
E18, 890
E19, 891
E2, 892
E25, 893
E25, 894
E3, 895
E25, 896
E25, 897
E23, 898
E25, 899
E25, 900
E25, 901
E25, 902
E25, 903
E25, 904
E25, 905
E25, 906
E25, 907
E25, 908
E25, 909
E25, 910
E34, 911
E35, 912
E27, 913
E25, 914
E25, 915
E22, 916
E20, 917
E7, 918
E25, 919
E25, 920
E25, 921
E25, 922
E40, 923
E34, 924
E35, 925
E25, 926
E27, 927
E25, 928
E25, 929
E25, 930
E25, 931
E25, 932
E31, 933
E26, 934
E21, 935
E9, 936
E15, 937
E7, 938
E21, 939
E12, 940
E25, 941
E34, 942
E35, 943
E27, 944
E25, 945
E25, 946
E25, 947
E34, 948
E35, 949
E25, 950
E25, 951
E27, 952
E25, 953
E25, 954
E25, 955
E25, 956
E25, 957
E25, 958
E25, 959
E25, 960
E25, 961
E25, 962
E25, 963
E25, 964
E25, 965
E25, 966
E24, 967
E25, 968
E11, 969
E25, 970
E8, 971
E25, 972
E25, 973
E4, 974
E5, 975
E14, 976
E25, 977
E13, 978
E25, 979
E33, 980
E26, 981
E42, 982
E36, 983
E37, 984
E28, 985
E41, 986
E32, 987
E30, 988
E26, 989
E25, 990
E25, 991
E1, 992
E17, 993
E10, 994
E16, 995
E6, 996
E18, 997
E19, 998
E2, 999
E25, 1000
E3, 1001
E25, 1002
E25, 1003
E23, 1004
E25, 1005
E25, 1006
E25, 1007
E25, 1008
E25, 1009
E25, 1010
E25, 1011
E25, 1012
E25, 1013
E25, 1014
E25, 1015
E25, 1016
E25, 1017
E25, 1018
E25, 1019
E25, 1020
E22, 1021
E20, 1022
E7, 1023
E34, 1024
E35, 1025
E27, 1026
E25, 1027
E25, 1028
E25, 1029
E25, 1030
E25, 1031
E25, 1032
E31, 1033
E26, 1034
E21, 1035
E9, 1036
E15, 1037
E34, 1038
E35, 1039
E25, 1040
E21, 1041
E12, 1042
E27, 1043
E25, 1044
E25, 1045
E25, 1046
E34, 1047
E35, 1048
E27, 1049
E25, 1050
E25, 1051
E25, 1052
E25, 1053
E25, 1054
E25, 1055
E25, 1056
E25, 1057
E25, 1058
E24, 1059
E11, 1060
E8, 1061
E25, 1062
E25, 1063
E4, 1064
E5, 1065
E14, 1066
E25, 1067
E13, 1068
E42, 1069
E36, 1070
E37, 1071
E25, 1072
E33, 1073
E26, 1074
E26, 1075
E25, 1076
E1, 1077
E17, 1078
E10, 1079
E16, 1080
E6, 1081
E18, 1082
E19, 1083
E2, 1084
E25, 1085
E25, 1086
E3, 1087
E25, 1088
E23, 1089
E25, 1090
E25, 1091
E25, 1092
E25, 1093
E25, 1094
E25, 1095
E25, 1096
E25, 1097
E25, 1098
E25, 1099
E25, 1100
E25, 1101
E25, 1102
E28, 1103
E41, 1104
E32, 1105
E30, 1106
E25, 1107
E25, 1108
E34, 1109
E35, 1110
E22, 1111
E20, 1112
E27, 1113
E7, 1114
E25, 1115
E25, 1116
E25, 1117
E25, 1118
E25, 1119
E25, 1120
E34, 1121
E35, 1122
E27, 1123
E25, 1124
E25, 1125
E31, 1126
E26, 1127
E21, 1128
E9, 1129
E15, 1130
E7, 1131
E21, 1132
E12, 1133
E25, 1134
E25, 1135
E34, 1136
E35, 1137
E27, 1138
E25, 1139
E25, 1140
E25, 1141
E25, 1142
E24, 1143
E11, 1144
E25, 1145
E8, 1146
E25, 1147
E4, 1148
E5, 1149
E14, 1150
E34, 1151
E35, 1152
E27, 1153
E25, 1154
E13, 1155
E25, 1156
E33, 1157
E26, 1158
E42, 1159
E36, 1160
E37, 1161
E26, 1162
E25, 1163
E1, 1164
E17, 1165
E10, 1166
E16, 1167
E6, 1168
E18, 1169
E19, 1170
E2, 1171
E25, 1172
E25, 1173
E3, 1174
E25, 1175
E23, 1176
E25, 1177
E25, 1178
E25, 1179
E25, 1180
E25, 1181
E25, 1182
E25, 1183
E25, 1184
E25, 1185
E25, 1186
E25, 1187
E25, 1188
E25, 1189
E25, 1190
E25, 1191
E34, 1192
E35, 1193
E27, 1194
E22, 1195
E20, 1196
E7, 1197
E25, 1198
E25, 1199
E25, 1200
E25, 1201
E40, 1202
E25, 1203
E25, 1204
E34, 1205
E35, 1206
E27, 1207
E25, 1208
E25, 1209
E25, 1210
E31, 1211
E26, 1212
E21, 1213
E25, 1214
E9, 1215
E15, 1216
E7, 1217
E21, 1218
E12, 1219
E25, 1220
E25, 1221
E34, 1222
E35, 1223
E27, 1224
E25, 1225
E25, 1226
E25, 1227
E25, 1228
E25, 1229
E25, 1230
E25, 1231
E25, 1232
E34, 1233
E35, 1234
E25, 1235
E27, 1236
E25, 1237
E25, 1238
E25, 1239
E25, 1240
E25, 1241
E24, 1242
E11, 1243
E25, 1244
E8, 1245
E25, 1246
E4, 1247
E5, 1248
E14, 1249
E25, 1250
E13, 1251
E25, 1252
E33, 1253
E26, 1254
E28, 1255
E41, 1256
E32, 1257
E30, 1258
E42, 1259
E36, 1260
E29, 1261
E42, 1262
E36, 1263
E37, 1264
E26, 1265
E25, 1266
E1, 1267
E17, 1268
E10, 1269
E16, 1270
E6, 1271
E18, 1272
E19, 1273
E2, 1274
E25, 1275
E25, 1276
E3, 1277
E25, 1278
E23, 1279
E25, 1280
E25, 1281
E25, 1282
E25, 1283
E25, 1284
E25, 1285
E25, 1286
E25, 1287
E25, 1288
E25, 1289
E25, 1290
E25, 1291
E34, 1292
E35, 1293
E27, 1294
E25, 1295
E25, 1296
E43, 1297
E25, 1298
E22, 1299
E25, 1300
E20, 1301
E7, 1302
E25, 1303
E25, 1304
E34, 1305
E35, 1306
E25, 1307
E27, 1308
E25, 1309
E25, 1310
E25, 1311
E25, 1312
E31, 1313
E26, 1314
E21, 1315
E9, 1316
E15, 1317
E7, 1318
E21, 1319
E12, 1320
E7, 1321
E25, 1322
E25, 1323
E34, 1324
E35, 1325
E27, 1326
E25, 1327
E25, 1328
E34, 1329
E35, 1330
E27, 1331
E25, 1332
E25, 1333
E25, 1334
E25, 1335
E25, 1336
E25, 1337
E25, 1338
E25, 1339
E25, 1340
E25, 1341
E25, 1342
E25, 1343
E24, 1344
E11, 1345
E25, 1346
E8, 1347
E25, 1348
E4, 1349
E5, 1350
E14, 1351
E25, 1352
E13, 1353
E25, 1354
E42, 1355
E36, 1356
E37, 1357
E33, 1358
E26, 1359
E26, 1360
E25, 1361
E1, 1362
E17, 1363
E10, 1364
E16, 1365
E6, 1366
E18, 1367
E19, 1368
E2, 1369
E25, 1370
E25, 1371
E3, 1372
E25, 1373
E25, 1374
E23, 1375
E25, 1376
E25, 1377
E25, 1378
E25, 1379
E25, 1380
E25, 1381
E25, 1382
E25, 1383
E25, 1384
E25, 1385
E28, 1386
E41, 1387
E32, 1388
E30, 1389
E25, 1390
E25, 1391
E25, 1392
E25, 1393
E22, 1394
E20, 1395
E7, 1396
E25, 1397
E34, 1398
E35, 1399
E25, 1400
E27, 1401
E25, 1402
E25, 1403
E25, 1404
E25, 1405
E25, 1406
E25, 1407
E34, 1408
E35, 1409
E27, 1410
E31, 1411
E26, 1412
E21, 1413
E9, 1414
E15, 1415
E7, 1416
E21, 1417
E12, 1418
E25, 1419
E25, 1420
E34, 1421
E35, 1422
E27, 1423
E25, 1424
E25, 1425
E25, 1426
E25, 1427
E25, 1428
E25, 1429
E25, 1430
E24, 1431
E11, 1432
E25, 1433
E8, 1434
E25, 1435
E4, 1436
E5, 1437
E14, 1438
E25, 1439
E13, 1440
E42, 1441
E36, 1442
E37, 1443
E25, 1444
E33, 1445
E26, 1446
E26, 1447
E25, 1448
E1, 1449
E17, 1450
E10, 1451
E16, 1452
E6, 1453
E18, 1454
E19, 1455
E2, 1456
E25, 1457
E25, 1458
E3, 1459
E25, 1460
E25, 1461
E23, 1462
E25, 1463
E25, 1464
E25, 1465
E25, 1466
E25, 1467
E25, 1468
E25, 1469
E25, 1470
E25, 1471
E25, 1472
E25, 1473
E25, 1474
E25, 1475
E25, 1476
E22, 1477
E20, 1478
E7, 1479
E40, 1480
E34, 1481
E35, 1482
E25, 1483
E27, 1484
E25, 1485
E25, 1486
E25, 1487
E25, 1488
E25, 1489
E25, 1490
E34, 1491
E35, 1492
E25, 1493
E27, 1494
E25, 1495
E25, 1496
E31, 1497
E26, 1498
E21, 1499
E9, 1500
E15, 1501
E12, 1502
E21, 1503
E25, 1504
E25, 1505
E34, 1506
E35, 1507
E27, 1508
E25, 1509
E25, 1510
E25, 1511
E25, 1512
E25, 1513
E25, 1514
E24, 1515
E11, 1516
E25, 1517
E8, 1518
E25, 1519
E4, 1520
E5, 1521
E34, 1522
E35, 1523
E14, 1524
E27, 1525
E25, 1526
E13, 1527
E25, 1528
E28, 1529
E33, 1530
E26, 1531
E41, 1532
E32, 1533
E30, 1534
E42, 1535
E36, 1536
E29, 1537
E42, 1538
E36, 1539
E37, 1540
E26, 1541
E25, 1542
E1, 1543
E17, 1544
E10, 1545
E16, 1546
E6, 1547
E18, 1548
E19, 1549
E2, 1550
E25, 1551
E25, 1552
E3, 1553
E25, 1554
E23, 1555
E25, 1556
E25, 1557
E25, 1558
E25, 1559
E25, 1560
E25, 1561
E25, 1562
E25, 1563
E25, 1564
E25, 1565
E25, 1566
E25, 1567
E25, 1568
E34, 1569
E35, 1570
E27, 1571
E25, 1572
E25, 1573
E22, 1574
E20, 1575
E7, 1576
E25, 1577
E25, 1578
E25, 1579
E25, 1580
E25, 1581
E34, 1582
E35, 1583
E27, 1584
E25, 1585
E25, 1586
E25, 1587
E31, 1588
E26, 1589
E25, 1590
E21, 1591
E9, 1592
E15, 1593
E7, 1594
E21, 1595
E12, 1596
E25, 1597
E25, 1598
E34, 1599
E35, 1600
E25, 1601
E27, 1602
E25, 1603
E25, 1604
E25, 1605
E25, 1606
E25, 1607
E34, 1608
E35, 1609
E25, 1610
E25, 1611
E25, 1612
E27, 1613
E25, 1614
E25, 1615
E25, 1616
E25, 1617
E25, 1618
E25, 1619
E25, 1620
E25, 1621
E25, 1622
E24, 1623
E11, 1624
E25, 1625
E8, 1626
E25, 1627
E4, 1628
E5, 1629
E14, 1630
E25, 1631
E13, 1632
E25, 1633
E42, 1634
E33, 1635
E36, 1636
E29, 1637
E26, 1638
E42, 1639
E36, 1640
E37, 1641
E26, 1642
E25, 1643
E1, 1644
E17, 1645
E10, 1646
E16, 1647
E6, 1648
E18, 1649
E19, 1650
E2, 1651
E25, 1652
E25, 1653
E3, 1654
E25, 1655
E25, 1656
E23, 1657
E25, 1658
E25, 1659
E25, 1660
E25, 1661
E25, 1662
E25, 1663
E25, 1664
E25, 1665
E25, 1666
E25, 1667
E28, 1668
E41, 1669
E32, 1670
E30, 1671
E34, 1672
E35, 1673
E27, 1674
E25, 1675
E25, 1676
E25, 1677
E25, 1678
E22, 1679
E20, 1680
E7, 1681
E25, 1682
E25, 1683
E25, 1684
E25, 1685
E34, 1686
E35, 1687
E27, 1688
E25, 1689
E25, 1690
E25, 1691
E25, 1692
E31, 1693
E26, 1694
E21, 1695
E9, 1696
E15, 1697
E7, 1698
E21, 1699
E12, 1700
E34, 1701
E35, 1702
E27, 1703
E25, 1704
E25, 1705
E34, 1706
E35, 1707
E27, 1708
E25, 1709
E25, 1710
E25, 1711
E25, 1712
E25, 1713
E25, 1714
E24, 1715
E11, 1716
E25, 1717
E8, 1718
E25, 1719
E4, 1720
E5, 1721
E14, 1722
E13, 1723
E25, 1724
E25, 1725
E42, 1726
E36, 1727
E37, 1728
E33, 1729
E26, 1730
E26, 1731
E25, 1732
E1, 1733
E17, 1734
E10, 1735
E16, 1736
E6, 1737
E18, 1738
E19, 1739
E2, 1740
E25, 1741
E25, 1742
E3, 1743
E25, 1744
E25, 1745
E23, 1746
E25, 1747
E25, 1748
E25, 1749
E25, 1750
E25, 1751
E25, 1752
E25, 1753
E25, 1754
E25, 1755
E25, 1756
E25, 1757
E25, 1758
E25, 1759
E25, 1760
E22, 1761
E40, 1762
E20, 1763
E25, 1764
E7, 1765
E25, 1766
E34, 1767
E35, 1768
E27, 1769
E25, 1770
E25, 1771
E25, 1772
E25, 1773
E25, 1774
E25, 1775
E34, 1776
E35, 1777
E27, 1778
E25, 1779
E25, 1780
E31, 1781
E26, 1782
E21, 1783
E9, 1784
E15, 1785
E7, 1786
E21, 1787
E12, 1788
E25, 1789
E25, 1790
E34, 1791
E35, 1792
E27, 1793
E25, 1794
E25, 1795
E25, 1796
E25, 1797
E25, 1798
E25, 1799
E25, 1800
E25, 1801
E24, 1802
E11, 1803
E25, 1804
E8, 1805
E25, 1806
E4, 1807
E5, 1808
E14, 1809
E28, 1810
E25, 1811
E13, 1812
E41, 1813
E32, 1814
E30, 1815
E42, 1816
E36, 1817
E29, 1818
E25, 1819
E33, 1820
E26, 1821
E42, 1822
E36, 1823
E37, 1824
E26, 1825
E25, 1826
E1, 1827
E17, 1828
E10, 1829
E16, 1830
E6, 1831
E18, 1832
E19, 1833
E2, 1834
E25, 1835
E25, 1836
E3, 1837
E25, 1838
E25, 1839
E23, 1840
E25, 1841
E25, 1842
E25, 1843
E25, 1844
E25, 1845
E25, 1846
E25, 1847
E25, 1848
E25, 1849
E25, 1850
E25, 1851
E25, 1852
E25, 1853
E25, 1854
E34, 1855
E35, 1856
E27, 1857
E22, 1858
E20, 1859
E7, 1860
E25, 1861
E25, 1862
E25, 1863
E25, 1864
E25, 1865
E25, 1866
E34, 1867
E35, 1868
E27, 1869
E25, 1870
E25, 1871
E25, 1872
E25, 1873
E31, 1874
E26, 1875
E21, 1876
E9, 1877
E15, 1878
E7, 1879
E21, 1880
E12, 1881
E25, 1882
E25, 1883
E34, 1884
E35, 1885
E27, 1886
E25, 1887
E25, 1888
E25, 1889
E25, 1890
E25, 1891
E25, 1892
E25, 1893
E34, 1894
E35, 1895
E24, 1896
E11, 1897
E27, 1898
E25, 1899
E8, 1900
E25, 1901
E4, 1902
E5, 1903
E14, 1904
E25, 1905
E13, 1906
E25, 1907
E33, 1908
E26, 1909
E42, 1910
E36, 1911
E29, 1912
E42, 1913
E36, 1914
E37, 1915
E26, 1916
E25, 1917
E1, 1918
E17, 1919
E10, 1920
E16, 1921
E6, 1922
E18, 1923
E19, 1924
E2, 1925
E25, 1926
E25, 1927
E3, 1928
E25, 1929
E25, 1930
E23, 1931
E25, 1932
E25, 1933
E25, 1934
E25, 1935
E28, 1936
E25, 1937
E25, 1938
E41, 1939
E32, 1940
E30, 1941
E25, 1942
E25, 1943
E25, 1944
E25, 1945
E25, 1946
E25, 1947
E34, 1948
E35, 1949
E27, 1950
E25, 1951
E25, 1952
E25, 1953
E22, 1954
E20, 1955
E25, 1956
E7, 1957
E25, 1958
E25, 1959
E34, 1960
E35, 1961
E27, 1962
E25, 1963
E25, 1964
E25, 1965
E25, 1966
E31, 1967
E26, 1968
E21, 1969
E9, 1970
E15, 1971
E7, 1972
E21, 1973
E12, 1974
E25, 1975
E25, 1976
E34, 1977
E35, 1978
E27, 1979
E25, 1980
E25, 1981
E34, 1982
E35, 1983
E25, 1984
E25, 1985
E27, 1986
E25, 1987
E25, 1988
E25, 1989
E25, 1990
E25, 1991
E25, 1992
E25, 1993
E25, 1994
E25, 1995
E24, 1996
E11, 1997
E25, 1998
E8, 1999
E25, 2000
