E100, 1
E10, 2
E103, 3
E131, 4
E165, 5
E82, 6
E165, 7
E82, 8
E166, 9
E82, 10
E166, 11
E82, 12
E165, 13
E82, 14
E108, 15
E103, 16
E131, 17
E155, 18
E157, 19
E59, 20
E108, 21
E103, 22
E126, 23
E27, 24
E84, 25
E41, 26
E41, 27
E108, 28
E164, 29
E103, 30
E96, 31
E118, 32
E143, 33
E144, 34
E108, 35
E103, 36
E110, 37
E114, 38
E22, 39
E10, 40
E103, 41
E103, 42
E103, 43
E103, 44
E103, 45
E103, 46
E130, 47
E128, 48
E130, 49
E128, 50
E54, 51
E130, 52
E128, 53
E103, 54
E103, 55
E130, 56
E128, 57
E103, 58
E103, 59
E103, 60
E103, 61
E108, 62
E103, 63
E130, 64
E128, 65
E108, 66
E103, 67
E109, 68
E64, 69
E65, 70
E21, 71
E164, 72
E103, 73
E148, 74
E69, 75
E67, 76
E164, 77
E103, 78
E113, 79
E68, 80
E67, 81
E102, 82
E10, 83
E103, 84
E11, 85
E131, 86
E126, 87
E27, 88
E84, 89
E25, 90
E7, 91
E131, 92
E108, 93
E103, 94
E109, 95
E126, 96
E27, 97
E84, 98
E164, 99
E103, 100
E148, 101
E148, 102
E93, 103
E115, 104
E58, 105
E43, 106
E148, 107
E161, 108
E162, 109
E58, 110
E161, 111
E162, 112
E97, 113
E145, 114
E156, 115
E158, 116
E59, 117
E126, 118
E84, 119
E148, 120
E86, 121
E148, 122
E94, 123
E41, 124
E148, 125
E97, 126
E145, 127
E156, 128
E158, 129
E148, 130
E97, 131
E145, 132
E156, 133
E158, 134
E148, 135
E97, 136
E145, 137
E156, 138
E158, 139
E148, 140
E97, 141
E145, 142
E156, 143
E158, 144
E148, 145
E97, 146
E145, 147
E156, 148
E158, 149
E148, 150
E155, 151
E157, 152
E148, 153
E155, 154
E157, 155
E148, 156
E148, 157
E93, 158
E34, 159
E48, 160
E95, 161
E155, 162
E157, 163
E155, 164
E157, 165
E155, 166
E157, 167
E155, 168
E157, 169
E155, 170
E157, 171
E155, 172
E157, 173
E155, 174
E157, 175
E155, 176
E157, 177
E155, 178
E157, 179
E155, 180
E157, 181
E155, 182
E157, 183
E155, 184
E157, 185
E155, 186
E157, 187
E155, 188
E157, 189
E155, 190
E157, 191
E85, 192
E155, 193
E157, 194
E121, 195
E77, 196
E91, 197
E76, 198
E73, 199
E107, 200
E8, 201
E1, 202
E107, 203
E8, 204
E3, 205
E5, 206
E6, 207
E164, 208
E103, 209
E87, 210
E155, 211
E157, 212
E88, 213
E99, 214
E102, 215
E20, 216
E86, 217
E77, 218
E91, 219
E76, 220
E140, 221
E16, 222
E126, 223
E84, 224
E10, 225
E103, 226
E11, 227
E89, 228
E29, 229
E28, 230
E30, 231
E32, 232
E31, 233
E23, 234
E34, 235
E47, 236
E155, 237
E157, 238
E155, 239
E157, 240
E155, 241
E157, 242
E149, 243
E155, 244
E157, 245
E155, 246
E157, 247
E155, 248
E157, 249
E161, 250
E162, 251
E155, 252
E157, 253
E155, 254
E157, 255
E155, 256
E157, 257
E111, 258
E163, 259
E19, 260
E155, 261
E157, 262
E150, 263
E151, 264
E97, 265
E145, 266
E156, 267
E158, 268
E126, 269
E27, 270
E84, 271
E123, 272
E126, 273
E97, 274
E145, 275
E156, 276
E158, 277
E97, 278
E145, 279
E156, 280
E158, 281
E163, 282
E112, 283
E85, 284
E163, 285
E112, 286
E121, 287
E155, 288
E157, 289
E136, 290
E134, 291
E135, 292
E135, 293
E132, 294
E133, 295
E55, 296
E56, 297
E103, 298
E136, 299
E134, 300
E135, 301
E55, 302
E56, 303
E33, 304
E29, 305
E33, 306
E29, 307
E33, 308
E123, 309
E126, 310
E126, 311
E27, 312
E84, 313
E79, 314
E39, 315
E34, 316
E66, 317
E34, 318
E39, 319
E113, 320
E42, 321
E33, 322
E29, 323
E29, 324
E59, 325
E108, 326
E103, 327
E33, 328
E29, 329
E33, 330
E33, 331
E33, 332
E29, 333
E29, 334
E29, 335
E33, 336
E29, 337
E103, 338
E109, 339
E155, 340
E157, 341
E123, 342
E126, 343
E107, 344
E8, 345
E2, 346
E123, 347
E126, 348
E123, 349
E126, 350
E123, 351
E126, 352
E61, 353
E123, 354
E126, 355
E41, 356
E64, 357
E65, 358
E21, 359
E61, 360
E72, 361
E72, 362
E137, 363
E64, 364
E65, 365
E21, 366
E59, 367
E59, 368
E59, 369
E10, 370
E103, 371
E11, 372
E127, 373
E10, 374
E103, 375
E127, 376
E108, 377
E103, 378
E72, 379
E15, 380
E59, 381
E64, 382
E65, 383
E21, 384
E10, 385
E103, 386
E108, 387
E103, 388
E70, 389
E72, 390
E71, 391
E52, 392
E103, 393
E103, 394
E29, 395
E59, 396
E59, 397
E103, 398
E59, 399
E59, 400
E59, 401
E52, 402
E52, 403
E59, 404
E103, 405
E51, 406
E52, 407
E51, 408
E59, 409
E59, 410
E52, 411
E52, 412
E52, 413
E52, 414
E52, 415
E36, 416
E37, 417
E38, 418
E147, 419
E146, 420
E53, 421
E124, 422
E125, 423
E59, 424
E59, 425
E59, 426
E64, 427
E65, 428
E21, 429
E108, 430
E103, 431
E109, 432
E120, 433
E103, 434
E11, 435
E105, 436
E116, 437
E155, 438
E157, 439
E155, 440
E157, 441
E104, 442
E63, 443
E103, 444
E109, 445
E164, 446
E103, 447
E123, 448
E126, 449
E123, 450
E126, 451
E123, 452
E126, 453
E123, 454
E126, 455
E123, 456
E126, 457
E123, 458
E126, 459
E123, 460
E126, 461
E123, 462
E126, 463
E123, 464
E126, 465
E123, 466
E126, 467
E123, 468
E126, 469
E123, 470
E126, 471
E123, 472
E126, 473
E123, 474
E126, 475
E123, 476
E126, 477
E123, 478
E126, 479
E164, 480
E103, 481
E123, 482
E126, 483
E123, 484
E126, 485
E123, 486
E126, 487
E123, 488
E126, 489
E123, 490
E126, 491
E123, 492
E126, 493
E123, 494
E126, 495
E123, 496
E126, 497
E164, 498
E103, 499
E123, 500
E126, 501
E64, 502
E65, 503
E21, 504
E123, 505
E126, 506
E59, 507
E59, 508
E164, 509
E103, 510
E123, 511
E126, 512
E99, 513
E102, 514
E59, 515
E41, 516
E123, 517
E126, 518
E59, 519
E41, 520
E123, 521
E126, 522
E123, 523
E126, 524
E123, 525
E126, 526
E123, 527
E126, 528
E123, 529
E126, 530
E61, 531
E61, 532
E61, 533
E61, 534
E61, 535
E59, 536
E164, 537
E103, 538
E123, 539
E126, 540
E123, 541
E126, 542
E123, 543
E126, 544
E123, 545
E126, 546
E123, 547
E126, 548
E123, 549
E126, 550
E123, 551
E126, 552
E123, 553
E126, 554
E123, 555
E126, 556
E123, 557
E126, 558
E164, 559
E103, 560
E64, 561
E65, 562
E21, 563
E123, 564
E126, 565
E123, 566
E126, 567
E123, 568
E126, 569
E41, 570
E123, 571
E126, 572
E41, 573
E123, 574
E126, 575
E64, 576
E65, 577
E21, 578
E64, 579
E65, 580
E21, 581
E59, 582
E164, 583
E103, 584
E64, 585
E65, 586
E21, 587
E164, 588
E103, 589
E123, 590
E126, 591
E123, 592
E126, 593
E123, 594
E126, 595
E123, 596
E126, 597
E123, 598
E126, 599
E123, 600
E126, 601
E10, 602
E103, 603
E11, 604
E103, 605
E123, 606
E126, 607
E103, 608
E103, 609
E103, 610
E123, 611
E126, 612
E103, 613
E130, 614
E128, 615
E164, 616
E103, 617
E130, 618
E128, 619
E54, 620
E130, 621
E128, 622
E103, 623
E108, 624
E103, 625
E123, 626
E126, 627
E103, 628
E109, 629
E130, 630
E128, 631
E103, 632
E11, 633
E123, 634
E126, 635
E103, 636
E109, 637
E103, 638
E11, 639
E103, 640
E109, 641
E130, 642
E128, 643
E164, 644
E103, 645
E123, 646
E126, 647
E123, 648
E126, 649
E123, 650
E126, 651
E64, 652
E65, 653
E21, 654
E61, 655
E61, 656
E164, 657
E103, 658
E123, 659
E126, 660
E123, 661
E126, 662
E123, 663
E126, 664
E123, 665
E126, 666
E64, 667
E65, 668
E21, 669
E164, 670
E103, 671
E123, 672
E126, 673
E41, 674
E123, 675
E126, 676
E41, 677
E123, 678
E126, 679
E64, 680
E65, 681
E21, 682
E164, 683
E103, 684
E123, 685
E126, 686
E123, 687
E126, 688
E123, 689
E126, 690
E123, 691
E126, 692
E59, 693
E123, 694
E126, 695
E123, 696
E126, 697
E164, 698
E103, 699
E123, 700
E126, 701
E123, 702
E126, 703
E123, 704
E126, 705
E123, 706
E126, 707
E59, 708
E164, 709
E103, 710
E123, 711
E126, 712
E123, 713
E126, 714
E64, 715
E65, 716
E21, 717
E123, 718
E126, 719
E64, 720
E65, 721
E21, 722
E164, 723
E103, 724
E123, 725
E126, 726
E72, 727
E123, 728
E126, 729
E123, 730
E126, 731
E123, 732
E126, 733
E164, 734
E103, 735
E123, 736
E126, 737
E164, 738
E103, 739
E123, 740
E126, 741
E123, 742
E126, 743
E123, 744
E126, 745
E123, 746
E126, 747
E164, 748
E103, 749
E123, 750
E126, 751
E164, 752
E103, 753
E99, 754
E102, 755
E41, 756
E123, 757
E126, 758
E41, 759
E123, 760
E126, 761
E123, 762
E126, 763
E123, 764
E126, 765
E123, 766
E126, 767
E123, 768
E126, 769
E64, 770
E65, 771
E21, 772
E59, 773
E61, 774
E61, 775
E61, 776
E61, 777
E59, 778
E72, 779
E119, 780
E103, 781
E11, 782
E75, 783
E103, 784
E109, 785
E147, 786
E146, 787
E36, 788
E37, 789
E38, 790
E147, 791
E146, 792
E36, 793
E37, 794
E38, 795
E147, 796
E146, 797
E36, 798
E37, 799
E38, 800
E64, 801
E65, 802
E21, 803
E64, 804
E65, 805
E21, 806
E64, 807
E65, 808
E21, 809
E59, 810
E61, 811
E61, 812
E64, 813
E65, 814
E21, 815
E64, 816
E65, 817
E21, 818
E64, 819
E65, 820
E21, 821
E64, 822
E65, 823
E21, 824
E59, 825
E59, 826
E64, 827
E65, 828
E21, 829
E59, 830
E64, 831
E65, 832
E21, 833
E64, 834
E65, 835
E21, 836
E72, 837
E64, 838
E65, 839
E21, 840
E59, 841
E59, 842
E59, 843
E72, 844
E103, 845
E11, 846
E103, 847
E109, 848
E64, 849
E65, 850
E21, 851
E64, 852
E65, 853
E21, 854
E120, 855
E103, 856
E11, 857
E105, 858
E116, 859
E155, 860
E157, 861
E155, 862
E157, 863
E104, 864
E63, 865
E59, 866
E103, 867
E109, 868
E10, 869
E103, 870
E11, 871
E110, 872
E108, 873
E103, 874
E109, 875
E59, 876
E10, 877
E103, 878
E11, 879
E10, 880
E103, 881
E103, 882
E103, 883
E103, 884
E103, 885
E103, 886
E130, 887
E128, 888
E130, 889
E128, 890
E108, 891
E103, 892
E109, 893
E54, 894
E130, 895
E128, 896
E103, 897
E11, 898
E103, 899
E109, 900
E130, 901
E128, 902
E103, 903
E11, 904
E103, 905
E109, 906
E103, 907
E11, 908
E103, 909
E109, 910
E130, 911
E128, 912
E64, 913
E65, 914
E21, 915
E152, 916
E103, 917
E11, 918
E59, 919
E59, 920
E103, 921
E109, 922
E10, 923
E103, 924
E11, 925
E108, 926
E103, 927
E109, 928
E10, 929
E103, 930
E11, 931
E10, 932
E103, 933
E103, 934
E103, 935
E103, 936
E103, 937
E103, 938
E130, 939
E128, 940
E130, 941
E128, 942
E54, 943
E130, 944
E128, 945
E103, 946
E108, 947
E103, 948
E103, 949
E109, 950
E130, 951
E128, 952
E103, 953
E11, 954
E103, 955
E109, 956
E103, 957
E11, 958
E103, 959
E109, 960
E130, 961
E128, 962
E64, 963
E65, 964
E21, 965
E10, 966
E103, 967
E11, 968
E10, 969
E103, 970
E103, 971
E103, 972
E103, 973
E103, 974
E103, 975
E130, 976
E128, 977
E130, 978
E128, 979
E108, 980
E103, 981
E109, 982
E54, 983
E130, 984
E128, 985
E103, 986
E11, 987
E103, 988
E109, 989
E130, 990
E128, 991
E130, 992
E128, 993
E64, 994
E65, 995
E21, 996
E64, 997
E65, 998
E21, 999
E59, 1000
E153, 1001
E9, 1002
E4, 1003
E98, 1004
E59, 1005
E59, 1006
E147, 1007
E146, 1008
E101, 1009
E36, 1010
E117, 1011
E37, 1012
E38, 1013
E61, 1014
E72, 1015
E64, 1016
E65, 1017
E21, 1018
E64, 1019
E65, 1020
E21, 1021
E64, 1022
E65, 1023
E21, 1024
E83, 1025
E138, 1026
E15, 1027
E59, 1028
E59, 1029
E64, 1030
E65, 1031
E21, 1032
E59, 1033
E64, 1034
E65, 1035
E21, 1036
E59, 1037
E59, 1038
E59, 1039
E59, 1040
E59, 1041
E59, 1042
E59, 1043
E59, 1044
E59, 1045
E59, 1046
E59, 1047
E59, 1048
E59, 1049
E59, 1050
E64, 1051
E65, 1052
E21, 1053
E61, 1054
E61, 1055
E61, 1056
E59, 1057
E164, 1058
E103, 1059
E148, 1060
E69, 1061
E67, 1062
E164, 1063
E103, 1064
E41, 1065
E123, 1066
E126, 1067
E113, 1068
E68, 1069
E67, 1070
E102, 1071
E123, 1072
E126, 1073
E123, 1074
E126, 1075
E123, 1076
E126, 1077
E123, 1078
E126, 1079
E41, 1080
E148, 1081
E69, 1082
E67, 1083
E123, 1084
E126, 1085
E113, 1086
E68, 1087
E67, 1088
E102, 1089
E72, 1090
E164, 1091
E103, 1092
E148, 1093
E69, 1094
E67, 1095
E164, 1096
E103, 1097
E113, 1098
E164, 1099
E103, 1100
E68, 1101
E67, 1102
E102, 1103
E164, 1104
E103, 1105
E18, 1106
E39, 1107
E34, 1108
E66, 1109
E34, 1110
E123, 1111
E126, 1112
E10, 1113
E103, 1114
E11, 1115
E123, 1116
E126, 1117
E123, 1118
E126, 1119
E123, 1120
E126, 1121
E64, 1122
E65, 1123
E21, 1124
E149, 1125
E150, 1126
E151, 1127
E126, 1128
E27, 1129
E84, 1130
E155, 1131
E157, 1132
E136, 1133
E134, 1134
E135, 1135
E135, 1136
E132, 1137
E133, 1138
E55, 1139
E56, 1140
E136, 1141
E134, 1142
E135, 1143
E55, 1144
E56, 1145
E126, 1146
E27, 1147
E84, 1148
E108, 1149
E103, 1150
E109, 1151
E130, 1152
E128, 1153
E59, 1154
E61, 1155
E15, 1156
E61, 1157
E130, 1158
E128, 1159
E41, 1160
E59, 1161
E59, 1162
E59, 1163
E59, 1164
E130, 1165
E128, 1166
E103, 1167
E11, 1168
E103, 1169
E109, 1170
E103, 1171
E11, 1172
E103, 1173
E109, 1174
E130, 1175
E128, 1176
E59, 1177
E59, 1178
E130, 1179
E128, 1180
E130, 1181
E128, 1182
E59, 1183
E147, 1184
E146, 1185
E36, 1186
E37, 1187
E38, 1188
E130, 1189
E128, 1190
E64, 1191
E65, 1192
E21, 1193
E64, 1194
E65, 1195
E21, 1196
E64, 1197
E65, 1198
E21, 1199
E130, 1200
E128, 1201
E64, 1202
E65, 1203
E21, 1204
E64, 1205
E65, 1206
E21, 1207
E64, 1208
E65, 1209
E21, 1210
E61, 1211
E64, 1212
E65, 1213
E21, 1214
E64, 1215
E65, 1216
E21, 1217
E64, 1218
E65, 1219
E21, 1220
E64, 1221
E65, 1222
E21, 1223
E61, 1224
E33, 1225
E29, 1226
E33, 1227
E29, 1228
E46, 1229
E44, 1230
E57, 1231
E160, 1232
E162, 1233
E17, 1234
E81, 1235
E43, 1236
E148, 1237
E163, 1238
E112, 1239
E163, 1240
E112, 1241
E80, 1242
E90, 1243
E155, 1244
E157, 1245
E155, 1246
E157, 1247
E59, 1248
E155, 1249
E157, 1250
E77, 1251
E91, 1252
E76, 1253
E64, 1254
E65, 1255
E21, 1256
E164, 1257
E103, 1258
E99, 1259
E102, 1260
E139, 1261
E16, 1262
E10, 1263
E103, 1264
E11, 1265
E114, 1266
E22, 1267
E150, 1268
E151, 1269
E126, 1270
E27, 1271
E84, 1272
E136, 1273
E134, 1274
E135, 1275
E135, 1276
E132, 1277
E133, 1278
E55, 1279
E56, 1280
E136, 1281
E134, 1282
E135, 1283
E55, 1284
E56, 1285
E126, 1286
E27, 1287
E84, 1288
E108, 1289
E103, 1290
E109, 1291
E164, 1292
E103, 1293
E163, 1294
E112, 1295
E97, 1296
E145, 1297
E156, 1298
E158, 1299
E14, 1300
E81, 1301
E163, 1302
E112, 1303
E97, 1304
E145, 1305
E156, 1306
E158, 1307
E79, 1308
E39, 1309
E34, 1310
E66, 1311
E34, 1312
E39, 1313
E77, 1314
E91, 1315
E113, 1316
E42, 1317
E76, 1318
E155, 1319
E157, 1320
E164, 1321
E103, 1322
E41, 1323
E59, 1324
E164, 1325
E103, 1326
E164, 1327
E103, 1328
E164, 1329
E103, 1330
E59, 1331
E64, 1332
E65, 1333
E21, 1334
E64, 1335
E65, 1336
E21, 1337
E64, 1338
E65, 1339
E21, 1340
E164, 1341
E103, 1342
E99, 1343
E102, 1344
E41, 1345
E15, 1346
E41, 1347
E14, 1348
E126, 1349
E84, 1350
E126, 1351
E84, 1352
E164, 1353
E103, 1354
E148, 1355
E69, 1356
E67, 1357
E164, 1358
E103, 1359
E113, 1360
E164, 1361
E103, 1362
E68, 1363
E67, 1364
E102, 1365
E18, 1366
E164, 1367
E103, 1368
E39, 1369
E34, 1370
E66, 1371
E34, 1372
E10, 1373
E103, 1374
E11, 1375
E114, 1376
E22, 1377
E149, 1378
E150, 1379
E151, 1380
E126, 1381
E27, 1382
E84, 1383
E155, 1384
E157, 1385
E136, 1386
E134, 1387
E135, 1388
E135, 1389
E132, 1390
E133, 1391
E55, 1392
E56, 1393
E136, 1394
E134, 1395
E135, 1396
E55, 1397
E56, 1398
E61, 1399
E126, 1400
E27, 1401
E84, 1402
E61, 1403
E108, 1404
E103, 1405
E109, 1406
E41, 1407
E41, 1408
E61, 1409
E61, 1410
E57, 1411
E164, 1412
E148, 1413
E103, 1414
E69, 1415
E67, 1416
E164, 1417
E103, 1418
E113, 1419
E164, 1420
E103, 1421
E68, 1422
E67, 1423
E102, 1424
E164, 1425
E103, 1426
E18, 1427
E39, 1428
E34, 1429
E66, 1430
E34, 1431
E164, 1432
E103, 1433
E99, 1434
E102, 1435
E139, 1436
E16, 1437
E10, 1438
E103, 1439
E11, 1440
E150, 1441
E151, 1442
E155, 1443
E157, 1444
E126, 1445
E27, 1446
E84, 1447
E123, 1448
E126, 1449
E136, 1450
E134, 1451
E135, 1452
E135, 1453
E132, 1454
E133, 1455
E55, 1456
E56, 1457
E136, 1458
E134, 1459
E135, 1460
E55, 1461
E56, 1462
E123, 1463
E126, 1464
E33, 1465
E29, 1466
E28, 1467
E30, 1468
E32, 1469
E33, 1470
E31, 1471
E33, 1472
E161, 1473
E162, 1474
E29, 1475
E29, 1476
E126, 1477
E27, 1478
E84, 1479
E33, 1480
E33, 1481
E29, 1482
E29, 1483
E33, 1484
E29, 1485
E33, 1486
E29, 1487
E130, 1488
E123, 1489
E126, 1490
E111, 1491
E163, 1492
E33, 1493
E29, 1494
E112, 1495
E18, 1496
E39, 1497
E34, 1498
E66, 1499
E34, 1500
E108, 1501
E103, 1502
E109, 1503
E155, 1504
E157, 1505
E123, 1506
E126, 1507
E123, 1508
E126, 1509
E33, 1510
E29, 1511
E129, 1512
E49, 1513
E123, 1514
E126, 1515
E123, 1516
E126, 1517
E123, 1518
E126, 1519
E61, 1520
E61, 1521
E72, 1522
E164, 1523
E103, 1524
E99, 1525
E102, 1526
E123, 1527
E126, 1528
E64, 1529
E65, 1530
E21, 1531
E64, 1532
E65, 1533
E21, 1534
E130, 1535
E129, 1536
E49, 1537
E130, 1538
E129, 1539
E50, 1540
E59, 1541
E64, 1542
E65, 1543
E21, 1544
E164, 1545
E103, 1546
E64, 1547
E65, 1548
E21, 1549
E123, 1550
E126, 1551
E123, 1552
E126, 1553
E123, 1554
E126, 1555
E123, 1556
E126, 1557
E123, 1558
E126, 1559
E123, 1560
E126, 1561
E123, 1562
E126, 1563
E123, 1564
E126, 1565
E123, 1566
E126, 1567
E123, 1568
E126, 1569
E123, 1570
E126, 1571
E123, 1572
E126, 1573
E123, 1574
E126, 1575
E123, 1576
E126, 1577
E123, 1578
E126, 1579
E123, 1580
E126, 1581
E164, 1582
E103, 1583
E123, 1584
E126, 1585
E123, 1586
E126, 1587
E123, 1588
E126, 1589
E123, 1590
E126, 1591
E123, 1592
E126, 1593
E123, 1594
E126, 1595
E130, 1596
E129, 1597
E49, 1598
E164, 1599
E103, 1600
E123, 1601
E126, 1602
E164, 1603
E103, 1604
E59, 1605
E59, 1606
E164, 1607
E103, 1608
E123, 1609
E126, 1610
E123, 1611
E126, 1612
E123, 1613
E126, 1614
E59, 1615
E61, 1616
E123, 1617
E126, 1618
E164, 1619
E103, 1620
E123, 1621
E126, 1622
E123, 1623
E126, 1624
E72, 1625
E123, 1626
E126, 1627
E123, 1628
E126, 1629
E123, 1630
E126, 1631
E123, 1632
E126, 1633
E164, 1634
E103, 1635
E123, 1636
E126, 1637
E123, 1638
E126, 1639
E164, 1640
E103, 1641
E123, 1642
E126, 1643
E164, 1644
E103, 1645
E64, 1646
E65, 1647
E21, 1648
E123, 1649
E126, 1650
E123, 1651
E126, 1652
E64, 1653
E65, 1654
E21, 1655
E164, 1656
E103, 1657
E123, 1658
E126, 1659
E123, 1660
E126, 1661
E64, 1662
E65, 1663
E21, 1664
E123, 1665
E126, 1666
E123, 1667
E126, 1668
E64, 1669
E65, 1670
E21, 1671
E164, 1672
E103, 1673
E123, 1674
E126, 1675
E64, 1676
E65, 1677
E21, 1678
E64, 1679
E65, 1680
E21, 1681
E64, 1682
E65, 1683
E21, 1684
E164, 1685
E103, 1686
E120, 1687
E103, 1688
E11, 1689
E105, 1690
E116, 1691
E155, 1692
E157, 1693
E155, 1694
E157, 1695
E104, 1696
E63, 1697
E64, 1698
E65, 1699
E21, 1700
E99, 1701
E102, 1702
E41, 1703
E74, 1704
E41, 1705
E10, 1706
E103, 1707
E10, 1708
E103, 1709
E10, 1710
E103, 1711
E10, 1712
E103, 1713
E64, 1714
E65, 1715
E21, 1716
E103, 1717
E123, 1718
E126, 1719
E122, 1720
E123, 1721
E126, 1722
E123, 1723
E126, 1724
E123, 1725
E126, 1726
E60, 1727
E123, 1728
E126, 1729
E123, 1730
E126, 1731
E64, 1732
E65, 1733
E21, 1734
E164, 1735
E103, 1736
E64, 1737
E65, 1738
E21, 1739
E41, 1740
E123, 1741
E126, 1742
E123, 1743
E126, 1744
E123, 1745
E126, 1746
E64, 1747
E65, 1748
E21, 1749
E123, 1750
E126, 1751
E41, 1752
E164, 1753
E103, 1754
E99, 1755
E102, 1756
E64, 1757
E65, 1758
E21, 1759
E64, 1760
E65, 1761
E21, 1762
E64, 1763
E65, 1764
E21, 1765
E164, 1766
E103, 1767
E64, 1768
E65, 1769
E21, 1770
E164, 1771
E103, 1772
E64, 1773
E65, 1774
E21, 1775
E159, 1776
E104, 1777
E12, 1778
E154, 1779
E92, 1780
E13, 1781
E24, 1782
E40, 1783
E26, 1784
E106, 1785
E35, 1786
E62, 1787
E106, 1788
E103, 1789
E103, 1790
E123, 1791
E126, 1792
E64, 1793
E65, 1794
E21, 1795
E108, 1796
E103, 1797
E108, 1798
E103, 1799
E108, 1800
E103, 1801
E108, 1802
E103, 1803
E109, 1804
E64, 1805
E65, 1806
E21, 1807
E59, 1808
E59, 1809
E64, 1810
E65, 1811
E21, 1812
E164, 1813
E103, 1814
E148, 1815
E69, 1816
E67, 1817
E164, 1818
E103, 1819
E113, 1820
E164, 1821
E103, 1822
E68, 1823
E67, 1824
E102, 1825
E164, 1826
E103, 1827
E18, 1828
E39, 1829
E34, 1830
E66, 1831
E34, 1832
E123, 1833
E126, 1834
E10, 1835
E103, 1836
E11, 1837
E123, 1838
E126, 1839
E123, 1840
E126, 1841
E59, 1842
E123, 1843
E126, 1844
E149, 1845
E150, 1846
E151, 1847
E126, 1848
E27, 1849
E84, 1850
E155, 1851
E157, 1852
E136, 1853
E134, 1854
E135, 1855
E135, 1856
E132, 1857
E133, 1858
E55, 1859
E56, 1860
E136, 1861
E134, 1862
E135, 1863
E55, 1864
E56, 1865
E126, 1866
E27, 1867
E84, 1868
E57, 1869
E108, 1870
E103, 1871
E109, 1872
E45, 1873
E44, 1874
E160, 1875
E162, 1876
E17, 1877
E81, 1878
E43, 1879
E148, 1880
E163, 1881
E112, 1882
E163, 1883
E112, 1884
E80, 1885
E61, 1886
E61, 1887
E90, 1888
E41, 1889
E155, 1890
E157, 1891
E59, 1892
E155, 1893
E157, 1894
E61, 1895
E61, 1896
E61, 1897
E61, 1898
E61, 1899
E59, 1900
E119, 1901
E103, 1902
E11, 1903
E103, 1904
E109, 1905
E103, 1906
E11, 1907
E155, 1908
E157, 1909
E77, 1910
E91, 1911
E76, 1912
E103, 1913
E109, 1914
E164, 1915
E103, 1916
E87, 1917
E155, 1918
E157, 1919
E88, 1920
E64, 1921
E65, 1922
E21, 1923
E99, 1924
E102, 1925
E163, 1926
E112, 1927
E20, 1928
E39, 1929
E34, 1930
E66, 1931
E34, 1932
E163, 1933
E112, 1934
E77, 1935
E91, 1936
E76, 1937
E141, 1938
E16, 1939
E97, 1940
E145, 1941
E156, 1942
E158, 1943
E79, 1944
E39, 1945
E34, 1946
E66, 1947
E34, 1948
E163, 1949
E112, 1950
E39, 1951
E142, 1952
E113, 1953
E42, 1954
E97, 1955
E145, 1956
E156, 1957
E158, 1958
E78, 1959
E10, 1960
E103, 1961
E11, 1962
E89, 1963
E29, 1964
E23, 1965
E59, 1966
E136, 1967
E134, 1968
E135, 1969
E135, 1970
E132, 1971
E133, 1972
E55, 1973
E56, 1974
E136, 1975
E134, 1976
E135, 1977
E55, 1978
E56, 1979
E81, 1980
E155, 1981
E157, 1982
E64, 1983
E65, 1984
E21, 1985
E64, 1986
E65, 1987
E21, 1988
E64, 1989
E65, 1990
E21, 1991
E64, 1992
E65, 1993
E21, 1994
E64, 1995
E65, 1996
E21, 1997
E64, 1998
E65, 1999
E21, 2000
