symbol: s4
template: data_thread() got not answer from any <*> datasource
40,[Thunderbird_A8],
41,[Thunderbird_B8],
42,[Thunderbird_C5],
49,[Thunderbird_B7],
51,[Thunderbird_A4],
52,[Thunderbird_B4],
53,[Thunderbird_C8],
58,[Thunderbird_B3],
61,[Thunderbird_D5],
65,[Thunderbird_A1],
66,[Thunderbird_C2],
67,[Thunderbird_B1],
69,[Thunderbird_A3],
70,[Thunderbird_A5],
73,[Thunderbird_A6],
78,[Thunderbird_B6],
79,[Thunderbird_B2],
80,[Thunderbird_C1],
81,[Thunderbird_C4],
82,[Thunderbird_D7],
83,[Thunderbird_A7],
86,[Thunderbird_D6],
87,[Thunderbird_B5],
88,[Thunderbird_B8],
89,[Thunderbird_D4],
90,[Thunderbird_C6],
93,[Thunderbird_D8],
100,[Thunderbird_A2],
105,[Thunderbird_A8],
107,[Thunderbird_B7],
112,[Thunderbird_A4],
119,[Thunderbird_C5],
121,[Thunderbird_B4],
122,[Thunderbird_C8],
123,[Thunderbird_D5],
135,[Thunderbird_B3],
146,[Thunderbird_C2],
148,[Thunderbird_B1],
149,[Thunderbird_A1],
150,[Thunderbird_C4],
153,[Thunderbird_A5],
154,[Thunderbird_C1],
158,[Thunderbird_A6],
159,[Thunderbird_D7],
160,[Thunderbird_A3],
161,[Thunderbird_B6],
163,[Thunderbird_B2],
165,[Thunderbird_B5],
166,[Thunderbird_D6],
167,[Thunderbird_D8],
171,[Thunderbird_A2],
172,[Thunderbird_A7],
173,[Thunderbird_B8],
174,[Thunderbird_D4],
178,[Thunderbird_C6],
181,[Thunderbird_B7],
183,[Thunderbird_A4],
184,[Thunderbird_B4],
185,[Thunderbird_C8],
187,[Thunderbird_C5],
204,[Thunderbird_A8],
223,[Thunderbird_D5],
228,[Thunderbird_C2],
229,[Thunderbird_C4],
230,[Thunderbird_B3],
232,[Thunderbird_A1],
234,[Thunderbird_A6],
235,[Thunderbird_B1],
236,[Thunderbird_A3],
238,[Thunderbird_C1],
239,[Thunderbird_A5],
240,[Thunderbird_D7],
242,[Thunderbird_D6],
244,[Thunderbird_A2],
245,[Thunderbird_B5],
250,[Thunderbird_B6],
252,[Thunderbird_D4],
253,[Thunderbird_B2],
254,[Thunderbird_B7],
255,[Thunderbird_C6],
257,[Thunderbird_A7],
258,[Thunderbird_D8],
259,[Thunderbird_B8],
260,[Thunderbird_C8],
261,[Thunderbird_A4],
264,[Thunderbird_B4],
265,[Thunderbird_C5],
266,[Thunderbird_D5],
269,[Thunderbird_A8],
277,[Thunderbird_C4],
278,[Thunderbird_B3],
279,[Thunderbird_C2],
282,[Thunderbird_A6],
283,[Thunderbird_B5],
285,[Thunderbird_A1],
286,[Thunderbird_A5],
287,[Thunderbird_B1],
289,[Thunderbird_C1],
291,[Thunderbird_A3],
293,[Thunderbird_B6],
296,[Thunderbird_B2],
297,[Thunderbird_C6],
298,[Thunderbird_D7],
299,[Thunderbird_D4],
300,[Thunderbird_D6],
302,[Thunderbird_A2],
305,[Thunderbird_A4],
306,[Thunderbird_A7],
307,[Thunderbird_D8],
310,[Thunderbird_B7],
311,[Thunderbird_B8],
312,[Thunderbird_C8],
314,[Thunderbird_B4],
316,[Thunderbird_A8],
317,[Thunderbird_D5],
322,[Thunderbird_C4],
323,[Thunderbird_C5],
324,[Thunderbird_B3],
326,[Thunderbird_A6],
327,[Thunderbird_A1],
328,[Thunderbird_C2],
329,[Thunderbird_C1],
331,[Thunderbird_A5],
334,[Thunderbird_B5],
335,[Thunderbird_B6],
336,[Thunderbird_B1],
339,[Thunderbird_A2],
340,[Thunderbird_A3],
341,[Thunderbird_D4],
342,[Thunderbird_D6],
343,[Thunderbird_A7],
344,[Thunderbird_B2],
345,[Thunderbird_B7],
347,[Thunderbird_C6],
348,[Thunderbird_D7],
350,[Thunderbird_A4],
351,[Thunderbird_B4],
354,[Thunderbird_A8],
355,[Thunderbird_B8],
356,[Thunderbird_D8],
358,[Thunderbird_C8],
360,[Thunderbird_D5],
362,[Thunderbird_B3],
367,[Thunderbird_A6],
370,[Thunderbird_C4],
371,[Thunderbird_C5],
372,[Thunderbird_C1],
373,[Thunderbird_B6],
375,[Thunderbird_A5],
378,[Thunderbird_C2],
380,[Thunderbird_A1],
382,[Thunderbird_B5],
387,[Thunderbird_D4],
388,[Thunderbird_D6],
391,[Thunderbird_A2],
392,[Thunderbird_B1],
394,[Thunderbird_A3],
395,[Thunderbird_C6],
397,[Thunderbird_A4],
400,[Thunderbird_A8],
401,[Thunderbird_B7],
402,[Thunderbird_D8],
405,[Thunderbird_A7],
406,[Thunderbird_B2],
410,[Thunderbird_D5],
412,[Thunderbird_D7],
414,[Thunderbird_B4],
417,[Thunderbird_B8],
422,[Thunderbird_B3],
423,[Thunderbird_C5],
426,[Thunderbird_C4],
427,[Thunderbird_C8],
428,[Thunderbird_A6],
431,[Thunderbird_B6],
437,[Thunderbird_A1],
438,[Thunderbird_C1],
439,[Thunderbird_C2],
441,[Thunderbird_A2],
445,[Thunderbird_A5],
446,[Thunderbird_D4],
448,[Thunderbird_B1],
449,[Thunderbird_B5],
450,[Thunderbird_D6],
451,[Thunderbird_A3],
454,[Thunderbird_D8],
462,[Thunderbird_A7],
463,[Thunderbird_A8],
464,[Thunderbird_B2],
465,[Thunderbird_B7],
466,[Thunderbird_D7],
469,[Thunderbird_C6],
471,[Thunderbird_B8],
472,[Thunderbird_A4],
474,[Thunderbird_B3],
477,[Thunderbird_C4],
478,[Thunderbird_D5],
481,[Thunderbird_B4],
482,[Thunderbird_C5],
487,[Thunderbird_C8],
493,[Thunderbird_B6],
495,[Thunderbird_A6],
498,[Thunderbird_A1],
499,[Thunderbird_C1],
503,[Thunderbird_C2],
512,[Thunderbird_A3],
515,[Thunderbird_A2],
516,[Thunderbird_A5],
517,[Thunderbird_D8],
520,[Thunderbird_B5],
521,[Thunderbird_D6],
527,[Thunderbird_D4],
531,[Thunderbird_B1],
532,[Thunderbird_D7],
533,[Thunderbird_A7],
535,[Thunderbird_C6],
537,[Thunderbird_A4],
538,[Thunderbird_A8],
542,[Thunderbird_B2],
544,[Thunderbird_B7],
550,[Thunderbird_B8],
551,[Thunderbird_C5],
552,[Thunderbird_B4],
554,[Thunderbird_B3],
556,[Thunderbird_A6],
557,[Thunderbird_C4],
558,[Thunderbird_D5],
559,[Thunderbird_B6],
561,[Thunderbird_C1],
563,[Thunderbird_C8],
564,[Thunderbird_A1],
565,[Thunderbird_A3],
572,[Thunderbird_A5],
573,[Thunderbird_C2],
575,[Thunderbird_A2],
576,[Thunderbird_D8],
581,[Thunderbird_D7],
582,[Thunderbird_D6],
583,[Thunderbird_A4],
587,[Thunderbird_B1],
588,[Thunderbird_B5],
589,[Thunderbird_D4],
590,[Thunderbird_A7],
591,[Thunderbird_C5],
598,[Thunderbird_B8],
599,[Thunderbird_C6],
600,[Thunderbird_A8],
601,[Thunderbird_B2],
602,[Thunderbird_B3],
604,[Thunderbird_B4],
605,[Thunderbird_B7],
610,[Thunderbird_B6],
611,[Thunderbird_D5],
613,[Thunderbird_A6],
614,[Thunderbird_A5],
615,[Thunderbird_A2],
616,[Thunderbird_C1],
617,[Thunderbird_C4],
623,[Thunderbird_A1],
624,[Thunderbird_A3],
625,[Thunderbird_C8],
629,[Thunderbird_C2],
630,[Thunderbird_D8],
632,[Thunderbird_D6],
633,[Thunderbird_A7],
635,[Thunderbird_D4],
636,[Thunderbird_B1],
637,[Thunderbird_B5],
638,[Thunderbird_D7],
640,[Thunderbird_A4],
644,[Thunderbird_C5],
647,[Thunderbird_C6],
648,[Thunderbird_B8],
651,[Thunderbird_A8],
652,[Thunderbird_B2],
656,[Thunderbird_B7],
659,[Thunderbird_B3],
661,[Thunderbird_D5],
663,[Thunderbird_A2],
664,[Thunderbird_B4],
666,[Thunderbird_A6],
667,[Thunderbird_C4],
671,[Thunderbird_A1],
672,[Thunderbird_B6],
673,[Thunderbird_C8],
676,[Thunderbird_A5],
679,[Thunderbird_C1],
680,[Thunderbird_C2],
682,[Thunderbird_A3],
686,[Thunderbird_B1],
689,[Thunderbird_D4],
692,[Thunderbird_B5],
693,[Thunderbird_D6],
695,[Thunderbird_A7],
696,[Thunderbird_D8],
700,[Thunderbird_A4],
701,[Thunderbird_B2],
702,[Thunderbird_C5],
705,[Thunderbird_B8],
706,[Thunderbird_C6],
707,[Thunderbird_D7],
708,[Thunderbird_B7],
709,[Thunderbird_A8],
714,[Thunderbird_B4],
715,[Thunderbird_C8],
717,[Thunderbird_A2],
718,[Thunderbird_A6],
719,[Thunderbird_C4],
721,[Thunderbird_B3],
724,[Thunderbird_D5],
727,[Thunderbird_A1],
729,[Thunderbird_A3],
730,[Thunderbird_B6],
731,[Thunderbird_C2],
734,[Thunderbird_A5],
737,[Thunderbird_C1],
739,[Thunderbird_B1],
741,[Thunderbird_D6],
743,[Thunderbird_D8],
747,[Thunderbird_B2],
748,[Thunderbird_D4],
750,[Thunderbird_A7],
751,[Thunderbird_D7],
754,[Thunderbird_B5],
755,[Thunderbird_C5],
756,[Thunderbird_C6],
760,[Thunderbird_A4],
764,[Thunderbird_B8],
767,[Thunderbird_A8],
768,[Thunderbird_B4],
772,[Thunderbird_B7],
774,[Thunderbird_B3],
775,[Thunderbird_D5],
779,[Thunderbird_A1],
780,[Thunderbird_A2],
781,[Thunderbird_C4],
782,[Thunderbird_A3],
783,[Thunderbird_A6],
784,[Thunderbird_C8],
787,[Thunderbird_B6],
788,[Thunderbird_A5],
789,[Thunderbird_C2],
792,[Thunderbird_C1],
793,[Thunderbird_D8],
798,[Thunderbird_B1],
799,[Thunderbird_B2],
800,[Thunderbird_D6],
804,[Thunderbird_D4],
808,[Thunderbird_B5],
809,[Thunderbird_C6],
810,[Thunderbird_A7],
812,[Thunderbird_D7],
813,[Thunderbird_A4],
814,[Thunderbird_B8],
815,[Thunderbird_C5],
820,[Thunderbird_A8],
821,[Thunderbird_A2],
822,[Thunderbird_B4],
823,[Thunderbird_A1],
828,[Thunderbird_C4],
830,[Thunderbird_B7],
833,[Thunderbird_D5],
834,[Thunderbird_A5],
835,[Thunderbird_B3],
838,[Thunderbird_A3],
839,[Thunderbird_B6],
840,[Thunderbird_A6],
841,[Thunderbird_D8],
843,[Thunderbird_C8],
848,[Thunderbird_C2],
850,[Thunderbird_C1],
853,[Thunderbird_B1],
854,[Thunderbird_B2],
855,[Thunderbird_D6],
857,[Thunderbird_B5],
858,[Thunderbird_A7],
859,[Thunderbird_C6],
860,[Thunderbird_D4],
867,[Thunderbird_C5],
868,[Thunderbird_C4],
869,[Thunderbird_D7],
870,[Thunderbird_A2],
874,[Thunderbird_A4],
875,[Thunderbird_B8],
876,[Thunderbird_A8],
879,[Thunderbird_D5],
880,[Thunderbird_A3],
881,[Thunderbird_B7],
884,[Thunderbird_B4],
885,[Thunderbird_D8],
886,[Thunderbird_A1],
887,[Thunderbird_B3],
890,[Thunderbird_A5],
892,[Thunderbird_B6],
895,[Thunderbird_A6],
896,[Thunderbird_C1],
899,[Thunderbird_B1],
900,[Thunderbird_B2],
901,[Thunderbird_C2],
902,[Thunderbird_C8],
905,[Thunderbird_B5],
907,[Thunderbird_D6],
910,[Thunderbird_A7],
914,[Thunderbird_D4],
916,[Thunderbird_C6],
919,[Thunderbird_A2],
920,[Thunderbird_A4],
922,[Thunderbird_D5],
925,[Thunderbird_C4],
926,[Thunderbird_C5],
927,[Thunderbird_D7],
930,[Thunderbird_A3],
931,[Thunderbird_A8],
932,[Thunderbird_B8],
933,[Thunderbird_D8],
934,[Thunderbird_A1],
936,[Thunderbird_B4],
937,[Thunderbird_B6],
940,[Thunderbird_A5],
941,[Thunderbird_B7],
944,[Thunderbird_B3],
950,[Thunderbird_A6],
951,[Thunderbird_C8],
956,[Thunderbird_C1],
961,[Thunderbird_B5],
963,[Thunderbird_C2],
964,[Thunderbird_A7],
965,[Thunderbird_D6],
966,[Thunderbird_D4],
967,[Thunderbird_B1],
968,[Thunderbird_B2],
973,[Thunderbird_A2],
976,[Thunderbird_C4],
977,[Thunderbird_A4],
978,[Thunderbird_D7],
982,[Thunderbird_C6],
985,[Thunderbird_A3],
986,[Thunderbird_B8],
988,[Thunderbird_A1],
989,[Thunderbird_C5],
991,[Thunderbird_B4],
992,[Thunderbird_D5],
993,[Thunderbird_D8],
994,[Thunderbird_A8],
996,[Thunderbird_B3],
997,[Thunderbird_B7],
1003,[Thunderbird_A5],
1006,[Thunderbird_B6],
1007,[Thunderbird_A6],
1011,[Thunderbird_C8],
1012,[Thunderbird_C1],
1013,[Thunderbird_D6],
1016,[Thunderbird_B2],
1019,[Thunderbird_A7],
1021,[Thunderbird_A2],
1022,[Thunderbird_B5],
1025,[Thunderbird_C2],
1027,[Thunderbird_D4],
1029,[Thunderbird_B1],
1038,[Thunderbird_B4],
1039,[Thunderbird_B8],
1040,[Thunderbird_C4],
1041,[Thunderbird_C5],
1042,[Thunderbird_C6],
1046,[Thunderbird_A4],
1047,[Thunderbird_A8],
1048,[Thunderbird_D7],
1051,[Thunderbird_A1],
1052,[Thunderbird_A3],
1053,[Thunderbird_D8],
1054,[Thunderbird_B3],
1055,[Thunderbird_D5],
1057,[Thunderbird_B6],
1059,[Thunderbird_B7],
1065,[Thunderbird_A5],
1066,[Thunderbird_C8],
1067,[Thunderbird_A6],
1068,[Thunderbird_C1],
1069,[Thunderbird_D6],
1077,[Thunderbird_C2],
1078,[Thunderbird_B2],
1079,[Thunderbird_A2],
1081,[Thunderbird_C5],
1084,[Thunderbird_A7],
1087,[Thunderbird_B4],
1088,[Thunderbird_B5],
1089,[Thunderbird_C4],
1090,[Thunderbird_B1],
1091,[Thunderbird_B8],
1092,[Thunderbird_C6],
1093,[Thunderbird_D4],
1094,[Thunderbird_D7],
1095,[Thunderbird_D5],
1097,[Thunderbird_A1],
1098,[Thunderbird_A8],
1099,[Thunderbird_D8],
1110,[Thunderbird_A4],
1114,[Thunderbird_B3],
1115,[Thunderbird_B6],
1117,[Thunderbird_A3],
1121,[Thunderbird_A5],
1122,[Thunderbird_C8],
1123,[Thunderbird_C1],
1124,[Thunderbird_B7],
1127,[Thunderbird_A6],
1131,[Thunderbird_D6],
1135,[Thunderbird_A7],
1141,[Thunderbird_B2],
1142,[Thunderbird_B4],
1143,[Thunderbird_C4],
1144,[Thunderbird_C2],
1145,[Thunderbird_D4],
1147,[Thunderbird_A2],
1148,[Thunderbird_D7],
1149,[Thunderbird_C5],
1152,[Thunderbird_B8],
1153,[Thunderbird_D5],
1155,[Thunderbird_B5],
1156,[Thunderbird_C6],
1157,[Thunderbird_B1],
1159,[Thunderbird_D8],
1160,[Thunderbird_A1],
1166,[Thunderbird_A5],
1167,[Thunderbird_B3],
1171,[Thunderbird_A3],
1172,[Thunderbird_A4],
1173,[Thunderbird_A8],
1177,[Thunderbird_B6],
1179,[Thunderbird_C8],
1180,[Thunderbird_A6],
1362,[Thunderbird_C1],
1364,[Thunderbird_B7],
1366,[Thunderbird_D6],
1368,[Thunderbird_A7],
1371,[Thunderbird_B4],
1374,[Thunderbird_C4],
1375,[Thunderbird_D4],
1379,[Thunderbird_B2],
1385,[Thunderbird_A2],
1386,[Thunderbird_B5],
1404,[Thunderbird_C6],
1408,[Thunderbird_A1],
1409,[Thunderbird_A2],
1410,[Thunderbird_A3],
1411,[Thunderbird_A4],
1412,[Thunderbird_A5],
1413,[Thunderbird_A6],
1414,[Thunderbird_A7],
1415,[Thunderbird_A8],
1416,[Thunderbird_B1],
1417,[Thunderbird_B2],
1418,[Thunderbird_B3],
1419,[Thunderbird_B4],
1420,[Thunderbird_B5],
1421,[Thunderbird_B6],
1422,[Thunderbird_B7],
1423,[Thunderbird_B8],
1424,[Thunderbird_C1],
1425,[Thunderbird_C2],
1426,[Thunderbird_C4],
1427,[Thunderbird_C5],
1428,[Thunderbird_C6],
1429,[Thunderbird_C8],
1430,[Thunderbird_D2],
1431,[Thunderbird_D4],
1432,[Thunderbird_D5],
1433,[Thunderbird_D6],
1434,[Thunderbird_D7],
1435,[Thunderbird_D8],
1460,[Thunderbird_C2],
1461,[Thunderbird_D8],
1467,[Thunderbird_C5],
1469,[Thunderbird_B8],
1474,[Thunderbird_B1],
1475,[Thunderbird_D5],
1476,[Thunderbird_D7],
1479,[Thunderbird_A4],
1480,[Thunderbird_A5],
1481,[Thunderbird_B3],
1483,[Thunderbird_A1],
1524,[Thunderbird_B6],
1525,[Thunderbird_A8],
1526,[Thunderbird_A3],
1527,[Thunderbird_C8],
1534,[Thunderbird_C1],
1535,[Thunderbird_A6],
1536,[Thunderbird_C4],
1537,[Thunderbird_B4],
1542,[Thunderbird_A7],
1543,[Thunderbird_B7],
1545,[Thunderbird_D6],
1546,[Thunderbird_B2],
1547,[Thunderbird_B5],
1548,[Thunderbird_D4],
1550,[Thunderbird_B8],
1551,[Thunderbird_D7],
1552,[Thunderbird_D8],
1556,[Thunderbird_C6],
1558,[Thunderbird_A2],
1559,[Thunderbird_A4],
1560,[Thunderbird_C5],
1562,[Thunderbird_A5],
1564,[Thunderbird_C2],
1565,[Thunderbird_B1],
1566,[Thunderbird_B3],
1573,[Thunderbird_D5],
1585,[Thunderbird_A1],
1586,[Thunderbird_A8],
1595,[Thunderbird_B6],
1596,[Thunderbird_A3],
1597,[Thunderbird_C8],
1602,[Thunderbird_C1],
1603,[Thunderbird_A6],
1606,[Thunderbird_C4],
1613,[Thunderbird_B5],
1614,[Thunderbird_D6],
1617,[Thunderbird_D8],
1619,[Thunderbird_B2],
1620,[Thunderbird_B4],
1621,[Thunderbird_A4],
1622,[Thunderbird_A7],
1623,[Thunderbird_B7],
1624,[Thunderbird_A5],
1625,[Thunderbird_C6],
1626,[Thunderbird_B8],
1627,[Thunderbird_C2],
1630,[Thunderbird_D4],
1635,[Thunderbird_B3],
1636,[Thunderbird_D7],
1637,[Thunderbird_A2],
1638,[Thunderbird_C5],
1639,[Thunderbird_D5],
1643,[Thunderbird_A8],
1644,[Thunderbird_A1],
1645,[Thunderbird_B1],
1649,[Thunderbird_A3],
1650,[Thunderbird_B6],
1653,[Thunderbird_C8],
1655,[Thunderbird_A6],
1658,[Thunderbird_C1],
1661,[Thunderbird_C4],
1664,[Thunderbird_A4],
1665,[Thunderbird_D8],
1666,[Thunderbird_B4],
1668,[Thunderbird_C2],
1670,[Thunderbird_B5],
1671,[Thunderbird_D6],
1672,[Thunderbird_A7],
1673,[Thunderbird_B8],
1674,[Thunderbird_C6],
1675,[Thunderbird_D4],
1677,[Thunderbird_B2],
1679,[Thunderbird_B7],
1680,[Thunderbird_D5],
1681,[Thunderbird_A5],
1683,[Thunderbird_A2],
1687,[Thunderbird_B3],
1688,[Thunderbird_C5],
1689,[Thunderbird_A3],
1690,[Thunderbird_D7],
1692,[Thunderbird_A1],
1694,[Thunderbird_A8],
1695,[Thunderbird_B1],
1701,[Thunderbird_B6],
1703,[Thunderbird_C8],
1708,[Thunderbird_A6],
1712,[Thunderbird_B4],
1713,[Thunderbird_C1],
1714,[Thunderbird_B8],
1715,[Thunderbird_C2],
1716,[Thunderbird_C4],
1718,[Thunderbird_A4],
1720,[Thunderbird_D8],
1722,[Thunderbird_B7],
1723,[Thunderbird_D4],
1725,[Thunderbird_B5],
1726,[Thunderbird_A7],
1727,[Thunderbird_C5],
1728,[Thunderbird_D6],
1731,[Thunderbird_C6],
1732,[Thunderbird_D5],
1735,[Thunderbird_A3],
1736,[Thunderbird_A5],
1737,[Thunderbird_B2],
1740,[Thunderbird_A1],
1741,[Thunderbird_B3],
1742,[Thunderbird_A2],
1744,[Thunderbird_B1],
1746,[Thunderbird_C8],
1749,[Thunderbird_D7],
1753,[Thunderbird_A8],
1759,[Thunderbird_B6],
1760,[Thunderbird_A6],
1761,[Thunderbird_C1],
1762,[Thunderbird_C4],
1764,[Thunderbird_B8],
1765,[Thunderbird_D4],
1766,[Thunderbird_B7],
1768,[Thunderbird_B4],
1771,[Thunderbird_D6],
1772,[Thunderbird_C2],
1773,[Thunderbird_C5],
1776,[Thunderbird_D8],
1778,[Thunderbird_A4],
1779,[Thunderbird_C6],
1785,[Thunderbird_B5],
1791,[Thunderbird_A7],
1793,[Thunderbird_A5],
1794,[Thunderbird_B1],
1797,[Thunderbird_D5],
1798,[Thunderbird_D7],
1800,[Thunderbird_A3],
1801,[Thunderbird_B2],
1804,[Thunderbird_A1],
1805,[Thunderbird_A8],
1806,[Thunderbird_B3],
1807,[Thunderbird_C8],
1813,[Thunderbird_A2],
1814,[Thunderbird_B6],
1817,[Thunderbird_B8],
1818,[Thunderbird_C1],
1819,[Thunderbird_B7],
1821,[Thunderbird_A6],
1822,[Thunderbird_C4],
1824,[Thunderbird_D6],
1826,[Thunderbird_D8],
1827,[Thunderbird_C6],
1829,[Thunderbird_D4],
1831,[Thunderbird_C5],
1834,[Thunderbird_B4],
1836,[Thunderbird_C2],
1837,[Thunderbird_A4],
1838,[Thunderbird_B5],
1840,[Thunderbird_A3],
1841,[Thunderbird_A5],
1842,[Thunderbird_B1],
1846,[Thunderbird_A2],
1847,[Thunderbird_A7],
1849,[Thunderbird_A1],
1850,[Thunderbird_B6],
1854,[Thunderbird_D7],
1855,[Thunderbird_D5],
1857,[Thunderbird_A8],
1858,[Thunderbird_C8],
1862,[Thunderbird_B2],
1863,[Thunderbird_B3],
1864,[Thunderbird_B8],
1865,[Thunderbird_C1],
1867,[Thunderbird_B7],
1868,[Thunderbird_D8],
1869,[Thunderbird_C6],
1872,[Thunderbird_A6],
1873,[Thunderbird_D4],
1875,[Thunderbird_B4],
1876,[Thunderbird_C4],
1879,[Thunderbird_D6],
1880,[Thunderbird_B5],
1886,[Thunderbird_A4],
1887,[Thunderbird_A5],
1888,[Thunderbird_C5],
1890,[Thunderbird_C2],
1891,[Thunderbird_B1],
1892,[Thunderbird_A2],
1893,[Thunderbird_A3],
1896,[Thunderbird_B6],
1897,[Thunderbird_D7],
1901,[Thunderbird_A1],
1902,[Thunderbird_B2],
1903,[Thunderbird_A7],
1904,[Thunderbird_C1],
1905,[Thunderbird_A8],
1906,[Thunderbird_B8],
1907,[Thunderbird_D5],
1908,[Thunderbird_B3],
1910,[Thunderbird_C8],
1912,[Thunderbird_B7],
1914,[Thunderbird_C6],
1915,[Thunderbird_A6],
1916,[Thunderbird_B4],
1917,[Thunderbird_D8],
1918,[Thunderbird_D4],
1927,[Thunderbird_D6],
1928,[Thunderbird_C2],
1929,[Thunderbird_B5],
1930,[Thunderbird_C4],
1933,[Thunderbird_A3],
1935,[Thunderbird_A5],
1936,[Thunderbird_B1],
1937,[Thunderbird_B6],
1939,[Thunderbird_A4],
1941,[Thunderbird_A2],
1942,[Thunderbird_C5],
1943,[Thunderbird_D7],
1946,[Thunderbird_B8],
1947,[Thunderbird_A8],
1948,[Thunderbird_B2],
1951,[Thunderbird_A7],
1952,[Thunderbird_C1],
1954,[Thunderbird_A1],
1955,[Thunderbird_C8],
1957,[Thunderbird_B7],
1958,[Thunderbird_C6],
1960,[Thunderbird_B3],
1961,[Thunderbird_D5],
1963,[Thunderbird_D8],
1964,[Thunderbird_B4],
1967,[Thunderbird_D4],
1969,[Thunderbird_A6],
1971,[Thunderbird_C2],
1973,[Thunderbird_D6],
1977,[Thunderbird_A5],
1979,[Thunderbird_A4],
1980,[Thunderbird_C4],
1982,[Thunderbird_B1],
1984,[Thunderbird_A3],
1985,[Thunderbird_B5],
1988,[Thunderbird_B2],
1989,[Thunderbird_B6],
1990,[Thunderbird_A8],
1997,[Thunderbird_D7],
