symbol: s147
template: <*> microseconds spent in the rbs signal handler during <*> calls. <*> microseconds was the maximum time for a single instance of a correctable ddr.
1807,0,0,0,
1808,0,0,0,
1809,0,0,0,
1815,0,0,0,
1816,0,0,0,
1819,0,0,0,
1821,0,0,0,
1824,0,0,0,
1831,0,0,0,
1834,0,0,0,
1840,0,0,0,
1841,0,0,0,
1842,0,0,0,
1845,0,0,0,
1847,0,0,0,
1848,0,0,0,
1850,0,0,0,
1851,0,0,0,
1853,0,0,0,
1857,0,0,0,
1860,0,0,0,
1861,0,0,0,
1862,0,0,0,
1864,0,0,0,
1866,0,0,0,
1868,0,0,0,
1870,0,0,0,
1872,0,0,0,
1873,0,0,0,
1878,0,0,0,
1880,0,0,0,
1882,0,0,0,
1883,0,0,0,
1886,0,0,0,
1887,0,0,0,
1888,0,0,0,
1889,0,0,0,
1890,0,0,0,
1894,0,0,0,
1895,0,0,0,
1898,0,0,0,
1908,0,0,0,
1910,0,0,0,
1912,0,0,0,
1913,0,0,0,
1916,0,0,0,
1922,0,0,0,
1923,0,0,0,
1925,0,0,0,
1926,0,0,0,
1927,0,0,0,
