symbol: s16
template: program interrupt: <*> <*>
209,illegal,instruction......0,
236,illegal,instruction......0,
237,illegal,instruction......0,
244,illegal,instruction......0,
245,illegal,instruction......0,
246,privileged,instruction...0,
247,privileged,instruction...0,
248,trap,instruction.........0,
249,imprecise,exception......0,
264,unimplemented,operation..0,
271,imprecise,exception......0,
273,imprecise,exception......0,
435,illegal,instruction......1,
436,illegal,instruction......1,
437,privileged,instruction...0,
444,unimplemented,operation..0,
445,imprecise,exception......0,
446,imprecise,exception......0,
452,illegal,instruction......1,
453,privileged,instruction...0,
1720,privileged,instruction...0,
