symbol: s2
template: <*> <*> alignment exceptions
5,63543,double-hummer,
6,162,double-hummer,
7,141,double-hummer,
374,199680,double-hummer,
375,1969920,double-hummer,
376,2576000,double-hummer,
377,2576000,double-hummer,
378,6182400,double-hummer,
379,6182400,double-hummer,
380,6182400,double-hummer,
381,3091200,double-hummer,
382,3091200,double-hummer,
383,3091200,double-hummer,
387,23431872,double-hummer,
388,259966605,double-hummer,
389,255244071,double-hummer,
390,259822751,double-hummer,
469,344040,double-hummer,
470,344040,double-hummer,
471,344040,double-hummer,
524,1146800,double-hummer,
525,1146800,double-hummer,
526,1146800,double-hummer,
527,1146800,double-hummer,
528,1146800,double-hummer,
529,1146800,double-hummer,
530,1146800,double-hummer,
531,1146800,double-hummer,
532,1146800,double-hummer,
533,1146800,double-hummer,
534,1146800,double-hummer,
535,1146800,double-hummer,
536,1146800,double-hummer,
537,1146800,double-hummer,
538,1146800,double-hummer,
539,1146800,double-hummer,
540,1146800,double-hummer,
541,1146800,double-hummer,
542,1146800,double-hummer,
543,1146800,double-hummer,
544,458720,double-hummer,
545,458720,double-hummer,
546,458720,double-hummer,
547,458720,double-hummer,
548,458720,double-hummer,
549,458720,double-hummer,
550,458720,double-hummer,
551,458720,double-hummer,
552,1146800,double-hummer,
553,1146800,double-hummer,
554,1146800,double-hummer,
555,1146800,double-hummer,
556,1146800,double-hummer,
557,1146800,double-hummer,
558,1146800,double-hummer,
609,632431728,double-hummer,
610,634368144,double-hummer,
611,632254896,double-hummer,
612,633283776,double-hummer,
752,1365301360,double-hummer,
753,1315337824,double-hummer,
754,1401390016,double-hummer,
839,118661512,double-hummer,
840,112099344,double-hummer,
841,113170696,double-hummer,
842,117400328,double-hummer,
843,112762744,double-hummer,
844,116130784,double-hummer,
845,114147592,double-hummer,
846,113622512,double-hummer,
847,114059360,double-hummer,
848,114091808,double-hummer,
849,115325776,double-hummer,
850,113982272,double-hummer,
851,113355952,double-hummer,
852,115193048,double-hummer,
853,111990296,double-hummer,
854,112625368,double-hummer,
855,116249832,double-hummer,
856,112481672,double-hummer,
857,116332728,double-hummer,
1287,2201500,double-hummer,
1288,2201500,double-hummer,
1291,1547520,double-hummer,
1301,3095040,double-hummer,
1306,773760,double-hummer,
1315,1524480,double-hummer,
1316,1524480,double-hummer,
1317,1524480,double-hummer,
1332,156055738,double-hummer,
1333,147337410,double-hummer,
1334,139632470,double-hummer,
1335,155918940,double-hummer,
1339,28298332,double-hummer,
1340,23768676,double-hummer,
1341,34253552,double-hummer,
1342,35050330,double-hummer,
1343,35418742,double-hummer,
1344,47332148,double-hummer,
1345,39190074,double-hummer,
1346,30646810,double-hummer,
1347,36833864,double-hummer,
1348,24669022,double-hummer,
1349,38029258,double-hummer,
1350,39309752,double-hummer,
1351,27901852,double-hummer,
1352,41097026,double-hummer,
1353,54600944,double-hummer,
1354,32888202,double-hummer,
