symbol: s44
template: ciod: Error loading <*> invalid or missing program image, No such file or directory
362,/home/draeger/testQboxhang-nozerobytebug-nosleepyescomm:,
372,./runtime_malloc:,
429,/home/glosli/src/ddcMD/ddcMD/1.1.13/ddcMDbglV:,
822,/home/greeno/raptor.new.dev.3d.BGL.CXX_XL.MPI.ex:,
1256,/bgl/apps/scaletest/stability/MDCASK/WORK/65576/inferno:,
1398,/bgl/apps/swl-prep/rky-swl/MPI-PERF/IMB/perf_tests/IMB-MPI1.5124KB:,
1443,/home/yates//bandwidth.rts:,
1444,/home/yates//torus-latency.rts:,
1445,/home/yates//torus-latency.rts:,
1446,/home/yates//torus-latency.rts:,
1447,/home/yates//broadcast.rts:,
1449,/bgl/apps/SWL/performance/MINIBEN//bandwidth.rts:,
1450,/bgl/apps/SWL/performance/MINIBEN//torus-latency.rts:,
1493,/bgl/apps/followup/MINIBEN/MB_254_051007/torus-latency.rts:,
1517,allreduce_int_V1R1.rts:,
1530,/home.old/glosli/src/ddcMD/ddcMD1.1.17/bin/ddcMDGbglV:,
1531,/home.old/glosli/src/ddcMD/ddcMD1.1.18a/bin/ddcMDGbglV:,
1960,/g/g90/glosli/src/ddcMD/ddcMD1.1.17/bin/ddcMDbglV:,
1961,/g/g90/glosli/src/ddcMD/ddcMD1.1.17/bin/ddcMDbglV:,
1970,/bgl/apps/SWL/stability/HPL/WORK/1498./hpl_DD:,
1971,/bgl/apps/SWL/stability/HPL/WORK/1501./hpl_DD:,
