symbol: s71
template: ciod: generated <*> core files for program <*>
1264,64,/bgl/apps/swl-prep/ibm-swl/functional/sppm_chkpt/run/sppm,
1265,64,/bgl/apps/swl-prep/ibm-swl/functional/sppm_chkpt/run/sppm,
1266,64,/bgl/apps/swl-prep/ibm-swl/functional/sppm_chkpt/run/sppm,
1268,1,/bgl/apps/swl-prep/ibm-swl/functional/sppm_chkpt/run/sppm,
1269,64,/bgl/apps/swl-prep/ibm-swl/functional/sppm_chkpt/run/sppm,
1273,128,/home/germann2/BGL-demo/SPaSM_mpi,
1274,128,/home/germann2/BGL-demo/SPaSM_mpi,
1275,128,/home/germann2/BGL-demo/SPaSM_mpi,
1276,128,/home/germann2/BGL-demo/SPaSM_mpi,
1277,128,/home/germann2/BGL-demo/SPaSM_mpi,
1278,128,/home/germann2/BGL-demo/SPaSM_mpi,
1280,128,/home/germann2/BGL-demo/SPaSM_mpi,
1281,128,/home/germann2/BGL-demo/SPaSM_mpi,
1466,128,/bgl/apps/SWL/stability/DDCMD//ddcMDbglV,
1468,64,/home/spelce1/HPCC_IBM/TomAndJeff/bin/tested_copro/tested_copro.rts,
1476,108,/home/spelce1/HPCC_IBM/Urgent/VNM/32K/vnm.rts,
1500,64,/home/spelce1/HPCC_IBM/Urgent/COP/64K/opt_co_dc.rts,
1501,58,/home/spelce1/HPCC_IBM/Urgent/COP/64K/opt_co_dc.rts,
1514,64,/home/rfisher/sodscaling/flash2,
1673,128,/g/g20/valone1/SPaSM-shock/SPaSM_mpi,
1699,128,/g/g24/germann2/BGL-demo/SPaSM_mpi,
1745,128,/bgl/apps/followup/SPaSM_static/SPaSM_mpi.new_comp,
1752,128,/bgl/apps/followup/SPaSM_static/SPaSM_mpi.rel2,
1753,64,/bgl/apps/followup/hellow/a.out.1111,
1754,64,/bgl/apps/followup/hellow/a.out.1111,
1766,128,/g/g90/glosli/src/ddcMD/ddcMD1.1.18a/bin/ddcMDbglV,
1767,128,/g/g90/glosli/src/ddcMD/ddcMD1.1.18a/bin/ddcMDbglV,
1988,128,/g/g24/germann2/SPaSM_static/SPaSM_mpi,
2000,128,/g/g24/germann2/SPaSM_mini/MEAM/r13,
