symbol: s95
template: ciod: Error loading <*> invalid or missing program image, Permission denied
1474,/home/spelce1/HPCC_IBM/Urgent/Gunnels/VNM64/vnm.rts:,
1479,/home/spelce1/HPCC_IBM/Urgent/VNM/64K/vnm.rts:,
1488,/home/spelce1/HPCC_IBM/Urgent/COP/64K/vnm.rts:,
1489,/home/spelce1/HPCC_IBM/Urgent/COP/64K/vnm.rts:,
1490,/home/spelce1/HPCC_IBM/Urgent/COP/64K/vnm.rts:,
1491,/bgl/apps/followup/SPASM/spasm.254:,
1492,/bgl/apps/followup/SPASM/spasm.254:,
1524,/home/spelce1/HPCC_IBM/Urgent/COP/64K/hpcc-1.0.0.102905_opt_essl_cpm:,
1529,/g/g0/spelce1/HPCC_IBM/Urgent/COP/64K/RandomAccess.64R.rts:,
1694,/bgl/apps/followup/RAPTOR/pre-study/raptor.newcomp.r1:,
1695,/bgl/apps/followup/RAPTOR/pre-study/raptor.newcomp.r1:,
1759,/bgl/apps/followup/SPaSM_static/SPaSM.460-1115:,
1964,/p/gb1/stella/SPPM/1322/sppm_DD:,
1965,/bgl/apps/SWL/stability/MDCASK/WORK/1383/inferno:,
1966,/p/gb1/stella/UMT2K/1372/umt2k_DD:,
1967,/bgl/apps/SWL/stability/NEWS05/news05_DD:,
1968,/p/gb1/stella/UMT2K/1325/umt2k_DD:,
1969,/p/gb1/stella/UMT2K/1369/umt2k_DD:,
1977,/g/g0/spelce1/Tuned/SPaSM-base/rundir/SPaSM.baseline:,
