symbol: m3
template: INFO mapreduce.Job: Counters: <*it>
tid: 1226f942
108,40,
||	File System Counters
|>		FILE: Number of bytes read=0
|>		FILE: Number of bytes written=248107
|>		FILE: Number of read operations=0
|>		FILE: Number of large read operations=0
|>		FILE: Number of write operations=0
|>		HDFS: Number of bytes read=0
|>		HDFS: Number of bytes written=85
|>		HDFS: Number of read operations=5
|>		HDFS: Number of large read operations=0
|>		HDFS: Number of write operations=2
||	Job Counters
||		Launched reduce tasks=1
|>		Total time spent by all maps in occupied slots (ms)=0
|>		Total time spent by all reduces in occupied slots (ms)=26262
|>		Total time spent by all reduce tasks (ms)=4377
|>		Total vcore-milliseconds taken by all reduce tasks=4377
|>		Total megabyte-milliseconds taken by all reduce tasks=26892288
||	Map-Reduce Framework
|>		Combine input records=0
|>		Combine output records=0
||		Reduce input groups=0
||		Reduce shuffle bytes=0
|>		Reduce input records=0
|>		Reduce output records=0
||		Spilled Records=0
||		Shuffled Maps =0
||		Failed Shuffles=0
||		Merged Map outputs=0
|>		GC time elapsed (ms)=88
|>		CPU time spent (ms)=1010
|>		Physical memory (bytes) snapshot=329465856
|>		Virtual memory (bytes) snapshot=7376781312
||		Total committed heap usage (bytes)=552075264
|>		Peak Reduce Physical memory (bytes)=329465856
|>		Peak Reduce Virtual memory (bytes)=7376781312
||	Shuffle Errors
||		BAD_ID=0
||		CONNECTION=0
||		IO_ERROR=0
||		WRONG_LENGTH=0
||		WRONG_MAP=0
||		WRONG_REDUCE=0
||	File Output Format Counters
||		Bytes Written=85
400,8,
||	Job Counters
|>		Failed map tasks=4
|>		Launched map tasks=4
||		Other local map tasks=4
|>		Total time spent by all maps in occupied slots (ms)=376110
|>		Total time spent by all reduces in occupied slots (ms)=0
|>		Total time spent by all map tasks (ms)=125370
|>		Total vcore-milliseconds taken by all map tasks=125370
|>		Total megabyte-milliseconds taken by all map tasks=385136640
||Job ended: Sat Nov 05 20:14:41 CST 2022
||The job took 142 seconds.
