E2, 1
E2, 2
E2, 3
E8, 4
E2, 5
E2, 6
E2, 7
E8, 8
E2, 9
E2, 10
E8, 11
E8, 12
E2, 13
E8, 14
E2, 15
E8, 16
E8, 17
E2, 18
E8, 19
E2, 20
E8, 21
E8, 22
E8, 23
E8, 24
E2, 25
E2, 26
E8, 27
E8, 28
E2, 29
E8, 30
E2, 31
E2, 32
E8, 33
E8, 34
E8, 35
E2, 36
E2, 37
E8, 38
E8, 39
E8, 40
E2, 41
E2, 42
E2, 43
E2, 44
E2, 45
E2, 46
E8, 47
E8, 48
E2, 49
E2, 50
E2, 51
E8, 52
E2, 53
E8, 54
E8, 55
E2, 56
E8, 57
E2, 58
E8, 59
E2, 60
E2, 61
E8, 62
E2, 63
E2, 64
E2, 65
E2, 66
E2, 67
E8, 68
E2, 69
E8, 70
E8, 71
E2, 72
E8, 73
E8, 74
E8, 75
E8, 76
E8, 77
E8, 78
E2, 79
E2, 80
E2, 81
E2, 82
E2, 83
E8, 84
E2, 85
E8, 86
E8, 87
E2, 88
E2, 89
E2, 90
E2, 91
E8, 92
E8, 93
E8, 94
E8, 95
E2, 96
E2, 97
E8, 98
E2, 99
E8, 100
E8, 101
E8, 102
E2, 103
E8, 104
E8, 105
E2, 106
E8, 107
E8, 108
E8, 109
E8, 110
E8, 111
E8, 112
E2, 113
E2, 114
E8, 115
E8, 116
E8, 117
E8, 118
E8, 119
E8, 120
E2, 121
E2, 122
E8, 123
E2, 124
E8, 125
E2, 126
E2, 127
E8, 128
E8, 129
E8, 130
E2, 131
E8, 132
E8, 133
E2, 134
E2, 135
E2, 136
E2, 137
E8, 138
E8, 139
E2, 140
E2, 141
E2, 142
E2, 143
E2, 144
E2, 145
E2, 146
E2, 147
E2, 148
E8, 149
E2, 150
E2, 151
E8, 152
E8, 153
E8, 154
E8, 155
E8, 156
E8, 157
E8, 158
E8, 159
E8, 160
E8, 161
E8, 162
E8, 163
E2, 164
E2, 165
E2, 166
E2, 167
E2, 168
E2, 169
E2, 170
E2, 171
E2, 172
E8, 173
E2, 174
E2, 175
E2, 176
E8, 177
E2, 178
E8, 179
E2, 180
E2, 181
E2, 182
E2, 183
E8, 184
E2, 185
E8, 186
E2, 187
E8, 188
E2, 189
E2, 190
E2, 191
E8, 192
E2, 193
E2, 194
E8, 195
E2, 196
E2, 197
E8, 198
E8, 199
E2, 200
E2, 201
E8, 202
E8, 203
E2, 204
E8, 205
E8, 206
E2, 207
E8, 208
E2, 209
E2, 210
E2, 211
E2, 212
E2, 213
E8, 214
E2, 215
E2, 216
E2, 217
E2, 218
E2, 219
E8, 220
E8, 221
E8, 222
E8, 223
E8, 224
E1, 225
E2, 226
E2, 227
E8, 228
E8, 229
E8, 230
E2, 231
E2, 232
E2, 233
E8, 234
E8, 235
E8, 236
E8, 237
E2, 238
E8, 239
E2, 240
E8, 241
E2, 242
E2, 243
E2, 244
E8, 245
E8, 246
E2, 247
E8, 248
E8, 249
E8, 250
E2, 251
E8, 252
E7, 253
E6, 254
E8, 255
E2, 256
E2, 257
E2, 258
E8, 259
E8, 260
E2, 261
E2, 262
E8, 263
E8, 264
E8, 265
E8, 266
E2, 267
E8, 268
E2, 269
E8, 270
E8, 271
E2, 272
E8, 273
E8, 274
E8, 275
E8, 276
E2, 277
E8, 278
E8, 279
E2, 280
E8, 281
E8, 282
E2, 283
E8, 284
E2, 285
E8, 286
E8, 287
E2, 288
E2, 289
E8, 290
E8, 291
E2, 292
E2, 293
E2, 294
E8, 295
E8, 296
E2, 297
E8, 298
E8, 299
E2, 300
E2, 301
E8, 302
E2, 303
E8, 304
E2, 305
E2, 306
E8, 307
E8, 308
E2, 309
E8, 310
E8, 311
E8, 312
E8, 313
E2, 314
E8, 315
E8, 316
E2, 317
E2, 318
E2, 319
E8, 320
E2, 321
E2, 322
E8, 323
E8, 324
E2, 325
E2, 326
E2, 327
E2, 328
E8, 329
E8, 330
E8, 331
E2, 332
E2, 333
E2, 334
E8, 335
E8, 336
E2, 337
E2, 338
E8, 339
E8, 340
E8, 341
E8, 342
E2, 343
E8, 344
E2, 345
E2, 346
E2, 347
E2, 348
E2, 349
E8, 350
E8, 351
E8, 352
E8, 353
E2, 354
E2, 355
E2, 356
E2, 357
E2, 358
E2, 359
E8, 360
E8, 361
E2, 362
E2, 363
E2, 364
E2, 365
E2, 366
E8, 367
E8, 368
E2, 369
E8, 370
E2, 371
E2, 372
E2, 373
E2, 374
E8, 375
E2, 376
E8, 377
E2, 378
E2, 379
E2, 380
E8, 381
E8, 382
E8, 383
E2, 384
E2, 385
E8, 386
E2, 387
E8, 388
E2, 389
E8, 390
E2, 391
E2, 392
E8, 393
E2, 394
E2, 395
E8, 396
E2, 397
E2, 398
E2, 399
E8, 400
E2, 401
E8, 402
E2, 403
E8, 404
E8, 405
E2, 406
E2, 407
E8, 408
E8, 409
E8, 410
E2, 411
E2, 412
E2, 413
E8, 414
E2, 415
E8, 416
E8, 417
E2, 418
E2, 419
E2, 420
E2, 421
E8, 422
E8, 423
E2, 424
E8, 425
E2, 426
E8, 427
E7, 428
E8, 429
E2, 430
E2, 431
E2, 432
E2, 433
E2, 434
E2, 435
E2, 436
E2, 437
E2, 438
E8, 439
E2, 440
E8, 441
E5, 442
E8, 443
E2, 444
E2, 445
E2, 446
E8, 447
E2, 448
E8, 449
E8, 450
E8, 451
E8, 452
E8, 453
E2, 454
E2, 455
E2, 456
E2, 457
E8, 458
E8, 459
E8, 460
E8, 461
E2, 462
E8, 463
E8, 464
E8, 465
E8, 466
E2, 467
E8, 468
E2, 469
E8, 470
E8, 471
E2, 472
E8, 473
E2, 474
E8, 475
E8, 476
E2, 477
E2, 478
E2, 479
E2, 480
E2, 481
E6, 482
E8, 483
E8, 484
E8, 485
E2, 486
E2, 487
E2, 488
E2, 489
E2, 490
E8, 491
E8, 492
E2, 493
E8, 494
E2, 495
E2, 496
E8, 497
E2, 498
E2, 499
E2, 500
E8, 501
E8, 502
E2, 503
E2, 504
E8, 505
E2, 506
E8, 507
E8, 508
E8, 509
E8, 510
E2, 511
E8, 512
E8, 513
E2, 514
E2, 515
E2, 516
E2, 517
E2, 518
E8, 519
E8, 520
E2, 521
E2, 522
E2, 523
E2, 524
E8, 525
E2, 526
E8, 527
E2, 528
E8, 529
E8, 530
E2, 531
E2, 532
E2, 533
E8, 534
E2, 535
E2, 536
E2, 537
E8, 538
E8, 539
E2, 540
E2, 541
E8, 542
E2, 543
E8, 544
E8, 545
E8, 546
E8, 547
E8, 548
E2, 549
E8, 550
E2, 551
E8, 552
E8, 553
E8, 554
E8, 555
E2, 556
E2, 557
E8, 558
E8, 559
E8, 560
E8, 561
E8, 562
E2, 563
E8, 564
E8, 565
E2, 566
E7, 567
E2, 568
E8, 569
E8, 570
E2, 571
E8, 572
E2, 573
E2, 574
E8, 575
E8, 576
E8, 577
E2, 578
E8, 579
E2, 580
E2, 581
E2, 582
E8, 583
E8, 584
E2, 585
E8, 586
E2, 587
E8, 588
E2, 589
E8, 590
E8, 591
E2, 592
E2, 593
E8, 594
E2, 595
E2, 596
E8, 597
E2, 598
E2, 599
E2, 600
E2, 601
E8, 602
E8, 603
E8, 604
E2, 605
E8, 606
E2, 607
E8, 608
E2, 609
E8, 610
E2, 611
E8, 612
E8, 613
E2, 614
E2, 615
E8, 616
E2, 617
E2, 618
E2, 619
E2, 620
E2, 621
E2, 622
E8, 623
E2, 624
E8, 625
E8, 626
E8, 627
E8, 628
E2, 629
E8, 630
E8, 631
E2, 632
E2, 633
E8, 634
E8, 635
E8, 636
E2, 637
E8, 638
E2, 639
E8, 640
E8, 641
E8, 642
E2, 643
E2, 644
E8, 645
E8, 646
E8, 647
E8, 648
E2, 649
E8, 650
E2, 651
E2, 652
E8, 653
E2, 654
E8, 655
E8, 656
E2, 657
E8, 658
E8, 659
E2, 660
E2, 661
E8, 662
E8, 663
E2, 664
E2, 665
E8, 666
E2, 667
E8, 668
E2, 669
E2, 670
E8, 671
E8, 672
E2, 673
E8, 674
E8, 675
E8, 676
E2, 677
E2, 678
E8, 679
E2, 680
E8, 681
E8, 682
E8, 683
E8, 684
E2, 685
E8, 686
E8, 687
E2, 688
E8, 689
E2, 690
E8, 691
E2, 692
E2, 693
E8, 694
E2, 695
E2, 696
E2, 697
E2, 698
E8, 699
E8, 700
E2, 701
E8, 702
E8, 703
E8, 704
E8, 705
E8, 706
E8, 707
E2, 708
E2, 709
E2, 710
E2, 711
E8, 712
E2, 713
E8, 714
E8, 715
E8, 716
E8, 717
E8, 718
E8, 719
E8, 720
E2, 721
E7, 722
E8, 723
E8, 724
E2, 725
E8, 726
E8, 727
E2, 728
E2, 729
E2, 730
E8, 731
E2, 732
E8, 733
E2, 734
E8, 735
E2, 736
E8, 737
E8, 738
E8, 739
E8, 740
E8, 741
E2, 742
E2, 743
E8, 744
E2, 745
E8, 746
E8, 747
E8, 748
E8, 749
E8, 750
E8, 751
E8, 752
E2, 753
E2, 754
E8, 755
E8, 756
E8, 757
E8, 758
E8, 759
E8, 760
E8, 761
E8, 762
E2, 763
E8, 764
E8, 765
E8, 766
E8, 767
E8, 768
E2, 769
E8, 770
E2, 771
E2, 772
E2, 773
E2, 774
E8, 775
E2, 776
E2, 777
E2, 778
E2, 779
E2, 780
E8, 781
E8, 782
E2, 783
E8, 784
E8, 785
E8, 786
E8, 787
E2, 788
E2, 789
E2, 790
E8, 791
E8, 792
E8, 793
E8, 794
E2, 795
E7, 796
E8, 797
E8, 798
E8, 799
E8, 800
E2, 801
E8, 802
E8, 803
E2, 804
E2, 805
E2, 806
E8, 807
E2, 808
E8, 809
E2, 810
E8, 811
E8, 812
E2, 813
E8, 814
E8, 815
E2, 816
E8, 817
E8, 818
E8, 819
E8, 820
E2, 821
E8, 822
E2, 823
E2, 824
E2, 825
E8, 826
E2, 827
E8, 828
E2, 829
E8, 830
E2, 831
E2, 832
E8, 833
E8, 834
E8, 835
E8, 836
E8, 837
E2, 838
E8, 839
E2, 840
E2, 841
E8, 842
E8, 843
E2, 844
E2, 845
E8, 846
E8, 847
E8, 848
E8, 849
E8, 850
E8, 851
E2, 852
E2, 853
E2, 854
E2, 855
E2, 856
E7, 857
E8, 858
E2, 859
E8, 860
E2, 861
E7, 862
E7, 863
E8, 864
E7, 865
E8, 866
E2, 867
E2, 868
E8, 869
E8, 870
E8, 871
E2, 872
E2, 873
E2, 874
E8, 875
E8, 876
E2, 877
E8, 878
E2, 879
E2, 880
E8, 881
E8, 882
E2, 883
E2, 884
E8, 885
E2, 886
E8, 887
E2, 888
E8, 889
E2, 890
E2, 891
E8, 892
E2, 893
E2, 894
E8, 895
E2, 896
E8, 897
E8, 898
E8, 899
E2, 900
E2, 901
E2, 902
E2, 903
E2, 904
E5, 905
E2, 906
E8, 907
E8, 908
E8, 909
E7, 910
E7, 911
E7, 912
E2, 913
E2, 914
E7, 915
E7, 916
E7, 917
E2, 918
E5, 919
E8, 920
E2, 921
E7, 922
E7, 923
E7, 924
E7, 925
E7, 926
E8, 927
E2, 928
E8, 929
E8, 930
E8, 931
E2, 932
E7, 933
E7, 934
E7, 935
E7, 936
E7, 937
E2, 938
E2, 939
E2, 940
E2, 941
E8, 942
E2, 943
E8, 944
E2, 945
E2, 946
E8, 947
E2, 948
E8, 949
E8, 950
E2, 951
E2, 952
E2, 953
E8, 954
E8, 955
E8, 956
E2, 957
E8, 958
E8, 959
E2, 960
E8, 961
E8, 962
E8, 963
E2, 964
E2, 965
E2, 966
E2, 967
E2, 968
E8, 969
E2, 970
E8, 971
E2, 972
E2, 973
E2, 974
E2, 975
E2, 976
E8, 977
E2, 978
E8, 979
E8, 980
E8, 981
E8, 982
E8, 983
E2, 984
E2, 985
E2, 986
E2, 987
E2, 988
E2, 989
E2, 990
E2, 991
E8, 992
E8, 993
E8, 994
E8, 995
E8, 996
E8, 997
E8, 998
E8, 999
E8, 1000
E2, 1001
E8, 1002
E8, 1003
E8, 1004
E8, 1005
E8, 1006
E2, 1007
E2, 1008
E8, 1009
E8, 1010
E8, 1011
E8, 1012
E8, 1013
E8, 1014
E2, 1015
E8, 1016
E8, 1017
E2, 1018
E2, 1019
E2, 1020
E2, 1021
E2, 1022
E8, 1023
E2, 1024
E2, 1025
E2, 1026
E2, 1027
E2, 1028
E2, 1029
E2, 1030
E8, 1031
E8, 1032
E8, 1033
E8, 1034
E2, 1035
E2, 1036
E2, 1037
E8, 1038
E8, 1039
E8, 1040
E8, 1041
E2, 1042
E8, 1043
E8, 1044
E8, 1045
E8, 1046
E2, 1047
E2, 1048
E2, 1049
E2, 1050
E2, 1051
E2, 1052
E2, 1053
E2, 1054
E2, 1055
E8, 1056
E8, 1057
E8, 1058
E7, 1059
E8, 1060
E8, 1061
E8, 1062
E8, 1063
E8, 1064
E8, 1065
E2, 1066
E8, 1067
E2, 1068
E8, 1069
E2, 1070
E8, 1071
E2, 1072
E2, 1073
E2, 1074
E2, 1075
E8, 1076
E2, 1077
E2, 1078
E2, 1079
E8, 1080
E8, 1081
E8, 1082
E8, 1083
E2, 1084
E5, 1085
E2, 1086
E8, 1087
E8, 1088
E2, 1089
E2, 1090
E8, 1091
E8, 1092
E2, 1093
E8, 1094
E8, 1095
E2, 1096
E2, 1097
E8, 1098
E8, 1099
E2, 1100
E2, 1101
E2, 1102
E8, 1103
E2, 1104
E2, 1105
E2, 1106
E8, 1107
E8, 1108
E2, 1109
E2, 1110
E2, 1111
E2, 1112
E2, 1113
E2, 1114
E2, 1115
E2, 1116
E2, 1117
E2, 1118
E2, 1119
E8, 1120
E8, 1121
E8, 1122
E2, 1123
E8, 1124
E8, 1125
E8, 1126
E2, 1127
E2, 1128
E2, 1129
E8, 1130
E8, 1131
E8, 1132
E8, 1133
E8, 1134
E8, 1135
E8, 1136
E8, 1137
E8, 1138
E8, 1139
E8, 1140
E5, 1141
E2, 1142
E2, 1143
E2, 1144
E2, 1145
E2, 1146
E2, 1147
E2, 1148
E2, 1149
E2, 1150
E2, 1151
E2, 1152
E2, 1153
E2, 1154
E8, 1155
E2, 1156
E8, 1157
E8, 1158
E2, 1159
E2, 1160
E2, 1161
E2, 1162
E8, 1163
E8, 1164
E8, 1165
E8, 1166
E2, 1167
E2, 1168
E2, 1169
E2, 1170
E2, 1171
E2, 1172
E2, 1173
E2, 1174
E2, 1175
E2, 1176
E8, 1177
E2, 1178
E8, 1179
E2, 1180
E2, 1181
E2, 1182
E2, 1183
E2, 1184
E2, 1185
E2, 1186
E2, 1187
E8, 1188
E8, 1189
E8, 1190
E8, 1191
E8, 1192
E8, 1193
E7, 1194
E8, 1195
E8, 1196
E8, 1197
E8, 1198
E8, 1199
E2, 1200
E8, 1201
E8, 1202
E2, 1203
E8, 1204
E2, 1205
E8, 1206
E2, 1207
E8, 1208
E2, 1209
E8, 1210
E8, 1211
E8, 1212
E2, 1213
E2, 1214
E8, 1215
E2, 1216
E2, 1217
E2, 1218
E2, 1219
E2, 1220
E2, 1221
E2, 1222
E8, 1223
E8, 1224
E8, 1225
E8, 1226
E8, 1227
E2, 1228
E2, 1229
E8, 1230
E2, 1231
E2, 1232
E8, 1233
E8, 1234
E8, 1235
E2, 1236
E2, 1237
E8, 1238
E8, 1239
E2, 1240
E8, 1241
E2, 1242
E2, 1243
E2, 1244
E2, 1245
E8, 1246
E8, 1247
E8, 1248
E8, 1249
E2, 1250
E2, 1251
E2, 1252
E2, 1253
E2, 1254
E2, 1255
E2, 1256
E2, 1257
E2, 1258
E8, 1259
E8, 1260
E2, 1261
E2, 1262
E2, 1263
E8, 1264
E8, 1265
E8, 1266
E8, 1267
E8, 1268
E2, 1269
E2, 1270
E2, 1271
E2, 1272
E2, 1273
E2, 1274
E8, 1275
E8, 1276
E8, 1277
E8, 1278
E2, 1279
E8, 1280
E8, 1281
E8, 1282
E8, 1283
E2, 1284
E8, 1285
E8, 1286
E2, 1287
E2, 1288
E2, 1289
E2, 1290
E2, 1291
E2, 1292
E2, 1293
E2, 1294
E2, 1295
E2, 1296
E2, 1297
E2, 1298
E8, 1299
E8, 1300
E8, 1301
E2, 1302
E2, 1303
E2, 1304
E8, 1305
E8, 1306
E2, 1307
E8, 1308
E8, 1309
E2, 1310
E8, 1311
E8, 1312
E8, 1313
E8, 1314
E8, 1315
E2, 1316
E8, 1317
E8, 1318
E8, 1319
E8, 1320
E2, 1321
E8, 1322
E2, 1323
E2, 1324
E2, 1325
E8, 1326
E8, 1327
E2, 1328
E8, 1329
E8, 1330
E8, 1331
E2, 1332
E8, 1333
E1, 1334
E2, 1335
E8, 1336
E8, 1337
E8, 1338
E8, 1339
E2, 1340
E8, 1341
E2, 1342
E2, 1343
E8, 1344
E8, 1345
E8, 1346
E2, 1347
E8, 1348
E2, 1349
E2, 1350
E8, 1351
E2, 1352
E2, 1353
E8, 1354
E8, 1355
E2, 1356
E8, 1357
E8, 1358
E8, 1359
E2, 1360
E2, 1361
E8, 1362
E8, 1363
E2, 1364
E8, 1365
E8, 1366
E2, 1367
E8, 1368
E8, 1369
E2, 1370
E2, 1371
E2, 1372
E8, 1373
E2, 1374
E2, 1375
E8, 1376
E8, 1377
E8, 1378
E2, 1379
E2, 1380
E2, 1381
E2, 1382
E2, 1383
E2, 1384
E8, 1385
E8, 1386
E2, 1387
E8, 1388
E8, 1389
E2, 1390
E8, 1391
E8, 1392
E8, 1393
E2, 1394
E2, 1395
E2, 1396
E2, 1397
E8, 1398
E2, 1399
E2, 1400
E8, 1401
E2, 1402
E2, 1403
E2, 1404
E8, 1405
E2, 1406
E2, 1407
E8, 1408
E2, 1409
E2, 1410
E8, 1411
E8, 1412
E8, 1413
E8, 1414
E2, 1415
E8, 1416
E2, 1417
E8, 1418
E8, 1419
E8, 1420
E2, 1421
E8, 1422
E8, 1423
E2, 1424
E8, 1425
E2, 1426
E2, 1427
E8, 1428
E2, 1429
E2, 1430
E2, 1431
E2, 1432
E2, 1433
E2, 1434
E2, 1435
E2, 1436
E8, 1437
E8, 1438
E8, 1439
E8, 1440
E8, 1441
E2, 1442
E2, 1443
E8, 1444
E8, 1445
E8, 1446
E2, 1447
E2, 1448
E2, 1449
E2, 1450
E2, 1451
E2, 1452
E2, 1453
E2, 1454
E2, 1455
E2, 1456
E8, 1457
E8, 1458
E8, 1459
E2, 1460
E2, 1461
E8, 1462
E8, 1463
E2, 1464
E2, 1465
E2, 1466
E2, 1467
E2, 1468
E2, 1469
E2, 1470
E2, 1471
E2, 1472
E8, 1473
E8, 1474
E8, 1475
E8, 1476
E3, 1477
E8, 1478
E3, 1479
E3, 1480
E3, 1481
E3, 1482
E3, 1483
E3, 1484
E3, 1485
E3, 1486
E3, 1487
E3, 1488
E3, 1489
E3, 1490
E3, 1491
E3, 1492
E8, 1493
E2, 1494
E8, 1495
E2, 1496
E2, 1497
E8, 1498
E8, 1499
E2, 1500
E2, 1501
E8, 1502
E2, 1503
E2, 1504
E2, 1505
E8, 1506
E2, 1507
E2, 1508
E2, 1509
E2, 1510
E8, 1511
E5, 1512
E8, 1513
E8, 1514
E8, 1515
E8, 1516
E8, 1517
E8, 1518
E7, 1519
E7, 1520
E8, 1521
E8, 1522
E2, 1523
E2, 1524
E2, 1525
E2, 1526
E8, 1527
E8, 1528
E8, 1529
E7, 1530
E2, 1531
E2, 1532
E2, 1533
E8, 1534
E8, 1535
E8, 1536
E8, 1537
E8, 1538
E8, 1539
E8, 1540
E8, 1541
E2, 1542
E8, 1543
E2, 1544
E2, 1545
E2, 1546
E8, 1547
E8, 1548
E8, 1549
E8, 1550
E8, 1551
E8, 1552
E8, 1553
E8, 1554
E2, 1555
E8, 1556
E8, 1557
E2, 1558
E8, 1559
E8, 1560
E8, 1561
E8, 1562
E8, 1563
E2, 1564
E2, 1565
E8, 1566
E2, 1567
E2, 1568
E2, 1569
E8, 1570
E8, 1571
E8, 1572
E2, 1573
E8, 1574
E8, 1575
E8, 1576
E8, 1577
E8, 1578
E3, 1579
E3, 1580
E3, 1581
E3, 1582
E8, 1583
E2, 1584
E2, 1585
E2, 1586
E8, 1587
E8, 1588
E8, 1589
E8, 1590
E8, 1591
E8, 1592
E2, 1593
E2, 1594
E2, 1595
E2, 1596
E8, 1597
E2, 1598
E2, 1599
E8, 1600
E2, 1601
E2, 1602
E8, 1603
E2, 1604
E2, 1605
E2, 1606
E2, 1607
E2, 1608
E2, 1609
E2, 1610
E2, 1611
E8, 1612
E8, 1613
E2, 1614
E2, 1615
E2, 1616
E2, 1617
E2, 1618
E8, 1619
E8, 1620
E2, 1621
E8, 1622
E8, 1623
E8, 1624
E2, 1625
E2, 1626
E8, 1627
E8, 1628
E5, 1629
E5, 1630
E2, 1631
E2, 1632
E8, 1633
E8, 1634
E2, 1635
E8, 1636
E2, 1637
E8, 1638
E2, 1639
E2, 1640
E8, 1641
E2, 1642
E2, 1643
E8, 1644
E8, 1645
E8, 1646
E8, 1647
E8, 1648
E2, 1649
E8, 1650
E8, 1651
E8, 1652
E8, 1653
E8, 1654
E8, 1655
E2, 1656
E8, 1657
E8, 1658
E2, 1659
E8, 1660
E8, 1661
E8, 1662
E2, 1663
E8, 1664
E8, 1665
E2, 1666
E2, 1667
E2, 1668
E2, 1669
E8, 1670
E8, 1671
E8, 1672
E8, 1673
E8, 1674
E8, 1675
E2, 1676
E2, 1677
E5, 1678
E2, 1679
E8, 1680
E8, 1681
E2, 1682
E8, 1683
E2, 1684
E2, 1685
E2, 1686
E2, 1687
E8, 1688
E8, 1689
E2, 1690
E2, 1691
E8, 1692
E8, 1693
E8, 1694
E8, 1695
E2, 1696
E8, 1697
E2, 1698
E2, 1699
E2, 1700
E8, 1701
E2, 1702
E2, 1703
E2, 1704
E2, 1705
E2, 1706
E8, 1707
E8, 1708
E8, 1709
E2, 1710
E8, 1711
E8, 1712
E2, 1713
E2, 1714
E2, 1715
E8, 1716
E8, 1717
E8, 1718
E8, 1719
E8, 1720
E2, 1721
E2, 1722
E2, 1723
E8, 1724
E8, 1725
E8, 1726
E8, 1727
E2, 1728
E2, 1729
E2, 1730
E8, 1731
E8, 1732
E2, 1733
E2, 1734
E2, 1735
E2, 1736
E8, 1737
E5, 1738
E2, 1739
E8, 1740
E8, 1741
E8, 1742
E8, 1743
E6, 1744
E3, 1745
E7, 1746
E2, 1747
E2, 1748
E2, 1749
E2, 1750
E2, 1751
E2, 1752
E2, 1753
E2, 1754
E2, 1755
E2, 1756
E8, 1757
E2, 1758
E8, 1759
E2, 1760
E2, 1761
E8, 1762
E8, 1763
E8, 1764
E8, 1765
E2, 1766
E2, 1767
E2, 1768
E2, 1769
E2, 1770
E8, 1771
E8, 1772
E8, 1773
E2, 1774
E8, 1775
E2, 1776
E8, 1777
E2, 1778
E5, 1779
E8, 1780
E8, 1781
E8, 1782
E8, 1783
E5, 1784
E8, 1785
E2, 1786
E8, 1787
E8, 1788
E8, 1789
E2, 1790
E2, 1791
E2, 1792
E2, 1793
E8, 1794
E8, 1795
E2, 1796
E8, 1797
E8, 1798
E8, 1799
E4, 1800
E4, 1801
E4, 1802
E4, 1803
E4, 1804
E4, 1805
E4, 1806
E4, 1807
E4, 1808
E4, 1809
E4, 1810
E4, 1811
E4, 1812
E4, 1813
E4, 1814
E4, 1815
E4, 1816
E4, 1817
E4, 1818
E4, 1819
E4, 1820
E4, 1821
E4, 1822
E4, 1823
E4, 1824
E4, 1825
E2, 1826
E2, 1827
E8, 1828
E2, 1829
E2, 1830
E8, 1831
E2, 1832
E8, 1833
E8, 1834
E8, 1835
E2, 1836
E2, 1837
E2, 1838
E8, 1839
E8, 1840
E8, 1841
E8, 1842
E8, 1843
E5, 1844
E5, 1845
E2, 1846
E8, 1847
E2, 1848
E8, 1849
E8, 1850
E2, 1851
E2, 1852
E8, 1853
E2, 1854
E8, 1855
E2, 1856
E8, 1857
E8, 1858
E8, 1859
E2, 1860
E2, 1861
E2, 1862
E8, 1863
E8, 1864
E2, 1865
E8, 1866
E2, 1867
E2, 1868
E2, 1869
E8, 1870
E2, 1871
E8, 1872
E8, 1873
E8, 1874
E8, 1875
E2, 1876
E2, 1877
E2, 1878
E2, 1879
E2, 1880
E8, 1881
E8, 1882
E8, 1883
E2, 1884
E2, 1885
E8, 1886
E8, 1887
E8, 1888
E2, 1889
E2, 1890
E2, 1891
E8, 1892
E2, 1893
E8, 1894
E2, 1895
E2, 1896
E8, 1897
E8, 1898
E2, 1899
E2, 1900
E8, 1901
E2, 1902
E8, 1903
E8, 1904
E2, 1905
E2, 1906
E2, 1907
E2, 1908
E2, 1909
E2, 1910
E2, 1911
E8, 1912
E8, 1913
E8, 1914
E8, 1915
E8, 1916
E8, 1917
E8, 1918
E8, 1919
E2, 1920
E8, 1921
E2, 1922
E2, 1923
E5, 1924
E8, 1925
E2, 1926
E2, 1927
E8, 1928
E2, 1929
E2, 1930
E2, 1931
E2, 1932
E8, 1933
E2, 1934
E2, 1935
E2, 1936
E8, 1937
E8, 1938
E2, 1939
E2, 1940
E8, 1941
E8, 1942
E8, 1943
E8, 1944
E2, 1945
E8, 1946
E8, 1947
E2, 1948
E2, 1949
E8, 1950
E8, 1951
E5, 1952
E5, 1953
E8, 1954
E8, 1955
E2, 1956
E8, 1957
E2, 1958
E8, 1959
E2, 1960
E8, 1961
E2, 1962
E2, 1963
E2, 1964
E2, 1965
E2, 1966
E2, 1967
E2, 1968
E2, 1969
E2, 1970
E8, 1971
E8, 1972
E8, 1973
E8, 1974
E2, 1975
E2, 1976
E2, 1977
E2, 1978
E8, 1979
E2, 1980
E8, 1981
E2, 1982
E8, 1983
E2, 1984
E2, 1985
E2, 1986
E2, 1987
E2, 1988
E2, 1989
E8, 1990
E2, 1991
E2, 1992
E2, 1993
E2, 1994
E8, 1995
E8, 1996
E2, 1997
E8, 1998
E8, 1999
E8, 2000
