symbol: s23
template: Warning: Unrecognized packageExtended attribute.
26,
29,
32,
35,
38,
39,
42,
45,
48,
51,
52,
55,
58,
61,
64,
65,
68,
71,
74,
77,
78,
81,
84,
87,
90,
91,
94,
97,
100,
103,
104,
107,
110,
113,
116,
117,
120,
123,
126,
129,
134,
137,
140,
143,
146,
147,
150,
153,
156,
159,
160,
163,
166,
169,
172,
173,
176,
179,
182,
185,
186,
189,
192,
195,
198,
199,
202,
205,
208,
211,
212,
215,
218,
221,
224,
225,
228,
231,
234,
237,
239,
242,
245,
248,
251,
252,
255,
258,
261,
264,
265,
268,
271,
274,
277,
278,
281,
284,
287,
290,
291,
294,
297,
300,
303,
304,
307,
310,
313,
316,
317,
320,
323,
326,
329,
330,
333,
336,
339,
342,
991,
994,
997,
1000,
1003,
1004,
1007,
1010,
1013,
1016,
1017,
1020,
1023,
1026,
1029,
1030,
1033,
1036,
1039,
1042,
1043,
1046,
1049,
1052,
1055,
1056,
1059,
1062,
1065,
1068,
1069,
1072,
1075,
1078,
1081,
1082,
1085,
1088,
1091,
1094,
1107,
1110,
1113,
1116,
1119,
1120,
1123,
1126,
1129,
1132,
1133,
1136,
1139,
1142,
1145,
1146,
1149,
1152,
1155,
1158,
1159,
1162,
1165,
1168,
1171,
1172,
1175,
1178,
1181,
1184,
1185,
1188,
1191,
1194,
1197,
1198,
1201,
1204,
1207,
1210,
1215,
1218,
1221,
1224,
1227,
1228,
1231,
1234,
1237,
1240,
1241,
1244,
1247,
1250,
1253,
1254,
1257,
1260,
1263,
1266,
1267,
1270,
1273,
1276,
1279,
1280,
1283,
1286,
1289,
1292,
1293,
1296,
1299,
1302,
1305,
1306,
1309,
1312,
1315,
1318,
1320,
1323,
1326,
1329,
1332,
1333,
1336,
1339,
1342,
1345,
1346,
1349,
1352,
1355,
1358,
1359,
1362,
1365,
1368,
1371,
1372,
1375,
1378,
1381,
1384,
1385,
1388,
1391,
1394,
1397,
1398,
1401,
1404,
1407,
1410,
1411,
1414,
1417,
1420,
1423,
