symbol: s15
template: <*> scheduler_evaluate_activity told me to run this job; however, but the start time isn't for <*> seconds. Ignoring.
16,com.apple.icloud.fmfd.heartbeat:,439034,
19,com.apple.Safari.SafeBrowsing.Update:,2450,
24,com.apple.icloud.fmfd.heartbeat:,438666,
29,com.apple.Safari.SafeBrowsing.Update:,2165,
30,com.apple.EscrowSecurityAlert.daily:,13090,
35,com.apple.Safari.SafeBrowsing.Update:,2039,
40,com.apple.icloud.fmfd.heartbeat:,438274,
41,com.apple.Safari.SafeBrowsing.Update:,1849,
49,com.apple.icloud.fmfd.heartbeat:,438095,
59,com.apple.Safari.SafeBrowsing.Update:,1268,
60,com.apple.CacheDelete.daily:,12119,
62,com.apple.icloud.fmfd.heartbeat:,437673,
63,com.apple.CacheDelete.daily:,12087,
78,com.apple.EscrowSecurityAlert.daily:,10602,
106,com.apple.suggestions.harvest:,16227,
114,com.apple.suggestions.harvest:,16034,
115,com.apple.Safari.SafeBrowsing.Update:,1277,
129,com.apple.suggestions.harvest:,15759,
130,com.apple.EscrowSecurityAlert.daily:,4439,
131,com.apple.EscrowSecurityAlert.daily:,4429,
137,com.apple.EscrowSecurityAlert.daily:,4187,
138,com.apple.CacheDelete.daily:,4099,
140,com.apple.suggestions.harvest:,15323,
143,com.apple.icloud.fmfd.heartbeat:,427826,
144,com.apple.EscrowSecurityAlert.daily:,2350,
145,com.apple.EscrowSecurityAlert.daily:,1542,
146,com.apple.CacheDelete.daily:,1428,
153,com.apple.icloud.fmfd.heartbeat:,424575,
200,com.apple.ical.sync.x-coredata://DB05755C-483D-44B7-B93B-ED06E57FF420/CalDAVPrincipal/p11:,59,
294,com.apple.Safari.SafeBrowsing.Update:,49,
299,com.apple.Safari.SafeBrowsing.Update:,2262,
306,com.apple.icloud.fmfd.heartbeat:,318966,
311,com.apple.icloud.fmfd.heartbeat:,318156,
315,com.apple.suggestions.harvest:,3498,
319,com.apple.icloud.fmfd.heartbeat:,314896,
320,com.apple.Safari.SafeBrowsing.Update:,106,
325,com.apple.CacheDelete.daily:,61304,
715,com.apple.SoftwareUpdate.Activity:,6349,
716,com.apple.SoftwareUpdate.Activity:,6306,
718,com.apple.SoftwareUpdate.Activity:,5533,
720,com.apple.EscrowSecurityAlert.daily:,44944,
721,com.apple.suggestions.harvest:,9749,
723,com.apple.Safari.SafeBrowsing.Update:,1883,
727,com.apple.icloud.fmfd.heartbeat:,207556,
731,com.apple.icloud.fmfd.heartbeat:,206850,
732,com.apple.icloud.fmfd.heartbeat:,206840,
734,com.apple.EscrowSecurityAlert.daily:,39837,
740,com.apple.CacheDelete.daily:,38276,
743,com.apple.suggestions.harvest:,3199,
745,com.apple.Safari.SafeBrowsing.Update:,1728,
746,com.apple.Safari.SafeBrowsing.Update:,1728,
749,com.apple.suggestions.harvest:,1732,
751,com.apple.CacheDelete.daily:,34623,
758,com.apple.EscrowSecurityAlert.daily:,31785,
769,com.apple.EscrowSecurityAlert.daily:,29590,
773,com.apple.EscrowSecurityAlert.daily:,28123,
777,com.apple.Safari.SafeBrowsing.Update:,1077,
778,com.apple.icloud.fmfd.heartbeat:,192946,
785,com.apple.CacheDelete.daily:,23884,
786,com.apple.icloud.fmfd.heartbeat:,190238,
788,com.apple.CacheDelete.daily:,23852,
793,com.apple.icloud.fmfd.heartbeat:,189428,
794,com.apple.Safari.SafeBrowsing.Update:,1852,
795,com.apple.Safari.SafeBrowsing.Update:,1847,
808,com.apple.Safari.SafeBrowsing.Update:,215,
812,com.apple.Safari.SafeBrowsing.Update:,6,
814,com.apple.icloud.fmfd.heartbeat:,187547,
820,com.apple.icloud.fmfd.heartbeat:,186599,
825,com.apple.icloud.fmfd.heartbeat:,185770,
826,com.apple.suggestions.harvest:,9995,
831,com.apple.icloud.fmfd.heartbeat:,183327,
832,com.apple.icloud.fmfd.heartbeat:,183327,
837,com.apple.icloud.fmfd.heartbeat:,182511,
841,com.apple.icloud.fmfd.heartbeat:,181657,
844,com.apple.suggestions.harvest:,5144,
854,com.apple.Safari.SafeBrowsing.Update:,138,
855,com.apple.CacheDelete.daily:,12051,
866,com.apple.CacheDelete.daily:,11173,
869,com.apple.Safari.SafeBrowsing.Update:,1737,
873,com.apple.EscrowSecurityAlert.daily:,10319,
876,com.apple.suggestions.harvest:,43063,
879,com.apple.CacheDelete.daily:,8416,
880,com.apple.EscrowSecurityAlert.daily:,8500,
887,com.apple.CacheDelete.daily:,7615,
888,com.apple.Safari.SafeBrowsing.Update:,1609,
894,com.apple.CacheDelete.daily:,5970,
895,com.apple.icloud.fmfd.heartbeat:,172284,
900,com.apple.CacheDelete.daily:,5688,
910,com.apple.Safari.SafeBrowsing.Update:,1878,
911,com.apple.icloud.fmfd.heartbeat:,170391,
930,com.apple.icloud.fmfd.heartbeat:,168082,
937,com.apple.EscrowSecurityAlert.daily:,177,
939,com.apple.Safari.SafeBrowsing.Update:,1769,
969,com.apple.SoftwareUpdate.Activity:,4045,
971,com.apple.icloud.fmfd.heartbeat:,151433,
972,com.apple.SoftwareUpdate.Activity:,3226,
983,com.apple.suggestions.harvest:,40,
987,com.apple.suggestions.harvest:,42431,
1005,com.apple.Safari.SafeBrowsing.Update:,1867,
1007,com.apple.suggestions.harvest:,36678,
1008,com.apple.Safari.SafeBrowsing.Update:,215,
1010,com.apple.icloud.fmfd.heartbeat:,139865,
1016,com.apple.icloud.fmfd.heartbeat:,139095,
1017,com.apple.suggestions.harvest:,35003,
1018,com.apple.icloud.fmfd.heartbeat:,139057,
1027,com.apple.icloud.fmfd.heartbeat:,138144,
1030,com.apple.Safari.SafeBrowsing.Update:,132,
1033,com.apple.icloud.fmfd.heartbeat:,135670,
1037,com.apple.Safari.SafeBrowsing.Update:,1843,
1043,com.apple.Safari.SafeBrowsing.Update:,978,
1409,com.apple.EscrowSecurityAlert.daily:,12754,
1528,com.apple.SoftwareUpdate.Activity:,7518,
1529,com.apple.Safari.SafeBrowsing.Update:,258,
1536,com.apple.CacheDelete.daily:,65594,
1537,com.apple.SoftwareUpdate.Activity:,5880,
1538,com.apple.suggestions.harvest:,16680,
1542,com.apple.suggestions.harvest:,15823,
1546,com.apple.suggestions.harvest:,15002,
1552,com.apple.icloud.fmfd.heartbeat:,524667,
1553,com.apple.CacheDelete.daily:,63122,
1555,com.apple.icloud.fmfd.heartbeat:,524657,
1558,com.apple.SoftwareUpdate.Activity:,2593,
1559,com.apple.icloud.fmfd.heartbeat:,523840,
1560,com.apple.CacheDelete.daily:,62280,
1603,com.apple.CacheDelete.daily:,43840,
1606,com.apple.SoftwareUpdate.Activity:,5703,
1613,com.apple.CacheDelete.daily:,38922,
1614,com.apple.Safari.SafeBrowsing.Update:,893,
1619,com.apple.icloud.fmfd.heartbeat:,498005,
1621,com.apple.EscrowSecurityAlert.daily:,35733,
1629,com.apple.CacheDelete.daily:,33204,
1630,com.apple.EscrowSecurityAlert.daily:,33282,
1632,com.apple.suggestions.harvest:,106,
1635,com.apple.CacheDelete.daily:,31570,
1639,com.apple.icloud.fmfd.heartbeat:,491488,
1640,com.apple.Safari.SafeBrowsing.Update:,1002,
1641,com.apple.Safari.SafeBrowsing.Update:,1002,
1645,com.apple.CacheDelete.daily:,29108,
1650,com.apple.Safari.SafeBrowsing.Update:,1065,
1652,com.apple.EscrowSecurityAlert.daily:,26744,
1653,com.apple.CacheDelete.daily:,26656,
1654,com.apple.icloud.fmfd.heartbeat:,488163,
1656,com.apple.EscrowSecurityAlert.daily:,25947,
1658,com.apple.CacheDelete.daily:,25042,
1659,com.apple.EscrowSecurityAlert.daily:,25077,
1661,com.apple.CacheDelete.daily:,21754,
1666,com.apple.CacheDelete.daily:,20786,
1669,com.apple.icloud.fmfd.heartbeat:,481541,
1675,com.apple.icloud.fmfd.heartbeat:,479780,
1680,com.apple.CacheDelete.daily:,14028,
1682,com.apple.icloud.fmfd.heartbeat:,474773,
1683,com.apple.icloud.fmfd.heartbeat:,473935,
1684,com.apple.CacheDelete.daily:,11575,
1686,com.apple.icloud.fmfd.heartbeat:,472301,
1687,com.apple.Safari.SafeBrowsing.Update:,845,
1689,com.apple.CacheDelete.daily:,9959,
1691,com.apple.EscrowSecurityAlert.daily:,10028,
1695,com.apple.EscrowSecurityAlert.daily:,9219,
1844,com.apple.Safari.SafeBrowsing.Update:,40,
1848,com.apple.EscrowSecurityAlert.daily:,68031,
1849,com.apple.Safari.SafeBrowsing.Update:,2889,
1853,com.apple.CacheDelete.daily:,67203,
1854,com.apple.icloud.fmfd.heartbeat:,442301,
1856,com.apple.icloud.fmfd.heartbeat:,441483,
1859,com.apple.SoftwareUpdate.Activity:,4223,
1860,com.apple.CacheDelete.daily:,65558,
