s1, 1, Notification time out: <*>
s2, 2, Received connection request <*>
s3, 3, Send worker leaving thread
s4, 4, Interrupted while waiting for message on queue
s3, 5, Send worker leaving thread
s5, 6, Connection broken for id <*> my id <?> <*> error <?>
s2, 7, Received connection request <*>
s5, 8, Connection broken for id <*> my id <?> <*> error <?>
s4, 9, Interrupted while waiting for message on queue
s3, 10, Send worker leaving thread
s3, 11, Send worker leaving thread
s5, 12, Connection broken for id <*> my id <?> <*> error <?>
s2, 13, Received connection request <*>
s5, 14, Connection broken for id <*> my id <?> <*> error <?>
s4, 15, Interrupted while waiting for message on queue
s6, 16, Interrupting SendWorker
s3, 17, Send worker leaving thread
s6, 18, Interrupting SendWorker
s4, 19, Interrupted while waiting for message on queue
s2, 20, Received connection request <*>
s6, 21, Interrupting SendWorker
s3, 22, Send worker leaving thread
s4, 23, Interrupted while waiting for message on queue
s6, 24, Interrupting SendWorker
s3, 25, Send worker leaving thread
s4, 26, Interrupted while waiting for message on queue
s2, 27, Received connection request <*>
s4, 28, Interrupted while waiting for message on queue
s4, 29, Interrupted while waiting for message on queue
s6, 30, Interrupting SendWorker
s4, 31, Interrupted while waiting for message on queue
s5, 32, Connection broken for id <*> my id <?> <*> error <?>
s4, 33, Interrupted while waiting for message on queue
s3, 34, Send worker leaving thread
s5, 35, Connection broken for id <*> my id <?> <*> error <?>
s2, 36, Received connection request <*>
s4, 37, Interrupted while waiting for message on queue
s4, 38, Interrupted while waiting for message on queue
s4, 39, Interrupted while waiting for message on queue
s5, 40, Connection broken for id <*> my id <?> <*> error <?>
s4, 41, Interrupted while waiting for message on queue
s4, 42, Interrupted while waiting for message on queue
s2, 43, Received connection request <*>
s6, 44, Interrupting SendWorker
s4, 45, Interrupted while waiting for message on queue
s6, 46, Interrupting SendWorker
s6, 47, Interrupting SendWorker
s2, 48, Received connection request <*>
s4, 49, Interrupted while waiting for message on queue
s4, 50, Interrupted while waiting for message on queue
s3, 51, Send worker leaving thread
s6, 52, Interrupting SendWorker
s6, 53, Interrupting SendWorker
s4, 54, Interrupted while waiting for message on queue
s6, 55, Interrupting SendWorker
s2, 56, Received connection request <*>
s2, 57, Received connection request <*>
s4, 58, Interrupted while waiting for message on queue
s5, 59, Connection broken for id <*> my id <?> <*> error <?>
s6, 60, Interrupting SendWorker
s6, 61, Interrupting SendWorker
s5, 62, Connection broken for id <*> my id <?> <*> error <?>
s3, 63, Send worker leaving thread
s2, 64, Received connection request <*>
s2, 65, Received connection request <*>
s3, 66, Send worker leaving thread
s6, 67, Interrupting SendWorker
s4, 68, Interrupted while waiting for message on queue
s4, 69, Interrupted while waiting for message on queue
s6, 70, Interrupting SendWorker
s3, 71, Send worker leaving thread
s6, 72, Interrupting SendWorker
s3, 73, Send worker leaving thread
s2, 74, Received connection request <*>
s6, 75, Interrupting SendWorker
s3, 76, Send worker leaving thread
s5, 77, Connection broken for id <*> my id <?> <*> error <?>
s4, 78, Interrupted while waiting for message on queue
s4, 79, Interrupted while waiting for message on queue
s6, 80, Interrupting SendWorker
s2, 81, Received connection request <*>
s3, 82, Send worker leaving thread
s4, 83, Interrupted while waiting for message on queue
s3, 84, Send worker leaving thread
s2, 85, Received connection request <*>
s4, 86, Interrupted while waiting for message on queue
s4, 87, Interrupted while waiting for message on queue
s6, 88, Interrupting SendWorker
s6, 89, Interrupting SendWorker
s2, 90, Received connection request <*>
s6, 91, Interrupting SendWorker
s5, 92, Connection broken for id <*> my id <?> <*> error <?>
s4, 93, Interrupted while waiting for message on queue
s3, 94, Send worker leaving thread
s2, 95, Received connection request <*>
s4, 96, Interrupted while waiting for message on queue
s2, 97, Received connection request <*>
s3, 98, Send worker leaving thread
s5, 99, Connection broken for id <*> my id <?> <*> error <?>
s4, 100, Interrupted while waiting for message on queue
s4, 101, Interrupted while waiting for message on queue
s4, 102, Interrupted while waiting for message on queue
s5, 103, Connection broken for id <*> my id <?> <*> error <?>
s6, 104, Interrupting SendWorker
s5, 105, Connection broken for id <*> my id <?> <*> error <?>
s5, 106, Connection broken for id <*> my id <?> <*> error <?>
s6, 107, Interrupting SendWorker
s2, 108, Received connection request <*>
s6, 109, Interrupting SendWorker
s6, 110, Interrupting SendWorker
s3, 111, Send worker leaving thread
s6, 112, Interrupting SendWorker
s6, 113, Interrupting SendWorker
s5, 114, Connection broken for id <*> my id <?> <*> error <?>
s3, 115, Send worker leaving thread
s2, 116, Received connection request <*>
s6, 117, Interrupting SendWorker
s2, 118, Received connection request <*>
s4, 119, Interrupted while waiting for message on queue
s3, 120, Send worker leaving thread
s6, 121, Interrupting SendWorker
s4, 122, Interrupted while waiting for message on queue
s5, 123, Connection broken for id <*> my id <?> <*> error <?>
s5, 124, Connection broken for id <*> my id <?> <*> error <?>
s2, 125, Received connection request <*>
s4, 126, Interrupted while waiting for message on queue
s6, 127, Interrupting SendWorker
s5, 128, Connection broken for id <*> my id <?> <*> error <?>
s6, 129, Interrupting SendWorker
s5, 130, Connection broken for id <*> my id <?> <*> error <?>
s4, 131, Interrupted while waiting for message on queue
s2, 132, Received connection request <*>
s6, 133, Interrupting SendWorker
s3, 134, Send worker leaving thread
s5, 135, Connection broken for id <*> my id <?> <*> error <?>
s2, 136, Received connection request <*>
s6, 137, Interrupting SendWorker
s4, 138, Interrupted while waiting for message on queue
s5, 139, Connection broken for id <*> my id <?> <*> error <?>
s4, 140, Interrupted while waiting for message on queue
s6, 141, Interrupting SendWorker
s3, 142, Send worker leaving thread
s4, 143, Interrupted while waiting for message on queue
s2, 144, Received connection request <*>
s6, 145, Interrupting SendWorker
s2, 146, Received connection request <*>
s3, 147, Send worker leaving thread
s3, 148, Send worker leaving thread
s6, 149, Interrupting SendWorker
s3, 150, Send worker leaving thread
s3, 151, Send worker leaving thread
s2, 152, Received connection request <*>
s5, 153, Connection broken for id <*> my id <?> <*> error <?>
s4, 154, Interrupted while waiting for message on queue
s4, 155, Interrupted while waiting for message on queue
s5, 156, Connection broken for id <*> my id <?> <*> error <?>
s6, 157, Interrupting SendWorker
s5, 158, Connection broken for id <*> my id <?> <*> error <?>
s5, 159, Connection broken for id <*> my id <?> <*> error <?>
s4, 160, Interrupted while waiting for message on queue
s3, 161, Send worker leaving thread
s5, 162, Connection broken for id <*> my id <?> <*> error <?>
s5, 163, Connection broken for id <*> my id <?> <*> error <?>
s3, 164, Send worker leaving thread
s3, 165, Send worker leaving thread
s2, 166, Received connection request <*>
s6, 167, Interrupting SendWorker
s3, 168, Send worker leaving thread
s6, 169, Interrupting SendWorker
s2, 170, Received connection request <*>
s2, 171, Received connection request <*>
s3, 172, Send worker leaving thread
s6, 173, Interrupting SendWorker
s3, 174, Send worker leaving thread
s3, 175, Send worker leaving thread
s4, 176, Interrupted while waiting for message on queue
s4, 177, Interrupted while waiting for message on queue
s5, 178, Connection broken for id <*> my id <?> <*> error <?>
s2, 179, Received connection request <*>
s5, 180, Connection broken for id <*> my id <?> <*> error <?>
s6, 181, Interrupting SendWorker
s2, 182, Received connection request <*>
s6, 183, Interrupting SendWorker
s5, 184, Connection broken for id <*> my id <?> <*> error <?>
s5, 185, Connection broken for id <*> my id <?> <*> error <?>
s2, 186, Received connection request <*>
s5, 187, Connection broken for id <*> my id <?> <*> error <?>
s2, 188, Received connection request <*>
s6, 189, Interrupting SendWorker
s2, 190, Received connection request <*>
s3, 191, Send worker leaving thread
s4, 192, Interrupted while waiting for message on queue
s6, 193, Interrupting SendWorker
s4, 194, Interrupted while waiting for message on queue
s4, 195, Interrupted while waiting for message on queue
s3, 196, Send worker leaving thread
s4, 197, Interrupted while waiting for message on queue
s2, 198, Received connection request <*>
s4, 199, Interrupted while waiting for message on queue
s2, 200, Received connection request <*>
s2, 201, Received connection request <*>
s5, 202, Connection broken for id <*> my id <?> <*> error <?>
s2, 203, Received connection request <*>
s2, 204, Received connection request <*>
s6, 205, Interrupting SendWorker
s6, 206, Interrupting SendWorker
s4, 207, Interrupted while waiting for message on queue
s6, 208, Interrupting SendWorker
s4, 209, Interrupted while waiting for message on queue
s5, 210, Connection broken for id <*> my id <?> <*> error <?>
s6, 211, Interrupting SendWorker
s5, 212, Connection broken for id <*> my id <?> <*> error <?>
s2, 213, Received connection request <*>
s5, 214, Connection broken for id <*> my id <?> <*> error <?>
s2, 215, Received connection request <*>
s3, 216, Send worker leaving thread
s2, 217, Received connection request <*>
s2, 218, Received connection request <*>
s4, 219, Interrupted while waiting for message on queue
s6, 220, Interrupting SendWorker
s2, 221, Received connection request <*>
s5, 222, Connection broken for id <*> my id <?> <*> error <?>
s2, 223, Received connection request <*>
s4, 224, Interrupted while waiting for message on queue
s2, 225, Received connection request <*>
s2, 226, Received connection request <*>
s3, 227, Send worker leaving thread
s2, 228, Received connection request <*>
s4, 229, Interrupted while waiting for message on queue
s3, 230, Send worker leaving thread
s6, 231, Interrupting SendWorker
s4, 232, Interrupted while waiting for message on queue
s3, 233, Send worker leaving thread
s6, 234, Interrupting SendWorker
s4, 235, Interrupted while waiting for message on queue
s6, 236, Interrupting SendWorker
s3, 237, Send worker leaving thread
s4, 238, Interrupted while waiting for message on queue
s3, 239, Send worker leaving thread
s6, 240, Interrupting SendWorker
s3, 241, Send worker leaving thread
s6, 242, Interrupting SendWorker
s3, 243, Send worker leaving thread
s3, 244, Send worker leaving thread
s6, 245, Interrupting SendWorker
s4, 246, Interrupted while waiting for message on queue
s5, 247, Connection broken for id <*> my id <?> <*> error <?>
s3, 248, Send worker leaving thread
s2, 249, Received connection request <*>
s4, 250, Interrupted while waiting for message on queue
s4, 251, Interrupted while waiting for message on queue
s3, 252, Send worker leaving thread
s4, 253, Interrupted while waiting for message on queue
s5, 254, Connection broken for id <*> my id <?> <*> error <?>
s6, 255, Interrupting SendWorker
s6, 256, Interrupting SendWorker
s5, 257, Connection broken for id <*> my id <?> <*> error <?>
s4, 258, Interrupted while waiting for message on queue
s3, 259, Send worker leaving thread
s4, 260, Interrupted while waiting for message on queue
s5, 261, Connection broken for id <*> my id <?> <*> error <?>
s3, 262, Send worker leaving thread
s4, 263, Interrupted while waiting for message on queue
s2, 264, Received connection request <*>
s2, 265, Received connection request <*>
s3, 266, Send worker leaving thread
s5, 267, Connection broken for id <*> my id <?> <*> error <?>
s4, 268, Interrupted while waiting for message on queue
s4, 269, Interrupted while waiting for message on queue
s2, 270, Received connection request <*>
s5, 271, Connection broken for id <*> my id <?> <*> error <?>
s3, 272, Send worker leaving thread
s6, 273, Interrupting SendWorker
s5, 274, Connection broken for id <*> my id <?> <*> error <?>
s6, 275, Interrupting SendWorker
s6, 276, Interrupting SendWorker
s4, 277, Interrupted while waiting for message on queue
s6, 278, Interrupting SendWorker
s2, 279, Received connection request <*>
s4, 280, Interrupted while waiting for message on queue
s3, 281, Send worker leaving thread
s6, 282, Interrupting SendWorker
s3, 283, Send worker leaving thread
s5, 284, Connection broken for id <*> my id <?> <*> error <?>
s3, 285, Send worker leaving thread
s5, 286, Connection broken for id <*> my id <?> <*> error <?>
s5, 287, Connection broken for id <*> my id <?> <*> error <?>
s6, 288, Interrupting SendWorker
s4, 289, Interrupted while waiting for message on queue
s3, 290, Send worker leaving thread
s6, 291, Interrupting SendWorker
s5, 292, Connection broken for id <*> my id <?> <*> error <?>
s4, 293, Interrupted while waiting for message on queue
s3, 294, Send worker leaving thread
s2, 295, Received connection request <*>
s6, 296, Interrupting SendWorker
s6, 297, Interrupting SendWorker
s4, 298, Interrupted while waiting for message on queue
s3, 299, Send worker leaving thread
s5, 300, Connection broken for id <*> my id <?> <*> error <?>
s4, 301, Interrupted while waiting for message on queue
s5, 302, Connection broken for id <*> my id <?> <*> error <?>
s2, 303, Received connection request <*>
s4, 304, Interrupted while waiting for message on queue
s3, 305, Send worker leaving thread
s3, 306, Send worker leaving thread
s4, 307, Interrupted while waiting for message on queue
s5, 308, Connection broken for id <*> my id <?> <*> error <?>
s5, 309, Connection broken for id <*> my id <?> <*> error <?>
s3, 310, Send worker leaving thread
s6, 311, Interrupting SendWorker
s2, 312, Received connection request <*>
s5, 313, Connection broken for id <*> my id <?> <*> error <?>
s2, 314, Received connection request <*>
s4, 315, Interrupted while waiting for message on queue
s5, 316, Connection broken for id <*> my id <?> <*> error <?>
s4, 317, Interrupted while waiting for message on queue
s6, 318, Interrupting SendWorker
s6, 319, Interrupting SendWorker
s3, 320, Send worker leaving thread
s3, 321, Send worker leaving thread
s3, 322, Send worker leaving thread
s5, 323, Connection broken for id <*> my id <?> <*> error <?>
s4, 324, Interrupted while waiting for message on queue
s2, 325, Received connection request <*>
s4, 326, Interrupted while waiting for message on queue
s3, 327, Send worker leaving thread
s5, 328, Connection broken for id <*> my id <?> <*> error <?>
s5, 329, Connection broken for id <*> my id <?> <*> error <?>
s4, 330, Interrupted while waiting for message on queue
s5, 331, Connection broken for id <*> my id <?> <*> error <?>
s2, 332, Received connection request <*>
s6, 333, Interrupting SendWorker
s4, 334, Interrupted while waiting for message on queue
s4, 335, Interrupted while waiting for message on queue
s5, 336, Connection broken for id <*> my id <?> <*> error <?>
s2, 337, Received connection request <*>
s5, 338, Connection broken for id <*> my id <?> <*> error <?>
s4, 339, Interrupted while waiting for message on queue
s6, 340, Interrupting SendWorker
s6, 341, Interrupting SendWorker
s3, 342, Send worker leaving thread
s4, 343, Interrupted while waiting for message on queue
s2, 344, Received connection request <*>
s5, 345, Connection broken for id <*> my id <?> <*> error <?>
s5, 346, Connection broken for id <*> my id <?> <*> error <?>
s2, 347, Received connection request <*>
s4, 348, Interrupted while waiting for message on queue
s2, 349, Received connection request <*>
s4, 350, Interrupted while waiting for message on queue
s5, 351, Connection broken for id <*> my id <?> <*> error <?>
s5, 352, Connection broken for id <*> my id <?> <*> error <?>
s3, 353, Send worker leaving thread
s2, 354, Received connection request <*>
s4, 355, Interrupted while waiting for message on queue
s6, 356, Interrupting SendWorker
s2, 357, Received connection request <*>
s3, 358, Send worker leaving thread
s5, 359, Connection broken for id <*> my id <?> <*> error <?>
s3, 360, Send worker leaving thread
s5, 361, Connection broken for id <*> my id <?> <*> error <?>
s2, 362, Received connection request <*>
s3, 363, Send worker leaving thread
s4, 364, Interrupted while waiting for message on queue
s2, 365, Received connection request <*>
s3, 366, Send worker leaving thread
s2, 367, Received connection request <*>
s5, 368, Connection broken for id <*> my id <?> <*> error <?>
s6, 369, Interrupting SendWorker
s4, 370, Interrupted while waiting for message on queue
s2, 371, Received connection request <*>
s5, 372, Connection broken for id <*> my id <?> <*> error <?>
s6, 373, Interrupting SendWorker
s2, 374, Received connection request <*>
s3, 375, Send worker leaving thread
s6, 376, Interrupting SendWorker
s5, 377, Connection broken for id <*> my id <?> <*> error <?>
s4, 378, Interrupted while waiting for message on queue
s5, 379, Connection broken for id <*> my id <?> <*> error <?>
s6, 380, Interrupting SendWorker
s6, 381, Interrupting SendWorker
s6, 382, Interrupting SendWorker
s2, 383, Received connection request <*>
s5, 384, Connection broken for id <*> my id <?> <*> error <?>
s4, 385, Interrupted while waiting for message on queue
s4, 386, Interrupted while waiting for message on queue
s3, 387, Send worker leaving thread
s6, 388, Interrupting SendWorker
s6, 389, Interrupting SendWorker
s2, 390, Received connection request <*>
s4, 391, Interrupted while waiting for message on queue
s2, 392, Received connection request <*>
s6, 393, Interrupting SendWorker
s3, 394, Send worker leaving thread
s6, 395, Interrupting SendWorker
s6, 396, Interrupting SendWorker
s4, 397, Interrupted while waiting for message on queue
s5, 398, Connection broken for id <*> my id <?> <*> error <?>
s2, 399, Received connection request <*>
s5, 400, Connection broken for id <*> my id <?> <*> error <?>
s2, 401, Received connection request <*>
s5, 402, Connection broken for id <*> my id <?> <*> error <?>
s3, 403, Send worker leaving thread
s4, 404, Interrupted while waiting for message on queue
s5, 405, Connection broken for id <*> my id <?> <*> error <?>
s5, 406, Connection broken for id <*> my id <?> <*> error <?>
s6, 407, Interrupting SendWorker
s3, 408, Send worker leaving thread
s2, 409, Received connection request <*>
s4, 410, Interrupted while waiting for message on queue
s3, 411, Send worker leaving thread
s3, 412, Send worker leaving thread
s3, 413, Send worker leaving thread
s3, 414, Send worker leaving thread
s3, 415, Send worker leaving thread
s5, 416, Connection broken for id <*> my id <?> <*> error <?>
s2, 417, Received connection request <*>
s6, 418, Interrupting SendWorker
s2, 419, Received connection request <*>
s5, 420, Connection broken for id <*> my id <?> <*> error <?>
s6, 421, Interrupting SendWorker
s6, 422, Interrupting SendWorker
s4, 423, Interrupted while waiting for message on queue
s4, 424, Interrupted while waiting for message on queue
s2, 425, Received connection request <*>
s2, 426, Received connection request <*>
s5, 427, Connection broken for id <*> my id <?> <*> error <?>
s6, 428, Interrupting SendWorker
s4, 429, Interrupted while waiting for message on queue
s3, 430, Send worker leaving thread
s5, 431, Connection broken for id <*> my id <?> <*> error <?>
s2, 432, Received connection request <*>
s3, 433, Send worker leaving thread
s4, 434, Interrupted while waiting for message on queue
s5, 435, Connection broken for id <*> my id <?> <*> error <?>
s2, 436, Received connection request <*>
s5, 437, Connection broken for id <*> my id <?> <*> error <?>
s3, 438, Send worker leaving thread
s4, 439, Interrupted while waiting for message on queue
s6, 440, Interrupting SendWorker
s5, 441, Connection broken for id <*> my id <?> <*> error <?>
s2, 442, Received connection request <*>
s2, 443, Received connection request <*>
s4, 444, Interrupted while waiting for message on queue
s3, 445, Send worker leaving thread
s2, 446, Received connection request <*>
s5, 447, Connection broken for id <*> my id <?> <*> error <?>
s4, 448, Interrupted while waiting for message on queue
s6, 449, Interrupting SendWorker
s3, 450, Send worker leaving thread
s2, 451, Received connection request <*>
s4, 452, Interrupted while waiting for message on queue
s3, 453, Send worker leaving thread
s6, 454, Interrupting SendWorker
s6, 455, Interrupting SendWorker
s4, 456, Interrupted while waiting for message on queue
s4, 457, Interrupted while waiting for message on queue
s4, 458, Interrupted while waiting for message on queue
s3, 459, Send worker leaving thread
s5, 460, Connection broken for id <*> my id <?> <*> error <?>
s3, 461, Send worker leaving thread
s5, 462, Connection broken for id <*> my id <?> <*> error <?>
s6, 463, Interrupting SendWorker
s6, 464, Interrupting SendWorker
s3, 465, Send worker leaving thread
s2, 466, Received connection request <*>
s5, 467, Connection broken for id <*> my id <?> <*> error <?>
s3, 468, Send worker leaving thread
s5, 469, Connection broken for id <*> my id <?> <*> error <?>
s2, 470, Received connection request <*>
s4, 471, Interrupted while waiting for message on queue
s4, 472, Interrupted while waiting for message on queue
s3, 473, Send worker leaving thread
s5, 474, Connection broken for id <*> my id <?> <*> error <?>
s5, 475, Connection broken for id <*> my id <?> <*> error <?>
s2, 476, Received connection request <*>
s4, 477, Interrupted while waiting for message on queue
s3, 478, Send worker leaving thread
s4, 479, Interrupted while waiting for message on queue
s2, 480, Received connection request <*>
s2, 481, Received connection request <*>
s5, 482, Connection broken for id <*> my id <?> <*> error <?>
s2, 483, Received connection request <*>
s4, 484, Interrupted while waiting for message on queue
s2, 485, Received connection request <*>
s5, 486, Connection broken for id <*> my id <?> <*> error <?>
s2, 487, Received connection request <*>
s4, 488, Interrupted while waiting for message on queue
s5, 489, Connection broken for id <*> my id <?> <*> error <?>
s4, 490, Interrupted while waiting for message on queue
s2, 491, Received connection request <*>
s6, 492, Interrupting SendWorker
s6, 493, Interrupting SendWorker
s2, 494, Received connection request <*>
s7, 495, Closed socket connection for client <*> which had sessionid <*>
s8, 496, caught end of stream exception
s7, 497, Closed socket connection for client <*> which had sessionid <*>
s9, 498, Client attempting to renew session <*> <*>
s7, 499, Closed socket connection for client <*> which had sessionid <*>
s10, 500, Client attempting to establish new session at <*>
s11, 501, Established session <*> negotiated timeout <*> for client <*>
s11, 502, Established session <*> negotiated timeout <*> for client <*>
s12, 503, Accepted socket connection from <*>
s12, 504, Accepted socket connection from <*>
s7, 505, Closed socket connection for client <*> which had sessionid <*>
s13, 506, Unexpected Exception:
s11, 507, Established session <*> negotiated timeout <*> for client <*>
s12, 508, Accepted socket connection from <*>
s12, 509, Accepted socket connection from <*>
s11, 510, Established session <*> negotiated timeout <*> for client <*>
s12, 511, Accepted socket connection from <*>
s12, 512, Accepted socket connection from <*>
s11, 513, Established session <*> negotiated timeout <*> for client <*>
s7, 514, Closed socket connection for client <*> which had sessionid <*>
s11, 515, Established session <*> negotiated timeout <*> for client <*>
s10, 516, Client attempting to establish new session at <*>
s10, 517, Client attempting to establish new session at <*>
s11, 518, Established session <*> negotiated timeout <*> for client <*>
s10, 519, Client attempting to establish new session at <*>
s10, 520, Client attempting to establish new session at <*>
s7, 521, Closed socket connection for client <*> which had sessionid <*>
s7, 522, Closed socket connection for client <*> which had sessionid <*>
s14, 523, Connection request from old client <*> will be dropped if server is in <*> mode
s12, 524, Accepted socket connection from <*>
s10, 525, Client attempting to establish new session at <*>
s10, 526, Client attempting to establish new session at <*>
s14, 527, Connection request from old client <*> will be dropped if server is in <*> mode
s14, 528, Connection request from old client <*> will be dropped if server is in <*> mode
s10, 529, Client attempting to establish new session at <*>
s14, 530, Connection request from old client <*> will be dropped if server is in <*> mode
s7, 531, Closed socket connection for client <*> which had sessionid <*>
s14, 532, Connection request from old client <*> will be dropped if server is in <*> mode
s7, 533, Closed socket connection for client <*> which had sessionid <*>
s10, 534, Client attempting to establish new session at <*>
s11, 535, Established session <*> negotiated timeout <*> for client <*>
s8, 536, caught end of stream exception
s10, 537, Client attempting to establish new session at <*>
s8, 538, caught end of stream exception
s7, 539, Closed socket connection for client <*> which had sessionid <*>
s15, 540, Server <*>
s14, 541, Connection request from old client <*> will be dropped if server is in <*> mode
s16, 542, Cannot open channel to <*> at election address <*>
s10, 543, Client attempting to establish new session at <*>
s17, 544, Processed session termination for sessionid: <*>
s17, 545, Processed session termination for sessionid: <*>
s8, 546, caught end of stream exception
s17, 547, Processed session termination for sessionid: <*>
s14, 548, Connection request from old client <*> will be dropped if server is in <*> mode
s17, 549, Processed session termination for sessionid: <*>
s18, 550, Expiring session <*> of 10000ms exceeded
s17, 551, Processed session termination for sessionid: <*>
s18, 552, Expiring session <*> of 10000ms exceeded
s17, 553, Processed session termination for sessionid: <*>
s8, 554, caught end of stream exception
s17, 555, Processed session termination for sessionid: <*>
s14, 556, Connection request from old client <*> will be dropped if server is in <*> mode
s8, 557, caught end of stream exception
s7, 558, Closed socket connection for client <*> which had sessionid <*>
s14, 559, Connection request from old client <*> will be dropped if server is in <*> mode
s11, 560, Established session <*> negotiated timeout <*> for client <*>
s10, 561, Client attempting to establish new session at <*>
s7, 562, Closed socket connection for client <*> which had sessionid <*>
s18, 563, Expiring session <*> of 10000ms exceeded
s18, 564, Expiring session <*> of 10000ms exceeded
s19, 565, ******* GOODBYE <*> ********
s20, 566, LOOKING
s16, 567, Cannot open channel to <*> at election address <*>
s16, 568, Cannot open channel to <*> at election address <*>
s16, 569, Cannot open channel to <*> at election address <*>
s6, 570, Interrupting SendWorker
s1, 571, Notification time out: <*>
s14, 572, Connection request from old client <*> will be dropped if server is in <*> mode
s11, 573, Established session <*> negotiated timeout <*> for client <*>
s8, 574, caught end of stream exception
s8, 575, caught end of stream exception
s14, 576, Connection request from old client <*> will be dropped if server is in <*> mode
s7, 577, Closed socket connection for client <*> which had sessionid <*>
s12, 578, Accepted socket connection from <*>
s14, 579, Connection request from old client <*> will be dropped if server is in <*> mode
s14, 580, Connection request from old client <*> will be dropped if server is in <*> mode
s21, 581, My election bind port: <*>
s22, 582, Have smaller server identifier, so dropping the connection: <*> <*>
s23, 583, FOLLOWING
s16, 584, Cannot open channel to <*> at election address <*>
s20, 585, LOOKING
s24, 586, New election. My id <?> <*> proposed <*>
s15, 587, Server <*>
s25, 588, FOLLOWING <?> LEADER ELECTION TOOK <?> <*>
s11, 589, Established session <*> negotiated timeout <*> for client <*>
s12, 590, Accepted socket connection from <*>
s10, 591, Client attempting to establish new session at <*>
s14, 592, Connection request from old client <*> will be dropped if server is in <*> mode
s14, 593, Connection request from old client <*> will be dropped if server is in <*> mode
s8, 594, caught end of stream exception
s11, 595, Established session <*> negotiated timeout <*> for client <*>
s10, 596, Client attempting to establish new session at <*>
s7, 597, Closed socket connection for client <*> which had sessionid <*>
s26, 598, Notification: <*> <*> <*> <*> LEADING <*> <*> <*> <*> LOOKING (my state)
s25, 599, FOLLOWING <?> LEADER ELECTION TOOK <?> <*>
s11, 600, Established session <*> negotiated timeout <*> for client <*>
s8, 601, caught end of stream exception
s10, 602, Client attempting to establish new session at <*>
s14, 603, Connection request from old client <*> will be dropped if server is in <*> mode
s7, 604, Closed socket connection for client <*> which had sessionid <*>
s8, 605, caught end of stream exception
s8, 606, caught end of stream exception
s11, 607, Established session <*> negotiated timeout <*> for client <*>
s27, 608, <*> set to <*>
s28, 609, Server <*> Corporation
s29, 610, Revalidating client: <*>
s11, 611, Established session <*> negotiated timeout <*> for client <*>
s11, 612, Established session <*> negotiated timeout <*> for client <*>
s9, 613, Client attempting to renew session <*> <*>
s30, 614, Server <*> built on <*> <*> GMT
s15, 615, Server <*>
s29, 616, Revalidating client: <*>
s8, 617, caught end of stream exception
s7, 618, Closed socket connection for client <*> which had sessionid <*>
s2, 619, Received connection request <*>
s15, 620, Server <*>
s12, 621, Accepted socket connection from <*>
s10, 622, Client attempting to establish new session at <*>
s31, 623, Closed socket connection for client <*> (no session established for client)
s32, 624, Exception causing close of session <*> to <*> ZooKeeperServer not running
s26, 625, Notification: <*> <*> <*> <*> <*> <*> <*> <*> <*> LOOKING (my state)
s26, 626, Notification: <*> <*> <*> <*> <*> <*> <*> <*> <*> <*> (my state)
s11, 627, Established session <*> negotiated timeout <*> for client <*>
s10, 628, Client attempting to establish new session at <*>
s12, 629, Accepted socket connection from <*>
s11, 630, Established session <*> negotiated timeout <*> for client <*>
s11, 631, Established session <*> negotiated timeout <*> for client <*>
s7, 632, Closed socket connection for client <*> which had sessionid <*>
s8, 633, caught end of stream exception
s7, 634, Closed socket connection for client <*> which had sessionid <*>
s14, 635, Connection request from old client <*> will be dropped if server is in <*> mode
s12, 636, Accepted socket connection from <*>
s12, 637, Accepted socket connection from <*>
s33, 638, tickTime set to <*>
s16, 639, Cannot open channel to <*> at election address <*>
s16, 640, Cannot open channel to <*> at election address <*>
s1, 641, Notification time out: <*>
s16, 642, Cannot open channel to <*> at election address <*>
s1, 643, Notification time out: <*>
s16, 644, Cannot open channel to <*> at election address <*>
s16, 645, Cannot open channel to <*> at election address <*>
s1, 646, Notification time out: <*>
s16, 647, Cannot open channel to <*> at election address <*>
s1, 648, Notification time out: <*>
s16, 649, Cannot open channel to <*> at election address <*>
s16, 650, Cannot open channel to <*> at election address <*>
s16, 651, Cannot open channel to <*> at election address <*>
s16, 652, Cannot open channel to <*> at election address <*>
s16, 653, Cannot open channel to <*> at election address <*>
s1, 654, Notification time out: <*>
s1, 655, Notification time out: <*>
s16, 656, Cannot open channel to <*> at election address <*>
s16, 657, Cannot open channel to <*> at election address <*>
s1, 658, Notification time out: <*>
s1, 659, Notification time out: <*>
s16, 660, Cannot open channel to <*> at election address <*>
s16, 661, Cannot open channel to <*> at election address <*>
s16, 662, Cannot open channel to <*> at election address <*>
s16, 663, Cannot open channel to <*> at election address <*>
s16, 664, Cannot open channel to <*> at election address <*>
s16, 665, Cannot open channel to <*> at election address <*>
s1, 666, Notification time out: <*>
s1, 667, Notification time out: <*>
s16, 668, Cannot open channel to <*> at election address <*>
s16, 669, Cannot open channel to <*> at election address <*>
s16, 670, Cannot open channel to <*> at election address <*>
s16, 671, Cannot open channel to <*> at election address <*>
s16, 672, Cannot open channel to <*> at election address <*>
s1, 673, Notification time out: <*>
s16, 674, Cannot open channel to <*> at election address <*>
s1, 675, Notification time out: <*>
s16, 676, Cannot open channel to <*> at election address <*>
s1, 677, Notification time out: <*>
s16, 678, Cannot open channel to <*> at election address <*>
s16, 679, Cannot open channel to <*> at election address <*>
s16, 680, Cannot open channel to <*> at election address <*>
s1, 681, Notification time out: <*>
s16, 682, Cannot open channel to <*> at election address <*>
s16, 683, Cannot open channel to <*> at election address <*>
s16, 684, Cannot open channel to <*> at election address <*>
s16, 685, Cannot open channel to <*> at election address <*>
s16, 686, Cannot open channel to <*> at election address <*>
s1, 687, Notification time out: <*>
s16, 688, Cannot open channel to <*> at election address <*>
s1, 689, Notification time out: <*>
s16, 690, Cannot open channel to <*> at election address <*>
s1, 691, Notification time out: <*>
s1, 692, Notification time out: <*>
s16, 693, Cannot open channel to <*> at election address <*>
s16, 694, Cannot open channel to <*> at election address <*>
s16, 695, Cannot open channel to <*> at election address <*>
s16, 696, Cannot open channel to <*> at election address <*>
s1, 697, Notification time out: <*>
s16, 698, Cannot open channel to <*> at election address <*>
s16, 699, Cannot open channel to <*> at election address <*>
s1, 700, Notification time out: <*>
s16, 701, Cannot open channel to <*> at election address <*>
s1, 702, Notification time out: <*>
s1, 703, Notification time out: <*>
s16, 704, Cannot open channel to <*> at election address <*>
s16, 705, Cannot open channel to <*> at election address <*>
s1, 706, Notification time out: <*>
s16, 707, Cannot open channel to <*> at election address <*>
s16, 708, Cannot open channel to <*> at election address <*>
s16, 709, Cannot open channel to <*> at election address <*>
s16, 710, Cannot open channel to <*> at election address <*>
s16, 711, Cannot open channel to <*> at election address <*>
s1, 712, Notification time out: <*>
s16, 713, Cannot open channel to <*> at election address <*>
s16, 714, Cannot open channel to <*> at election address <*>
s16, 715, Cannot open channel to <*> at election address <*>
s1, 716, Notification time out: <*>
s16, 717, Cannot open channel to <*> at election address <*>
s1, 718, Notification time out: <*>
s16, 719, Cannot open channel to <*> at election address <*>
s16, 720, Cannot open channel to <*> at election address <*>
s16, 721, Cannot open channel to <*> at election address <*>
s1, 722, Notification time out: <*>
s1, 723, Notification time out: <*>
s16, 724, Cannot open channel to <*> at election address <*>
s16, 725, Cannot open channel to <*> at election address <*>
s16, 726, Cannot open channel to <*> at election address <*>
s1, 727, Notification time out: <*>
s16, 728, Cannot open channel to <*> at election address <*>
s16, 729, Cannot open channel to <*> at election address <*>
s16, 730, Cannot open channel to <*> at election address <*>
s16, 731, Cannot open channel to <*> at election address <*>
s1, 732, Notification time out: <*>
s16, 733, Cannot open channel to <*> at election address <*>
s16, 734, Cannot open channel to <*> at election address <*>
s16, 735, Cannot open channel to <*> at election address <*>
s16, 736, Cannot open channel to <*> at election address <*>
s16, 737, Cannot open channel to <*> at election address <*>
s16, 738, Cannot open channel to <*> at election address <*>
s1, 739, Notification time out: <*>
s1, 740, Notification time out: <*>
s16, 741, Cannot open channel to <*> at election address <*>
s16, 742, Cannot open channel to <*> at election address <*>
s16, 743, Cannot open channel to <*> at election address <*>
s1, 744, Notification time out: <*>
s16, 745, Cannot open channel to <*> at election address <*>
s16, 746, Cannot open channel to <*> at election address <*>
s16, 747, Cannot open channel to <*> at election address <*>
s16, 748, Cannot open channel to <*> at election address <*>
s1, 749, Notification time out: <*>
s1, 750, Notification time out: <*>
s16, 751, Cannot open channel to <*> at election address <*>
s5, 752, Connection broken for id <*> my id <?> <*> error <?>
s16, 753, Cannot open channel to <*> at election address <*>
s28, 754, Server <*> Corporation
s34, 755, Unexpected exception causing shutdown while sock still open
s34, 756, Unexpected exception causing shutdown while sock still open
s19, 757, ******* GOODBYE <*> ********
s34, 758, Unexpected exception causing shutdown while sock still open
s34, 759, Unexpected exception causing shutdown while sock still open
s19, 760, ******* GOODBYE <*> ********
s19, 761, ******* GOODBYE <*> ********
s19, 762, ******* GOODBYE <*> ********
s19, 763, ******* GOODBYE <*> ********
s34, 764, Unexpected exception causing shutdown while sock still open
s19, 765, ******* GOODBYE <*> ********
s19, 766, ******* GOODBYE <*> ********
s19, 767, ******* GOODBYE <*> ********
s19, 768, ******* GOODBYE <*> ********
s19, 769, ******* GOODBYE <*> ********
s34, 770, Unexpected exception causing shutdown while sock still open
s34, 771, Unexpected exception causing shutdown while sock still open
s19, 772, ******* GOODBYE <*> ********
s19, 773, ******* GOODBYE <*> ********
s19, 774, ******* GOODBYE <*> ********
s19, 775, ******* GOODBYE <*> ********
s34, 776, Unexpected exception causing shutdown while sock still open
s19, 777, ******* GOODBYE <*> ********
s34, 778, Unexpected exception causing shutdown while sock still open
s34, 779, Unexpected exception causing shutdown while sock still open
s34, 780, Unexpected exception causing shutdown while sock still open
s19, 781, ******* GOODBYE <*> ********
s19, 782, ******* GOODBYE <*> ********
s19, 783, ******* GOODBYE <*> ********
s34, 784, Unexpected exception causing shutdown while sock still open
s6, 785, Interrupting SendWorker
s2, 786, Received connection request <*>
s5, 787, Connection broken for id <*> my id <?> <*> error <?>
s2, 788, Received connection request <*>
s6, 789, Interrupting SendWorker
s5, 790, Connection broken for id <*> my id <?> <*> error <?>
s2, 791, Received connection request <*>
s5, 792, Connection broken for id <*> my id <?> <*> error <?>
s6, 793, Interrupting SendWorker
s6, 794, Interrupting SendWorker
s4, 795, Interrupted while waiting for message on queue
s3, 796, Send worker leaving thread
s3, 797, Send worker leaving thread
s2, 798, Received connection request <*>
s6, 799, Interrupting SendWorker
s4, 800, Interrupted while waiting for message on queue
s2, 801, Received connection request <*>
s3, 802, Send worker leaving thread
s5, 803, Connection broken for id <*> my id <?> <*> error <?>
s6, 804, Interrupting SendWorker
s3, 805, Send worker leaving thread
s6, 806, Interrupting SendWorker
s5, 807, Connection broken for id <*> my id <?> <*> error <?>
s3, 808, Send worker leaving thread
s5, 809, Connection broken for id <*> my id <?> <*> error <?>
s2, 810, Received connection request <*>
s5, 811, Connection broken for id <*> my id <?> <*> error <?>
s4, 812, Interrupted while waiting for message on queue
s5, 813, Connection broken for id <*> my id <?> <*> error <?>
s6, 814, Interrupting SendWorker
s2, 815, Received connection request <*>
s6, 816, Interrupting SendWorker
s2, 817, Received connection request <*>
s5, 818, Connection broken for id <*> my id <?> <*> error <?>
s3, 819, Send worker leaving thread
s6, 820, Interrupting SendWorker
s2, 821, Received connection request <*>
s5, 822, Connection broken for id <*> my id <?> <*> error <?>
s2, 823, Received connection request <*>
s4, 824, Interrupted while waiting for message on queue
s5, 825, Connection broken for id <*> my id <?> <*> error <?>
s5, 826, Connection broken for id <*> my id <?> <*> error <?>
s2, 827, Received connection request <*>
s3, 828, Send worker leaving thread
s5, 829, Connection broken for id <*> my id <?> <*> error <?>
s5, 830, Connection broken for id <*> my id <?> <*> error <?>
s4, 831, Interrupted while waiting for message on queue
s6, 832, Interrupting SendWorker
s5, 833, Connection broken for id <*> my id <?> <*> error <?>
s4, 834, Interrupted while waiting for message on queue
s4, 835, Interrupted while waiting for message on queue
s6, 836, Interrupting SendWorker
s4, 837, Interrupted while waiting for message on queue
s4, 838, Interrupted while waiting for message on queue
s6, 839, Interrupting SendWorker
s4, 840, Interrupted while waiting for message on queue
s4, 841, Interrupted while waiting for message on queue
s3, 842, Send worker leaving thread
s4, 843, Interrupted while waiting for message on queue
s6, 844, Interrupting SendWorker
s4, 845, Interrupted while waiting for message on queue
s5, 846, Connection broken for id <*> my id <?> <*> error <?>
s6, 847, Interrupting SendWorker
s6, 848, Interrupting SendWorker
s4, 849, Interrupted while waiting for message on queue
s2, 850, Received connection request <*>
s3, 851, Send worker leaving thread
s4, 852, Interrupted while waiting for message on queue
s6, 853, Interrupting SendWorker
s4, 854, Interrupted while waiting for message on queue
s2, 855, Received connection request <*>
s2, 856, Received connection request <*>
s5, 857, Connection broken for id <*> my id <?> <*> error <?>
s6, 858, Interrupting SendWorker
s2, 859, Received connection request <*>
s4, 860, Interrupted while waiting for message on queue
s4, 861, Interrupted while waiting for message on queue
s5, 862, Connection broken for id <*> my id <?> <*> error <?>
s3, 863, Send worker leaving thread
s3, 864, Send worker leaving thread
s4, 865, Interrupted while waiting for message on queue
s2, 866, Received connection request <*>
s3, 867, Send worker leaving thread
s6, 868, Interrupting SendWorker
s3, 869, Send worker leaving thread
s5, 870, Connection broken for id <*> my id <?> <*> error <?>
s6, 871, Interrupting SendWorker
s2, 872, Received connection request <*>
s6, 873, Interrupting SendWorker
s2, 874, Received connection request <*>
s3, 875, Send worker leaving thread
s5, 876, Connection broken for id <*> my id <?> <*> error <?>
s5, 877, Connection broken for id <*> my id <?> <*> error <?>
s4, 878, Interrupted while waiting for message on queue
s3, 879, Send worker leaving thread
s2, 880, Received connection request <*>
s4, 881, Interrupted while waiting for message on queue
s3, 882, Send worker leaving thread
s6, 883, Interrupting SendWorker
s2, 884, Received connection request <*>
s6, 885, Interrupting SendWorker
s4, 886, Interrupted while waiting for message on queue
s2, 887, Received connection request <*>
s2, 888, Received connection request <*>
s5, 889, Connection broken for id <*> my id <?> <*> error <?>
s5, 890, Connection broken for id <*> my id <?> <*> error <?>
s5, 891, Connection broken for id <*> my id <?> <*> error <?>
s4, 892, Interrupted while waiting for message on queue
s5, 893, Connection broken for id <*> my id <?> <*> error <?>
s6, 894, Interrupting SendWorker
s6, 895, Interrupting SendWorker
s5, 896, Connection broken for id <*> my id <?> <*> error <?>
s6, 897, Interrupting SendWorker
s6, 898, Interrupting SendWorker
s6, 899, Interrupting SendWorker
s4, 900, Interrupted while waiting for message on queue
s6, 901, Interrupting SendWorker
s2, 902, Received connection request <*>
s3, 903, Send worker leaving thread
s5, 904, Connection broken for id <*> my id <?> <*> error <?>
s3, 905, Send worker leaving thread
s5, 906, Connection broken for id <*> my id <?> <*> error <?>
s3, 907, Send worker leaving thread
s3, 908, Send worker leaving thread
s4, 909, Interrupted while waiting for message on queue
s2, 910, Received connection request <*>
s3, 911, Send worker leaving thread
s6, 912, Interrupting SendWorker
s3, 913, Send worker leaving thread
s2, 914, Received connection request <*>
s3, 915, Send worker leaving thread
s5, 916, Connection broken for id <*> my id <?> <*> error <?>
s2, 917, Received connection request <*>
s3, 918, Send worker leaving thread
s6, 919, Interrupting SendWorker
s3, 920, Send worker leaving thread
s5, 921, Connection broken for id <*> my id <?> <*> error <?>
s2, 922, Received connection request <*>
s3, 923, Send worker leaving thread
s3, 924, Send worker leaving thread
s2, 925, Received connection request <*>
s2, 926, Received connection request <*>
s2, 927, Received connection request <*>
s5, 928, Connection broken for id <*> my id <?> <*> error <?>
s5, 929, Connection broken for id <*> my id <?> <*> error <?>
s6, 930, Interrupting SendWorker
s5, 931, Connection broken for id <*> my id <?> <*> error <?>
s3, 932, Send worker leaving thread
s3, 933, Send worker leaving thread
s6, 934, Interrupting SendWorker
s5, 935, Connection broken for id <*> my id <?> <*> error <?>
s4, 936, Interrupted while waiting for message on queue
s4, 937, Interrupted while waiting for message on queue
s3, 938, Send worker leaving thread
s6, 939, Interrupting SendWorker
s3, 940, Send worker leaving thread
s6, 941, Interrupting SendWorker
s5, 942, Connection broken for id <*> my id <?> <*> error <?>
s2, 943, Received connection request <*>
s4, 944, Interrupted while waiting for message on queue
s5, 945, Connection broken for id <*> my id <?> <*> error <?>
s3, 946, Send worker leaving thread
s4, 947, Interrupted while waiting for message on queue
s2, 948, Received connection request <*>
s4, 949, Interrupted while waiting for message on queue
s2, 950, Received connection request <*>
s2, 951, Received connection request <*>
s2, 952, Received connection request <*>
s2, 953, Received connection request <*>
s3, 954, Send worker leaving thread
s4, 955, Interrupted while waiting for message on queue
s2, 956, Received connection request <*>
s4, 957, Interrupted while waiting for message on queue
s6, 958, Interrupting SendWorker
s4, 959, Interrupted while waiting for message on queue
s2, 960, Received connection request <*>
s3, 961, Send worker leaving thread
s4, 962, Interrupted while waiting for message on queue
s3, 963, Send worker leaving thread
s5, 964, Connection broken for id <*> my id <?> <*> error <?>
s5, 965, Connection broken for id <*> my id <?> <*> error <?>
s6, 966, Interrupting SendWorker
s4, 967, Interrupted while waiting for message on queue
s3, 968, Send worker leaving thread
s4, 969, Interrupted while waiting for message on queue
s2, 970, Received connection request <*>
s3, 971, Send worker leaving thread
s5, 972, Connection broken for id <*> my id <?> <*> error <?>
s2, 973, Received connection request <*>
s3, 974, Send worker leaving thread
s2, 975, Received connection request <*>
s5, 976, Connection broken for id <*> my id <?> <*> error <?>
s2, 977, Received connection request <*>
s5, 978, Connection broken for id <*> my id <?> <*> error <?>
s5, 979, Connection broken for id <*> my id <?> <*> error <?>
s5, 980, Connection broken for id <*> my id <?> <*> error <?>
s2, 981, Received connection request <*>
s4, 982, Interrupted while waiting for message on queue
s6, 983, Interrupting SendWorker
s2, 984, Received connection request <*>
s2, 985, Received connection request <*>
s4, 986, Interrupted while waiting for message on queue
s6, 987, Interrupting SendWorker
s3, 988, Send worker leaving thread
s3, 989, Send worker leaving thread
s3, 990, Send worker leaving thread
s4, 991, Interrupted while waiting for message on queue
s2, 992, Received connection request <*>
s6, 993, Interrupting SendWorker
s6, 994, Interrupting SendWorker
s4, 995, Interrupted while waiting for message on queue
s3, 996, Send worker leaving thread
s6, 997, Interrupting SendWorker
s5, 998, Connection broken for id <*> my id <?> <*> error <?>
s2, 999, Received connection request <*>
s2, 1000, Received connection request <*>
s4, 1001, Interrupted while waiting for message on queue
s5, 1002, Connection broken for id <*> my id <?> <*> error <?>
s6, 1003, Interrupting SendWorker
s4, 1004, Interrupted while waiting for message on queue
s4, 1005, Interrupted while waiting for message on queue
s4, 1006, Interrupted while waiting for message on queue
s5, 1007, Connection broken for id <*> my id <?> <*> error <?>
s2, 1008, Received connection request <*>
s2, 1009, Received connection request <*>
s5, 1010, Connection broken for id <*> my id <?> <*> error <?>
s4, 1011, Interrupted while waiting for message on queue
s3, 1012, Send worker leaving thread
s3, 1013, Send worker leaving thread
s3, 1014, Send worker leaving thread
s6, 1015, Interrupting SendWorker
s6, 1016, Interrupting SendWorker
s6, 1017, Interrupting SendWorker
s5, 1018, Connection broken for id <*> my id <?> <*> error <?>
s6, 1019, Interrupting SendWorker
s4, 1020, Interrupted while waiting for message on queue
s3, 1021, Send worker leaving thread
s2, 1022, Received connection request <*>
s5, 1023, Connection broken for id <*> my id <?> <*> error <?>
s3, 1024, Send worker leaving thread
s2, 1025, Received connection request <*>
s3, 1026, Send worker leaving thread
s3, 1027, Send worker leaving thread
s6, 1028, Interrupting SendWorker
s4, 1029, Interrupted while waiting for message on queue
s4, 1030, Interrupted while waiting for message on queue
s6, 1031, Interrupting SendWorker
s5, 1032, Connection broken for id <*> my id <?> <*> error <?>
s6, 1033, Interrupting SendWorker
s2, 1034, Received connection request <*>
s5, 1035, Connection broken for id <*> my id <?> <*> error <?>
s3, 1036, Send worker leaving thread
s6, 1037, Interrupting SendWorker
s5, 1038, Connection broken for id <*> my id <?> <*> error <?>
s3, 1039, Send worker leaving thread
s6, 1040, Interrupting SendWorker
s2, 1041, Received connection request <*>
s4, 1042, Interrupted while waiting for message on queue
s2, 1043, Received connection request <*>
s6, 1044, Interrupting SendWorker
s5, 1045, Connection broken for id <*> my id <?> <*> error <?>
s5, 1046, Connection broken for id <*> my id <?> <*> error <?>
s3, 1047, Send worker leaving thread
s6, 1048, Interrupting SendWorker
s3, 1049, Send worker leaving thread
s5, 1050, Connection broken for id <*> my id <?> <*> error <?>
s2, 1051, Received connection request <*>
s6, 1052, Interrupting SendWorker
s3, 1053, Send worker leaving thread
s4, 1054, Interrupted while waiting for message on queue
s5, 1055, Connection broken for id <*> my id <?> <*> error <?>
s2, 1056, Received connection request <*>
s6, 1057, Interrupting SendWorker
s2, 1058, Received connection request <*>
s4, 1059, Interrupted while waiting for message on queue
s3, 1060, Send worker leaving thread
s5, 1061, Connection broken for id <*> my id <?> <*> error <?>
s6, 1062, Interrupting SendWorker
s5, 1063, Connection broken for id <*> my id <?> <*> error <?>
s3, 1064, Send worker leaving thread
s4, 1065, Interrupted while waiting for message on queue
s6, 1066, Interrupting SendWorker
s4, 1067, Interrupted while waiting for message on queue
s2, 1068, Received connection request <*>
s3, 1069, Send worker leaving thread
s6, 1070, Interrupting SendWorker
s3, 1071, Send worker leaving thread
s5, 1072, Connection broken for id <*> my id <?> <*> error <?>
s2, 1073, Received connection request <*>
s4, 1074, Interrupted while waiting for message on queue
s2, 1075, Received connection request <*>
s6, 1076, Interrupting SendWorker
s4, 1077, Interrupted while waiting for message on queue
s6, 1078, Interrupting SendWorker
s2, 1079, Received connection request <*>
s5, 1080, Connection broken for id <*> my id <?> <*> error <?>
s6, 1081, Interrupting SendWorker
s6, 1082, Interrupting SendWorker
s6, 1083, Interrupting SendWorker
s2, 1084, Received connection request <*>
s6, 1085, Interrupting SendWorker
s5, 1086, Connection broken for id <*> my id <?> <*> error <?>
s2, 1087, Received connection request <*>
s3, 1088, Send worker leaving thread
s5, 1089, Connection broken for id <*> my id <?> <*> error <?>
s4, 1090, Interrupted while waiting for message on queue
s2, 1091, Received connection request <*>
s6, 1092, Interrupting SendWorker
s4, 1093, Interrupted while waiting for message on queue
s5, 1094, Connection broken for id <*> my id <?> <*> error <?>
s6, 1095, Interrupting SendWorker
s5, 1096, Connection broken for id <*> my id <?> <*> error <?>
s4, 1097, Interrupted while waiting for message on queue
s3, 1098, Send worker leaving thread
s6, 1099, Interrupting SendWorker
s5, 1100, Connection broken for id <*> my id <?> <*> error <?>
s3, 1101, Send worker leaving thread
s4, 1102, Interrupted while waiting for message on queue
s4, 1103, Interrupted while waiting for message on queue
s4, 1104, Interrupted while waiting for message on queue
s4, 1105, Interrupted while waiting for message on queue
s5, 1106, Connection broken for id <*> my id <?> <*> error <?>
s6, 1107, Interrupting SendWorker
s2, 1108, Received connection request <*>
s3, 1109, Send worker leaving thread
s4, 1110, Interrupted while waiting for message on queue
s3, 1111, Send worker leaving thread
s4, 1112, Interrupted while waiting for message on queue
s2, 1113, Received connection request <*>
s5, 1114, Connection broken for id <*> my id <?> <*> error <?>
s5, 1115, Connection broken for id <*> my id <?> <*> error <?>
s3, 1116, Send worker leaving thread
s4, 1117, Interrupted while waiting for message on queue
s5, 1118, Connection broken for id <*> my id <?> <*> error <?>
s4, 1119, Interrupted while waiting for message on queue
s3, 1120, Send worker leaving thread
s4, 1121, Interrupted while waiting for message on queue
s4, 1122, Interrupted while waiting for message on queue
s4, 1123, Interrupted while waiting for message on queue
s6, 1124, Interrupting SendWorker
s3, 1125, Send worker leaving thread
s4, 1126, Interrupted while waiting for message on queue
s4, 1127, Interrupted while waiting for message on queue
s3, 1128, Send worker leaving thread
s2, 1129, Received connection request <*>
s3, 1130, Send worker leaving thread
s5, 1131, Connection broken for id <*> my id <?> <*> error <?>
s4, 1132, Interrupted while waiting for message on queue
s3, 1133, Send worker leaving thread
s6, 1134, Interrupting SendWorker
s6, 1135, Interrupting SendWorker
s4, 1136, Interrupted while waiting for message on queue
s5, 1137, Connection broken for id <*> my id <?> <*> error <?>
s3, 1138, Send worker leaving thread
s3, 1139, Send worker leaving thread
s2, 1140, Received connection request <*>
s4, 1141, Interrupted while waiting for message on queue
s4, 1142, Interrupted while waiting for message on queue
s6, 1143, Interrupting SendWorker
s6, 1144, Interrupting SendWorker
s4, 1145, Interrupted while waiting for message on queue
s3, 1146, Send worker leaving thread
s2, 1147, Received connection request <*>
s2, 1148, Received connection request <*>
s2, 1149, Received connection request <*>
s4, 1150, Interrupted while waiting for message on queue
s5, 1151, Connection broken for id <*> my id <?> <*> error <?>
s5, 1152, Connection broken for id <*> my id <?> <*> error <?>
s3, 1153, Send worker leaving thread
s5, 1154, Connection broken for id <*> my id <?> <*> error <?>
s2, 1155, Received connection request <*>
s6, 1156, Interrupting SendWorker
s5, 1157, Connection broken for id <*> my id <?> <*> error <?>
s3, 1158, Send worker leaving thread
s6, 1159, Interrupting SendWorker
s6, 1160, Interrupting SendWorker
s2, 1161, Received connection request <*>
s3, 1162, Send worker leaving thread
s2, 1163, Received connection request <*>
s4, 1164, Interrupted while waiting for message on queue
s2, 1165, Received connection request <*>
s5, 1166, Connection broken for id <*> my id <?> <*> error <?>
s4, 1167, Interrupted while waiting for message on queue
s5, 1168, Connection broken for id <*> my id <?> <*> error <?>
s5, 1169, Connection broken for id <*> my id <?> <*> error <?>
s3, 1170, Send worker leaving thread
s4, 1171, Interrupted while waiting for message on queue
s5, 1172, Connection broken for id <*> my id <?> <*> error <?>
s6, 1173, Interrupting SendWorker
s5, 1174, Connection broken for id <*> my id <?> <*> error <?>
s2, 1175, Received connection request <*>
s4, 1176, Interrupted while waiting for message on queue
s6, 1177, Interrupting SendWorker
s4, 1178, Interrupted while waiting for message on queue
s2, 1179, Received connection request <*>
s5, 1180, Connection broken for id <*> my id <?> <*> error <?>
s3, 1181, Send worker leaving thread
s5, 1182, Connection broken for id <*> my id <?> <*> error <?>
s5, 1183, Connection broken for id <*> my id <?> <*> error <?>
s4, 1184, Interrupted while waiting for message on queue
s5, 1185, Connection broken for id <*> my id <?> <*> error <?>
s3, 1186, Send worker leaving thread
s5, 1187, Connection broken for id <*> my id <?> <*> error <?>
s3, 1188, Send worker leaving thread
s3, 1189, Send worker leaving thread
s2, 1190, Received connection request <*>
s5, 1191, Connection broken for id <*> my id <?> <*> error <?>
s6, 1192, Interrupting SendWorker
s6, 1193, Interrupting SendWorker
s5, 1194, Connection broken for id <*> my id <?> <*> error <?>
s4, 1195, Interrupted while waiting for message on queue
s6, 1196, Interrupting SendWorker
s4, 1197, Interrupted while waiting for message on queue
s3, 1198, Send worker leaving thread
s4, 1199, Interrupted while waiting for message on queue
s6, 1200, Interrupting SendWorker
s5, 1201, Connection broken for id <*> my id <?> <*> error <?>
s5, 1202, Connection broken for id <*> my id <?> <*> error <?>
s3, 1203, Send worker leaving thread
s4, 1204, Interrupted while waiting for message on queue
s4, 1205, Interrupted while waiting for message on queue
s6, 1206, Interrupting SendWorker
s3, 1207, Send worker leaving thread
s3, 1208, Send worker leaving thread
s6, 1209, Interrupting SendWorker
s2, 1210, Received connection request <*>
s4, 1211, Interrupted while waiting for message on queue
s4, 1212, Interrupted while waiting for message on queue
s5, 1213, Connection broken for id <*> my id <?> <*> error <?>
s2, 1214, Received connection request <*>
s4, 1215, Interrupted while waiting for message on queue
s2, 1216, Received connection request <*>
s6, 1217, Interrupting SendWorker
s6, 1218, Interrupting SendWorker
s2, 1219, Received connection request <*>
s2, 1220, Received connection request <*>
s2, 1221, Received connection request <*>
s4, 1222, Interrupted while waiting for message on queue
s2, 1223, Received connection request <*>
s2, 1224, Received connection request <*>
s3, 1225, Send worker leaving thread
s5, 1226, Connection broken for id <*> my id <?> <*> error <?>
s4, 1227, Interrupted while waiting for message on queue
s6, 1228, Interrupting SendWorker
s6, 1229, Interrupting SendWorker
s5, 1230, Connection broken for id <*> my id <?> <*> error <?>
s5, 1231, Connection broken for id <*> my id <?> <*> error <?>
s2, 1232, Received connection request <*>
s4, 1233, Interrupted while waiting for message on queue
s2, 1234, Received connection request <*>
s2, 1235, Received connection request <*>
s6, 1236, Interrupting SendWorker
s5, 1237, Connection broken for id <*> my id <?> <*> error <?>
s2, 1238, Received connection request <*>
s4, 1239, Interrupted while waiting for message on queue
s4, 1240, Interrupted while waiting for message on queue
s3, 1241, Send worker leaving thread
s6, 1242, Interrupting SendWorker
s4, 1243, Interrupted while waiting for message on queue
s3, 1244, Send worker leaving thread
s3, 1245, Send worker leaving thread
s6, 1246, Interrupting SendWorker
s4, 1247, Interrupted while waiting for message on queue
s5, 1248, Connection broken for id <*> my id <?> <*> error <?>
s4, 1249, Interrupted while waiting for message on queue
s4, 1250, Interrupted while waiting for message on queue
s4, 1251, Interrupted while waiting for message on queue
s3, 1252, Send worker leaving thread
s2, 1253, Received connection request <*>
s4, 1254, Interrupted while waiting for message on queue
s3, 1255, Send worker leaving thread
s4, 1256, Interrupted while waiting for message on queue
s5, 1257, Connection broken for id <*> my id <?> <*> error <?>
s35, 1258, Got <*> KeeperException when processing <*> <*> <*> Error <*> Error:KeeperErrorCode <?> NodeExists for <*>
s8, 1259, caught end of stream exception
s12, 1260, Accepted socket connection from <*>
s17, 1261, Processed session termination for sessionid: <*>
s17, 1262, Processed session termination for sessionid: <*>
s17, 1263, Processed session termination for sessionid: <*>
s12, 1264, Accepted socket connection from <*>
s3, 1265, Send worker leaving thread
s14, 1266, Connection request from old client <*> will be dropped if server is in <*> mode
s10, 1267, Client attempting to establish new session at <*>
s26, 1268, Notification: <*> <*> <*> <*> <*> <*> <*> <*> <*> <*> (my state)
s12, 1269, Accepted socket connection from <*>
s12, 1270, Accepted socket connection from <*>
s17, 1271, Processed session termination for sessionid: <*>
s12, 1272, Accepted socket connection from <*>
s14, 1273, Connection request from old client <*> will be dropped if server is in <*> mode
s10, 1274, Client attempting to establish new session at <*>
s18, 1275, Expiring session <*> of 10000ms exceeded
s17, 1276, Processed session termination for sessionid: <*>
s18, 1277, Expiring session <*> of 10000ms exceeded
s18, 1278, Expiring session <*> of 10000ms exceeded
s10, 1279, Client attempting to establish new session at <*>
s17, 1280, Processed session termination for sessionid: <*>
s7, 1281, Closed socket connection for client <*> which had sessionid <*>
s17, 1282, Processed session termination for sessionid: <*>
s18, 1283, Expiring session <*> of 10000ms exceeded
s17, 1284, Processed session termination for sessionid: <*>
s17, 1285, Processed session termination for sessionid: <*>
s12, 1286, Accepted socket connection from <*>
s17, 1287, Processed session termination for sessionid: <*>
s10, 1288, Client attempting to establish new session at <*>
s18, 1289, Expiring session <*> of 10000ms exceeded
s17, 1290, Processed session termination for sessionid: <*>
s14, 1291, Connection request from old client <*> will be dropped if server is in <*> mode
s12, 1292, Accepted socket connection from <*>
s12, 1293, Accepted socket connection from <*>
s18, 1294, Expiring session <*> of <*> exceeded
s17, 1295, Processed session termination for sessionid: <*>
s7, 1296, Closed socket connection for client <*> which had sessionid <*>
s7, 1297, Closed socket connection for client <*> which had sessionid <*>
s8, 1298, caught end of stream exception
s17, 1299, Processed session termination for sessionid: <*>
s11, 1300, Established session <*> negotiated timeout <*> for client <*>
s18, 1301, Expiring session <*> of <*> exceeded
s7, 1302, Closed socket connection for client <*> which had sessionid <*>
s8, 1303, caught end of stream exception
s12, 1304, Accepted socket connection from <*>
s12, 1305, Accepted socket connection from <*>
s11, 1306, Established session <*> negotiated timeout <*> for client <*>
s11, 1307, Established session <*> negotiated timeout <*> for client <*>
s12, 1308, Accepted socket connection from <*>
s8, 1309, caught end of stream exception
s17, 1310, Processed session termination for sessionid: <*>
s8, 1311, caught end of stream exception
s17, 1312, Processed session termination for sessionid: <*>
s17, 1313, Processed session termination for sessionid: <*>
s8, 1314, caught end of stream exception
s18, 1315, Expiring session <*> of <*> exceeded
s18, 1316, Expiring session <*> of <*> exceeded
s17, 1317, Processed session termination for sessionid: <*>
s17, 1318, Processed session termination for sessionid: <*>
s11, 1319, Established session <*> negotiated timeout <*> for client <*>
s11, 1320, Established session <*> negotiated timeout <*> for client <*>
s17, 1321, Processed session termination for sessionid: <*>
s7, 1322, Closed socket connection for client <*> which had sessionid <*>
s8, 1323, caught end of stream exception
s17, 1324, Processed session termination for sessionid: <*>
s18, 1325, Expiring session <*> of <*> exceeded
s17, 1326, Processed session termination for sessionid: <*>
s11, 1327, Established session <*> negotiated timeout <*> for client <*>
s14, 1328, Connection request from old client <*> will be dropped if server is in <*> mode
s18, 1329, Expiring session <*> of <*> exceeded
s18, 1330, Expiring session <*> of <*> exceeded
s18, 1331, Expiring session <*> of <*> exceeded
s17, 1332, Processed session termination for sessionid: <*>
s10, 1333, Client attempting to establish new session at <*>
s14, 1334, Connection request from old client <*> will be dropped if server is in <*> mode
s10, 1335, Client attempting to establish new session at <*>
s8, 1336, caught end of stream exception
s2, 1337, Received connection request <*>
s8, 1338, caught end of stream exception
s8, 1339, caught end of stream exception
s11, 1340, Established session <*> negotiated timeout <*> for client <*>
s7, 1341, Closed socket connection for client <*> which had sessionid <*>
s10, 1342, Client attempting to establish new session at <*>
s11, 1343, Established session <*> negotiated timeout <*> for client <*>
s11, 1344, Established session <*> negotiated timeout <*> for client <*>
s12, 1345, Accepted socket connection from <*>
s10, 1346, Client attempting to establish new session at <*>
s8, 1347, caught end of stream exception
s11, 1348, Established session <*> negotiated timeout <*> for client <*>
s36, 1349, Starting quorum peer
s37, 1350, Snapshotting: <*> <*>
s10, 1351, Client attempting to establish new session at <*>
s7, 1352, Closed socket connection for client <*> which had sessionid <*>
s18, 1353, Expiring session <*> of <*> exceeded
s18, 1354, Expiring session <*> of <*> exceeded
s14, 1355, Connection request from old client <*> will be dropped if server is in <*> mode
s10, 1356, Client attempting to establish new session at <*>
s11, 1357, Established session <*> negotiated timeout <*> for client <*>
s18, 1358, Expiring session <*> of <*> exceeded
s7, 1359, Closed socket connection for client <*> which had sessionid <*>
s17, 1360, Processed session termination for sessionid: <*>
s12, 1361, Accepted socket connection from <*>
s12, 1362, Accepted socket connection from <*>
s18, 1363, Expiring session <*> of <*> exceeded
s17, 1364, Processed session termination for sessionid: <*>
s17, 1365, Processed session termination for sessionid: <*>
s18, 1366, Expiring session <*> of <*> exceeded
s7, 1367, Closed socket connection for client <*> which had sessionid <*>
s10, 1368, Client attempting to establish new session at <*>
s8, 1369, caught end of stream exception
s7, 1370, Closed socket connection for client <*> which had sessionid <*>
s18, 1371, Expiring session <*> of <*> exceeded
s14, 1372, Connection request from old client <*> will be dropped if server is in <*> mode
s10, 1373, Client attempting to establish new session at <*>
s8, 1374, caught end of stream exception
s17, 1375, Processed session termination for sessionid: <*>
s17, 1376, Processed session termination for sessionid: <*>
s27, 1377, <*> set to <*>
s2, 1378, Received connection request <*>
s37, 1379, Snapshotting: <*> <*>
s38, 1380, Follower sid: <*> : info : <*>
s4, 1381, Interrupted while waiting for message on queue
s7, 1382, Closed socket connection for client <*> which had sessionid <*>
s17, 1383, Processed session termination for sessionid: <*>
s11, 1384, Established session <*> negotiated timeout <*> for client <*>
s18, 1385, Expiring session <*> of <*> exceeded
s18, 1386, Expiring session <*> of <*> exceeded
s17, 1387, Processed session termination for sessionid: <*>
s17, 1388, Processed session termination for sessionid: <*>
s17, 1389, Processed session termination for sessionid: <*>
s11, 1390, Established session <*> negotiated timeout <*> for client <*>
s11, 1391, Established session <*> negotiated timeout <*> for client <*>
s12, 1392, Accepted socket connection from <*>
s10, 1393, Client attempting to establish new session at <*>
s18, 1394, Expiring session <*> of <*> exceeded
s18, 1395, Expiring session <*> of <*> exceeded
s18, 1396, Expiring session <*> of <*> exceeded
s18, 1397, Expiring session <*> of <*> exceeded
s16, 1398, Cannot open channel to <*> at election address <*>
s14, 1399, Connection request from old client <*> will be dropped if server is in <*> mode
s14, 1400, Connection request from old client <*> will be dropped if server is in <*> mode
s8, 1401, caught end of stream exception
s10, 1402, Client attempting to establish new session at <*>
s11, 1403, Established session <*> negotiated timeout <*> for client <*>
s14, 1404, Connection request from old client <*> will be dropped if server is in <*> mode
s14, 1405, Connection request from old client <*> will be dropped if server is in <*> mode
s29, 1406, Revalidating client: <*>
s27, 1407, <*> set to <*>
s39, 1408, maxSessionTimeout set to <*>
s2, 1409, Received connection request <*>
s23, 1410, FOLLOWING
s14, 1411, Connection request from old client <*> will be dropped if server is in <*> mode
s12, 1412, Accepted socket connection from <*>
s9, 1413, Client attempting to renew session <*> <*>
s8, 1414, caught end of stream exception
s7, 1415, Closed socket connection for client <*> which had sessionid <*>
s11, 1416, Established session <*> negotiated timeout <*> for client <*>
s12, 1417, Accepted socket connection from <*>
s15, 1418, Server <*>
s40, 1419, Have quorum of supporters; starting up and setting last processed zxid: <*>
s26, 1420, Notification: <*> <*> <*> <*> <*> <*> <*> <*> <*> <*> (my state)
s18, 1421, Expiring session <*> of <*> exceeded
s17, 1422, Processed session termination for sessionid: <*>
s17, 1423, Processed session termination for sessionid: <*>
s10, 1424, Client attempting to establish new session at <*>
s18, 1425, Expiring session <*> of <*> exceeded
s17, 1426, Processed session termination for sessionid: <*>
s18, 1427, Expiring session <*> of <*> exceeded
s41, 1428, shutdown of request processor complete
s12, 1429, Accepted socket connection from <*>
s32, 1430, Exception causing close of session <*> to <*> ZooKeeperServer not running
s31, 1431, Closed socket connection for client <*> (no session established for client)
s32, 1432, Exception causing close of session <*> to <*> ZooKeeperServer not running
s42, 1433, First is <*>
s26, 1434, Notification: <*> <*> <*> <*> <*> <*> <*> <*> <*> <*> (my state)
s26, 1435, Notification: <*> <*> <*> <*> <*> <*> <*> <*> <*> <*> (my state)
s18, 1436, Expiring session <*> of <*> exceeded
s18, 1437, Expiring session <*> of <*> exceeded
s18, 1438, Expiring session <*> of <*> exceeded
s7, 1439, Closed socket connection for client <*> which had sessionid <*>
s18, 1440, Expiring session <*> of <*> exceeded
s11, 1441, Established session <*> negotiated timeout <*> for client <*>
s17, 1442, Processed session termination for sessionid: <*>
s17, 1443, Processed session termination for sessionid: <*>
s12, 1444, Accepted socket connection from <*>
s11, 1445, Established session <*> negotiated timeout <*> for client <*>
s8, 1446, caught end of stream exception
s7, 1447, Closed socket connection for client <*> which had sessionid <*>
s7, 1448, Closed socket connection for client <*> which had sessionid <*>
s7, 1449, Closed socket connection for client <*> which had sessionid <*>
s17, 1450, Processed session termination for sessionid: <*>
s10, 1451, Client attempting to establish new session at <*>
s14, 1452, Connection request from old client <*> will be dropped if server is in <*> mode
s18, 1453, Expiring session <*> of <*> exceeded
s27, 1454, <*> set to <*>
s43, 1455, Reading snapshot <*>
s44, 1456, Sending DIFF
s18, 1457, Expiring session <*> of <*> exceeded
s17, 1458, Processed session termination for sessionid: <*>
s17, 1459, Processed session termination for sessionid: <*>
s20, 1460, LOOKING
s45, 1461, Getting a snapshot from leader
s16, 1462, Cannot open channel to <*> at election address <*>
s26, 1463, Notification: <*> <*> <*> <*> <*> <*> <*> <*> <*> <*> (my state)
s26, 1464, Notification: <*> <*> <*> <*> <*> <*> <*> <*> <*> <*> (my state)
s4, 1465, Interrupted while waiting for message on queue
s5, 1466, Connection broken for id <*> my id <?> <*> error <?>
s5, 1467, Connection broken for id <*> my id <?> <*> error <?>
s3, 1468, Send worker leaving thread
s3, 1469, Send worker leaving thread
s3, 1470, Send worker leaving thread
s4, 1471, Interrupted while waiting for message on queue
s6, 1472, Interrupting SendWorker
s3, 1473, Send worker leaving thread
s3, 1474, Send worker leaving thread
s2, 1475, Received connection request <*>
s5, 1476, Connection broken for id <*> my id <?> <*> error <?>
s6, 1477, Interrupting SendWorker
s2, 1478, Received connection request <*>
s4, 1479, Interrupted while waiting for message on queue
s5, 1480, Connection broken for id <*> my id <?> <*> error <?>
s2, 1481, Received connection request <*>
s3, 1482, Send worker leaving thread
s2, 1483, Received connection request <*>
s3, 1484, Send worker leaving thread
s6, 1485, Interrupting SendWorker
s5, 1486, Connection broken for id <*> my id <?> <*> error <?>
s3, 1487, Send worker leaving thread
s5, 1488, Connection broken for id <*> my id <?> <*> error <?>
s3, 1489, Send worker leaving thread
s5, 1490, Connection broken for id <*> my id <?> <*> error <?>
s6, 1491, Interrupting SendWorker
s3, 1492, Send worker leaving thread
s2, 1493, Received connection request <*>
s2, 1494, Received connection request <*>
s6, 1495, Interrupting SendWorker
s6, 1496, Interrupting SendWorker
s2, 1497, Received connection request <*>
s5, 1498, Connection broken for id <*> my id <?> <*> error <?>
s3, 1499, Send worker leaving thread
s2, 1500, Received connection request <*>
s2, 1501, Received connection request <*>
s5, 1502, Connection broken for id <*> my id <?> <*> error <?>
s3, 1503, Send worker leaving thread
s4, 1504, Interrupted while waiting for message on queue
s5, 1505, Connection broken for id <*> my id <?> <*> error <?>
s5, 1506, Connection broken for id <*> my id <?> <*> error <?>
s4, 1507, Interrupted while waiting for message on queue
s4, 1508, Interrupted while waiting for message on queue
s3, 1509, Send worker leaving thread
s5, 1510, Connection broken for id <*> my id <?> <*> error <?>
s6, 1511, Interrupting SendWorker
s2, 1512, Received connection request <*>
s2, 1513, Received connection request <*>
s4, 1514, Interrupted while waiting for message on queue
s5, 1515, Connection broken for id <*> my id <?> <*> error <?>
s3, 1516, Send worker leaving thread
s2, 1517, Received connection request <*>
s3, 1518, Send worker leaving thread
s3, 1519, Send worker leaving thread
s2, 1520, Received connection request <*>
s2, 1521, Received connection request <*>
s3, 1522, Send worker leaving thread
s3, 1523, Send worker leaving thread
s3, 1524, Send worker leaving thread
s4, 1525, Interrupted while waiting for message on queue
s4, 1526, Interrupted while waiting for message on queue
s3, 1527, Send worker leaving thread
s2, 1528, Received connection request <*>
s3, 1529, Send worker leaving thread
s3, 1530, Send worker leaving thread
s4, 1531, Interrupted while waiting for message on queue
s5, 1532, Connection broken for id <*> my id <?> <*> error <?>
s5, 1533, Connection broken for id <*> my id <?> <*> error <?>
s5, 1534, Connection broken for id <*> my id <?> <*> error <?>
s4, 1535, Interrupted while waiting for message on queue
s3, 1536, Send worker leaving thread
s3, 1537, Send worker leaving thread
s6, 1538, Interrupting SendWorker
s3, 1539, Send worker leaving thread
s2, 1540, Received connection request <*>
s5, 1541, Connection broken for id <*> my id <?> <*> error <?>
s5, 1542, Connection broken for id <*> my id <?> <*> error <?>
s4, 1543, Interrupted while waiting for message on queue
s6, 1544, Interrupting SendWorker
s4, 1545, Interrupted while waiting for message on queue
s3, 1546, Send worker leaving thread
s6, 1547, Interrupting SendWorker
s3, 1548, Send worker leaving thread
s3, 1549, Send worker leaving thread
s6, 1550, Interrupting SendWorker
s6, 1551, Interrupting SendWorker
s3, 1552, Send worker leaving thread
s2, 1553, Received connection request <*>
s4, 1554, Interrupted while waiting for message on queue
s2, 1555, Received connection request <*>
s3, 1556, Send worker leaving thread
s5, 1557, Connection broken for id <*> my id <?> <*> error <?>
s6, 1558, Interrupting SendWorker
s4, 1559, Interrupted while waiting for message on queue
s3, 1560, Send worker leaving thread
s6, 1561, Interrupting SendWorker
s6, 1562, Interrupting SendWorker
s4, 1563, Interrupted while waiting for message on queue
s2, 1564, Received connection request <*>
s5, 1565, Connection broken for id <*> my id <?> <*> error <?>
s3, 1566, Send worker leaving thread
s6, 1567, Interrupting SendWorker
s2, 1568, Received connection request <*>
s3, 1569, Send worker leaving thread
s5, 1570, Connection broken for id <*> my id <?> <*> error <?>
s5, 1571, Connection broken for id <*> my id <?> <*> error <?>
s2, 1572, Received connection request <*>
s3, 1573, Send worker leaving thread
s4, 1574, Interrupted while waiting for message on queue
s2, 1575, Received connection request <*>
s5, 1576, Connection broken for id <*> my id <?> <*> error <?>
s2, 1577, Received connection request <*>
s6, 1578, Interrupting SendWorker
s2, 1579, Received connection request <*>
s4, 1580, Interrupted while waiting for message on queue
s4, 1581, Interrupted while waiting for message on queue
s5, 1582, Connection broken for id <*> my id <?> <*> error <?>
s2, 1583, Received connection request <*>
s4, 1584, Interrupted while waiting for message on queue
s5, 1585, Connection broken for id <*> my id <?> <*> error <?>
s2, 1586, Received connection request <*>
s6, 1587, Interrupting SendWorker
s3, 1588, Send worker leaving thread
s5, 1589, Connection broken for id <*> my id <?> <*> error <?>
s6, 1590, Interrupting SendWorker
s4, 1591, Interrupted while waiting for message on queue
s4, 1592, Interrupted while waiting for message on queue
s3, 1593, Send worker leaving thread
s6, 1594, Interrupting SendWorker
s6, 1595, Interrupting SendWorker
s3, 1596, Send worker leaving thread
s4, 1597, Interrupted while waiting for message on queue
s3, 1598, Send worker leaving thread
s2, 1599, Received connection request <*>
s2, 1600, Received connection request <*>
s2, 1601, Received connection request <*>
s4, 1602, Interrupted while waiting for message on queue
s6, 1603, Interrupting SendWorker
s4, 1604, Interrupted while waiting for message on queue
s2, 1605, Received connection request <*>
s5, 1606, Connection broken for id <*> my id <?> <*> error <?>
s3, 1607, Send worker leaving thread
s4, 1608, Interrupted while waiting for message on queue
s4, 1609, Interrupted while waiting for message on queue
s6, 1610, Interrupting SendWorker
s2, 1611, Received connection request <*>
s5, 1612, Connection broken for id <*> my id <?> <*> error <?>
s3, 1613, Send worker leaving thread
s4, 1614, Interrupted while waiting for message on queue
s6, 1615, Interrupting SendWorker
s5, 1616, Connection broken for id <*> my id <?> <*> error <?>
s2, 1617, Received connection request <*>
s4, 1618, Interrupted while waiting for message on queue
s6, 1619, Interrupting SendWorker
s2, 1620, Received connection request <*>
s2, 1621, Received connection request <*>
s5, 1622, Connection broken for id <*> my id <?> <*> error <?>
s6, 1623, Interrupting SendWorker
s2, 1624, Received connection request <*>
s6, 1625, Interrupting SendWorker
s3, 1626, Send worker leaving thread
s5, 1627, Connection broken for id <*> my id <?> <*> error <?>
s4, 1628, Interrupted while waiting for message on queue
s4, 1629, Interrupted while waiting for message on queue
s4, 1630, Interrupted while waiting for message on queue
s2, 1631, Received connection request <*>
s4, 1632, Interrupted while waiting for message on queue
s6, 1633, Interrupting SendWorker
s5, 1634, Connection broken for id <*> my id <?> <*> error <?>
s6, 1635, Interrupting SendWorker
s5, 1636, Connection broken for id <*> my id <?> <*> error <?>
s2, 1637, Received connection request <*>
s6, 1638, Interrupting SendWorker
s4, 1639, Interrupted while waiting for message on queue
s3, 1640, Send worker leaving thread
s4, 1641, Interrupted while waiting for message on queue
s4, 1642, Interrupted while waiting for message on queue
s3, 1643, Send worker leaving thread
s4, 1644, Interrupted while waiting for message on queue
s2, 1645, Received connection request <*>
s5, 1646, Connection broken for id <*> my id <?> <*> error <?>
s6, 1647, Interrupting SendWorker
s4, 1648, Interrupted while waiting for message on queue
s2, 1649, Received connection request <*>
s2, 1650, Received connection request <*>
s6, 1651, Interrupting SendWorker
s6, 1652, Interrupting SendWorker
s5, 1653, Connection broken for id <*> my id <?> <*> error <?>
s2, 1654, Received connection request <*>
s6, 1655, Interrupting SendWorker
s2, 1656, Received connection request <*>
s4, 1657, Interrupted while waiting for message on queue
s4, 1658, Interrupted while waiting for message on queue
s2, 1659, Received connection request <*>
s5, 1660, Connection broken for id <*> my id <?> <*> error <?>
s6, 1661, Interrupting SendWorker
s6, 1662, Interrupting SendWorker
s6, 1663, Interrupting SendWorker
s2, 1664, Received connection request <*>
s3, 1665, Send worker leaving thread
s2, 1666, Received connection request <*>
s4, 1667, Interrupted while waiting for message on queue
s4, 1668, Interrupted while waiting for message on queue
s5, 1669, Connection broken for id <*> my id <?> <*> error <?>
s4, 1670, Interrupted while waiting for message on queue
s2, 1671, Received connection request <*>
s4, 1672, Interrupted while waiting for message on queue
s2, 1673, Received connection request <*>
s3, 1674, Send worker leaving thread
s4, 1675, Interrupted while waiting for message on queue
s3, 1676, Send worker leaving thread
s2, 1677, Received connection request <*>
s3, 1678, Send worker leaving thread
s2, 1679, Received connection request <*>
s2, 1680, Received connection request <*>
s3, 1681, Send worker leaving thread
s6, 1682, Interrupting SendWorker
s5, 1683, Connection broken for id <*> my id <?> <*> error <?>
s4, 1684, Interrupted while waiting for message on queue
s3, 1685, Send worker leaving thread
s3, 1686, Send worker leaving thread
s4, 1687, Interrupted while waiting for message on queue
s2, 1688, Received connection request <*>
s4, 1689, Interrupted while waiting for message on queue
s4, 1690, Interrupted while waiting for message on queue
s5, 1691, Connection broken for id <*> my id <?> <*> error <?>
s4, 1692, Interrupted while waiting for message on queue
s4, 1693, Interrupted while waiting for message on queue
s6, 1694, Interrupting SendWorker
s6, 1695, Interrupting SendWorker
s5, 1696, Connection broken for id <*> my id <?> <*> error <?>
s4, 1697, Interrupted while waiting for message on queue
s5, 1698, Connection broken for id <*> my id <?> <*> error <?>
s6, 1699, Interrupting SendWorker
s6, 1700, Interrupting SendWorker
s6, 1701, Interrupting SendWorker
s4, 1702, Interrupted while waiting for message on queue
s2, 1703, Received connection request <*>
s4, 1704, Interrupted while waiting for message on queue
s3, 1705, Send worker leaving thread
s2, 1706, Received connection request <*>
s2, 1707, Received connection request <*>
s6, 1708, Interrupting SendWorker
s6, 1709, Interrupting SendWorker
s2, 1710, Received connection request <*>
s5, 1711, Connection broken for id <*> my id <?> <*> error <?>
s5, 1712, Connection broken for id <*> my id <?> <*> error <?>
s6, 1713, Interrupting SendWorker
s5, 1714, Connection broken for id <*> my id <?> <*> error <?>
s6, 1715, Interrupting SendWorker
s2, 1716, Received connection request <*>
s4, 1717, Interrupted while waiting for message on queue
s2, 1718, Received connection request <*>
s2, 1719, Received connection request <*>
s5, 1720, Connection broken for id <*> my id <?> <*> error <?>
s3, 1721, Send worker leaving thread
s5, 1722, Connection broken for id <*> my id <?> <*> error <?>
s4, 1723, Interrupted while waiting for message on queue
s2, 1724, Received connection request <*>
s2, 1725, Received connection request <*>
s3, 1726, Send worker leaving thread
s6, 1727, Interrupting SendWorker
s4, 1728, Interrupted while waiting for message on queue
s3, 1729, Send worker leaving thread
s4, 1730, Interrupted while waiting for message on queue
s2, 1731, Received connection request <*>
s2, 1732, Received connection request <*>
s4, 1733, Interrupted while waiting for message on queue
s3, 1734, Send worker leaving thread
s2, 1735, Received connection request <*>
s3, 1736, Send worker leaving thread
s5, 1737, Connection broken for id <*> my id <?> <*> error <?>
s5, 1738, Connection broken for id <*> my id <?> <*> error <?>
s4, 1739, Interrupted while waiting for message on queue
s2, 1740, Received connection request <*>
s5, 1741, Connection broken for id <*> my id <?> <*> error <?>
s2, 1742, Received connection request <*>
s3, 1743, Send worker leaving thread
s4, 1744, Interrupted while waiting for message on queue
s5, 1745, Connection broken for id <*> my id <?> <*> error <?>
s6, 1746, Interrupting SendWorker
s5, 1747, Connection broken for id <*> my id <?> <*> error <?>
s5, 1748, Connection broken for id <*> my id <?> <*> error <?>
s5, 1749, Connection broken for id <*> my id <?> <*> error <?>
s3, 1750, Send worker leaving thread
s4, 1751, Interrupted while waiting for message on queue
s4, 1752, Interrupted while waiting for message on queue
s4, 1753, Interrupted while waiting for message on queue
s6, 1754, Interrupting SendWorker
s5, 1755, Connection broken for id <*> my id <?> <*> error <?>
s6, 1756, Interrupting SendWorker
s5, 1757, Connection broken for id <*> my id <?> <*> error <?>
s4, 1758, Interrupted while waiting for message on queue
s3, 1759, Send worker leaving thread
s2, 1760, Received connection request <*>
s5, 1761, Connection broken for id <*> my id <?> <*> error <?>
s5, 1762, Connection broken for id <*> my id <?> <*> error <?>
s6, 1763, Interrupting SendWorker
s5, 1764, Connection broken for id <*> my id <?> <*> error <?>
s6, 1765, Interrupting SendWorker
s3, 1766, Send worker leaving thread
s2, 1767, Received connection request <*>
s3, 1768, Send worker leaving thread
s4, 1769, Interrupted while waiting for message on queue
s4, 1770, Interrupted while waiting for message on queue
s2, 1771, Received connection request <*>
s4, 1772, Interrupted while waiting for message on queue
s2, 1773, Received connection request <*>
s5, 1774, Connection broken for id <*> my id <?> <*> error <?>
s2, 1775, Received connection request <*>
s4, 1776, Interrupted while waiting for message on queue
s4, 1777, Interrupted while waiting for message on queue
s6, 1778, Interrupting SendWorker
s3, 1779, Send worker leaving thread
s5, 1780, Connection broken for id <*> my id <?> <*> error <?>
s3, 1781, Send worker leaving thread
s6, 1782, Interrupting SendWorker
s4, 1783, Interrupted while waiting for message on queue
s4, 1784, Interrupted while waiting for message on queue
s2, 1785, Received connection request <*>
s6, 1786, Interrupting SendWorker
s2, 1787, Received connection request <*>
s2, 1788, Received connection request <*>
s4, 1789, Interrupted while waiting for message on queue
s2, 1790, Received connection request <*>
s3, 1791, Send worker leaving thread
s4, 1792, Interrupted while waiting for message on queue
s5, 1793, Connection broken for id <*> my id <?> <*> error <?>
s5, 1794, Connection broken for id <*> my id <?> <*> error <?>
s6, 1795, Interrupting SendWorker
s6, 1796, Interrupting SendWorker
s3, 1797, Send worker leaving thread
s5, 1798, Connection broken for id <*> my id <?> <*> error <?>
s5, 1799, Connection broken for id <*> my id <?> <*> error <?>
s6, 1800, Interrupting SendWorker
s2, 1801, Received connection request <*>
s4, 1802, Interrupted while waiting for message on queue
s4, 1803, Interrupted while waiting for message on queue
s6, 1804, Interrupting SendWorker
s2, 1805, Received connection request <*>
s3, 1806, Send worker leaving thread
s5, 1807, Connection broken for id <*> my id <?> <*> error <?>
s5, 1808, Connection broken for id <*> my id <?> <*> error <?>
s4, 1809, Interrupted while waiting for message on queue
s2, 1810, Received connection request <*>
s3, 1811, Send worker leaving thread
s6, 1812, Interrupting SendWorker
s5, 1813, Connection broken for id <*> my id <?> <*> error <?>
s5, 1814, Connection broken for id <*> my id <?> <*> error <?>
s6, 1815, Interrupting SendWorker
s2, 1816, Received connection request <*>
s3, 1817, Send worker leaving thread
s2, 1818, Received connection request <*>
s3, 1819, Send worker leaving thread
s5, 1820, Connection broken for id <*> my id <?> <*> error <?>
s6, 1821, Interrupting SendWorker
s4, 1822, Interrupted while waiting for message on queue
s4, 1823, Interrupted while waiting for message on queue
s3, 1824, Send worker leaving thread
s4, 1825, Interrupted while waiting for message on queue
s2, 1826, Received connection request <*>
s5, 1827, Connection broken for id <*> my id <?> <*> error <?>
s5, 1828, Connection broken for id <*> my id <?> <*> error <?>
s6, 1829, Interrupting SendWorker
s2, 1830, Received connection request <*>
s4, 1831, Interrupted while waiting for message on queue
s5, 1832, Connection broken for id <*> my id <?> <*> error <?>
s2, 1833, Received connection request <*>
s4, 1834, Interrupted while waiting for message on queue
s5, 1835, Connection broken for id <*> my id <?> <*> error <?>
s5, 1836, Connection broken for id <*> my id <?> <*> error <?>
s5, 1837, Connection broken for id <*> my id <?> <*> error <?>
s3, 1838, Send worker leaving thread
s6, 1839, Interrupting SendWorker
s2, 1840, Received connection request <*>
s5, 1841, Connection broken for id <*> my id <?> <*> error <?>
s3, 1842, Send worker leaving thread
s2, 1843, Received connection request <*>
s4, 1844, Interrupted while waiting for message on queue
s5, 1845, Connection broken for id <*> my id <?> <*> error <?>
s2, 1846, Received connection request <*>
s5, 1847, Connection broken for id <*> my id <?> <*> error <?>
s5, 1848, Connection broken for id <*> my id <?> <*> error <?>
s6, 1849, Interrupting SendWorker
s6, 1850, Interrupting SendWorker
s5, 1851, Connection broken for id <*> my id <?> <*> error <?>
s6, 1852, Interrupting SendWorker
s4, 1853, Interrupted while waiting for message on queue
s4, 1854, Interrupted while waiting for message on queue
s5, 1855, Connection broken for id <*> my id <?> <*> error <?>
s5, 1856, Connection broken for id <*> my id <?> <*> error <?>
s5, 1857, Connection broken for id <*> my id <?> <*> error <?>
s2, 1858, Received connection request <*>
s3, 1859, Send worker leaving thread
s6, 1860, Interrupting SendWorker
s6, 1861, Interrupting SendWorker
s5, 1862, Connection broken for id <*> my id <?> <*> error <?>
s2, 1863, Received connection request <*>
s4, 1864, Interrupted while waiting for message on queue
s5, 1865, Connection broken for id <*> my id <?> <*> error <?>
s5, 1866, Connection broken for id <*> my id <?> <*> error <?>
s2, 1867, Received connection request <*>
s4, 1868, Interrupted while waiting for message on queue
s2, 1869, Received connection request <*>
s4, 1870, Interrupted while waiting for message on queue
s5, 1871, Connection broken for id <*> my id <?> <*> error <?>
s6, 1872, Interrupting SendWorker
s2, 1873, Received connection request <*>
s5, 1874, Connection broken for id <*> my id <?> <*> error <?>
s4, 1875, Interrupted while waiting for message on queue
s2, 1876, Received connection request <*>
s5, 1877, Connection broken for id <*> my id <?> <*> error <?>
s2, 1878, Received connection request <*>
s6, 1879, Interrupting SendWorker
s4, 1880, Interrupted while waiting for message on queue
s5, 1881, Connection broken for id <*> my id <?> <*> error <?>
s5, 1882, Connection broken for id <*> my id <?> <*> error <?>
s2, 1883, Received connection request <*>
s4, 1884, Interrupted while waiting for message on queue
s4, 1885, Interrupted while waiting for message on queue
s2, 1886, Received connection request <*>
s5, 1887, Connection broken for id <*> my id <?> <*> error <?>
s5, 1888, Connection broken for id <*> my id <?> <*> error <?>
s6, 1889, Interrupting SendWorker
s5, 1890, Connection broken for id <*> my id <?> <*> error <?>
s4, 1891, Interrupted while waiting for message on queue
s2, 1892, Received connection request <*>
s4, 1893, Interrupted while waiting for message on queue
s3, 1894, Send worker leaving thread
s2, 1895, Received connection request <*>
s6, 1896, Interrupting SendWorker
s3, 1897, Send worker leaving thread
s2, 1898, Received connection request <*>
s3, 1899, Send worker leaving thread
s3, 1900, Send worker leaving thread
s2, 1901, Received connection request <*>
s2, 1902, Received connection request <*>
s4, 1903, Interrupted while waiting for message on queue
s2, 1904, Received connection request <*>
s2, 1905, Received connection request <*>
s2, 1906, Received connection request <*>
s5, 1907, Connection broken for id <*> my id <?> <*> error <?>
s5, 1908, Connection broken for id <*> my id <?> <*> error <?>
s3, 1909, Send worker leaving thread
s5, 1910, Connection broken for id <*> my id <?> <*> error <?>
s4, 1911, Interrupted while waiting for message on queue
s2, 1912, Received connection request <*>
s2, 1913, Received connection request <*>
s5, 1914, Connection broken for id <*> my id <?> <*> error <?>
s3, 1915, Send worker leaving thread
s6, 1916, Interrupting SendWorker
s4, 1917, Interrupted while waiting for message on queue
s2, 1918, Received connection request <*>
s5, 1919, Connection broken for id <*> my id <?> <*> error <?>
s6, 1920, Interrupting SendWorker
s31, 1921, Closed socket connection for client <*> (no session established for client)
s26, 1922, Notification: <*> <*> <*> <*> <*> <*> <*> <*> <*> <*> (my state)
s31, 1923, Closed socket connection for client <*> (no session established for client)
s12, 1924, Accepted socket connection from <*>
s12, 1925, Accepted socket connection from <*>
s11, 1926, Established session <*> negotiated timeout <*> for client <*>
s14, 1927, Connection request from old client <*> will be dropped if server is in <*> mode
s12, 1928, Accepted socket connection from <*>
s10, 1929, Client attempting to establish new session at <*>
s10, 1930, Client attempting to establish new session at <*>
s8, 1931, caught end of stream exception
s11, 1932, Established session <*> negotiated timeout <*> for client <*>
s11, 1933, Established session <*> negotiated timeout <*> for client <*>
s10, 1934, Client attempting to establish new session at <*>
s12, 1935, Accepted socket connection from <*>
s12, 1936, Accepted socket connection from <*>
s8, 1937, caught end of stream exception
s12, 1938, Accepted socket connection from <*>
s7, 1939, Closed socket connection for client <*> which had sessionid <*>
s8, 1940, caught end of stream exception
s10, 1941, Client attempting to establish new session at <*>
s11, 1942, Established session <*> negotiated timeout <*> for client <*>
s14, 1943, Connection request from old client <*> will be dropped if server is in <*> mode
s12, 1944, Accepted socket connection from <*>
s7, 1945, Closed socket connection for client <*> which had sessionid <*>
s7, 1946, Closed socket connection for client <*> which had sessionid <*>
s8, 1947, caught end of stream exception
s12, 1948, Accepted socket connection from <*>
s14, 1949, Connection request from old client <*> will be dropped if server is in <*> mode
s14, 1950, Connection request from old client <*> will be dropped if server is in <*> mode
s7, 1951, Closed socket connection for client <*> which had sessionid <*>
s12, 1952, Accepted socket connection from <*>
s12, 1953, Accepted socket connection from <*>
s12, 1954, Accepted socket connection from <*>
s8, 1955, caught end of stream exception
s5, 1956, Connection broken for id <*> my id <?> <*> error <?>
s11, 1957, Established session <*> negotiated timeout <*> for client <*>
s20, 1958, LOOKING
s26, 1959, Notification: <*> <*> <*> <*> <*> <*> <*> <*> <*> <*> (my state)
s12, 1960, Accepted socket connection from <*>
s14, 1961, Connection request from old client <*> will be dropped if server is in <*> mode
s11, 1962, Established session <*> negotiated timeout <*> for client <*>
s11, 1963, Established session <*> negotiated timeout <*> for client <*>
s11, 1964, Established session <*> negotiated timeout <*> for client <*>
s14, 1965, Connection request from old client <*> will be dropped if server is in <*> mode
s10, 1966, Client attempting to establish new session at <*>
s12, 1967, Accepted socket connection from <*>
s7, 1968, Closed socket connection for client <*> which had sessionid <*>
s7, 1969, Closed socket connection for client <*> which had sessionid <*>
s10, 1970, Client attempting to establish new session at <*>
s14, 1971, Connection request from old client <*> will be dropped if server is in <*> mode
s10, 1972, Client attempting to establish new session at <*>
s11, 1973, Established session <*> negotiated timeout <*> for client <*>
s8, 1974, caught end of stream exception
s46, 1975, minSessionTimeout set to <*>
s15, 1976, Server <*>
s15, 1977, Server <*>
s11, 1978, Established session <*> negotiated timeout <*> for client <*>
s12, 1979, Accepted socket connection from <*>
s12, 1980, Accepted socket connection from <*>
s7, 1981, Closed socket connection for client <*> which had sessionid <*>
s8, 1982, caught end of stream exception
s11, 1983, Established session <*> negotiated timeout <*> for client <*>
s7, 1984, Closed socket connection for client <*> which had sessionid <*>
s11, 1985, Established session <*> negotiated timeout <*> for client <*>
s14, 1986, Connection request from old client <*> will be dropped if server is in <*> mode
s14, 1987, Connection request from old client <*> will be dropped if server is in <*> mode
s2, 1988, Received connection request <*>
s46, 1989, minSessionTimeout set to <*>
s15, 1990, Server <*>
s45, 1991, Getting a snapshot from leader
s7, 1992, Closed socket connection for client <*> which had sessionid <*>
s12, 1993, Accepted socket connection from <*>
s11, 1994, Established session <*> negotiated timeout <*> for client <*>
s26, 1995, Notification: <*> <*> <*> <*> <*> <*> <*> <*> <*> <*> (my state)
s10, 1996, Client attempting to establish new session at <*>
s7, 1997, Closed socket connection for client <*> which had sessionid <*>
s18, 1998, Expiring session <*> of <*> exceeded
s18, 1999, Expiring session <*> of <*> exceeded
s17, 2000, Processed session termination for sessionid: <*>
