s1, 1, Component State Change: Component <*> is in the unavailable state <*>
s1, 2, Component State Change: Component <*> is in the unavailable state <*>
s1, 3, Component State Change: Component <*> is in the unavailable state <*>
s1, 4, Component State Change: Component <*> is in the unavailable state <*>
s1, 5, Component State Change: Component <*> is in the unavailable state <*>
s1, 6, Component State Change: Component <*> is in the unavailable state <*>
s1, 7, Component State Change: Component <*> is in the unavailable state <*>
s1, 8, Component State Change: Component <*> is in the unavailable state <*>
s1, 9, Component State Change: Component <*> is in the unavailable state <*>
s1, 10, Component State Change: Component <*> is in the unavailable state <*>
s1, 11, Component State Change: Component <*> is in the unavailable state <*>
s1, 12, Component State Change: Component <*> is in the unavailable state <*>
s2, 13, clusterAddMember (command <*>
s2, 14, clusterAddMember (command <*>
s3, 15, risBoot (command <*>
s4, 16, bootGenvmunix (command <*>
s5, 17, boot (command <*>
s5, 18, boot (command <*>
s5, 19, boot (command <*>
s5, 20, boot (command <*>
s6, 21, wait (command <*>
s5, 22, boot (command <*>
s7, 23, halt (command <*>
s5, 24, boot (command <*>
s5, 25, boot (command <*>
s6, 26, wait (command <*>
s6, 27, wait (command <*>
s5, 28, boot (command <*>
s6, 29, wait (command <*>
s5, 30, boot (command <*>
s5, 31, boot (command <*>
s5, 32, boot (command <*>
s7, 33, halt (command <*>
s6, 34, wait (command <*>
s6, 35, wait (command <*>
s6, 36, wait (command <*>
s6, 37, wait (command <*>
s5, 38, boot (command <*>
s6, 39, wait (command <*>
s6, 40, wait (command <*>
s6, 41, wait (command <*>
s6, 42, wait (command <*>
s5, 43, boot (command <*>
s5, 44, boot (command <*>
s5, 45, boot (command <*>
s6, 46, wait (command <*>
s6, 47, wait (command <*>
s6, 48, wait (command <*>
s5, 49, boot (command <*>
s5, 50, boot (command <*>
s5, 51, boot (command <*>
s5, 52, boot (command <*>
s5, 53, boot (command <*>
s6, 54, wait (command <*>
s6, 55, wait (command <*>
s5, 56, boot (command <*>
s6, 57, wait (command <*>
s5, 58, boot (command <*>
s6, 59, wait (command <*>
s5, 60, boot (command <*>
s6, 61, wait (command <*>
s6, 62, wait (command <*>
s5, 63, boot (command <*>
s6, 64, wait (command <*>
s5, 65, boot (command <*>
s6, 66, wait (command <*>
s5, 67, boot (command <*>
s5, 68, boot (command <*>
s5, 69, boot (command <*>
s5, 70, boot (command <*>
s5, 71, boot (command <*>
s6, 72, wait (command <*>
s5, 73, boot (command <*>
s6, 74, wait (command <*>
s5, 75, boot (command <*>
s5, 76, boot (command <*>
s5, 77, boot (command <*>
s6, 78, wait (command <*>
s5, 79, boot (command <*>
s6, 80, wait (command <*>
s6, 81, wait (command <*>
s6, 82, wait (command <*>
s5, 83, boot (command <*>
s6, 84, wait (command <*>
s6, 85, wait (command <*>
s6, 86, wait (command <*>
s6, 87, wait (command <*>
s6, 88, wait (command <*>
s6, 89, wait (command <*>
s5, 90, boot (command <*>
s6, 91, wait (command <*>
s5, 92, boot (command <*>
s7, 93, halt (command <*>
s6, 94, wait (command <*>
s6, 95, wait (command <*>
s6, 96, wait (command <*>
s6, 97, wait (command <*>
s5, 98, boot (command <*>
s5, 99, boot (command <*>
s5, 100, boot (command <*>
s5, 101, boot (command <*>
s5, 102, boot (command <*>
s5, 103, boot (command <*>
s5, 104, boot (command <*>
s6, 105, wait (command <*>
s6, 106, wait (command <*>
s5, 107, boot (command <*>
s6, 108, wait (command <*>
s5, 109, boot (command <*>
s5, 110, boot (command <*>
s6, 111, wait (command <*>
s6, 112, wait (command <*>
s6, 113, wait (command <*>
s5, 114, boot (command <*>
s5, 115, boot (command <*>
s5, 116, boot (command <*>
s5, 117, boot (command <*>
s5, 118, boot (command <*>
s6, 119, wait (command <*>
s5, 120, boot (command <*>
s6, 121, wait (command <*>
s5, 122, boot (command <*>
s6, 123, wait (command <*>
s5, 124, boot (command <*>
s6, 125, wait (command <*>
s5, 126, boot (command <*>
s6, 127, wait (command <*>
s6, 128, wait (command <*>
s6, 129, wait (command <*>
s6, 130, wait (command <*>
s5, 131, boot (command <*>
s5, 132, boot (command <*>
s5, 133, boot (command <*>
s5, 134, boot (command <*>
s6, 135, wait (command <*>
s6, 136, wait (command <*>
s6, 137, wait (command <*>
s5, 138, boot (command <*>
s6, 139, wait (command <*>
s6, 140, wait (command <*>
s5, 141, boot (command <*>
s6, 142, wait (command <*>
s6, 143, wait (command <*>
s5, 144, boot (command <*>
s6, 145, wait (command <*>
s5, 146, boot (command <*>
s5, 147, boot (command <*>
s6, 148, wait (command <*>
s6, 149, wait (command <*>
s4, 150, bootGenvmunix (command <*>
s5, 151, boot (command <*>
s6, 152, wait (command <*>
s6, 153, wait (command <*>
s8, 154, Command has completed successfully
s8, 155, Command has completed successfully
s8, 156, Command has completed successfully
s8, 157, Command has completed successfully
s8, 158, Command has completed successfully
s8, 159, Command has completed successfully
s8, 160, Command has completed successfully
s8, 161, Command has completed successfully
s8, 162, Command has completed successfully
s8, 163, Command has completed successfully
s9, 164, Targeting <*> and <*> child of command <*>
s9, 165, Targeting <*> and <*> child of command <*>
s10, 166, Targeting <*> and <*> <*> <*>
s9, 167, Targeting <*> and <*> child of command <*>
s9, 168, Targeting <*> and <*> child of command <*>
s11, 169, Targeting <*> and <*>
s12, 170, Targeting <*> <*> and <*> <*>
s9, 171, Targeting <*> and <*> child of command <*>
s11, 172, Targeting <*> and <*>
s13, 173, psu failure\ <*>
s13, 174, psu failure\ <*>
s13, 175, psu failure\ <*>
s13, 176, psu failure\ <*>
s13, 177, psu failure\ <*>
s14, 178, Temperature (41C) exceeds warning threshold
s14, 179, Temperature (41C) exceeds warning threshold
s15, 180, ClusterFileSystem: There is no server for ServerFileSystem domain <*>
s15, 181, ClusterFileSystem: There is no server for ServerFileSystem domain <*>
s15, 182, ClusterFileSystem: There is no server for ServerFileSystem domain <*>
s15, 183, ClusterFileSystem: There is no server for ServerFileSystem domain <*>
s15, 184, ClusterFileSystem: There is no server for ServerFileSystem domain <*>
s15, 185, ClusterFileSystem: There is no server for ServerFileSystem domain <*>
s15, 186, ClusterFileSystem: There is no server for ServerFileSystem domain <*>
s15, 187, ClusterFileSystem: There is no server for ServerFileSystem domain <*>
s15, 188, ClusterFileSystem: There is no server for ServerFileSystem domain <*>
s15, 189, ClusterFileSystem: There is no server for ServerFileSystem domain <*>
s15, 190, ClusterFileSystem: There is no server for ServerFileSystem domain <*>
s15, 191, ClusterFileSystem: There is no server for ServerFileSystem domain <*>
s15, 192, ClusterFileSystem: There is no server for ServerFileSystem domain <*>
s15, 193, ClusterFileSystem: There is no server for ServerFileSystem domain <*>
s15, 194, ClusterFileSystem: There is no server for ServerFileSystem domain <*>
s15, 195, ClusterFileSystem: There is no server for ServerFileSystem domain <*>
s15, 196, ClusterFileSystem: There is no server for ServerFileSystem domain <*>
s15, 197, ClusterFileSystem: There is no server for ServerFileSystem domain <*>
s15, 198, ClusterFileSystem: There is no server for ServerFileSystem domain <*>
s15, 199, ClusterFileSystem: There is no server for ServerFileSystem domain <*>
s15, 200, ClusterFileSystem: There is no server for ServerFileSystem domain <*>
s15, 201, ClusterFileSystem: There is no server for ServerFileSystem domain <*>
s15, 202, ClusterFileSystem: There is no server for ServerFileSystem domain <*>
s15, 203, ClusterFileSystem: There is no server for ServerFileSystem domain <*>
s15, 204, ClusterFileSystem: There is no server for ServerFileSystem domain <*>
s15, 205, ClusterFileSystem: There is no server for ServerFileSystem domain <*>
s15, 206, ClusterFileSystem: There is no server for ServerFileSystem domain <*>
s15, 207, ClusterFileSystem: There is no server for ServerFileSystem domain <*>
s15, 208, ClusterFileSystem: There is no server for ServerFileSystem domain <*>
s15, 209, ClusterFileSystem: There is no server for ServerFileSystem domain <*>
s15, 210, ClusterFileSystem: There is no server for ServerFileSystem domain <*>
s15, 211, ClusterFileSystem: There is no server for ServerFileSystem domain <*>
s16, 212, NIFF: node <*> detected a failed network connection on network <*> via interface <*>
s16, 213, NIFF: node <*> detected a failed network connection on network <*> via interface <*>
s17, 214, ServerFileSystem: An ServerFileSystem domain panic has occurred on <*>
s18, 215, Fan speeds ( <*> <*> <*> **** <*> <*> )
s18, 216, Fan speeds ( <*> <*> <*> **** <*> <*> )
s18, 217, Fan speeds ( <*> <*> <*> **** <*> <*> )
s18, 218, Fan speeds ( <*> <*> <*> **** <*> <*> )
s19, 219, Fan speeds ( <*> <*> <*> <*> <*> <*> )
s18, 220, Fan speeds ( <*> <*> <*> **** <*> <*> )
s19, 221, Fan speeds ( <*> <*> <*> <*> <*> <*> )
s18, 222, Fan speeds ( <*> <*> <*> **** <*> <*> )
s18, 223, Fan speeds ( <*> <*> <*> **** <*> <*> )
s19, 224, Fan speeds ( <*> <*> <*> <*> <*> <*> )
s18, 225, Fan speeds ( <*> <*> <*> **** <*> <*> )
s18, 226, Fan speeds ( <*> <*> <*> **** <*> <*> )
s18, 227, Fan speeds ( <*> <*> <*> **** <*> <*> )
s19, 228, Fan speeds ( <*> <*> <*> <*> <*> <*> )
s18, 229, Fan speeds ( <*> <*> <*> **** <*> <*> )
s18, 230, Fan speeds ( <*> <*> <*> **** <*> <*> )
s18, 231, Fan speeds ( <*> <*> <*> **** <*> <*> )
s18, 232, Fan speeds ( <*> <*> <*> **** <*> <*> )
s18, 233, Fan speeds ( <*> <*> <*> **** <*> <*> )
s18, 234, Fan speeds ( <*> <*> <*> **** <*> <*> )
s18, 235, Fan speeds ( <*> <*> <*> **** <*> <*> )
s18, 236, Fan speeds ( <*> <*> <*> **** <*> <*> )
s18, 237, Fan speeds ( <*> <*> <*> **** <*> <*> )
s18, 238, Fan speeds ( <*> <*> <*> **** <*> <*> )
s18, 239, Fan speeds ( <*> <*> <*> **** <*> <*> )
s18, 240, Fan speeds ( <*> <*> <*> **** <*> <*> )
s18, 241, Fan speeds ( <*> <*> <*> **** <*> <*> )
s18, 242, Fan speeds ( <*> <*> <*> **** <*> <*> )
s18, 243, Fan speeds ( <*> <*> <*> **** <*> <*> )
s18, 244, Fan speeds ( <*> <*> <*> **** <*> <*> )
s18, 245, Fan speeds ( <*> <*> <*> **** <*> <*> )
s18, 246, Fan speeds ( <*> <*> <*> **** <*> <*> )
s18, 247, Fan speeds ( <*> <*> <*> **** <*> <*> )
s18, 248, Fan speeds ( <*> <*> <*> **** <*> <*> )
s18, 249, Fan speeds ( <*> <*> <*> **** <*> <*> )
s18, 250, Fan speeds ( <*> <*> <*> **** <*> <*> )
s18, 251, Fan speeds ( <*> <*> <*> **** <*> <*> )
s18, 252, Fan speeds ( <*> <*> <*> **** <*> <*> )
s19, 253, Fan speeds ( <*> <*> <*> <*> <*> <*> )
s18, 254, Fan speeds ( <*> <*> <*> **** <*> <*> )
s18, 255, Fan speeds ( <*> <*> <*> **** <*> <*> )
s18, 256, Fan speeds ( <*> <*> <*> **** <*> <*> )
s18, 257, Fan speeds ( <*> <*> <*> **** <*> <*> )
s18, 258, Fan speeds ( <*> <*> <*> **** <*> <*> )
s18, 259, Fan speeds ( <*> <*> <*> **** <*> <*> )
s18, 260, Fan speeds ( <*> <*> <*> **** <*> <*> )
s18, 261, Fan speeds ( <*> <*> <*> **** <*> <*> )
s18, 262, Fan speeds ( <*> <*> <*> **** <*> <*> )
s18, 263, Fan speeds ( <*> <*> <*> **** <*> <*> )
s18, 264, Fan speeds ( <*> <*> <*> **** <*> <*> )
s18, 265, Fan speeds ( <*> <*> <*> **** <*> <*> )
s18, 266, Fan speeds ( <*> <*> <*> **** <*> <*> )
s19, 267, Fan speeds ( <*> <*> <*> <*> <*> <*> )
s18, 268, Fan speeds ( <*> <*> <*> **** <*> <*> )
s18, 269, Fan speeds ( <*> <*> <*> **** <*> <*> )
s18, 270, Fan speeds ( <*> <*> <*> **** <*> <*> )
s18, 271, Fan speeds ( <*> <*> <*> **** <*> <*> )
s19, 272, Fan speeds ( <*> <*> <*> <*> <*> <*> )
s18, 273, Fan speeds ( <*> <*> <*> **** <*> <*> )
s18, 274, Fan speeds ( <*> <*> <*> **** <*> <*> )
s18, 275, Fan speeds ( <*> <*> <*> **** <*> <*> )
s18, 276, Fan speeds ( <*> <*> <*> **** <*> <*> )
s18, 277, Fan speeds ( <*> <*> <*> **** <*> <*> )
s18, 278, Fan speeds ( <*> <*> <*> **** <*> <*> )
s18, 279, Fan speeds ( <*> <*> <*> **** <*> <*> )
s18, 280, Fan speeds ( <*> <*> <*> **** <*> <*> )
s18, 281, Fan speeds ( <*> <*> <*> **** <*> <*> )
s18, 282, Fan speeds ( <*> <*> <*> **** <*> <*> )
s18, 283, Fan speeds ( <*> <*> <*> **** <*> <*> )
s18, 284, Fan speeds ( <*> <*> <*> **** <*> <*> )
s18, 285, Fan speeds ( <*> <*> <*> **** <*> <*> )
s19, 286, Fan speeds ( <*> <*> <*> <*> <*> <*> )
s18, 287, Fan speeds ( <*> <*> <*> **** <*> <*> )
s18, 288, Fan speeds ( <*> <*> <*> **** <*> <*> )
s18, 289, Fan speeds ( <*> <*> <*> **** <*> <*> )
s18, 290, Fan speeds ( <*> <*> <*> **** <*> <*> )
s18, 291, Fan speeds ( <*> <*> <*> **** <*> <*> )
s18, 292, Fan speeds ( <*> <*> <*> **** <*> <*> )
s18, 293, Fan speeds ( <*> <*> <*> **** <*> <*> )
s19, 294, Fan speeds ( <*> <*> <*> <*> <*> <*> )
s19, 295, Fan speeds ( <*> <*> <*> <*> <*> <*> )
s18, 296, Fan speeds ( <*> <*> <*> **** <*> <*> )
s18, 297, Fan speeds ( <*> <*> <*> **** <*> <*> )
s18, 298, Fan speeds ( <*> <*> <*> **** <*> <*> )
s18, 299, Fan speeds ( <*> <*> <*> **** <*> <*> )
s18, 300, Fan speeds ( <*> <*> <*> **** <*> <*> )
s19, 301, Fan speeds ( <*> <*> <*> <*> <*> <*> )
s18, 302, Fan speeds ( <*> <*> <*> **** <*> <*> )
s18, 303, Fan speeds ( <*> <*> <*> **** <*> <*> )
s18, 304, Fan speeds ( <*> <*> <*> **** <*> <*> )
s20, 305, Command has been aborted
s21, 306, <*> problem
s22, 307, Link error
s22, 308, Link error
s22, 309, Link error
s22, 310, Link error
s23, 311, Link in reset
s22, 312, Link error
s22, 313, Link error
s22, 314, Link error
s22, 315, Link error
s22, 316, Link error
s23, 317, Link in reset
s24, 318, Link ok
s25, 319, Link error on broadcast tree <*>
s25, 320, Link error on broadcast tree <*>
s25, 321, Link error on broadcast tree <*>
s25, 322, Link error on broadcast tree <*>
s26, 323, ServerFileSystem: ServerFileSystem domain root14_local is full
s26, 324, ServerFileSystem: ServerFileSystem domain <*> is full
s26, 325, ServerFileSystem: ServerFileSystem domain <*> is full
s26, 326, ServerFileSystem: ServerFileSystem domain <*> is full
s26, 327, ServerFileSystem: ServerFileSystem domain <*> is full
s26, 328, ServerFileSystem: ServerFileSystem domain <*> is full
s26, 329, ServerFileSystem: ServerFileSystem domain <*> is full
s26, 330, ServerFileSystem: ServerFileSystem domain <*> is full
s26, 331, ServerFileSystem: ServerFileSystem domain <*> is full
s26, 332, ServerFileSystem: ServerFileSystem domain <*> is full
s26, 333, ServerFileSystem: ServerFileSystem domain <*> is full
s26, 334, ServerFileSystem: ServerFileSystem domain <*> is full
s27, 335, ClusterFileSystem: ServerFileSystem domain cluster_root_backup is no longer served by node <*>
s27, 336, ClusterFileSystem: ServerFileSystem domain <*> is no longer served by node <*>
s27, 337, ClusterFileSystem: ServerFileSystem domain <*> is no longer served by node <*>
s27, 338, ClusterFileSystem: ServerFileSystem domain <*> is no longer served by node <*>
s27, 339, ClusterFileSystem: ServerFileSystem domain <*> is no longer served by node <*>
s27, 340, ClusterFileSystem: ServerFileSystem domain <*> is no longer served by node <*>
s27, 341, ClusterFileSystem: ServerFileSystem domain <*> is no longer served by node <*>
s27, 342, ClusterFileSystem: ServerFileSystem domain <*> is no longer served by node <*>
s27, 343, ClusterFileSystem: ServerFileSystem domain <*> is no longer served by node <*>
s27, 344, ClusterFileSystem: ServerFileSystem domain <*> is no longer served by node <*>
s27, 345, ClusterFileSystem: ServerFileSystem domain <*> is no longer served by node <*>
s27, 346, ClusterFileSystem: ServerFileSystem domain <*> is no longer served by node <*>
s27, 347, ClusterFileSystem: ServerFileSystem domain <*> is no longer served by node <*>
s27, 348, ClusterFileSystem: ServerFileSystem domain <*> is no longer served by node <*>
s27, 349, ClusterFileSystem: ServerFileSystem domain <*> is no longer served by node <*>
s27, 350, ClusterFileSystem: ServerFileSystem domain <*> is no longer served by node <*>
s27, 351, ClusterFileSystem: ServerFileSystem domain <*> is no longer served by node <*>
s27, 352, ClusterFileSystem: ServerFileSystem domain <*> is no longer served by node <*>
s27, 353, ClusterFileSystem: ServerFileSystem domain <*> is no longer served by node <*>
s27, 354, ClusterFileSystem: ServerFileSystem domain <*> is no longer served by node <*>
s27, 355, ClusterFileSystem: ServerFileSystem domain <*> is no longer served by node <*>
s27, 356, ClusterFileSystem: ServerFileSystem domain <*> is no longer served by node <*>
s27, 357, ClusterFileSystem: ServerFileSystem domain <*> is no longer served by node <*>
s27, 358, ClusterFileSystem: ServerFileSystem domain <*> is no longer served by node <*>
s27, 359, ClusterFileSystem: ServerFileSystem domain <*> is no longer served by node <*>
s27, 360, ClusterFileSystem: ServerFileSystem domain <*> is no longer served by node <*>
s27, 361, ClusterFileSystem: ServerFileSystem domain <*> is no longer served by node <*>
s27, 362, ClusterFileSystem: ServerFileSystem domain <*> is no longer served by node <*>
s27, 363, ClusterFileSystem: ServerFileSystem domain <*> is no longer served by node <*>
s27, 364, ClusterFileSystem: ServerFileSystem domain <*> is no longer served by node <*>
s27, 365, ClusterFileSystem: ServerFileSystem domain <*> is no longer served by node <*>
s27, 366, ClusterFileSystem: ServerFileSystem domain <*> is no longer served by node <*>
s27, 367, ClusterFileSystem: ServerFileSystem domain <*> is no longer served by node <*>
s27, 368, ClusterFileSystem: ServerFileSystem domain <*> is no longer served by node <*>
s27, 369, ClusterFileSystem: ServerFileSystem domain <*> is no longer served by node <*>
s27, 370, ClusterFileSystem: ServerFileSystem domain <*> is no longer served by node <*>
s28, 371, running
s28, 372, running
s28, 373, running
s28, 374, running
s28, 375, running
s28, 376, running
s28, 377, running
s29, 378, blocked
s29, 379, blocked
s28, 380, running
s28, 381, running
s30, 382, not responding
s30, 383, not responding
s31, 384, configured out
s28, 385, running
s28, 386, running
s28, 387, running
s30, 388, not responding
s30, 389, not responding
s28, 390, running
s30, 391, not responding
s30, 392, not responding
s31, 393, configured out
s30, 394, not responding
s28, 395, running
s28, 396, running
s28, 397, running
s28, 398, running
s30, 399, not responding
s30, 400, not responding
s30, 401, not responding
s32, 402, inconsistent nodesets <*> <*> <*> <*> <*> <*> <*> <*>
s28, 403, running
s28, 404, running
s28, 405, running
s28, 406, running
s28, 407, running
s28, 408, running
s28, 409, running
s31, 410, configured out
s28, 411, running
s33, 412, active
s31, 413, configured out
s28, 414, running
s28, 415, running
s31, 416, configured out
s31, 417, configured out
s31, 418, configured out
s28, 419, running
s31, 420, configured out
s30, 421, not responding
s28, 422, running
s28, 423, running
s31, 424, configured out
s30, 425, not responding
s28, 426, running
s31, 427, configured out
s30, 428, not responding
s32, 429, inconsistent nodesets <*> <*> <*> <*> <*> <*> <*> <*>
s31, 430, configured out
s30, 431, not responding
s28, 432, running
s31, 433, configured out
s31, 434, configured out
s31, 435, configured out
s30, 436, not responding
s31, 437, configured out
s31, 438, configured out
s28, 439, running
s28, 440, running
s28, 441, running
s31, 442, configured out
s31, 443, configured out
s30, 444, not responding
s30, 445, not responding
s31, 446, configured out
s28, 447, running
s31, 448, configured out
s31, 449, configured out
s28, 450, running
s30, 451, not responding
s33, 452, active
s28, 453, running
s28, 454, running
s31, 455, configured out
s28, 456, running
s31, 457, configured out
s28, 458, running
s28, 459, running
s29, 460, blocked
s30, 461, not responding
s30, 462, not responding
s28, 463, running
s30, 464, not responding
s30, 465, not responding
s30, 466, not responding
s28, 467, running
s28, 468, running
s28, 469, running
s30, 470, not responding
s28, 471, running
s28, 472, running
s31, 473, configured out
s31, 474, configured out
s28, 475, running
s28, 476, running
s30, 477, not responding
s28, 478, running
s28, 479, running
s30, 480, not responding
s31, 481, configured out
s31, 482, configured out
s31, 483, configured out
s31, 484, configured out
s31, 485, configured out
s30, 486, not responding
s30, 487, not responding
s30, 488, not responding
s28, 489, running
s28, 490, running
s31, 491, configured out
s31, 492, configured out
s31, 493, configured out
s31, 494, configured out
s28, 495, running
s28, 496, running
s31, 497, configured out
s28, 498, running
s30, 499, not responding
s30, 500, not responding
s30, 501, not responding
s28, 502, running
s28, 503, running
s31, 504, configured out
s30, 505, not responding
s28, 506, running
s30, 507, not responding
s28, 508, running
s31, 509, configured out
s28, 510, running
s28, 511, running
s30, 512, not responding
s30, 513, not responding
s31, 514, configured out
s31, 515, configured out
s28, 516, running
s28, 517, running
s28, 518, running
s31, 519, configured out
s28, 520, running
s28, 521, running
s31, 522, configured out
s31, 523, configured out
s31, 524, configured out
s28, 525, running
s28, 526, running
s28, 527, running
s29, 528, blocked
s29, 529, blocked
s30, 530, not responding
s28, 531, running
s28, 532, running
s31, 533, configured out
s28, 534, running
s28, 535, running
s28, 536, running
s28, 537, running
s28, 538, running
s31, 539, configured out
s31, 540, configured out
s34, 541, <*>
s28, 542, running
s28, 543, running
s33, 544, active
s28, 545, running
s28, 546, running
s28, 547, running
s28, 548, running
s28, 549, running
s28, 550, running
s30, 551, not responding
s31, 552, configured out
s31, 553, configured out
s30, 554, not responding
s28, 555, running
s28, 556, running
s31, 557, configured out
s31, 558, configured out
s28, 559, running
s28, 560, running
s28, 561, running
s31, 562, configured out
s35, 563, inconsistent nodesets <*> <*> <*> <*> <*> <*> <*> <*> <*> <*> <*> <*> <*> <*> <*> <*> <*> <*> <*> <*> <*> <*> <*> <*> <*> <*>
s31, 564, configured out
s29, 565, blocked
s31, 566, configured out
s28, 567, running
s28, 568, running
s28, 569, running
s31, 570, configured out
s30, 571, not responding
s31, 572, configured out
s30, 573, not responding
s28, 574, running
s33, 575, active
s30, 576, not responding
s31, 577, configured out
s31, 578, configured out
s28, 579, running
s28, 580, running
s31, 581, configured out
s30, 582, not responding
s28, 583, running
s31, 584, configured out
s29, 585, blocked
s28, 586, running
s31, 587, configured out
s30, 588, not responding
s31, 589, configured out
s31, 590, configured out
s31, 591, configured out
s31, 592, configured out
s28, 593, running
s31, 594, configured out
s31, 595, configured out
s28, 596, running
s28, 597, running
s28, 598, running
s28, 599, running
s28, 600, running
s31, 601, configured out
s31, 602, configured out
s28, 603, running
s29, 604, blocked
s31, 605, configured out
s28, 606, running
s28, 607, running
s28, 608, running
s28, 609, running
s29, 610, blocked
s31, 611, configured out
s28, 612, running
s30, 613, not responding
s28, 614, running
s28, 615, running
s28, 616, running
s28, 617, running
s31, 618, configured out
s31, 619, configured out
s30, 620, not responding
s28, 621, running
s28, 622, running
s28, 623, running
s30, 624, not responding
s28, 625, running
s28, 626, running
s30, 627, not responding
s36, 628, starting
s31, 629, configured out
s31, 630, configured out
s31, 631, configured out
s31, 632, configured out
s28, 633, running
s31, 634, configured out
s30, 635, not responding
s30, 636, not responding
s31, 637, configured out
s28, 638, running
s28, 639, running
s31, 640, configured out
s30, 641, not responding
s28, 642, running
s31, 643, configured out
s28, 644, running
s31, 645, configured out
s29, 646, blocked
s28, 647, running
s28, 648, running
s28, 649, running
s28, 650, running
s29, 651, blocked
s28, 652, running
s28, 653, running
s28, 654, running
s31, 655, configured out
s37, 656, closing
s28, 657, running
s28, 658, running
s28, 659, running
s28, 660, running
s28, 661, running
s28, 662, running
s28, 663, running
s28, 664, running
s28, 665, running
s28, 666, running
s28, 667, running
s31, 668, configured out
s30, 669, not responding
s30, 670, not responding
s29, 671, blocked
s28, 672, running
s30, 673, not responding
s28, 674, running
s33, 675, active
s30, 676, not responding
s31, 677, configured out
s30, 678, not responding
s28, 679, running
s28, 680, running
s29, 681, blocked
s28, 682, running
s30, 683, not responding
s30, 684, not responding
s28, 685, running
s28, 686, running
s29, 687, blocked
s30, 688, not responding
s31, 689, configured out
s31, 690, configured out
s28, 691, running
s28, 692, running
s28, 693, running
s31, 694, configured out
s31, 695, configured out
s31, 696, configured out
s28, 697, running
s28, 698, running
s28, 699, running
s38, 700, inconsistent nodesets <*> <*> <*> <*> <*> <*> <*> <*> <*> <*>
s31, 701, configured out
s28, 702, running
s29, 703, blocked
s28, 704, running
s30, 705, not responding
s31, 706, configured out
s28, 707, running
s28, 708, running
s28, 709, running
s28, 710, running
s39, 711, normal
s39, 712, normal
s40, 713, warning
s39, 714, normal
s39, 715, normal
s40, 716, warning
s41, 717, <*>
s39, 718, normal
s41, 719, <*>
s39, 720, normal
s39, 721, normal
s42, 722, critical
s39, 723, normal
s39, 724, normal
s42, 725, critical
s39, 726, normal
s41, 727, <*>
s39, 728, normal
s39, 729, normal
s41, 730, <*>
s41, 731, <*>
s39, 732, normal
s41, 733, <*>
s41, 734, <*>
s40, 735, warning
s42, 736, critical
s39, 737, normal
s41, 738, <*>
s41, 739, <*>
s39, 740, normal
s41, 741, <*>
s41, 742, <*>
s41, 743, <*>
s41, 744, <*>
s39, 745, normal
s40, 746, warning
s40, 747, warning
s40, 748, warning
s41, 749, <*>
s40, 750, warning
s39, 751, normal
s41, 752, <*>
s41, 753, <*>
s39, 754, normal
s41, 755, <*>
s40, 756, warning
s40, 757, warning
s39, 758, normal
s40, 759, warning
s39, 760, normal
s41, 761, <*>
s40, 762, warning
s41, 763, <*>
s41, 764, <*>
s39, 765, normal
s40, 766, warning
s39, 767, normal
s41, 768, <*>
s40, 769, warning
s40, 770, warning
s40, 771, warning
s41, 772, <*>
s41, 773, <*>
s41, 774, <*>
s40, 775, warning
s40, 776, warning
s39, 777, normal
s40, 778, warning
s39, 779, normal
s39, 780, normal
s39, 781, normal
s39, 782, normal
s40, 783, warning
s40, 784, warning
s39, 785, normal
s40, 786, warning
s39, 787, normal
s39, 788, normal
s39, 789, normal
s41, 790, <*>
s40, 791, warning
s40, 792, warning
s39, 793, normal
s40, 794, warning
s39, 795, normal
s40, 796, warning
s41, 797, <*>
s39, 798, normal
s40, 799, warning
s40, 800, warning
s40, 801, warning
s41, 802, <*>
s39, 803, normal
s41, 804, <*>
s40, 805, warning
s40, 806, warning
s40, 807, warning
s40, 808, warning
s41, 809, <*>
s41, 810, <*>
s41, 811, <*>
s41, 812, <*>
s41, 813, <*>
s41, 814, <*>
s41, 815, <*>
s40, 816, warning
s39, 817, normal
s41, 818, <*>
s39, 819, normal
s40, 820, warning
s39, 821, normal
s41, 822, <*>
s39, 823, normal
s41, 824, <*>
s40, 825, warning
s42, 826, critical
s41, 827, <*>
s41, 828, <*>
s41, 829, <*>
s40, 830, warning
s41, 831, <*>
s41, 832, <*>
s41, 833, <*>
s39, 834, normal
s41, 835, <*>
s41, 836, <*>
s41, 837, <*>
s40, 838, warning
s40, 839, warning
s39, 840, normal
s39, 841, normal
s40, 842, warning
s41, 843, <*>
s41, 844, <*>
s41, 845, <*>
s41, 846, <*>
s41, 847, <*>
s40, 848, warning
s41, 849, <*>
s39, 850, normal
s40, 851, warning
s39, 852, normal
s39, 853, normal
s39, 854, normal
s39, 855, normal
s41, 856, <*>
s39, 857, normal
s41, 858, <*>
s40, 859, warning
s39, 860, normal
s40, 861, warning
s40, 862, warning
s40, 863, warning
s40, 864, warning
s41, 865, <*>
s40, 866, warning
s39, 867, normal
s40, 868, warning
s40, 869, warning
s39, 870, normal
s39, 871, normal
s40, 872, warning
s39, 873, normal
s40, 874, warning
s39, 875, normal
s39, 876, normal
s39, 877, normal
s40, 878, warning
s40, 879, warning
s39, 880, normal
s39, 881, normal
s40, 882, warning
s40, 883, warning
s40, 884, warning
s40, 885, warning
s41, 886, <*>
s39, 887, normal
s39, 888, normal
s41, 889, <*>
s41, 890, <*>
s41, 891, <*>
s41, 892, <*>
s39, 893, normal
s41, 894, <*>
s40, 895, warning
s39, 896, normal
s39, 897, normal
s41, 898, <*>
s39, 899, normal
s40, 900, warning
s41, 901, <*>
s40, 902, warning
s39, 903, normal
s39, 904, normal
s39, 905, normal
s40, 906, warning
s41, 907, <*>
s40, 908, warning
s40, 909, warning
s39, 910, normal
s40, 911, warning
s41, 912, <*>
s41, 913, <*>
s39, 914, normal
s41, 915, <*>
s41, 916, <*>
s41, 917, <*>
s40, 918, warning
s41, 919, <*>
s39, 920, normal
s41, 921, <*>
s41, 922, <*>
s41, 923, <*>
s41, 924, <*>
s41, 925, <*>
s41, 926, <*>
s39, 927, normal
s41, 928, <*>
s39, 929, normal
s41, 930, <*>
s41, 931, <*>
s41, 932, <*>
s42, 933, critical
s39, 934, normal
s41, 935, <*>
s39, 936, normal
s41, 937, <*>
s39, 938, normal
s41, 939, <*>
s39, 940, normal
s40, 941, warning
s39, 942, normal
s40, 943, warning
s39, 944, normal
s41, 945, <*>
s41, 946, <*>
s41, 947, <*>
s41, 948, <*>
s39, 949, normal
s40, 950, warning
s40, 951, warning
s41, 952, <*>
s41, 953, <*>
s40, 954, warning
s39, 955, normal
s41, 956, <*>
s39, 957, normal
s41, 958, <*>
s41, 959, <*>
s40, 960, warning
s40, 961, warning
s40, 962, warning
s40, 963, warning
s40, 964, warning
s39, 965, normal
s40, 966, warning
s41, 967, <*>
s41, 968, <*>
s41, 969, <*>
s39, 970, normal
s40, 971, warning
s39, 972, normal
s40, 973, warning
s40, 974, warning
s39, 975, normal
s40, 976, warning
s39, 977, normal
s40, 978, warning
s40, 979, warning
s39, 980, normal
s40, 981, warning
s39, 982, normal
s41, 983, <*>
s39, 984, normal
s41, 985, <*>
s41, 986, <*>
s40, 987, warning
s41, 988, <*>
s41, 989, <*>
s41, 990, <*>
s39, 991, normal
s41, 992, <*>
s39, 993, normal
s39, 994, normal
s40, 995, warning
s40, 996, warning
s39, 997, normal
s39, 998, normal
s39, 999, normal
s40, 1000, warning
s40, 1001, warning
s40, 1002, warning
s40, 1003, warning
s39, 1004, normal
s40, 1005, warning
s39, 1006, normal
s40, 1007, warning
s41, 1008, <*>
s39, 1009, normal
s39, 1010, normal
s40, 1011, warning
s39, 1012, normal
s39, 1013, normal
s40, 1014, warning
s40, 1015, warning
s40, 1016, warning
s40, 1017, warning
s39, 1018, normal
s39, 1019, normal
s39, 1020, normal
s39, 1021, normal
s41, 1022, <*>
s39, 1023, normal
s39, 1024, normal
s39, 1025, normal
s39, 1026, normal
s39, 1027, normal
s40, 1028, warning
s42, 1029, critical
s40, 1030, warning
s40, 1031, warning
s40, 1032, warning
s40, 1033, warning
s41, 1034, <*>
s40, 1035, warning
s39, 1036, normal
s41, 1037, <*>
s39, 1038, normal
s39, 1039, normal
s39, 1040, normal
s40, 1041, warning
s39, 1042, normal
s41, 1043, <*>
s40, 1044, warning
s39, 1045, normal
s40, 1046, warning
s39, 1047, normal
s39, 1048, normal
s41, 1049, <*>
s39, 1050, normal
s39, 1051, normal
s40, 1052, warning
s40, 1053, warning
s40, 1054, warning
s40, 1055, warning
s39, 1056, normal
s40, 1057, warning
s41, 1058, <*>
s41, 1059, <*>
s41, 1060, <*>
s41, 1061, <*>
s41, 1062, <*>
s42, 1063, critical
s40, 1064, warning
s40, 1065, warning
s39, 1066, normal
s40, 1067, warning
s40, 1068, warning
s40, 1069, warning
s41, 1070, <*>
s39, 1071, normal
s41, 1072, <*>
s39, 1073, normal
s39, 1074, normal
s39, 1075, normal
s40, 1076, warning
s41, 1077, <*>
s40, 1078, warning
s41, 1079, <*>
s39, 1080, normal
s40, 1081, warning
s40, 1082, warning
s40, 1083, warning
s39, 1084, normal
s42, 1085, critical
s40, 1086, warning
s40, 1087, warning
s40, 1088, warning
s42, 1089, critical
s41, 1090, <*>
s40, 1091, warning
s41, 1092, <*>
s39, 1093, normal
s40, 1094, warning
s41, 1095, <*>
s39, 1096, normal
s40, 1097, warning
s39, 1098, normal
s41, 1099, <*>
s39, 1100, normal
s41, 1101, <*>
s41, 1102, <*>
s39, 1103, normal
s41, 1104, <*>
s41, 1105, <*>
s41, 1106, <*>
s40, 1107, warning
s41, 1108, <*>
s41, 1109, <*>
s42, 1110, critical
s39, 1111, normal
s41, 1112, <*>
s41, 1113, <*>
s41, 1114, <*>
s41, 1115, <*>
s41, 1116, <*>
s41, 1117, <*>
s41, 1118, <*>
s41, 1119, <*>
s41, 1120, <*>
s40, 1121, warning
s42, 1122, critical
s39, 1123, normal
s40, 1124, warning
s39, 1125, normal
s40, 1126, warning
s39, 1127, normal
s39, 1128, normal
s39, 1129, normal
s39, 1130, normal
s40, 1131, warning
s39, 1132, normal
s39, 1133, normal
s39, 1134, normal
s39, 1135, normal
s40, 1136, warning
s39, 1137, normal
s39, 1138, normal
s39, 1139, normal
s40, 1140, warning
s39, 1141, normal
s40, 1142, warning
s42, 1143, critical
s39, 1144, normal
s40, 1145, warning
s40, 1146, warning
s40, 1147, warning
s42, 1148, critical
s40, 1149, warning
s39, 1150, normal
s40, 1151, warning
s41, 1152, <*>
s40, 1153, warning
s40, 1154, warning
s40, 1155, warning
s41, 1156, <*>
s41, 1157, <*>
s41, 1158, <*>
s41, 1159, <*>
s41, 1160, <*>
s41, 1161, <*>
s40, 1162, warning
s42, 1163, critical
s41, 1164, <*>
s39, 1165, normal
s40, 1166, warning
s41, 1167, <*>
s40, 1168, warning
s40, 1169, warning
s40, 1170, warning
s40, 1171, warning
s39, 1172, normal
s41, 1173, <*>
s39, 1174, normal
s39, 1175, normal
s41, 1176, <*>
s41, 1177, <*>
s41, 1178, <*>
s41, 1179, <*>
s40, 1180, warning
s40, 1181, warning
s40, 1182, warning
s40, 1183, warning
s39, 1184, normal
s40, 1185, warning
s41, 1186, <*>
s40, 1187, warning
s41, 1188, <*>
s41, 1189, <*>
s41, 1190, <*>
s41, 1191, <*>
s40, 1192, warning
s39, 1193, normal
s40, 1194, warning
s39, 1195, normal
s39, 1196, normal
s40, 1197, warning
s40, 1198, warning
s40, 1199, warning
s40, 1200, warning
s39, 1201, normal
s40, 1202, warning
s40, 1203, warning
s39, 1204, normal
s39, 1205, normal
s41, 1206, <*>
s39, 1207, normal
s41, 1208, <*>
s41, 1209, <*>
s41, 1210, <*>
s41, 1211, <*>
s39, 1212, normal
s40, 1213, warning
s39, 1214, normal
s40, 1215, warning
s40, 1216, warning
s40, 1217, warning
s41, 1218, <*>
s39, 1219, normal
s41, 1220, <*>
s41, 1221, <*>
s39, 1222, normal
s40, 1223, warning
s40, 1224, warning
s40, 1225, warning
s41, 1226, <*>
s41, 1227, <*>
s40, 1228, warning
s41, 1229, <*>
s39, 1230, normal
s41, 1231, <*>
s41, 1232, <*>
s40, 1233, warning
s41, 1234, <*>
s41, 1235, <*>
s41, 1236, <*>
s41, 1237, <*>
s41, 1238, <*>
s41, 1239, <*>
s41, 1240, <*>
s41, 1241, <*>
s41, 1242, <*>
s40, 1243, warning
s41, 1244, <*>
s41, 1245, <*>
s40, 1246, warning
s40, 1247, warning
s41, 1248, <*>
s41, 1249, <*>
s39, 1250, normal
s39, 1251, normal
s41, 1252, <*>
s41, 1253, <*>
s41, 1254, <*>
s41, 1255, <*>
s40, 1256, warning
s41, 1257, <*>
s40, 1258, warning
s41, 1259, <*>
s39, 1260, normal
s41, 1261, <*>
s41, 1262, <*>
s40, 1263, warning
s41, 1264, <*>
s39, 1265, normal
s39, 1266, normal
s40, 1267, warning
s41, 1268, <*>
s40, 1269, warning
s39, 1270, normal
s41, 1271, <*>
s41, 1272, <*>
s41, 1273, <*>
s39, 1274, normal
s41, 1275, <*>
s41, 1276, <*>
s41, 1277, <*>
s39, 1278, normal
s41, 1279, <*>
s40, 1280, warning
s39, 1281, normal
s41, 1282, <*>
s39, 1283, normal
s39, 1284, normal
s41, 1285, <*>
s41, 1286, <*>
s40, 1287, warning
s41, 1288, <*>
s41, 1289, <*>
s41, 1290, <*>
s39, 1291, normal
s41, 1292, <*>
s41, 1293, <*>
s40, 1294, warning
s40, 1295, warning
s41, 1296, <*>
s41, 1297, <*>
s40, 1298, warning
s41, 1299, <*>
s39, 1300, normal
s41, 1301, <*>
s41, 1302, <*>
s41, 1303, <*>
s41, 1304, <*>
s39, 1305, normal
s41, 1306, <*>
s40, 1307, warning
s41, 1308, <*>
s41, 1309, <*>
s41, 1310, <*>
s41, 1311, <*>
s40, 1312, warning
s41, 1313, <*>
s41, 1314, <*>
s40, 1315, warning
s39, 1316, normal
s39, 1317, normal
s40, 1318, warning
s41, 1319, <*>
s41, 1320, <*>
s41, 1321, <*>
s41, 1322, <*>
s41, 1323, <*>
s40, 1324, warning
s41, 1325, <*>
s41, 1326, <*>
s41, 1327, <*>
s41, 1328, <*>
s41, 1329, <*>
s41, 1330, <*>
s39, 1331, normal
s39, 1332, normal
s39, 1333, normal
s40, 1334, warning
s41, 1335, <*>
s39, 1336, normal
s39, 1337, normal
s41, 1338, <*>
s41, 1339, <*>
s40, 1340, warning
s41, 1341, <*>
s41, 1342, <*>
s41, 1343, <*>
s41, 1344, <*>
s41, 1345, <*>
s40, 1346, warning
s39, 1347, normal
s41, 1348, <*>
s39, 1349, normal
s41, 1350, <*>
s41, 1351, <*>
s41, 1352, <*>
s41, 1353, <*>
s41, 1354, <*>
s41, 1355, <*>
s41, 1356, <*>
s41, 1357, <*>
s41, 1358, <*>
s42, 1359, critical
s41, 1360, <*>
s41, 1361, <*>
s41, 1362, <*>
s41, 1363, <*>
s41, 1364, <*>
s41, 1365, <*>
s41, 1366, <*>
s41, 1367, <*>
s41, 1368, <*>
s42, 1369, critical
s41, 1370, <*>
s39, 1371, normal
s41, 1372, <*>
s39, 1373, normal
s41, 1374, <*>
s41, 1375, <*>
s41, 1376, <*>
s41, 1377, <*>
s41, 1378, <*>
s41, 1379, <*>
s41, 1380, <*>
s39, 1381, normal
s41, 1382, <*>
s39, 1383, normal
s41, 1384, <*>
s41, 1385, <*>
s40, 1386, warning
s42, 1387, critical
s39, 1388, normal
s39, 1389, normal
s41, 1390, <*>
s40, 1391, warning
s39, 1392, normal
s41, 1393, <*>
s41, 1394, <*>
s39, 1395, normal
s41, 1396, <*>
s41, 1397, <*>
s41, 1398, <*>
s41, 1399, <*>
s41, 1400, <*>
s41, 1401, <*>
s40, 1402, warning
s39, 1403, normal
s41, 1404, <*>
s41, 1405, <*>
s41, 1406, <*>
s41, 1407, <*>
s42, 1408, critical
s39, 1409, normal
s41, 1410, <*>
s41, 1411, <*>
s41, 1412, <*>
s39, 1413, normal
s39, 1414, normal
s39, 1415, normal
s40, 1416, warning
s40, 1417, warning
s41, 1418, <*>
s39, 1419, normal
s42, 1420, critical
s40, 1421, warning
s40, 1422, warning
s39, 1423, normal
s40, 1424, warning
s39, 1425, normal
s40, 1426, warning
s41, 1427, <*>
s41, 1428, <*>
s41, 1429, <*>
s40, 1430, warning
s40, 1431, warning
s42, 1432, critical
s40, 1433, warning
s24, 1434, Link ok
s24, 1435, Link ok
s24, 1436, Link ok
s24, 1437, Link ok
s22, 1438, Link error
s22, 1439, Link error
s23, 1440, Link in reset
s24, 1441, Link ok
s24, 1442, Link ok
s23, 1443, Link in reset
s24, 1444, Link ok
s22, 1445, Link error
s24, 1446, Link ok
s24, 1447, Link ok
s24, 1448, Link ok
s22, 1449, Link error
s23, 1450, Link in reset
s24, 1451, Link ok
s24, 1452, Link ok
s23, 1453, Link in reset
s23, 1454, Link in reset
s23, 1455, Link in reset
s23, 1456, Link in reset
s43, 1457, Linkerror event interval expired
s43, 1458, Linkerror event interval expired
s44, 1459, risBoot (command <*> Error: Timed out while waiting for SRM prompt: <ABORT code completed>
s43, 1460, Linkerror event interval expired
s43, 1461, Linkerror event interval expired
s43, 1462, Linkerror event interval expired
s43, 1463, Linkerror event interval expired
s43, 1464, Linkerror event interval expired
s43, 1465, Linkerror event interval expired
s43, 1466, Linkerror event interval expired
s43, 1467, Linkerror event interval expired
s43, 1468, Linkerror event interval expired
s43, 1469, Linkerror event interval expired
s43, 1470, Linkerror event interval expired
s43, 1471, Linkerror event interval expired
s43, 1472, Linkerror event interval expired
s43, 1473, Linkerror event interval expired
s43, 1474, Linkerror event interval expired
s43, 1475, Linkerror event interval expired
s43, 1476, Linkerror event interval expired
s43, 1477, Linkerror event interval expired
s43, 1478, Linkerror event interval expired
s43, 1479, Linkerror event interval expired
s43, 1480, Linkerror event interval expired
s43, 1481, Linkerror event interval expired
s43, 1482, Linkerror event interval expired
s43, 1483, Linkerror event interval expired
s43, 1484, Linkerror event interval expired
s43, 1485, Linkerror event interval expired
s43, 1486, Linkerror event interval expired
s43, 1487, Linkerror event interval expired
s43, 1488, Linkerror event interval expired
s43, 1489, Linkerror event interval expired
s43, 1490, Linkerror event interval expired
s43, 1491, Linkerror event interval expired
s43, 1492, Linkerror event interval expired
s43, 1493, Linkerror event interval expired
s43, 1494, Linkerror event interval expired
s43, 1495, Linkerror event interval expired
s43, 1496, Linkerror event interval expired
s43, 1497, Linkerror event interval expired
s43, 1498, Linkerror event interval expired
s43, 1499, Linkerror event interval expired
s43, 1500, Linkerror event interval expired
s43, 1501, Linkerror event interval expired
s43, 1502, Linkerror event interval expired
s43, 1503, Linkerror event interval expired
s43, 1504, Linkerror event interval expired
s43, 1505, Linkerror event interval expired
s43, 1506, Linkerror event interval expired
s43, 1507, Linkerror event interval expired
s43, 1508, Linkerror event interval expired
s43, 1509, Linkerror event interval expired
s43, 1510, Linkerror event interval expired
s43, 1511, Linkerror event interval expired
s43, 1512, Linkerror event interval expired
s43, 1513, Linkerror event interval expired
s43, 1514, Linkerror event interval expired
s43, 1515, Linkerror event interval expired
s43, 1516, Linkerror event interval expired
s43, 1517, Linkerror event interval expired
s43, 1518, Linkerror event interval expired
s43, 1519, Linkerror event interval expired
s43, 1520, Linkerror event interval expired
s43, 1521, Linkerror event interval expired
s43, 1522, Linkerror event interval expired
s43, 1523, Linkerror event interval expired
s43, 1524, Linkerror event interval expired
s43, 1525, Linkerror event interval expired
s43, 1526, Linkerror event interval expired
s43, 1527, Linkerror event interval expired
s43, 1528, Linkerror event interval expired
s43, 1529, Linkerror event interval expired
s43, 1530, Linkerror event interval expired
s43, 1531, Linkerror event interval expired
s43, 1532, Linkerror event interval expired
s43, 1533, Linkerror event interval expired
s43, 1534, Linkerror event interval expired
s43, 1535, Linkerror event interval expired
s43, 1536, Linkerror event interval expired
s43, 1537, Linkerror event interval expired
s43, 1538, Linkerror event interval expired
s43, 1539, Linkerror event interval expired
s43, 1540, Linkerror event interval expired
s43, 1541, Linkerror event interval expired
s45, 1542, boot (command <*> Error: HALT asserted\ cannot continue
s43, 1543, Linkerror event interval expired
s43, 1544, Linkerror event interval expired
s43, 1545, Linkerror event interval expired
s43, 1546, Linkerror event interval expired
s43, 1547, Linkerror event interval expired
s43, 1548, Linkerror event interval expired
s43, 1549, Linkerror event interval expired
s43, 1550, Linkerror event interval expired
s43, 1551, Linkerror event interval expired
s43, 1552, Linkerror event interval expired
s43, 1553, Linkerror event interval expired
s43, 1554, Linkerror event interval expired
s43, 1555, Linkerror event interval expired
s43, 1556, Linkerror event interval expired
s43, 1557, Linkerror event interval expired
s43, 1558, Linkerror event interval expired
s43, 1559, Linkerror event interval expired
s43, 1560, Linkerror event interval expired
s43, 1561, Linkerror event interval expired
s43, 1562, Linkerror event interval expired
s43, 1563, Linkerror event interval expired
s43, 1564, Linkerror event interval expired
s43, 1565, Linkerror event interval expired
s43, 1566, Linkerror event interval expired
s43, 1567, Linkerror event interval expired
s43, 1568, Linkerror event interval expired
s43, 1569, Linkerror event interval expired
s43, 1570, Linkerror event interval expired
s43, 1571, Linkerror event interval expired
s43, 1572, Linkerror event interval expired
s43, 1573, Linkerror event interval expired
s43, 1574, Linkerror event interval expired
s43, 1575, Linkerror event interval expired
s43, 1576, Linkerror event interval expired
s43, 1577, Linkerror event interval expired
s43, 1578, Linkerror event interval expired
s43, 1579, Linkerror event interval expired
s43, 1580, Linkerror event interval expired
s43, 1581, Linkerror event interval expired
s43, 1582, Linkerror event interval expired
s43, 1583, Linkerror event interval expired
s43, 1584, Linkerror event interval expired
s43, 1585, Linkerror event interval expired
s43, 1586, Linkerror event interval expired
s43, 1587, Linkerror event interval expired
s43, 1588, Linkerror event interval expired
s43, 1589, Linkerror event interval expired
s43, 1590, Linkerror event interval expired
s43, 1591, Linkerror event interval expired
s43, 1592, Linkerror event interval expired
s43, 1593, Linkerror event interval expired
s43, 1594, Linkerror event interval expired
s43, 1595, Linkerror event interval expired
s43, 1596, Linkerror event interval expired
s43, 1597, Linkerror event interval expired
s43, 1598, Linkerror event interval expired
s43, 1599, Linkerror event interval expired
s43, 1600, Linkerror event interval expired
s43, 1601, Linkerror event interval expired
s43, 1602, Linkerror event interval expired
s43, 1603, Linkerror event interval expired
s43, 1604, Linkerror event interval expired
s43, 1605, Linkerror event interval expired
s43, 1606, Linkerror event interval expired
s43, 1607, Linkerror event interval expired
s43, 1608, Linkerror event interval expired
s43, 1609, Linkerror event interval expired
s43, 1610, Linkerror event interval expired
s43, 1611, Linkerror event interval expired
s43, 1612, Linkerror event interval expired
s43, 1613, Linkerror event interval expired
s43, 1614, Linkerror event interval expired
s43, 1615, Linkerror event interval expired
s43, 1616, Linkerror event interval expired
s43, 1617, Linkerror event interval expired
s43, 1618, Linkerror event interval expired
s43, 1619, Linkerror event interval expired
s43, 1620, Linkerror event interval expired
s43, 1621, Linkerror event interval expired
s43, 1622, Linkerror event interval expired
s43, 1623, Linkerror event interval expired
s43, 1624, Linkerror event interval expired
s43, 1625, Linkerror event interval expired
s43, 1626, Linkerror event interval expired
s43, 1627, Linkerror event interval expired
s43, 1628, Linkerror event interval expired
s43, 1629, Linkerror event interval expired
s43, 1630, Linkerror event interval expired
s43, 1631, Linkerror event interval expired
s43, 1632, Linkerror event interval expired
s43, 1633, Linkerror event interval expired
s43, 1634, Linkerror event interval expired
s43, 1635, Linkerror event interval expired
s43, 1636, Linkerror event interval expired
s43, 1637, Linkerror event interval expired
s43, 1638, Linkerror event interval expired
s43, 1639, Linkerror event interval expired
s43, 1640, Linkerror event interval expired
s43, 1641, Linkerror event interval expired
s43, 1642, Linkerror event interval expired
s43, 1643, Linkerror event interval expired
s43, 1644, Linkerror event interval expired
s43, 1645, Linkerror event interval expired
s43, 1646, Linkerror event interval expired
s43, 1647, Linkerror event interval expired
s43, 1648, Linkerror event interval expired
s43, 1649, Linkerror event interval expired
s43, 1650, Linkerror event interval expired
s43, 1651, Linkerror event interval expired
s43, 1652, Linkerror event interval expired
s43, 1653, Linkerror event interval expired
s43, 1654, Linkerror event interval expired
s43, 1655, Linkerror event interval expired
s43, 1656, Linkerror event interval expired
s43, 1657, Linkerror event interval expired
s43, 1658, Linkerror event interval expired
s43, 1659, Linkerror event interval expired
s43, 1660, Linkerror event interval expired
s43, 1661, Linkerror event interval expired
s43, 1662, Linkerror event interval expired
s43, 1663, Linkerror event interval expired
s43, 1664, Linkerror event interval expired
s43, 1665, Linkerror event interval expired
s43, 1666, Linkerror event interval expired
s43, 1667, Linkerror event interval expired
s43, 1668, Linkerror event interval expired
s43, 1669, Linkerror event interval expired
s43, 1670, Linkerror event interval expired
s43, 1671, Linkerror event interval expired
s43, 1672, Linkerror event interval expired
s43, 1673, Linkerror event interval expired
s43, 1674, Linkerror event interval expired
s43, 1675, Linkerror event interval expired
s43, 1676, Linkerror event interval expired
s43, 1677, Linkerror event interval expired
s43, 1678, Linkerror event interval expired
s43, 1679, Linkerror event interval expired
s43, 1680, Linkerror event interval expired
s43, 1681, Linkerror event interval expired
s43, 1682, Linkerror event interval expired
s43, 1683, Linkerror event interval expired
s43, 1684, Linkerror event interval expired
s43, 1685, Linkerror event interval expired
s43, 1686, Linkerror event interval expired
s43, 1687, Linkerror event interval expired
s43, 1688, Linkerror event interval expired
s43, 1689, Linkerror event interval expired
s43, 1690, Linkerror event interval expired
s43, 1691, Linkerror event interval expired
s43, 1692, Linkerror event interval expired
s43, 1693, Linkerror event interval expired
s43, 1694, Linkerror event interval expired
s43, 1695, Linkerror event interval expired
s43, 1696, Linkerror event interval expired
s43, 1697, Linkerror event interval expired
s43, 1698, Linkerror event interval expired
s43, 1699, Linkerror event interval expired
s43, 1700, Linkerror event interval expired
s43, 1701, Linkerror event interval expired
s43, 1702, Linkerror event interval expired
s43, 1703, Linkerror event interval expired
s43, 1704, Linkerror event interval expired
s43, 1705, Linkerror event interval expired
s43, 1706, Linkerror event interval expired
s43, 1707, Linkerror event interval expired
s43, 1708, Linkerror event interval expired
s43, 1709, Linkerror event interval expired
s43, 1710, Linkerror event interval expired
s43, 1711, Linkerror event interval expired
s43, 1712, Linkerror event interval expired
s43, 1713, Linkerror event interval expired
s43, 1714, Linkerror event interval expired
s43, 1715, Linkerror event interval expired
s43, 1716, Linkerror event interval expired
s43, 1717, Linkerror event interval expired
s43, 1718, Linkerror event interval expired
s43, 1719, Linkerror event interval expired
s43, 1720, Linkerror event interval expired
s43, 1721, Linkerror event interval expired
s43, 1722, Linkerror event interval expired
s43, 1723, Linkerror event interval expired
s43, 1724, Linkerror event interval expired
s43, 1725, Linkerror event interval expired
s43, 1726, Linkerror event interval expired
s43, 1727, Linkerror event interval expired
s43, 1728, Linkerror event interval expired
s43, 1729, Linkerror event interval expired
s43, 1730, Linkerror event interval expired
s43, 1731, Linkerror event interval expired
s43, 1732, Linkerror event interval expired
s43, 1733, Linkerror event interval expired
s43, 1734, Linkerror event interval expired
s43, 1735, Linkerror event interval expired
s43, 1736, Linkerror event interval expired
s43, 1737, Linkerror event interval expired
s43, 1738, Linkerror event interval expired
s43, 1739, Linkerror event interval expired
s43, 1740, Linkerror event interval expired
s43, 1741, Linkerror event interval expired
s43, 1742, Linkerror event interval expired
s43, 1743, Linkerror event interval expired
s43, 1744, Linkerror event interval expired
s43, 1745, Linkerror event interval expired
s43, 1746, Linkerror event interval expired
s43, 1747, Linkerror event interval expired
s43, 1748, Linkerror event interval expired
s43, 1749, Linkerror event interval expired
s43, 1750, Linkerror event interval expired
s43, 1751, Linkerror event interval expired
s43, 1752, Linkerror event interval expired
s43, 1753, Linkerror event interval expired
s43, 1754, Linkerror event interval expired
s43, 1755, Linkerror event interval expired
s43, 1756, Linkerror event interval expired
s43, 1757, Linkerror event interval expired
s43, 1758, Linkerror event interval expired
s43, 1759, Linkerror event interval expired
s43, 1760, Linkerror event interval expired
s43, 1761, Linkerror event interval expired
s43, 1762, Linkerror event interval expired
s43, 1763, Linkerror event interval expired
s43, 1764, Linkerror event interval expired
s43, 1765, Linkerror event interval expired
s43, 1766, Linkerror event interval expired
s43, 1767, Linkerror event interval expired
s43, 1768, Linkerror event interval expired
s43, 1769, Linkerror event interval expired
s43, 1770, Linkerror event interval expired
s43, 1771, Linkerror event interval expired
s43, 1772, Linkerror event interval expired
s43, 1773, Linkerror event interval expired
s43, 1774, Linkerror event interval expired
s43, 1775, Linkerror event interval expired
s43, 1776, Linkerror event interval expired
s43, 1777, Linkerror event interval expired
s43, 1778, Linkerror event interval expired
s43, 1779, Linkerror event interval expired
s43, 1780, Linkerror event interval expired
s43, 1781, Linkerror event interval expired
s43, 1782, Linkerror event interval expired
s43, 1783, Linkerror event interval expired
s43, 1784, Linkerror event interval expired
s43, 1785, Linkerror event interval expired
s43, 1786, Linkerror event interval expired
s43, 1787, Linkerror event interval expired
s43, 1788, Linkerror event interval expired
s43, 1789, Linkerror event interval expired
s43, 1790, Linkerror event interval expired
s43, 1791, Linkerror event interval expired
s43, 1792, Linkerror event interval expired
s43, 1793, Linkerror event interval expired
s43, 1794, Linkerror event interval expired
s43, 1795, Linkerror event interval expired
s43, 1796, Linkerror event interval expired
s43, 1797, Linkerror event interval expired
s43, 1798, Linkerror event interval expired
s43, 1799, Linkerror event interval expired
s43, 1800, Linkerror event interval expired
s43, 1801, Linkerror event interval expired
s43, 1802, Linkerror event interval expired
s43, 1803, Linkerror event interval expired
s43, 1804, Linkerror event interval expired
s43, 1805, Linkerror event interval expired
s43, 1806, Linkerror event interval expired
s43, 1807, Linkerror event interval expired
s43, 1808, Linkerror event interval expired
s43, 1809, Linkerror event interval expired
s43, 1810, Linkerror event interval expired
s43, 1811, Linkerror event interval expired
s43, 1812, Linkerror event interval expired
s43, 1813, Linkerror event interval expired
s43, 1814, Linkerror event interval expired
s43, 1815, Linkerror event interval expired
s43, 1816, Linkerror event interval expired
s43, 1817, Linkerror event interval expired
s43, 1818, Linkerror event interval expired
s43, 1819, Linkerror event interval expired
s43, 1820, Linkerror event interval expired
s43, 1821, Linkerror event interval expired
s43, 1822, Linkerror event interval expired
s43, 1823, Linkerror event interval expired
s43, 1824, Linkerror event interval expired
s43, 1825, Linkerror event interval expired
s43, 1826, Linkerror event interval expired
s43, 1827, Linkerror event interval expired
s43, 1828, Linkerror event interval expired
s43, 1829, Linkerror event interval expired
s43, 1830, Linkerror event interval expired
s43, 1831, Linkerror event interval expired
s43, 1832, Linkerror event interval expired
s43, 1833, Linkerror event interval expired
s43, 1834, Linkerror event interval expired
s43, 1835, Linkerror event interval expired
s43, 1836, Linkerror event interval expired
s43, 1837, Linkerror event interval expired
s43, 1838, Linkerror event interval expired
s43, 1839, Linkerror event interval expired
s43, 1840, Linkerror event interval expired
s46, 1841, Failed subcommands <*>
s43, 1842, Linkerror event interval expired
s43, 1843, Linkerror event interval expired
s43, 1844, Linkerror event interval expired
s43, 1845, Linkerror event interval expired
s43, 1846, Linkerror event interval expired
s43, 1847, Linkerror event interval expired
s43, 1848, Linkerror event interval expired
s43, 1849, Linkerror event interval expired
s43, 1850, Linkerror event interval expired
s43, 1851, Linkerror event interval expired
s43, 1852, Linkerror event interval expired
s43, 1853, Linkerror event interval expired
s47, 1854, link errors remain current
s47, 1855, link errors remain current
s47, 1856, link errors remain current
s47, 1857, link errors remain current
s47, 1858, link errors remain current
s47, 1859, link errors remain current
s47, 1860, link errors remain current
s47, 1861, link errors remain current
s47, 1862, link errors remain current
s47, 1863, link errors remain current
s47, 1864, link errors remain current
s47, 1865, link errors remain current
s47, 1866, link errors remain current
s47, 1867, link errors remain current
s47, 1868, link errors remain current
s47, 1869, link errors remain current
s47, 1870, link errors remain current
s47, 1871, link errors remain current
s47, 1872, link errors remain current
s47, 1873, link errors remain current
s47, 1874, link errors remain current
s47, 1875, link errors remain current
s47, 1876, link errors remain current
s47, 1877, link errors remain current
s47, 1878, link errors remain current
s47, 1879, link errors remain current
s47, 1880, link errors remain current
s47, 1881, link errors remain current
s47, 1882, link errors remain current
s47, 1883, link errors remain current
s47, 1884, link errors remain current
s47, 1885, link errors remain current
s47, 1886, link errors remain current
s47, 1887, link errors remain current
s47, 1888, link errors remain current
s47, 1889, link errors remain current
s47, 1890, link errors remain current
s47, 1891, link errors remain current
s47, 1892, link errors remain current
s47, 1893, link errors remain current
s47, 1894, link errors remain current
s47, 1895, link errors remain current
s47, 1896, link errors remain current
s47, 1897, link errors remain current
s47, 1898, link errors remain current
s47, 1899, link errors remain current
s47, 1900, link errors remain current
s47, 1901, link errors remain current
s47, 1902, link errors remain current
s47, 1903, link errors remain current
s47, 1904, link errors remain current
s47, 1905, link errors remain current
s47, 1906, link errors remain current
s47, 1907, link errors remain current
s47, 1908, link errors remain current
s47, 1909, link errors remain current
s48, 1910, NIFF: node <*> has detected an available network connection on network <*> via interface <*>
s48, 1911, NIFF: node <*> has detected an available network connection on network <*> via interface <*>
s48, 1912, NIFF: node <*> has detected an available network connection on network <*> via interface <*>
s48, 1913, NIFF: node <*> has detected an available network connection on network <*> via interface <*>
s48, 1914, NIFF: node <*> has detected an available network connection on network <*> via interface <*>
s48, 1915, NIFF: node <*> has detected an available network connection on network <*> via interface <*>
s48, 1916, NIFF: node <*> has detected an available network connection on network <*> via interface <*>
s48, 1917, NIFF: node <*> has detected an available network connection on network <*> via interface <*>
s48, 1918, NIFF: node <*> has detected an available network connection on network <*> via interface <*>
s48, 1919, NIFF: node <*> has detected an available network connection on network <*> via interface <*>
s48, 1920, NIFF: node <*> has detected an available network connection on network <*> via interface <*>
s48, 1921, NIFF: node <*> has detected an available network connection on network <*> via interface <*>
s48, 1922, NIFF: node <*> has detected an available network connection on network <*> via interface <*>
s48, 1923, NIFF: node <*> has detected an available network connection on network <*> via interface <*>
s48, 1924, NIFF: node <*> has detected an available network connection on network <*> via interface <*>
s48, 1925, NIFF: node <*> has detected an available network connection on network <*> via interface <*>
s48, 1926, NIFF: node <*> has detected an available network connection on network <*> via interface <*>
s48, 1927, NIFF: node <*> has detected an available network connection on network <*> via interface <*>
s48, 1928, NIFF: node <*> has detected an available network connection on network <*> via interface <*>
s48, 1929, NIFF: node <*> has detected an available network connection on network <*> via interface <*>
s48, 1930, NIFF: node <*> has detected an available network connection on network <*> via interface <*>
s48, 1931, NIFF: node <*> has detected an available network connection on network <*> via interface <*>
s48, 1932, NIFF: node <*> has detected an available network connection on network <*> via interface <*>
s48, 1933, NIFF: node <*> has detected an available network connection on network <*> via interface <*>
s48, 1934, NIFF: node <*> has detected an available network connection on network <*> via interface <*>
s48, 1935, NIFF: node <*> has detected an available network connection on network <*> via interface <*>
s48, 1936, NIFF: node <*> has detected an available network connection on network <*> via interface <*>
s48, 1937, NIFF: node <*> has detected an available network connection on network <*> via interface <*>
s48, 1938, NIFF: node <*> has detected an available network connection on network <*> via interface <*>
s48, 1939, NIFF: node <*> has detected an available network connection on network <*> via interface <*>
s48, 1940, NIFF: node <*> has detected an available network connection on network <*> via interface <*>
s48, 1941, NIFF: node <*> has detected an available network connection on network <*> via interface <*>
s48, 1942, NIFF: node <*> has detected an available network connection on network <*> via interface <*>
s48, 1943, NIFF: node <*> has detected an available network connection on network <*> via interface <*>
s48, 1944, NIFF: node <*> has detected an available network connection on network <*> via interface <*>
s48, 1945, NIFF: node <*> has detected an available network connection on network <*> via interface <*>
s48, 1946, NIFF: node <*> has detected an available network connection on network <*> via interface <*>
s48, 1947, NIFF: node <*> has detected an available network connection on network <*> via interface <*>
s48, 1948, NIFF: node <*> has detected an available network connection on network <*> via interface <*>
s48, 1949, NIFF: node <*> has detected an available network connection on network <*> via interface <*>
s48, 1950, NIFF: node <*> has detected an available network connection on network <*> via interface <*>
s48, 1951, NIFF: node <*> has detected an available network connection on network <*> via interface <*>
s48, 1952, NIFF: node <*> has detected an available network connection on network <*> via interface <*>
s48, 1953, NIFF: node <*> has detected an available network connection on network <*> via interface <*>
s48, 1954, NIFF: node <*> has detected an available network connection on network <*> via interface <*>
s48, 1955, NIFF: node <*> has detected an available network connection on network <*> via interface <*>
s48, 1956, NIFF: node <*> has detected an available network connection on network <*> via interface <*>
s48, 1957, NIFF: node <*> has detected an available network connection on network <*> via interface <*>
s48, 1958, NIFF: node <*> has detected an available network connection on network <*> via interface <*>
s48, 1959, NIFF: node <*> has detected an available network connection on network <*> via interface <*>
s48, 1960, NIFF: node <*> has detected an available network connection on network <*> via interface <*>
s48, 1961, NIFF: node <*> has detected an available network connection on network <*> via interface <*>
s48, 1962, NIFF: node <*> has detected an available network connection on network <*> via interface <*>
s48, 1963, NIFF: node <*> has detected an available network connection on network <*> via interface <*>
s48, 1964, NIFF: node <*> has detected an available network connection on network <*> via interface <*>
s48, 1965, NIFF: node <*> has detected an available network connection on network <*> via interface <*>
s48, 1966, NIFF: node <*> has detected an available network connection on network <*> via interface <*>
s48, 1967, NIFF: node <*> has detected an available network connection on network <*> via interface <*>
s48, 1968, NIFF: node <*> has detected an available network connection on network <*> via interface <*>
s48, 1969, NIFF: node <*> has detected an available network connection on network <*> via interface <*>
s48, 1970, NIFF: node <*> has detected an available network connection on network <*> via interface <*>
s48, 1971, NIFF: node <*> has detected an available network connection on network <*> via interface <*>
s48, 1972, NIFF: node <*> has detected an available network connection on network <*> via interface <*>
s48, 1973, NIFF: node <*> has detected an available network connection on network <*> via interface <*>
s48, 1974, NIFF: node <*> has detected an available network connection on network <*> via interface <*>
s48, 1975, NIFF: node <*> has detected an available network connection on network <*> via interface <*>
s48, 1976, NIFF: node <*> has detected an available network connection on network <*> via interface <*>
s48, 1977, NIFF: node <*> has detected an available network connection on network <*> via interface <*>
s48, 1978, NIFF: node <*> has detected an available network connection on network <*> via interface <*>
s48, 1979, NIFF: node <*> has detected an available network connection on network <*> via interface <*>
s48, 1980, NIFF: node <*> has detected an available network connection on network <*> via interface <*>
s48, 1981, NIFF: node <*> has detected an available network connection on network <*> via interface <*>
s48, 1982, NIFF: node <*> has detected an available network connection on network <*> via interface <*>
s48, 1983, NIFF: node <*> has detected an available network connection on network <*> via interface <*>
s48, 1984, NIFF: node <*> has detected an available network connection on network <*> via interface <*>
s48, 1985, NIFF: node <*> has detected an available network connection on network <*> via interface <*>
s48, 1986, NIFF: node <*> has detected an available network connection on network <*> via interface <*>
s48, 1987, NIFF: node <*> has detected an available network connection on network <*> via interface <*>
s48, 1988, NIFF: node <*> has detected an available network connection on network <*> via interface <*>
s48, 1989, NIFF: node <*> has detected an available network connection on network <*> via interface <*>
s48, 1990, NIFF: node <*> has detected an available network connection on network <*> via interface <*>
s48, 1991, NIFF: node <*> has detected an available network connection on network <*> via interface <*>
s48, 1992, NIFF: node <*> has detected an available network connection on network <*> via interface <*>
s48, 1993, NIFF: node <*> has detected an available network connection on network <*> via interface <*>
s48, 1994, NIFF: node <*> has detected an available network connection on network <*> via interface <*>
s48, 1995, NIFF: node <*> has detected an available network connection on network <*> via interface <*>
s48, 1996, NIFF: node <*> has detected an available network connection on network <*> via interface <*>
s48, 1997, NIFF: node <*> has detected an available network connection on network <*> via interface <*>
s48, 1998, NIFF: node <*> has detected an available network connection on network <*> via interface <*>
s48, 1999, NIFF: node <*> has detected an available network connection on network <*> via interface <*>
s48, 2000, NIFF: node <*> has detected an available network connection on network <*> via interface <*>
